18 PROFESSORS WALK PARKVILLE 3052 --> 1 records found - comparisons: b272 n13 s1
783 SWANSTON STREET PARKVILLE 3052 --> 1 records found - comparisons: b280 n10 s1
230 GRATTAN STREET PARKVILLE 3052 --> 12 records found - comparisons: b272 n14 s1
28S/151 BERKELEY STREET MELBOURNE 3000 --> 1 records found - comparisons: b312 n11 s1
44 PROFESSORS WALK PARKVILLE 3052 --> 1 records found - comparisons: b272 n12 s1
170 GRATTAN STREET PARKVILLE 3052 --> 2 records found - comparisons: b272 n15 s1
3/650 SWANSTON STREET CARLTON 3053 --> 1 records found - comparisons: b280 n9 s1
6/650 SWANSTON STREET CARLTON 3053 --> 1 records found - comparisons: b280 n10 s1
7/650 SWANSTON STREET CARLTON 3053 --> 1 records found - comparisons: b280 n10 s1
48 ROYAL PARADE PARKVILLE 3052 --> 2 records found - comparisons: b248 n10 s1
26/650 SWANSTON STREET CARLTON 3053 --> 1 records found - comparisons: b288 n13 s1
644 SWANSTON STREET CARLTON 3053 --> 1 records found - comparisons: b264 n13 s1
8/650 SWANSTON STREET CARLTON 3053 --> 1 records found - comparisons: b280 n8 s1
30S/151 BERKELEY STREET MELBOURNE 3000 --> 1 records found - comparisons: b312 n14 s1
31S/151 BERKELEY STREET MELBOURNE 3000 --> 1 records found - comparisons: b312 n14 s1
33S/151 BERKELEY STREET MELBOURNE 3000 --> 1 records found - comparisons: b312 n13 s1
34S/151 BERKELEY STREET MELBOURNE 3000 --> 1 records found - comparisons: b312 n13 s1
650 SWANSTON STREET CARLTON 3053 --> 1 records found - comparisons: b264 n12 s1
6/201 GRATTAN STREET CARLTON 3053 --> 1 records found - comparisons: b272 n12 s1
1807/151 BERKELEY STREET MELBOURNE 3000 --> 1 records found - comparisons: b320 n16 s1
1808/151 BERKELEY STREET MELBOURNE 3000 --> 1 records found - comparisons: b320 n14 s1
1M/151 BERKELEY STREET MELBOURNE 3000 --> 1 records found - comparisons: b304 n7 s1
3M/151 BERKELEY STREET MELBOURNE 3000 --> 1 records found - comparisons: b304 n8 s1
1C/151 BERKELEY STREET MELBOURNE 3000 --> 1 records found - comparisons: b304 n7 s1
3C/151 BERKELEY STREET MELBOURNE 3000 --> 1 records found - comparisons: b304 n8 s1
4C/151 BERKELEY STREET MELBOURNE 3000 --> 1 records found - comparisons: b304 n7 s1
6C/151 BERKELEY STREET MELBOURNE 3000 --> 1 records found - comparisons: b304 n7 s1
7C/151 BERKELEY STREET MELBOURNE 3000 --> 1 records found - comparisons: b304 n7 s1
8C/151 BERKELEY STREET MELBOURNE 3000 --> 1 records found - comparisons: b304 n6 s1
9C/151 BERKELEY STREET MELBOURNE 3000 --> 1 records found - comparisons: b304 n6 s1
10C/151 BERKELEY STREET MELBOURNE 3000 --> 1 records found - comparisons: b312 n13 s1
11C/151 BERKELEY STREET MELBOURNE 3000 --> 1 records found - comparisons: b312 n13 s1
12C/151 BERKELEY STREET MELBOURNE 3000 --> 1 records found - comparisons: b312 n13 s1
13C/151 BERKELEY STREET MELBOURNE 3000 --> 1 records found - comparisons: b312 n13 s1
14C/151 BERKELEY STREET MELBOURNE 3000 --> 1 records found - comparisons: b312 n13 s1
604-640 SWANSTON STREET CARLTON 3053 --> 1 records found - comparisons: b296 n17 s1
506A/640 SWANSTON STREET CARLTON 3053 --> 1 records found - comparisons: b304 n14 s1
210A/640 SWANSTON STREET CARLTON 3053 --> 1 records found - comparisons: b304 n15 s1
2/224 PELHAM STREET MELBOURNE 3000 --> 1 records found - comparisons: b280 n10 s1
15C/151 BERKELEY STREET MELBOURNE 3000 --> 1 records found - comparisons: b312 n13 s1
16C/151 BERKELEY STREET MELBOURNE 3000 --> 1 records found - comparisons: b312 n12 s1
8S/151 BERKELEY STREET MELBOURNE 3000 --> 1 records found - comparisons: b304 n6 s1
9S/151 BERKELEY STREET MELBOURNE 3000 --> 1 records found - comparisons: b304 n6 s1
10S/151 BERKELEY STREET MELBOURNE 3000 --> 1 records found - comparisons: b312 n13 s1
11S/151 BERKELEY STREET MELBOURNE 3000 --> 1 records found - comparisons: b312 n13 s1
12S/151 BERKELEY STREET MELBOURNE 3000 --> 1 records found - comparisons: b312 n13 s1
14S/151 BERKELEY STREET MELBOURNE 3000 --> 1 records found - comparisons: b312 n13 s1
15S/151 BERKELEY STREET MELBOURNE 3000 --> 1 records found - comparisons: b312 n13 s1
95-129 BARRY STREET CARLTON 3053 --> 1 records found - comparisons: b264 n7 s1
139 BARRY STREET CARLTON 3053 --> 1 records found - comparisons: b240 n15 s1
213-221 BERKELEY STREET MELBOURNE 3000 --> 1 records found - comparisons: b312 n18 s1
214 BERKELEY STREET CARLTON 3053 --> 1 records found - comparisons: b264 n14 s1
208-210 BERKELEY STREET CARLTON 3053 --> 1 records found - comparisons: b296 n18 s1
1103/18 LINCOLN SQUARE N CARLTON 3053 --> 1 records found - comparisons: b304 n17 s1
247-249 BOUVERIE STREET CARLTON 3053 --> 2 records found - comparisons: b296 n14 s1
1203/18 LINCOLN SQUARE N CARLTON 3053 --> 1 records found - comparisons: b304 n18 s1
30 ROYAL PARADE PARKVILLE 3052 --> 6 records found - comparisons: b248 n14 s1
201/223 BERKELEY STREET MELBOURNE 3000 --> 1 records found - comparisons: b312 n21 s1
1302/18 LINCOLN SQUARE N CARLTON 3053 --> 1 records found - comparisons: b304 n16 s1
305/18 LINCOLN SQUARE N CARLTON 3053 --> 1 records found - comparisons: b296 n20 s1
202-206 BERKELEY STREET CARLTON 3053 --> 1 records found - comparisons: b296 n20 s1
604/151 BERKELEY STREET MELBOURNE 3000 --> 1 records found - comparisons: b312 n17 s1
605/151 BERKELEY STREET MELBOURNE 3000 --> 1 records found - comparisons: b312 n15 s1
606/151 BERKELEY STREET MELBOURNE 3000 --> 1 records found - comparisons: b312 n16 s1
607/151 BERKELEY STREET MELBOURNE 3000 --> 1 records found - comparisons: b312 n16 s1
608/151 BERKELEY STREET MELBOURNE 3000 --> 1 records found - comparisons: b312 n13 s1
903A/640 SWANSTON STREET CARLTON 3053 --> 1 records found - comparisons: b304 n11 s1
604A/640 SWANSTON STREET CARLTON 3053 --> 1 records found - comparisons: b304 n16 s1
131-137 BARRY STREET CARLTON 3053 --> 1 records found - comparisons: b272 n15 s1
601A/640 SWANSTON STREET CARLTON 3053 --> 1 records found - comparisons: b304 n16 s1
206B/640 SWANSTON STREET CARLTON 3053 --> 1 records found - comparisons: b304 n19 s1
303A/640 SWANSTON STREET CARLTON 3053 --> 1 records found - comparisons: b304 n19 s1
205A/640 SWANSTON STREET CARLTON 3053 --> 1 records found - comparisons: b304 n19 s1
213 BERKELEY STREET MELBOURNE 3000 --> 1 records found - comparisons: b280 n18 s1
11 PROFESSORS WALK PARKVILLE 3052 --> 1 records found - comparisons: b272 n14 s1
13/650 SWANSTON STREET CARLTON 3053 --> 1 records found - comparisons: b288 n14 s1
400B/640 SWANSTON STREET CARLTON 3053 --> 1 records found - comparisons: b304 n17 s1
16 WILSON AVENUE PARKVILLE 3052 --> 2 records found - comparisons: b256 n13 s1
1110/640 SWANSTON STREET CARLTON 3053 --> 1 records found - comparisons: b304 n16 s1
1082/640 SWANSTON STREET CARLTON 3053 --> 1 records found - comparisons: b304 n18 s1
108A/640 SWANSTON STREET CARLTON 3053 --> 1 records found - comparisons: b304 n16 s1
143-151 BARRY STREET CARLTON 3053 --> 1 records found - comparisons: b272 n14 s1
1080/640 SWANSTON STREET CARLTON 3053 --> 1 records found - comparisons: b304 n18 s1
4/133 ROYAL PARADE PARKVILLE 3052 --> 1 records found - comparisons: b272 n9 s1
ROYAL PARADE PARKVILLE 3052 --> 1 records found - comparisons: b224 n3 s1
22C/151 BERKELEY STREET MELBOURNE 3000 --> 1 records found - comparisons: b312 n13 s1
49 COLLEGE CRESCENT PARKVILLE 3052 --> 1 records found - comparisons: b280 n11 s1
156-180 BERKELEY STREET CARLTON 3053 --> 1 records found - comparisons: b296 n15 s1
224 PELHAM STREET MELBOURNE 3000 --> 1 records found - comparisons: b264 n15 s1
601B/640 SWANSTON STREET CARLTON 3053 --> 1 records found - comparisons: b304 n16 s1
312/668 SWANSTON STREET CARLTON 3053 --> 1 records found - comparisons: b296 n15 s1
1201/151 BERKELEY STREET MELBOURNE 3000 --> 1 records found - comparisons: b320 n17 s1
1202/151 BERKELEY STREET MELBOURNE 3000 --> 1 records found - comparisons: b320 n18 s1
1204/151 BERKELEY STREET MELBOURNE 3000 --> 1 records found - comparisons: b320 n17 s1
1205/151 BERKELEY STREET MELBOURNE 3000 --> 1 records found - comparisons: b320 n17 s1
17C/151 BERKELEY STREET MELBOURNE 3000 --> 1 records found - comparisons: b312 n12 s1
18C/151 BERKELEY STREET MELBOURNE 3000 --> 1 records found - comparisons: b312 n10 s1
602/223 BERKELEY STREET MELBOURNE 3000 --> 1 records found - comparisons: b312 n15 s1
701/223 BERKELEY STREET MELBOURNE 3000 --> 1 records found - comparisons: b312 n15 s1
19C/151 BERKELEY STREET MELBOURNE 3000 --> 1 records found - comparisons: b312 n10 s1
20C/151 BERKELEY STREET MELBOURNE 3000 --> 1 records found - comparisons: b312 n13 s1
21C/151 BERKELEY STREET MELBOURNE 3000 --> 1 records found - comparisons: b312 n13 s1
G4-G5/230 GRATTAN STREET PARKVILLE 3052 --> 1 records found - comparisons: b320 n6 s1
25C/151 BERKELEY STREET MELBOURNE 3000 --> 1 records found - comparisons: b312 n13 s1
209/223 BERKELEY STREET MELBOURNE 3000 --> 1 records found - comparisons: b312 n18 s1
206/223 BERKELEY STREET MELBOURNE 3000 --> 1 records found - comparisons: b312 n19 s1
107/151 BERKELEY STREET MELBOURNE 3000 --> 1 records found - comparisons: b312 n18 s1
912/668 SWANSTON STREET CARLTON 3053 --> 1 records found - comparisons: b296 n11 s1
780-782 ELIZABETH STREET MELBOURNE 3000 --> 2 records found - comparisons: b320 n10 s1
203/668 SWANSTON STREET CARLTON 3053 --> 1 records found - comparisons: b296 n20 s1
23/650 SWANSTON STREET CARLTON 3053 --> 1 records found - comparisons: b288 n15 s1
BERKELEY STREET MELBOURNE 3000 --> 1 records found - comparisons: b248 n5 s1
301B/640 SWANSTON STREET CARLTON 3053 --> 1 records found - comparisons: b304 n18 s1
206A/640 SWANSTON STREET CARLTON 3053 --> 1 records found - comparisons: b304 n19 s1
505/668 SWANSTON STREET CARLTON 3053 --> 1 records found - comparisons: b296 n16 s1
201 GRATTAN STREET CARLTON 3053 --> 1 records found - comparisons: b256 n20 s1
108/151 BERKELEY STREET MELBOURNE 3000 --> 1 records found - comparisons: b312 n17 s1
690 ELIZABETH STREET MELBOURNE 3000 --> 1 records found - comparisons: b288 n11 s1
201/151 BERKELEY STREET MELBOURNE 3000 --> 1 records found - comparisons: b312 n22 s1
909A/640 SWANSTON STREET CARLTON 3053 --> 1 records found - comparisons: b304 n10 s1
802A/640 SWANSTON STREET CARLTON 3053 --> 1 records found - comparisons: b304 n10 s1
202/151 BERKELEY STREET MELBOURNE 3000 --> 1 records found - comparisons: b312 n21 s1
311A/640 SWANSTON STREET CARLTON 3053 --> 1 records found - comparisons: b304 n15 s1
202/668 SWANSTON STREET CARLTON 3053 --> 1 records found - comparisons: b296 n21 s1
411/668 SWANSTON STREET CARLTON 3053 --> 1 records found - comparisons: b296 n12 s1
504/668 SWANSTON STREET CARLTON 3053 --> 1 records found - comparisons: b296 n15 s1
601/668 SWANSTON STREET CARLTON 3053 --> 1 records found - comparisons: b296 n16 s1
920/668 SWANSTON STREET CARLTON 3053 --> 1 records found - comparisons: b296 n9 s1
611/668 SWANSTON STREET CARLTON 3053 --> 1 records found - comparisons: b296 n13 s1
907A/640 SWANSTON STREET CARLTON 3053 --> 1 records found - comparisons: b304 n12 s1
603B/640 SWANSTON STREET CARLTON 3053 --> 1 records found - comparisons: b304 n16 s1
403B/640 SWANSTON STREET CARLTON 3053 --> 1 records found - comparisons: b304 n18 s1
905A/640 SWANSTON STREET CARLTON 3053 --> 1 records found - comparisons: b304 n13 s1
306A/640 SWANSTON STREET CARLTON 3053 --> 1 records found - comparisons: b304 n19 s1
185 PELHAM STREET CARLTON 3053 --> 2 records found - comparisons: b248 n12 s1
709/668 SWANSTON STREET CARLTON 3053 --> 1 records found - comparisons: b296 n14 s1
18/650 SWANSTON STREET CARLTON 3053 --> 1 records found - comparisons: b288 n13 s1
23C/151 BERKELEY STREET MELBOURNE 3000 --> 1 records found - comparisons: b312 n13 s1
308/151 BERKELEY STREET MELBOURNE 3000 --> 1 records found - comparisons: b312 n17 s1
26C/151 BERKELEY STREET MELBOURNE 3000 --> 1 records found - comparisons: b312 n13 s1
408/151 BERKELEY STREET MELBOURNE 3000 --> 1 records found - comparisons: b312 n16 s1
208A/640 SWANSTON STREET CARLTON 3053 --> 1 records found - comparisons: b304 n17 s1
706/151 BERKELEY STREET MELBOURNE 3000 --> 1 records found - comparisons: b312 n15 s1
807/151 BERKELEY STREET MELBOURNE 3000 --> 1 records found - comparisons: b312 n9 s1
904/151 BERKELEY STREET MELBOURNE 3000 --> 1 records found - comparisons: b312 n13 s1
27C/151 BERKELEY STREET MELBOURNE 3000 --> 1 records found - comparisons: b312 n13 s1
LYGON STREET CARLTON NORTH 3054 --> 1 records found - comparisons: b256 n4 s1
28C/151 BERKELEY STREET MELBOURNE 3000 --> 1 records found - comparisons: b312 n11 s1
30C/151 BERKELEY STREET MELBOURNE 3000 --> 1 records found - comparisons: b312 n14 s1
676 SWANSTON STREET CARLTON 3053 --> 1 records found - comparisons: b264 n15 s1
1104/18 LINCOLN SQUARE N CARLTON 3053 --> 1 records found - comparisons: b304 n18 s1
1201/18 LINCOLN SQUARE N CARLTON 3053 --> 1 records found - comparisons: b304 n17 s1
31C/151 BERKELEY STREET MELBOURNE 3000 --> 1 records found - comparisons: b312 n14 s1
1202/18 LINCOLN SQUARE N CARLTON 3053 --> 1 records found - comparisons: b304 n18 s1
111A/640 SWANSTON STREET CARLTON 3053 --> 1 records found - comparisons: b304 n16 s1
110A/640 SWANSTON STREET CARLTON 3053 --> 1 records found - comparisons: b304 n16 s1
106A/640 SWANSTON STREET CARLTON 3053 --> 1 records found - comparisons: b304 n18 s1
105A/640 SWANSTON STREET CARLTON 3053 --> 1 records found - comparisons: b304 n18 s1
104A/640 SWANSTON STREET CARLTON 3053 --> 1 records found - comparisons: b304 n18 s1
101A/640 SWANSTON STREET CARLTON 3053 --> 1 records found - comparisons: b304 n19 s1
1012A/640 SWANSTON STREET CARLTON 3053 --> 1 records found - comparisons: b312 n20 s1
1010A/640 SWANSTON STREET CARLTON 3053 --> 1 records found - comparisons: b312 n20 s1
1009A/640 SWANSTON STREET CARLTON 3053 --> 1 records found - comparisons: b312 n19 s1
1007A/640 SWANSTON STREET CARLTON 3053 --> 1 records found - comparisons: b312 n20 s1
705/223 BERKELEY STREET MELBOURNE 3000 --> 1 records found - comparisons: b312 n16 s1
708/223 BERKELEY STREET MELBOURNE 3000 --> 1 records found - comparisons: b312 n13 s1
309/668 SWANSTON STREET CARLTON 3053 --> 1 records found - comparisons: b296 n18 s1
206/18 LINCOLN SQUARE N CARLTON 3053 --> 1 records found - comparisons: b296 n20 s1
303/18 LINCOLN SQUARE N CARLTON 3053 --> 1 records found - comparisons: b296 n21 s1
308B/640 SWANSTON STREET CARLTON 3053 --> 1 records found - comparisons: b304 n17 s1
404/18 LINCOLN SQUARE N CARLTON 3053 --> 1 records found - comparisons: b296 n18 s1
406/18 LINCOLN SQUARE N CARLTON 3053 --> 1 records found - comparisons: b296 n18 s1
503/18 LINCOLN SQUARE N CARLTON 3053 --> 1 records found - comparisons: b296 n15 s1
305/151 BERKELEY STREET MELBOURNE 3000 --> 1 records found - comparisons: b312 n20 s1
306/151 BERKELEY STREET MELBOURNE 3000 --> 1 records found - comparisons: b312 n19 s1
771 SWANSTON STREET PARKVILLE 3052 --> 1 records found - comparisons: b280 n11 s1
720 SWANSTON STREET CARLTON 3053 --> 1 records found - comparisons: b264 n11 s1
24 WILSON AVENUE PARKVILLE 3052 --> 1 records found - comparisons: b256 n14 s1
270 GRATTAN STREET PARKVILLE 3052 --> 1 records found - comparisons: b272 n13 s1
165 BERKELEY STREET MELBOURNE 3000 --> 1 records found - comparisons: b280 n15 s1
307/151 BERKELEY STREET MELBOURNE 3000 --> 1 records found - comparisons: b312 n19 s1
9/650 SWANSTON STREET CARLTON 3053 --> 1 records found - comparisons: b280 n7 s1
309/151 BERKELEY STREET MELBOURNE 3000 --> 1 records found - comparisons: b312 n18 s1
401/151 BERKELEY STREET MELBOURNE 3000 --> 1 records found - comparisons: b312 n17 s1
402/151 BERKELEY STREET MELBOURNE 3000 --> 1 records found - comparisons: b312 n18 s1
404/151 BERKELEY STREET MELBOURNE 3000 --> 1 records found - comparisons: b312 n18 s1
405/151 BERKELEY STREET MELBOURNE 3000 --> 1 records found - comparisons: b312 n17 s1
406/151 BERKELEY STREET MELBOURNE 3000 --> 1 records found - comparisons: b312 n18 s1
606/668 SWANSTON STREET CARLTON 3053 --> 1 records found - comparisons: b296 n16 s1
607/668 SWANSTON STREET CARLTON 3053 --> 1 records found - comparisons: b296 n16 s1
609/668 SWANSTON STREET CARLTON 3053 --> 1 records found - comparisons: b296 n13 s1
610/668 SWANSTON STREET CARLTON 3053 --> 1 records found - comparisons: b296 n13 s1
612/668 SWANSTON STREET CARLTON 3053 --> 1 records found - comparisons: b296 n12 s1
705/668 SWANSTON STREET CARLTON 3053 --> 1 records found - comparisons: b296 n16 s1
707/668 SWANSTON STREET CARLTON 3053 --> 1 records found - comparisons: b296 n15 s1
200B/640 SWANSTON STREET CARLTON 3053 --> 1 records found - comparisons: b304 n19 s1
36C/151 BERKELEY STREET MELBOURNE 3000 --> 1 records found - comparisons: b312 n12 s1
37C/151 BERKELEY STREET MELBOURNE 3000 --> 1 records found - comparisons: b312 n12 s1
39C/151 BERKELEY STREET MELBOURNE 3000 --> 1 records found - comparisons: b312 n11 s1
7 UNION ROAD PARKVILLE 3052 --> 1 records found - comparisons: b224 n10 s1
4 WILSON AVENUE PARKVILLE 3052 --> 1 records found - comparisons: b248 n9 s1
23 PROFESSORS WALK PARKVILLE 3052 --> 1 records found - comparisons: b272 n16 s1
6/135 ROYAL PARADE PARKVILLE 3052 --> 1 records found - comparisons: b272 n11 s1
101B/640 SWANSTON STREET CARLTON 3053 --> 1 records found - comparisons: b304 n19 s1
3/201 GRATTAN STREET CARLTON 3053 --> 1 records found - comparisons: b272 n9 s1
13 WILSON AVENUE PARKVILLE 3052 --> 1 records found - comparisons: b256 n14 s1
1206/151 BERKELEY STREET MELBOURNE 3000 --> 1 records found - comparisons: b320 n16 s1
305/668 SWANSTON STREET CARLTON 3053 --> 1 records found - comparisons: b296 n19 s1
35 WILSON AVENUE PARKVILLE 3052 --> 1 records found - comparisons: b256 n14 s1
35 MASSON ROAD PARKVILLE 3052 --> 1 records found - comparisons: b240 n14 s1
31 MASSON ROAD PARKVILLE 3052 --> 1 records found - comparisons: b240 n14 s1
23 MASSON ROAD PARKVILLE 3052 --> 1 records found - comparisons: b240 n16 s1
8 SPENCER ROAD PARKVILLE 3052 --> 1 records found - comparisons: b240 n9 s1
17 SPENCER ROAD PARKVILLE 3052 --> 1 records found - comparisons: b248 n14 s1
20 UNION ROAD PARKVILLE 3052 --> 1 records found - comparisons: b232 n15 s1
47 PROFESSORS WALK PARKVILLE 3052 --> 1 records found - comparisons: b272 n11 s1
56 ROYAL PARADE PARKVILLE 3052 --> 1 records found - comparisons: b248 n9 s1
33 MEDICAL ROAD PARKVILLE 3052 --> 1 records found - comparisons: b248 n13 s1
38 ROYAL PARADE PARKVILLE 3052 --> 1 records found - comparisons: b248 n11 s1
25 MEDICAL ROAD PARKVILLE 3052 --> 1 records found - comparisons: b248 n13 s1
6 MEDICAL ROAD PARKVILLE 3052 --> 1 records found - comparisons: b240 n9 s1
66 TIN ALLEY PARKVILLE 3052 --> 1 records found - comparisons: b224 n12 s1
155 BARRY STREET CARLTON 3053 --> 1 records found - comparisons: b240 n15 s1
213A/640 SWANSTON STREET CARLTON 3053 --> 1 records found - comparisons: b304 n17 s1
153 BARRY STREET CARLTON 3053 --> 1 records found - comparisons: b240 n14 s1
701-713 SWANSTON STREET CARLTON 3053 --> 1 records found - comparisons: b296 n14 s1
1203/151 BERKELEY STREET MELBOURNE 3000 --> 1 records found - comparisons: b320 n18 s1
1208/151 BERKELEY STREET MELBOURNE 3000 --> 1 records found - comparisons: b320 n14 s1
1305/151 BERKELEY STREET MELBOURNE 3000 --> 1 records found - comparisons: b320 n16 s1
1402/151 BERKELEY STREET MELBOURNE 3000 --> 1 records found - comparisons: b320 n16 s1
1407/151 BERKELEY STREET MELBOURNE 3000 --> 1 records found - comparisons: b320 n16 s1
1702/151 BERKELEY STREET MELBOURNE 3000 --> 1 records found - comparisons: b320 n16 s1
199-203 GRATTAN STREET CARLTON 3053 --> 1 records found - comparisons: b288 n13 s1
10/650 SWANSTON STREET CARLTON 3053 --> 1 records found - comparisons: b288 n13 s1
203/151 BERKELEY STREET MELBOURNE 3000 --> 1 records found - comparisons: b312 n20 s1
204/151 BERKELEY STREET MELBOURNE 3000 --> 1 records found - comparisons: b312 n19 s1
205/151 BERKELEY STREET MELBOURNE 3000 --> 1 records found - comparisons: b312 n21 s1
810A/640 SWANSTON STREET CARLTON 3053 --> 1 records found - comparisons: b304 n8 s1
209A/640 SWANSTON STREET CARLTON 3053 --> 1 records found - comparisons: b304 n17 s1
200 LEICESTER STREET CARLTON 3053 --> 1 records found - comparisons: b272 n19 s1
103A/640 SWANSTON STREET CARLTON 3053 --> 1 records found - comparisons: b304 n18 s1
203B/640 SWANSTON STREET CARLTON 3053 --> 1 records found - comparisons: b304 n20 s1
1001A/640 SWANSTON STREET CARLTON 3053 --> 1 records found - comparisons: b312 n20 s1
206/151 BERKELEY STREET MELBOURNE 3000 --> 1 records found - comparisons: b312 n20 s1
208/151 BERKELEY STREET MELBOURNE 3000 --> 1 records found - comparisons: b312 n18 s1
209/151 BERKELEY STREET MELBOURNE 3000 --> 1 records found - comparisons: b312 n18 s1
301/151 BERKELEY STREET MELBOURNE 3000 --> 1 records found - comparisons: b312 n19 s1
302/151 BERKELEY STREET MELBOURNE 3000 --> 1 records found - comparisons: b312 n19 s1
304/151 BERKELEY STREET MELBOURNE 3000 --> 1 records found - comparisons: b312 n19 s1
503/151 BERKELEY STREET MELBOURNE 3000 --> 1 records found - comparisons: b312 n15 s1
603/151 BERKELEY STREET MELBOURNE 3000 --> 1 records found - comparisons: b312 n16 s1
35/230 GRATTAN STREET PARKVILLE 3052 --> 1 records found - comparisons: b296 n13 s1
6/230 GRATTAN STREET PARKVILLE 3052 --> 1 records found - comparisons: b288 n12 s1
45/230 GRATTAN STREET PARKVILLE 3052 --> 1 records found - comparisons: b296 n12 s1
33/230 GRATTAN STREET PARKVILLE 3052 --> 1 records found - comparisons: b296 n13 s1
5/230 GRATTAN STREET PARKVILLE 3052 --> 1 records found - comparisons: b288 n8 s1
1/230 GRATTAN STREET PARKVILLE 3052 --> 1 records found - comparisons: b288 n9 s1
183-195 BOUVERIE STREET CARLTON 3053 --> 1 records found - comparisons: b296 n13 s1
42/230 GRATTAN STREET PARKVILLE 3052 --> 1 records found - comparisons: b296 n12 s1
644-658 SWANSTON STREET CARLTON 3053 --> 1 records found - comparisons: b296 n13 s1
704/223 BERKELEY STREET MELBOURNE 3000 --> 1 records found - comparisons: b312 n15 s1
39/230 GRATTAN STREET PARKVILLE 3052 --> 1 records found - comparisons: b296 n11 s1
7/230 GRATTAN STREET PARKVILLE 3052 --> 1 records found - comparisons: b288 n10 s1
8/230 GRATTAN STREET PARKVILLE 3052 --> 1 records found - comparisons: b288 n9 s1
12/230 GRATTAN STREET PARKVILLE 3052 --> 1 records found - comparisons: b296 n14 s1
34/230 GRATTAN STREET PARKVILLE 3052 --> 1 records found - comparisons: b296 n13 s1
204/668 SWANSTON STREET CARLTON 3053 --> 1 records found - comparisons: b296 n19 s1
801/668 SWANSTON STREET CARLTON 3053 --> 1 records found - comparisons: b296 n9 s1
2B/230 GRATTAN STREET PARKVILLE 3052 --> 1 records found - comparisons: b296 n9 s1
67/230 GRATTAN STREET PARKVILLE 3052 --> 1 records found - comparisons: b296 n13 s1
75/230 GRATTAN STREET PARKVILLE 3052 --> 1 records found - comparisons: b296 n11 s1
2/133 ROYAL PARADE PARKVILLE 3052 --> 1 records found - comparisons: b272 n10 s1
68/230 GRATTAN STREET PARKVILLE 3052 --> 1 records found - comparisons: b296 n10 s1
50/230 GRATTAN STREET PARKVILLE 3052 --> 1 records found - comparisons: b296 n12 s1
51/230 GRATTAN STREET PARKVILLE 3052 --> 1 records found - comparisons: b296 n11 s1
52/230 GRATTAN STREET PARKVILLE 3052 --> 1 records found - comparisons: b296 n11 s1
53/230 GRATTAN STREET PARKVILLE 3052 --> 1 records found - comparisons: b296 n11 s1
9/230 GRATTAN STREET PARKVILLE 3052 --> 1 records found - comparisons: b288 n7 s1
309A/640 SWANSTON STREET CARLTON 3053 --> 1 records found - comparisons: b304 n17 s1
2A/230 GRATTAN STREET PARKVILLE 3052 --> 1 records found - comparisons: b296 n9 s1
69/230 GRATTAN STREET PARKVILLE 3052 --> 1 records found - comparisons: b296 n11 s1
919/668 SWANSTON STREET CARLTON 3053 --> 1 records found - comparisons: b296 n10 s1
40/230 GRATTAN STREET PARKVILLE 3052 --> 1 records found - comparisons: b296 n14 s1
505/223 BERKELEY STREET MELBOURNE 3000 --> 1 records found - comparisons: b312 n17 s1
103/223 BERKELEY STREET MELBOURNE 3000 --> 1 records found - comparisons: b312 n19 s1
165 GRATTAN STREET CARLTON 3053 --> 1 records found - comparisons: b256 n15 s1
139 ROYAL PARADE PARKVILLE 3052 --> 1 records found - comparisons: b256 n15 s1
179 GRATTAN STREET CARLTON 3053 --> 1 records found - comparisons: b256 n14 s1
601/18 LINCOLN SQUARE N CARLTON 3053 --> 1 records found - comparisons: b296 n16 s1
505/18 LINCOLN SQUARE N CARLTON 3053 --> 1 records found - comparisons: b296 n17 s1
ELIZABETH STREET MELBOURNE 3000 --> 1 records found - comparisons: b256 n6 s1
815 SWANSTON STREET PARKVILLE 3052 --> 1 records found - comparisons: b280 n8 s1
222-224 PELHAM STREET MELBOURNE 3000 --> 1 records found - comparisons: b296 n14 s1
678 SWANSTON STREET CARLTON 3053 --> 1 records found - comparisons: b264 n14 s1
141 BARRY STREET CARLTON 3053 --> 1 records found - comparisons: b240 n15 s1
1/743-751 SWANSTON STREET CARLTON 3053 --> 1 records found - comparisons: b312 n9 s1
14 KERNOT ROAD PARKVILLE 3052 --> 2 records found - comparisons: b240 n13 s1
7 SPENCER ROAD PARKVILLE 3052 --> 1 records found - comparisons: b240 n10 s1
5C/151 BERKELEY STREET MELBOURNE 3000 --> 1 records found - comparisons: b304 n7 s1
24C/151 BERKELEY STREET MELBOURNE 3000 --> 1 records found - comparisons: b312 n13 s1
15/650 SWANSTON STREET CARLTON 3053 --> 1 records found - comparisons: b288 n14 s1
8/201 GRATTAN STREET CARLTON 3053 --> 1 records found - comparisons: b272 n9 s1
18 SPENCER ROAD PARKVILLE 3052 --> 1 records found - comparisons: b248 n13 s1
199 GRATTAN STREET CARLTON 3053 --> 1 records found - comparisons: b256 n13 s1
202A/640 SWANSTON STREET CARLTON 3053 --> 1 records found - comparisons: b304 n20 s1
201A/640 SWANSTON STREET CARLTON 3053 --> 1 records found - comparisons: b304 n19 s1
1706/151 BERKELEY STREET MELBOURNE 3000 --> 1 records found - comparisons: b320 n16 s1
1805/151 BERKELEY STREET MELBOURNE 3000 --> 1 records found - comparisons: b320 n15 s1
2M/151 BERKELEY STREET MELBOURNE 3000 --> 1 records found - comparisons: b304 n8 s1
805/668 SWANSTON STREET CARLTON 3053 --> 1 records found - comparisons: b296 n9 s1
802/151 BERKELEY STREET MELBOURNE 3000 --> 1 records found - comparisons: b312 n10 s1
18-20 LINCOLN SQUARE N CARLTON 3053 --> 1 records found - comparisons: b288 n13 s1
303/151 BERKELEY STREET MELBOURNE 3000 --> 1 records found - comparisons: b312 n21 s1
163 GRATTAN STREET CARLTON 3053 --> 1 records found - comparisons: b256 n14 s1
672 SWANSTON STREET CARLTON 3053 --> 2 records found - comparisons: b264 n15 s1
205/668 SWANSTON STREET CARLTON 3053 --> 1 records found - comparisons: b296 n21 s1
301/668 SWANSTON STREET CARLTON 3053 --> 1 records found - comparisons: b296 n19 s1
302/668 SWANSTON STREET CARLTON 3053 --> 1 records found - comparisons: b296 n19 s1
303/668 SWANSTON STREET CARLTON 3053 --> 1 records found - comparisons: b296 n20 s1
922/668 SWANSTON STREET CARLTON 3053 --> 1 records found - comparisons: b296 n9 s1
402B/640 SWANSTON STREET CARLTON 3053 --> 1 records found - comparisons: b304 n18 s1
403/151 BERKELEY STREET MELBOURNE 3000 --> 1 records found - comparisons: b312 n18 s1
502B/640 SWANSTON STREET CARLTON 3053 --> 1 records found - comparisons: b304 n14 s1
307/223 BERKELEY STREET MELBOURNE 3000 --> 1 records found - comparisons: b312 n19 s1
701/151 BERKELEY STREET MELBOURNE 3000 --> 1 records found - comparisons: b312 n15 s1
101/151 BERKELEY STREET MELBOURNE 3000 --> 1 records found - comparisons: b312 n20 s1
102/151 BERKELEY STREET MELBOURNE 3000 --> 1 records found - comparisons: b312 n17 s1
103/151 BERKELEY STREET MELBOURNE 3000 --> 1 records found - comparisons: b312 n20 s1
104/151 BERKELEY STREET MELBOURNE 3000 --> 1 records found - comparisons: b312 n19 s1
105/151 BERKELEY STREET MELBOURNE 3000 --> 1 records found - comparisons: b312 n18 s1
106/151 BERKELEY STREET MELBOURNE 3000 --> 1 records found - comparisons: b312 n19 s1
1107/151 BERKELEY STREET MELBOURNE 3000 --> 1 records found - comparisons: b320 n18 s1
1096/640 SWANSTON STREET CARLTON 3053 --> 1 records found - comparisons: b304 n15 s1
1075/640 SWANSTON STREET CARLTON 3053 --> 1 records found - comparisons: b304 n18 s1
29C/151 BERKELEY STREET MELBOURNE 3000 --> 1 records found - comparisons: b312 n11 s1
33C/151 BERKELEY STREET MELBOURNE 3000 --> 1 records found - comparisons: b312 n13 s1
38C/151 BERKELEY STREET MELBOURNE 3000 --> 1 records found - comparisons: b312 n11 s1
43C/151 BERKELEY STREET MELBOURNE 3000 --> 1 records found - comparisons: b312 n12 s1
304/223 BERKELEY STREET MELBOURNE 3000 --> 1 records found - comparisons: b312 n19 s1
205-211 GRATTAN STREET CARLTON 3053 --> 1 records found - comparisons: b288 n20 s1
8 MONASH ROAD PARKVILLE 3052 --> 1 records found - comparisons: b232 n8 s1
49C/151 BERKELEY STREET MELBOURNE 3000 --> 1 records found - comparisons: b312 n11 s1
13S/151 BERKELEY STREET MELBOURNE 3000 --> 1 records found - comparisons: b312 n13 s1
1/224 PELHAM STREET MELBOURNE 3000 --> 1 records found - comparisons: b280 n9 s1
1/650 SWANSTON STREET CARLTON 3053 --> 1 records found - comparisons: b280 n9 s1
409A/640 SWANSTON STREET CARLTON 3053 --> 1 records found - comparisons: b304 n15 s1
408/223 BERKELEY STREET MELBOURNE 3000 --> 1 records found - comparisons: b312 n16 s1
112A/640 SWANSTON STREET CARLTON 3053 --> 1 records found - comparisons: b304 n14 s1
196 PELHAM STREET CARLTON 3053 --> 1 records found - comparisons: b248 n12 s1
15 MONASH ROAD PARKVILLE 3052 --> 3 records found - comparisons: b240 n14 s1
1806/151 BERKELEY STREET MELBOURNE 3000 --> 1 records found - comparisons: b320 n16 s1
100A/640 SWANSTON STREET CARLTON 3053 --> 1 records found - comparisons: b304 n18 s1
11 MONASH ROAD PARKVILLE 3052 --> 1 records found - comparisons: b240 n14 s1
8 PORTERS LANE PARKVILLE 3052 --> 1 records found - comparisons: b240 n9 s1
2 PORTERS LANE PARKVILLE 3052 --> 1 records found - comparisons: b240 n9 s1
709A/640 SWANSTON STREET CARLTON 3053 --> 1 records found - comparisons: b304 n14 s1
203A/640 SWANSTON STREET CARLTON 3053 --> 1 records found - comparisons: b304 n20 s1
212 BERKELEY STREET CARLTON 3053 --> 1 records found - comparisons: b264 n16 s1
17/650 SWANSTON STREET CARLTON 3053 --> 1 records found - comparisons: b288 n14 s1
40 COLLEGE CRESCENT PARKVILLE 3052 --> 1 records found - comparisons: b280 n14 s1
910A/640 SWANSTON STREET CARLTON 3053 --> 1 records found - comparisons: b304 n11 s1
12/650 SWANSTON STREET CARLTON 3053 --> 1 records found - comparisons: b288 n14 s1
406B/640 SWANSTON STREET CARLTON 3053 --> 1 records found - comparisons: b304 n17 s1
19/650 SWANSTON STREET CARLTON 3053 --> 1 records found - comparisons: b288 n11 s1
202B/640 SWANSTON STREET CARLTON 3053 --> 1 records found - comparisons: b304 n20 s1
29-55 COLLEGE CRESCENT PARKVILLE 3052 --> 1 records found - comparisons: b304 n11 s1
226 PELHAM STREET MELBOURNE 3000 --> 2 records found - comparisons: b264 n15 s1
20 LINCOLN SQUARE N CARLTON 3053 --> 1 records found - comparisons: b264 n15 s1
101/18 LINCOLN SQUARE N CARLTON 3053 --> 1 records found - comparisons: b296 n20 s1
103/18 LINCOLN SQUARE N CARLTON 3053 --> 1 records found - comparisons: b296 n20 s1
104/18 LINCOLN SQUARE N CARLTON 3053 --> 1 records found - comparisons: b296 n19 s1
106/18 LINCOLN SQUARE N CARLTON 3053 --> 1 records found - comparisons: b296 n19 s1
201/18 LINCOLN SQUARE N CARLTON 3053 --> 1 records found - comparisons: b296 n22 s1
304/668 SWANSTON STREET CARLTON 3053 --> 1 records found - comparisons: b38 n18 s2
307/668 SWANSTON STREET CARLTON 3053 --> 1 records found - comparisons: b38 n18 s2
310/668 SWANSTON STREET CARLTON 3053 --> 1 records found - comparisons: b24 n15 s1
402/668 SWANSTON STREET CARLTON 3053 --> 1 records found - comparisons: b38 n18 s1
403/668 SWANSTON STREET CARLTON 3053 --> 1 records found - comparisons: b38 n18 s1
408/668 SWANSTON STREET CARLTON 3053 --> 1 records found - comparisons: b38 n15 s2
409/668 SWANSTON STREET CARLTON 3053 --> 1 records found - comparisons: b26 n15 s1
149-155 BERKELEY STREET MELBOURNE 3000 --> 1 records found - comparisons: b21 n13 s4
202/18 LINCOLN SQUARE N CARLTON 3053 --> 1 records found - comparisons: b45 n21 s1
204/18 LINCOLN SQUARE N CARLTON 3053 --> 1 records found - comparisons: b45 n19 s1
205/18 LINCOLN SQUARE N CARLTON 3053 --> 1 records found - comparisons: b45 n21 s1
243-245 BOUVERIE STREET CARLTON 3053 --> 2 records found - comparisons: b22 n14 s1
19-27 COLLEGE CRESCENT PARKVILLE 3052 --> 1 records found - comparisons: b23 n11 s1
900A/640 SWANSTON STREET CARLTON 3053 --> 1 records found - comparisons: b23 n11 s1
640 SWANSTON STREET CARLTON 3053 --> 1 records found - comparisons: b22 n12 s2
908A/640 SWANSTON STREET CARLTON 3053 --> 1 records found - comparisons: b24 n10 s1
901A/640 SWANSTON STREET CARLTON 3053 --> 1 records found - comparisons: b23 n11 s1
812A/640 SWANSTON STREET CARLTON 3053 --> 1 records found - comparisons: b23 n8 s1
811A/640 SWANSTON STREET CARLTON 3053 --> 1 records found - comparisons: b24 n8 s1
147-149 BARRY STREET CARLTON 3053 --> 1 records found - comparisons: b22 n13 s4
809A/640 SWANSTON STREET CARLTON 3053 --> 1 records found - comparisons: b21 n7 s5
410/668 SWANSTON STREET CARLTON 3053 --> 1 records found - comparisons: b24 n12 s1
412/668 SWANSTON STREET CARLTON 3053 --> 1 records found - comparisons: b23 n12 s1
503/668 SWANSTON STREET CARLTON 3053 --> 1 records found - comparisons: b38 n14 s2
506/668 SWANSTON STREET CARLTON 3053 --> 1 records found - comparisons: b26 n14 s1
509/668 SWANSTON STREET CARLTON 3053 --> 1 records found - comparisons: b21 n12 s8
510/668 SWANSTON STREET CARLTON 3053 --> 1 records found - comparisons: b20 n11 s1
101/223 BERKELEY STREET MELBOURNE 3000 --> 1 records found - comparisons: b39 n19 s2
603A/640 SWANSTON STREET CARLTON 3053 --> 1 records found - comparisons: b31 n16 s1
602A/640 SWANSTON STREET CARLTON 3053 --> 1 records found - comparisons: b26 n15 s1
514A/640 SWANSTON STREET CARLTON 3053 --> 1 records found - comparisons: b20 n11 s1
511A/640 SWANSTON STREET CARLTON 3053 --> 1 records found - comparisons: b20 n11 s1
509A/640 SWANSTON STREET CARLTON 3053 --> 1 records found - comparisons: b21 n12 s8
710/668 SWANSTON STREET CARLTON 3053 --> 1 records found - comparisons: b16 n11 s11
803/668 SWANSTON STREET CARLTON 3053 --> 1 records found - comparisons: b24 n9 s2
508A/640 SWANSTON STREET CARLTON 3053 --> 1 records found - comparisons: b21 n12 s8
507A/640 SWANSTON STREET CARLTON 3053 --> 1 records found - comparisons: b24 n14 s1
505A/640 SWANSTON STREET CARLTON 3053 --> 1 records found - comparisons: b26 n15 s3
504A/640 SWANSTON STREET CARLTON 3053 --> 1 records found - comparisons: b26 n15 s1
308/668 SWANSTON STREET CARLTON 3053 --> 1 records found - comparisons: b38 n17 s1
311/668 SWANSTON STREET CARLTON 3053 --> 1 records found - comparisons: b26 n15 s1
502A/640 SWANSTON STREET CARLTON 3053 --> 1 records found - comparisons: b31 n14 s1
301/18 LINCOLN SQUARE N CARLTON 3053 --> 1 records found - comparisons: b45 n19 s1
302/18 LINCOLN SQUARE N CARLTON 3053 --> 1 records found - comparisons: b45 n19 s1
304/18 LINCOLN SQUARE N CARLTON 3053 --> 1 records found - comparisons: b45 n19 s1
306/18 LINCOLN SQUARE N CARLTON 3053 --> 1 records found - comparisons: b45 n19 s1
402/18 LINCOLN SQUARE N CARLTON 3053 --> 1 records found - comparisons: b45 n18 s1
403/18 LINCOLN SQUARE N CARLTON 3053 --> 1 records found - comparisons: b45 n18 s1
405/18 LINCOLN SQUARE N CARLTON 3053 --> 1 records found - comparisons: b45 n17 s1
501/18 LINCOLN SQUARE N CARLTON 3053 --> 1 records found - comparisons: b23 n13 s3
502/18 LINCOLN SQUARE N CARLTON 3053 --> 1 records found - comparisons: b26 n14 s1
806A/640 SWANSTON STREET CARLTON 3053 --> 1 records found - comparisons: b24 n9 s1
803A/640 SWANSTON STREET CARLTON 3053 --> 1 records found - comparisons: b24 n9 s2
504/18 LINCOLN SQUARE N CARLTON 3053 --> 1 records found - comparisons: b38 n15 s1
203/223 BERKELEY STREET MELBOURNE 3000 --> 1 records found - comparisons: b39 n20 s1
204/223 BERKELEY STREET MELBOURNE 3000 --> 1 records found - comparisons: b39 n19 s1
911A/640 SWANSTON STREET CARLTON 3053 --> 1 records found - comparisons: b24 n11 s1
800A/640 SWANSTON STREET CARLTON 3053 --> 1 records found - comparisons: b24 n9 s1
710A/640 SWANSTON STREET CARLTON 3053 --> 1 records found - comparisons: b16 n11 s11
708A/640 SWANSTON STREET CARLTON 3053 --> 1 records found - comparisons: b26 n13 s1
707A/640 SWANSTON STREET CARLTON 3053 --> 1 records found - comparisons: b26 n15 s1
705A/640 SWANSTON STREET CARLTON 3053 --> 1 records found - comparisons: b26 n15 s2
63 MORRISON CLOSE PARKVILLE 3052 --> 1 records found - comparisons: b15 n10 s20
702A/640 SWANSTON STREET CARLTON 3053 --> 1 records found - comparisons: b23 n13 s3
701A/640 SWANSTON STREET CARLTON 3053 --> 1 records found - comparisons: b26 n13 s3
501/668 SWANSTON STREET CARLTON 3053 --> 1 records found - comparisons: b23 n13 s3
223 BERKELEY STREET MELBOURNE 3000 --> 1 records found - comparisons: b24 n14 s1
702/668 SWANSTON STREET CARLTON 3053 --> 1 records found - comparisons: b23 n13 s3
612A/640 SWANSTON STREET CARLTON 3053 --> 1 records found - comparisons: b26 n12 s1
609A/640 SWANSTON STREET CARLTON 3053 --> 1 records found - comparisons: b26 n13 s1
418A/640 SWANSTON STREET CARLTON 3053 --> 1 records found - comparisons: b21 n12 s1
411A/640 SWANSTON STREET CARLTON 3053 --> 1 records found - comparisons: b26 n12 s1
3/743-751 SWANSTON STREET CARLTON 3053 --> 1 records found - comparisons: b24 n9 s1
702/18 LINCOLN SQUARE N CARLTON 3053 --> 1 records found - comparisons: b23 n13 s3
703/18 LINCOLN SQUARE N CARLTON 3053 --> 1 records found - comparisons: b23 n13 s3
704/18 LINCOLN SQUARE N CARLTON 3053 --> 1 records found - comparisons: b39 n15 s1
801/18 LINCOLN SQUARE N CARLTON 3053 --> 1 records found - comparisons: b38 n9 s1
802/18 LINCOLN SQUARE N CARLTON 3053 --> 1 records found - comparisons: b45 n10 s1
206/668 SWANSTON STREET CARLTON 3053 --> 1 records found - comparisons: b38 n18 s3
804/18 LINCOLN SQUARE N CARLTON 3053 --> 1 records found - comparisons: b24 n9 s1
901/18 LINCOLN SQUARE N CARLTON 3053 --> 1 records found - comparisons: b23 n11 s1
1/143 ROYAL PARADE PARKVILLE 3052 --> 1 records found - comparisons: b23 n8 s2
903/18 LINCOLN SQUARE N CARLTON 3053 --> 1 records found - comparisons: b26 n11 s1
904/18 LINCOLN SQUARE N CARLTON 3053 --> 1 records found - comparisons: b45 n13 s1
1002/18 LINCOLN SQUARE N CARLTON 3053 --> 1 records found - comparisons: b31 n20 s1
1003/18 LINCOLN SQUARE N CARLTON 3053 --> 1 records found - comparisons: b31 n20 s1
1101/18 LINCOLN SQUARE N CARLTON 3053 --> 1 records found - comparisons: b31 n17 s1
1102/18 LINCOLN SQUARE N CARLTON 3053 --> 1 records found - comparisons: b32 n17 s1
304A/640 SWANSTON STREET CARLTON 3053 --> 1 records found - comparisons: b26 n18 s2
406A/640 SWANSTON STREET CARLTON 3053 --> 1 records found - comparisons: b31 n17 s1
403A/640 SWANSTON STREET CARLTON 3053 --> 1 records found - comparisons: b31 n18 s1
414A/640 SWANSTON STREET CARLTON 3053 --> 1 records found - comparisons: b22 n12 s1
314A/640 SWANSTON STREET CARLTON 3053 --> 1 records found - comparisons: b22 n14 s2
312A/640 SWANSTON STREET CARLTON 3053 --> 1 records found - comparisons: b26 n15 s1
239-241 BOUVERIE STREET CARLTON 3053 --> 12 records found - comparisons: b21 n14 s1
30 KERNOT ROAD PARKVILLE 3052 --> 6 records found - comparisons: b28 n14 s1
310A/640 SWANSTON STREET CARLTON 3053 --> 1 records found - comparisons: b24 n15 s1
308A/640 SWANSTON STREET CARLTON 3053 --> 1 records found - comparisons: b31 n17 s1
307A/640 SWANSTON STREET CARLTON 3053 --> 1 records found - comparisons: b26 n18 s2
305A/640 SWANSTON STREET CARLTON 3053 --> 1 records found - comparisons: b26 n18 s3
161 BARRY STREET CARLTON 3053 --> 1 records found - comparisons: b23 n14 s1
1/133 ROYAL PARADE PARKVILLE 3052 --> 1 records found - comparisons: b23 n8 s2
156-290 GRATTAN STREET PARKVILLE 3052 --> 1 records found - comparisons: b39 n15 s1
32 LINCOLN SQUARE N CARLTON 3053 --> 1 records found - comparisons: b16 n11 s4
5/135 ROYAL PARADE PARKVILLE 3052 --> 1 records found - comparisons: b23 n8 s1
512A/640 SWANSTON STREET CARLTON 3053 --> 1 records found - comparisons: b20 n11 s1
924/668 SWANSTON STREET CARLTON 3053 --> 1 records found - comparisons: b22 n8 s2
46 TIN ALLEY PARKVILLE 3052 --> 1 records found - comparisons: b16 n11 s1
24/650 SWANSTON STREET CARLTON 3053 --> 1 records found - comparisons: b21 n14 s1
509/223 BERKELEY STREET MELBOURNE 3000 --> 1 records found - comparisons: b21 n12 s8
129-133 ROYAL PARADE PARKVILLE 3052 --> 1 records found - comparisons: b21 n13 s10
3/133 ROYAL PARADE PARKVILLE 3052 --> 1 records found - comparisons: b23 n9 s1
33 MONASH ROAD PARKVILLE 3052 --> 1 records found - comparisons: b37 n13 s1
5/650 SWANSTON STREET CARLTON 3053 --> 1 records found - comparisons: b22 n8 s1
21/650 SWANSTON STREET CARLTON 3053 --> 1 records found - comparisons: b20 n13 s6
216 BERKELEY STREET CARLTON 3053 --> 1 records found - comparisons: b23 n14 s1
608/668 SWANSTON STREET CARLTON 3053 --> 1 records found - comparisons: b38 n13 s1
32C/151 BERKELEY STREET MELBOURNE 3000 --> 1 records found - comparisons: b16 n11 s4
34C/151 BERKELEY STREET MELBOURNE 3000 --> 1 records found - comparisons: b20 n13 s1
35C/151 BERKELEY STREET MELBOURNE 3000 --> 1 records found - comparisons: b18 n12 s3
706/668 SWANSTON STREET CARLTON 3053 --> 1 records found - comparisons: b38 n15 s1
715-721 SWANSTON STREET CARLTON 3053 --> 1 records found - comparisons: b16 n11 s11
11/230 GRATTAN STREET PARKVILLE 3052 --> 1 records found - comparisons: b21 n13 s2
2/701 SWANSTON STREET CARLTON 3053 --> 1 records found - comparisons: b22 n9 s2
102B/640 SWANSTON STREET CARLTON 3053 --> 1 records found - comparisons: b26 n17 s1
11/650 SWANSTON STREET CARLTON 3053 --> 1 records found - comparisons: b21 n13 s2
8 MEDICAL ROAD PARKVILLE 3052 --> 1 records found - comparisons: b29 n8 s1
13 PORTERS LANE PARKVILLE 3052 --> 1 records found - comparisons: b30 n14 s1
404/668 SWANSTON STREET CARLTON 3053 --> 1 records found - comparisons: b38 n17 s2
25/650 SWANSTON STREET CARLTON 3053 --> 1 records found - comparisons: b21 n13 s1
511/668 SWANSTON STREET CARLTON 3053 --> 1 records found - comparisons: b20 n11 s1
207/668 SWANSTON STREET CARLTON 3053 --> 1 records found - comparisons: b24 n17 s5
306/668 SWANSTON STREET CARLTON 3053 --> 1 records found - comparisons: b38 n19 s1
604/668 SWANSTON STREET CARLTON 3053 --> 1 records found - comparisons: b38 n17 s1
605/668 SWANSTON STREET CARLTON 3053 --> 1 records found - comparisons: b38 n15 s1
210-214 LEICESTER STREET CARLTON 3053 --> 1 records found - comparisons: b26 n15 s1
127 ROYAL PARADE PARKVILLE 3052 --> 1 records found - comparisons: b22 n13 s10
306/223 BERKELEY STREET MELBOURNE 3000 --> 1 records found - comparisons: b39 n19 s1
51 MASSON ROAD PARKVILLE 3052 --> 1 records found - comparisons: b21 n11 s1
905/668 SWANSTON STREET CARLTON 3053 --> 1 records found - comparisons: b26 n13 s1
916/668 SWANSTON STREET CARLTON 3053 --> 1 records found - comparisons: b22 n10 s2
1 UNION ROAD PARKVILLE 3052 --> 1 records found - comparisons: b13 n7 s4
917/668 SWANSTON STREET CARLTON 3053 --> 1 records found - comparisons: b22 n10 s2
1011A/640 SWANSTON STREET CARLTON 3053 --> 1 records found - comparisons: b32 n20 s1
20 MONASH ROAD PARKVILLE 3052 --> 1 records found - comparisons: b32 n15 s1
157-159 BARRY STREET CARLTON 3053 --> 1 records found - comparisons: b24 n15 s1
85 BARRY STREET CARLTON 3053 --> 1 records found - comparisons: b14 n6 s7
1102/640 SWANSTON STREET CARLTON 3053 --> 1 records found - comparisons: b32 n17 s1
1073/640 SWANSTON STREET CARLTON 3053 --> 1 records found - comparisons: b30 n18 s1
1135/640 SWANSTON STREET CARLTON 3053 --> 1 records found - comparisons: b24 n14 s1
1083/640 SWANSTON STREET CARLTON 3053 --> 1 records found - comparisons: b32 n18 s1
2033/640 SWANSTON STREET CARLTON 3053 --> 1 records found - comparisons: b28 n19 s2
1081/640 SWANSTON STREET CARLTON 3053 --> 1 records found - comparisons: b32 n18 s1
302B/640 SWANSTON STREET CARLTON 3053 --> 1 records found - comparisons: b26 n18 s2
902/668 SWANSTON STREET CARLTON 3053 --> 1 records found - comparisons: b24 n11 s1
135-137 ROYAL PARADE PARKVILLE 3052 --> 1 records found - comparisons: b22 n14 s3
29 COLLEGE CRESCENT PARKVILLE 3052 --> 1 records found - comparisons: b21 n11 s1
2 ROYAL PARADE PARKVILLE 3052 --> 1 records found - comparisons: b23 n9 s1
81-87 BARRY STREET CARLTON 3053 --> 1 records found - comparisons: b20 n7 s2
908/151 BERKELEY STREET MELBOURNE 3000 --> 1 records found - comparisons: b24 n10 s1
914/668 SWANSTON STREET CARLTON 3053 --> 1 records found - comparisons: b22 n10 s2
907/668 SWANSTON STREET CARLTON 3053 --> 1 records found - comparisons: b26 n12 s1
911/668 SWANSTON STREET CARLTON 3053 --> 1 records found - comparisons: b24 n11 s1
913/668 SWANSTON STREET CARLTON 3053 --> 1 records found - comparisons: b24 n11 s1
703/668 SWANSTON STREET CARLTON 3053 --> 1 records found - comparisons: b23 n13 s3
774-782 ELIZABETH STREET MELBOURNE 3000 --> 1 records found - comparisons: b22 n11 s1
708/668 SWANSTON STREET CARLTON 3053 --> 1 records found - comparisons: b38 n13 s1
660-674 SWANSTON STREET CARLTON 3053 --> 1 records found - comparisons: b20 n12 s1
1005/151 BERKELEY STREET MELBOURNE 3000 --> 1 records found - comparisons: b31 n20 s1
9/201 GRATTAN STREET CARLTON 3053 --> 1 records found - comparisons: b31 n7 s1
7/201 GRATTAN STREET CARLTON 3053 --> 1 records found - comparisons: b31 n10 s1
4/201 GRATTAN STREET CARLTON 3053 --> 1 records found - comparisons: b23 n9 s1
158-164 BOUVERIE STREET CARLTON 3053 --> 1 records found - comparisons: b21 n13 s3
715 SWANSTON STREET CARLTON 3053 --> 1 records found - comparisons: b16 n11 s11
292 GRATTAN STREET PARKVILLE 3052 --> 1 records found - comparisons: b20 n11 s1
107 TIN ALLEY PARKVILLE 3052 --> 1 records found - comparisons: b29 n18 s1
786-798 ELIZABETH STREET MELBOURNE 3000 --> 2 records found - comparisons: b22 n9 s2
141 ROYAL PARADE PARKVILLE 3052 --> 1 records found - comparisons: b36 n15 s1
921/668 SWANSTON STREET CARLTON 3053 --> 1 records found - comparisons: b24 n9 s1
757 SWANSTON STREET PARKVILLE 3052 --> 1 records found - comparisons: b20 n11 s1
407/668 SWANSTON STREET CARLTON 3053 --> 1 records found - comparisons: b24 n16 s3
107/223 BERKELEY STREET MELBOURNE 3000 --> 1 records found - comparisons: b39 n18 s1
405A/640 SWANSTON STREET CARLTON 3053 --> 1 records found - comparisons: b26 n17 s1
902A/640 SWANSTON STREET CARLTON 3053 --> 1 records found - comparisons: b24 n11 s1
197-203 BOUVERIE STREET CARLTON 3053 --> 1 records found - comparisons: b24 n12 s1
225-235 BOUVERIE STREET CARLTON 3053 --> 1 records found - comparisons: b24 n15 s1
207-223 BOUVERIE STREET CARLTON 3053 --> 1 records found - comparisons: b24 n17 s5
8/135 ROYAL PARADE PARKVILLE 3052 --> 1 records found - comparisons: b23 n8 s2
228 PELHAM STREET MELBOURNE 3000 --> 1 records found - comparisons: b21 n13 s3
803/18 LINCOLN SQUARE N CARLTON 3053 --> 1 records found - comparisons: b24 n9 s2
706A/640 SWANSTON STREET CARLTON 3053 --> 1 records found - comparisons: b26 n15 s1
704A/640 SWANSTON STREET CARLTON 3053 --> 1 records found - comparisons: b26 n15 s1
212A/640 SWANSTON STREET CARLTON 3053 --> 1 records found - comparisons: b26 n16 s1
213-217 GRATTAN STREET CARLTON 3053 --> 1 records found - comparisons: b47 n18 s1
902/18 LINCOLN SQUARE N CARLTON 3053 --> 1 records found - comparisons: b24 n11 s1
1000A/640 SWANSTON STREET CARLTON 3053 --> 1 records found - comparisons: b32 n20 s1
87 TIN ALLEY PARKVILLE 3052 --> 1 records found - comparisons: b14 n6 s7
41 MEDICAL ROAD PARKVILLE 3052 --> 1 records found - comparisons: b20 n12 s1
9 MEDICAL ROAD PARKVILLE 3052 --> 1 records found - comparisons: b13 n6 s2
1/196 PELHAM STREET CARLTON 3053 --> 1 records found - comparisons: b23 n8 s2
1S/650 SWANSTON STREET CARLTON 3053 --> 1 records found - comparisons: b12 n6 s2
1001/18 LINCOLN SQUARE N CARLTON 3053 --> 1 records found - comparisons: b34 n20 s1
7/135 ROYAL PARADE PARKVILLE 3052 --> 1 records found - comparisons: b23 n10 s1
2/196 PELHAM STREET CARLTON 3053 --> 1 records found - comparisons: b29 n10 s1
680-682 SWANSTON STREET CARLTON 3053 --> 1 records found - comparisons: b20 n10 s1
904/668 SWANSTON STREET CARLTON 3053 --> 1 records found - comparisons: b38 n13 s1
121-125 ROYAL PARADE PARKVILLE 3052 --> 1 records found - comparisons: b24 n13 s10
167 GRATTAN STREET CARLTON 3053 --> 1 records found - comparisons: b23 n14 s2
1004/18 LINCOLN SQUARE N CARLTON 3053 --> 1 records found - comparisons: b31 n20 s1
22-40 LINCOLN SQUARE N CARLTON 3053 --> 1 records found - comparisons: b20 n13 s3
703A/640 SWANSTON STREET CARLTON 3053 --> 1 records found - comparisons: b23 n13 s3
1008A/640 SWANSTON STREET CARLTON 3053 --> 1 records found - comparisons: b32 n19 s1
164-170 PELHAM STREET CARLTON 3053 --> 1 records found - comparisons: b24 n14 s2
53 PROFESSORS WALK PARKVILLE 3052 --> 1 records found - comparisons: b21 n11 s1
175 GRATTAN STREET CARLTON 3053 --> 2 records found - comparisons: b22 n14 s3
22/650 SWANSTON STREET CARLTON 3053 --> 2 records found - comparisons: b20 n13 s3
110/223 BERKELEY STREET MELBOURNE 3000 --> 1 records found - comparisons: b28 n16 s3
915/668 SWANSTON STREET CARLTON 3053 --> 1 records found - comparisons: b22 n10 s2
908/668 SWANSTON STREET CARLTON 3053 --> 1 records found - comparisons: b24 n10 s1
906A/640 SWANSTON STREET CARLTON 3053 --> 1 records found - comparisons: b24 n12 s1
610A/640 SWANSTON STREET CARLTON 3053 --> 1 records found - comparisons: b26 n13 s1
207A/640 SWANSTON STREET CARLTON 3053 --> 1 records found - comparisons: b24 n17 s5
107A/640 SWANSTON STREET CARLTON 3053 --> 1 records found - comparisons: b26 n17 s2
1003A/640 SWANSTON STREET CARLTON 3053 --> 1 records found - comparisons: b31 n20 s1
510/223 BERKELEY STREET MELBOURNE 3000 --> 1 records found - comparisons: b20 n11 s1
714-736 SWANSTON STREET CARLTON 3053 --> 1 records found - comparisons: b16 n11 s11
167-171 BERKELEY STREET MELBOURNE 3000 --> 1 records found - comparisons: b23 n14 s2
1/701 SWANSTON STREET CARLTON 3053 --> 1 records found - comparisons: b30 n9 s1
807A/640 SWANSTON STREET CARLTON 3053 --> 1 records found - comparisons: b26 n9 s1
805A/640 SWANSTON STREET CARLTON 3053 --> 1 records found - comparisons: b26 n9 s1
501A/640 SWANSTON STREET CARLTON 3053 --> 1 records found - comparisons: b23 n13 s3
410A/640 SWANSTON STREET CARLTON 3053 --> 1 records found - comparisons: b24 n12 s1
20-24 CHURCH STREET CARLTON 3053 --> 1 records found - comparisons: b21 n14 s2
211A/640 SWANSTON STREET CARLTON 3053 --> 1 records found - comparisons: b24 n15 s1
190-192 PELHAM STREET CARLTON 3053 --> 1 records found - comparisons: b22 n12 s1
607A/640 SWANSTON STREET CARLTON 3053 --> 1 records found - comparisons: b26 n15 s2
401/668 SWANSTON STREET CARLTON 3053 --> 1 records found - comparisons: b38 n17 s1
405/668 SWANSTON STREET CARLTON 3053 --> 1 records found - comparisons: b38 n17 s1
723-741 SWANSTON STREET CARLTON 3053 --> 1 records found - comparisons: b23 n11 s1
608A/640 SWANSTON STREET CARLTON 3053 --> 1 records found - comparisons: b26 n13 s1
102/223 BERKELEY STREET MELBOURNE 3000 --> 1 records found - comparisons: b39 n17 s1
405/223 BERKELEY STREET MELBOURNE 3000 --> 1 records found - comparisons: b39 n17 s1
202/223 BERKELEY STREET MELBOURNE 3000 --> 1 records found - comparisons: b39 n21 s1
205/223 BERKELEY STREET MELBOURNE 3000 --> 1 records found - comparisons: b39 n21 s1
207/223 BERKELEY STREET MELBOURNE 3000 --> 1 records found - comparisons: b24 n17 s5
210/223 BERKELEY STREET MELBOURNE 3000 --> 1 records found - comparisons: b26 n15 s1
301/223 BERKELEY STREET MELBOURNE 3000 --> 1 records found - comparisons: b39 n19 s1
302/223 BERKELEY STREET MELBOURNE 3000 --> 1 records found - comparisons: b39 n19 s1
309/223 BERKELEY STREET MELBOURNE 3000 --> 1 records found - comparisons: b39 n18 s1
401/223 BERKELEY STREET MELBOURNE 3000 --> 1 records found - comparisons: b39 n17 s1
404/223 BERKELEY STREET MELBOURNE 3000 --> 1 records found - comparisons: b39 n17 s2
406/223 BERKELEY STREET MELBOURNE 3000 --> 1 records found - comparisons: b39 n17 s2
407/223 BERKELEY STREET MELBOURNE 3000 --> 1 records found - comparisons: b24 n16 s3
409/223 BERKELEY STREET MELBOURNE 3000 --> 1 records found - comparisons: b26 n15 s1
410/223 BERKELEY STREET MELBOURNE 3000 --> 1 records found - comparisons: b24 n12 s1
14/650 SWANSTON STREET CARLTON 3053 --> 2 records found - comparisons: b21 n13 s1
151 BARRY STREET CARLTON 3053 --> 1 records found - comparisons: b23 n14 s1
701B/640 SWANSTON STREET CARLTON 3053 --> 1 records found - comparisons: b26 n13 s3
505B/640 SWANSTON STREET CARLTON 3053 --> 1 records found - comparisons: b26 n15 s3
503B/640 SWANSTON STREET CARLTON 3053 --> 1 records found - comparisons: b26 n14 s2
500B/640 SWANSTON STREET CARLTON 3053 --> 1 records found - comparisons: b23 n13 s3
407B/640 SWANSTON STREET CARLTON 3053 --> 1 records found - comparisons: b24 n16 s3
408A/640 SWANSTON STREET CARLTON 3053 --> 1 records found - comparisons: b26 n15 s2
301A/640 SWANSTON STREET CARLTON 3053 --> 1 records found - comparisons: b31 n18 s1
404A/640 SWANSTON STREET CARLTON 3053 --> 1 records found - comparisons: b26 n17 s2
174 LEICESTER STREET CARLTON 3053 --> 2 records found - comparisons: b22 n14 s3
910/668 SWANSTON STREET CARLTON 3053 --> 1 records found - comparisons: b26 n11 s1
300B/640 SWANSTON STREET CARLTON 3053 --> 1 records found - comparisons: b24 n17 s3
105B/640 SWANSTON STREET CARLTON 3053 --> 1 records found - comparisons: b31 n18 s1
405B/640 SWANSTON STREET CARLTON 3053 --> 1 records found - comparisons: b26 n17 s1
712A/640 SWANSTON STREET CARLTON 3053 --> 1 records found - comparisons: b16 n11 s11
711A/640 SWANSTON STREET CARLTON 3053 --> 1 records found - comparisons: b16 n11 s11
611A/640 SWANSTON STREET CARLTON 3053 --> 1 records found - comparisons: b26 n13 s1
513A/640 SWANSTON STREET CARLTON 3053 --> 1 records found - comparisons: b20 n11 s1
510A/640 SWANSTON STREET CARLTON 3053 --> 1 records found - comparisons: b20 n11 s1
103B/640 SWANSTON STREET CARLTON 3053 --> 1 records found - comparisons: b31 n18 s1
100B/640 SWANSTON STREET CARLTON 3053 --> 1 records found - comparisons: b31 n18 s1
205B/640 SWANSTON STREET CARLTON 3053 --> 1 records found - comparisons: b31 n19 s1
179-201 PELHAM STREET CARLTON 3053 --> 1 records found - comparisons: b29 n14 s1
105/223 BERKELEY STREET MELBOURNE 3000 --> 1 records found - comparisons: b39 n18 s1
16/650 SWANSTON STREET CARLTON 3053 --> 2 records found - comparisons: b21 n13 s1
106/223 BERKELEY STREET MELBOURNE 3000 --> 1 records found - comparisons: b39 n18 s2
109/223 BERKELEY STREET MELBOURNE 3000 --> 1 records found - comparisons: b28 n15 s1
177 GRATTAN STREET CARLTON 3053 --> 2 records found - comparisons: b22 n14 s3
150-154 PELHAM STREET CARLTON 3053 --> 1 records found - comparisons: b23 n14 s1
1/223 BERKELEY STREET MELBOURNE 3000 --> 1 records found - comparisons: b38 n9 s1
17 KERNOT ROAD PARKVILLE 3052 --> 1 records found - comparisons: b28 n14 s1
401B/640 SWANSTON STREET CARLTON 3053 --> 1 records found - comparisons: b26 n17 s1
307B/640 SWANSTON STREET CARLTON 3053 --> 1 records found - comparisons: b26 n18 s2
743-751 SWANSTON STREET CARLTON 3053 --> 1 records found - comparisons: b16 n11 s1
306B/640 SWANSTON STREET CARLTON 3053 --> 1 records found - comparisons: b31 n19 s1
208B/640 SWANSTON STREET CARLTON 3053 --> 1 records found - comparisons: b31 n17 s1
207B/640 SWANSTON STREET CARLTON 3053 --> 1 records found - comparisons: b24 n17 s5
106B/640 SWANSTON STREET CARLTON 3053 --> 1 records found - comparisons: b31 n18 s1
166-186 BOUVERIE STREET CARLTON 3053 --> 1 records found - comparisons: b23 n14 s2
2S/151 BERKELEY STREET MELBOURNE 3000 --> 1 records found - comparisons: b12 n7 s3
3S/151 BERKELEY STREET MELBOURNE 3000 --> 1 records found - comparisons: b12 n7 s2
901/668 SWANSTON STREET CARLTON 3053 --> 1 records found - comparisons: b23 n11 s1
1095/640 SWANSTON STREET CARLTON 3053 --> 1 records found - comparisons: b31 n15 s1
1134/640 SWANSTON STREET CARLTON 3053 --> 1 records found - comparisons: b24 n14 s1
1072/640 SWANSTON STREET CARLTON 3053 --> 1 records found - comparisons: b30 n18 s1
1111/640 SWANSTON STREET CARLTON 3053 --> 1 records found - comparisons: b32 n16 s1
303/223 BERKELEY STREET MELBOURNE 3000 --> 1 records found - comparisons: b39 n20 s2
507/668 SWANSTON STREET CARLTON 3053 --> 1 records found - comparisons: b24 n14 s1
156-162 PELHAM STREET CARLTON 3053 --> 1 records found - comparisons: b45 n15 s1
1109/640 SWANSTON STREET CARLTON 3053 --> 1 records found - comparisons: b29 n16 s3
1086/640 SWANSTON STREET CARLTON 3053 --> 1 records found - comparisons: b30 n17 s2
1101/640 SWANSTON STREET CARLTON 3053 --> 1 records found - comparisons: b31 n17 s1
182-200 BERKELEY STREET CARLTON 3053 --> 1 records found - comparisons: b24 n13 s1
207/151 BERKELEY STREET MELBOURNE 3000 --> 1 records found - comparisons: b24 n17 s5
4/650 SWANSTON STREET CARLTON 3053 --> 1 records found - comparisons: b22 n9 s1
1085/640 SWANSTON STREET CARLTON 3053 --> 1 records found - comparisons: b30 n17 s2
507/223 BERKELEY STREET MELBOURNE 3000 --> 1 records found - comparisons: b24 n14 s1
1079/640 SWANSTON STREET CARLTON 3053 --> 1 records found - comparisons: b29 n18 s1
29S/151 BERKELEY STREET MELBOURNE 3000 --> 1 records found - comparisons: b20 n11 s1
1112/640 SWANSTON STREET CARLTON 3053 --> 1 records found - comparisons: b31 n16 s1
508/668 SWANSTON STREET CARLTON 3053 --> 1 records found - comparisons: b21 n12 s8
660 SWANSTON STREET CARLTON 3053 --> 1 records found - comparisons: b20 n12 s1
701/668 SWANSTON STREET CARLTON 3053 --> 1 records found - comparisons: b38 n14 s2
1006A/640 SWANSTON STREET CARLTON 3053 --> 1 records found - comparisons: b32 n20 s1
602/668 SWANSTON STREET CARLTON 3053 --> 1 records found - comparisons: b38 n15 s1
207-211 GRATTAN STREET CARLTON 3053 --> 1 records found - comparisons: b24 n17 s5
27G/723 SWANSTON STREET CARLTON 3053 --> 1 records found - comparisons: b22 n13 s1
723 SWANSTON STREET CARLTON 3053 --> 1 records found - comparisons: b23 n11 s1
182-208 LEICESTER STREET CARLTON 3053 --> 1 records found - comparisons: b24 n13 s1
512/668 SWANSTON STREET CARLTON 3053 --> 1 records found - comparisons: b20 n11 s1
670 SWANSTON STREET CARLTON 3053 --> 2 records found - comparisons: b23 n15 s1
1121/640 SWANSTON STREET CARLTON 3053 --> 1 records found - comparisons: b26 n14 s1
1241/640 SWANSTON STREET CARLTON 3053 --> 1 records found - comparisons: b22 n13 s10
27/650 SWANSTON STREET CARLTON 3053 --> 1 records found - comparisons: b20 n13 s1
1106/640 SWANSTON STREET CARLTON 3053 --> 1 records found - comparisons: b32 n18 s1
1097/640 SWANSTON STREET CARLTON 3053 --> 1 records found - comparisons: b32 n15 s1
606A/640 SWANSTON STREET CARLTON 3053 --> 1 records found - comparisons: b26 n15 s2
412A/640 SWANSTON STREET CARLTON 3053 --> 1 records found - comparisons: b23 n12 s1
401A/640 SWANSTON STREET CARLTON 3053 --> 1 records found - comparisons: b26 n17 s1
1244/640 SWANSTON STREET CARLTON 3053 --> 1 records found - comparisons: b22 n13 s10
1100/640 SWANSTON STREET CARLTON 3053 --> 1 records found - comparisons: b31 n17 s1
1076/640 SWANSTON STREET CARLTON 3053 --> 1 records found - comparisons: b31 n18 s1
2032/640 SWANSTON STREET CARLTON 3053 --> 1 records found - comparisons: b28 n19 s2
1084/640 SWANSTON STREET CARLTON 3053 --> 1 records found - comparisons: b30 n17 s2
1242/640 SWANSTON STREET CARLTON 3053 --> 1 records found - comparisons: b22 n13 s10
204A/640 SWANSTON STREET CARLTON 3053 --> 1 records found - comparisons: b26 n18 s2
182-200 LEICESTER STREET CARLTON 3053 --> 1 records found - comparisons: b24 n13 s1
1505/151 BERKELEY STREET MELBOURNE 3000 --> 1 records found - comparisons: b23 n14 s1
905/151 BERKELEY STREET MELBOURNE 3000 --> 1 records found - comparisons: b26 n13 s1
104/223 BERKELEY STREET MELBOURNE 3000 --> 1 records found - comparisons: b39 n18 s2
906/151 BERKELEY STREET MELBOURNE 3000 --> 1 records found - comparisons: b24 n12 s1
907/151 BERKELEY STREET MELBOURNE 3000 --> 1 records found - comparisons: b26 n12 s1
607B/640 SWANSTON STREET CARLTON 3053 --> 1 records found - comparisons: b26 n15 s2
1001/151 BERKELEY STREET MELBOURNE 3000 --> 1 records found - comparisons: b34 n20 s1
1002/151 BERKELEY STREET MELBOURNE 3000 --> 1 records found - comparisons: b31 n20 s1
1003/151 BERKELEY STREET MELBOURNE 3000 --> 1 records found - comparisons: b31 n20 s1
1004/151 BERKELEY STREET MELBOURNE 3000 --> 1 records found - comparisons: b31 n20 s1
310/223 BERKELEY STREET MELBOURNE 3000 --> 1 records found - comparisons: b24 n15 s1
1006/151 BERKELEY STREET MELBOURNE 3000 --> 1 records found - comparisons: b32 n20 s1
1502/151 BERKELEY STREET MELBOURNE 3000 --> 1 records found - comparisons: b23 n14 s1
1503/151 BERKELEY STREET MELBOURNE 3000 --> 1 records found - comparisons: b23 n14 s1
1504/151 BERKELEY STREET MELBOURNE 3000 --> 1 records found - comparisons: b23 n14 s1
1401/151 BERKELEY STREET MELBOURNE 3000 --> 1 records found - comparisons: b31 n16 s1
902/151 BERKELEY STREET MELBOURNE 3000 --> 1 records found - comparisons: b24 n11 s1
903/151 BERKELEY STREET MELBOURNE 3000 --> 1 records found - comparisons: b26 n11 s1
806/668 SWANSTON STREET CARLTON 3053 --> 1 records found - comparisons: b24 n9 s1
807/668 SWANSTON STREET CARLTON 3053 --> 1 records found - comparisons: b38 n9 s1
808/668 SWANSTON STREET CARLTON 3053 --> 1 records found - comparisons: b21 n7 s5
809/668 SWANSTON STREET CARLTON 3053 --> 1 records found - comparisons: b21 n7 s5
810/668 SWANSTON STREET CARLTON 3053 --> 1 records found - comparisons: b26 n8 s1
704/668 SWANSTON STREET CARLTON 3053 --> 1 records found - comparisons: b38 n15 s1
1-17 COLLEGE CRESCENT PARKVILLE 3052 --> 1 records found - comparisons: b15 n7 s4
406/668 SWANSTON STREET CARLTON 3053 --> 1 records found - comparisons: b38 n17 s2
220 BERKELEY STREET CARLTON 3053 --> 1 records found - comparisons: b23 n14 s1
183-189 BOUVERIE STREET CARLTON 3053 --> 1 records found - comparisons: b48 n13 s1
1204/18 LINCOLN SQUARE N CARLTON 3053 --> 1 records found - comparisons: b53 n17 s1
701/18 LINCOLN SQUARE N CARLTON 3053 --> 1 records found - comparisons: b45 n15 s1
1301/18 LINCOLN SQUARE N CARLTON 3053 --> 1 records found - comparisons: b31 n16 s1
109A/640 SWANSTON STREET CARLTON 3053 --> 1 records found - comparisons: b26 n15 s1
808A/640 SWANSTON STREET CARLTON 3053 --> 1 records found - comparisons: b21 n7 s5
102/18 LINCOLN SQUARE N CARLTON 3053 --> 1 records found - comparisons: b45 n17 s1
801A/640 SWANSTON STREET CARLTON 3053 --> 1 records found - comparisons: b26 n9 s1
600B/640 SWANSTON STREET CARLTON 3053 --> 1 records found - comparisons: b24 n14 s4
502/668 SWANSTON STREET CARLTON 3053 --> 1 records found - comparisons: b26 n14 s1
918/668 SWANSTON STREET CARLTON 3053 --> 1 records found - comparisons: b24 n10 s1
1027/640 SWANSTON STREET CARLTON 3053 --> 1 records found - comparisons: b28 n17 s1
208/223 BERKELEY STREET MELBOURNE 3000 --> 1 records found - comparisons: b39 n18 s1
100 ROYAL PARADE PARKVILLE 3052 --> 1 records found - comparisons: b28 n18 s3
1094/640 SWANSTON STREET CARLTON 3053 --> 1 records found - comparisons: b31 n15 s1
1099/640 SWANSTON STREET CARLTON 3053 --> 1 records found - comparisons: b29 n15 s1
1077/640 SWANSTON STREET CARLTON 3053 --> 1 records found - comparisons: b31 n18 s1
2/743-751 SWANSTON STREET CARLTON 3053 --> 1 records found - comparisons: b22 n9 s2
3 UNION ROAD PARKVILLE 3052 --> 1 records found - comparisons: b13 n8 s2
1098/640 SWANSTON STREET CARLTON 3053 --> 1 records found - comparisons: b29 n15 s1
2019/640 SWANSTON STREET CARLTON 3053 --> 1 records found - comparisons: b28 n19 s4
156 BOUVERIE STREET CARLTON 3053 --> 1 records found - comparisons: b29 n15 s1
102A/640 SWANSTON STREET CARLTON 3053 --> 1 records found - comparisons: b26 n17 s1
171-173 GRATTAN STREET CARLTON 3053 --> 2 records found - comparisons: b24 n14 s3
1005A/640 SWANSTON STREET CARLTON 3053 --> 1 records found - comparisons: b31 n20 s1
912A/640 SWANSTON STREET CARLTON 3053 --> 1 records found - comparisons: b26 n11 s1
197-235 BOUVERIE STREET CARLTON 3053 --> 1 records found - comparisons: b24 n12 s1
305/223 BERKELEY STREET MELBOURNE 3000 --> 1 records found - comparisons: b39 n19 s2
804/668 SWANSTON STREET CARLTON 3053 --> 1 records found - comparisons: b24 n9 s1
903/668 SWANSTON STREET CARLTON 3053 --> 1 records found - comparisons: b26 n11 s1
1506/151 BERKELEY STREET MELBOURNE 3000 --> 1 records found - comparisons: b23 n14 s1
1507/151 BERKELEY STREET MELBOURNE 3000 --> 1 records found - comparisons: b23 n14 s1
1508/151 BERKELEY STREET MELBOURNE 3000 --> 1 records found - comparisons: b23 n14 s1
1601/151 BERKELEY STREET MELBOURNE 3000 --> 1 records found - comparisons: b23 n14 s1
1602/151 BERKELEY STREET MELBOURNE 3000 --> 1 records found - comparisons: b23 n14 s1
1603/151 BERKELEY STREET MELBOURNE 3000 --> 1 records found - comparisons: b23 n14 s1
1604/151 BERKELEY STREET MELBOURNE 3000 --> 1 records found - comparisons: b23 n14 s1
1605/151 BERKELEY STREET MELBOURNE 3000 --> 1 records found - comparisons: b23 n14 s1
1606/151 BERKELEY STREET MELBOURNE 3000 --> 1 records found - comparisons: b23 n14 s1
1608/151 BERKELEY STREET MELBOURNE 3000 --> 1 records found - comparisons: b23 n14 s1
1701/151 BERKELEY STREET MELBOURNE 3000 --> 1 records found - comparisons: b31 n16 s1
1078/640 SWANSTON STREET CARLTON 3053 --> 1 records found - comparisons: b29 n18 s1
2043/640 SWANSTON STREET CARLTON 3053 --> 1 records found - comparisons: b28 n18 s2
1703/151 BERKELEY STREET MELBOURNE 3000 --> 1 records found - comparisons: b32 n16 s1
503A/640 SWANSTON STREET CARLTON 3053 --> 1 records found - comparisons: b26 n14 s2
153-163 BARRY STREET CARLTON 3053 --> 1 records found - comparisons: b29 n14 s1
923/668 SWANSTON STREET CARLTON 3053 --> 1 records found - comparisons: b24 n9 s1
168-172 LEICESTER STREET CARLTON 3053 --> 1 records found - comparisons: b21 n13 s3
193-195 BOUVERIE STREET CARLTON 3053 --> 1 records found - comparisons: b22 n12 s1
2/650 SWANSTON STREET CARLTON 3053 --> 1 records found - comparisons: b22 n9 s2
242 GRATTAN STREET PARKVILLE 3052 --> 2 records found - comparisons: b22 n14 s1
802/668 SWANSTON STREET CARLTON 3053 --> 1 records found - comparisons: b38 n10 s1
909/668 SWANSTON STREET CARLTON 3053 --> 1 records found - comparisons: b26 n10 s1
169 GRATTAN STREET CARLTON 3053 --> 1 records found - comparisons: b21 n13 s3
47C/151 BERKELEY STREET MELBOURNE 3000 --> 1 records found - comparisons: b18 n11 s1
4S/151 BERKELEY STREET MELBOURNE 3000 --> 1 records found - comparisons: b12 n7 s1
5S/151 BERKELEY STREET MELBOURNE 3000 --> 1 records found - comparisons: b12 n7 s1
407A/640 SWANSTON STREET CARLTON 3053 --> 1 records found - comparisons: b24 n16 s3
6S/151 BERKELEY STREET MELBOURNE 3000 --> 1 records found - comparisons: b12 n7 s1
7S/151 BERKELEY STREET MELBOURNE 3000 --> 1 records found - comparisons: b12 n7 s1
233 PELHAM STREET MELBOURNE 3000 --> 12 records found - comparisons: b23 n14 s1
1007/151 BERKELEY STREET MELBOURNE 3000 --> 1 records found - comparisons: b34 n20 s1
1008/151 BERKELEY STREET MELBOURNE 3000 --> 1 records found - comparisons: b32 n19 s1
1101/151 BERKELEY STREET MELBOURNE 3000 --> 1 records found - comparisons: b31 n17 s1
268 GRATTAN STREET PARKVILLE 3052 --> 1 records found - comparisons: b20 n13 s1
402A/640 SWANSTON STREET CARLTON 3053 --> 1 records found - comparisons: b31 n18 s1
1102/151 BERKELEY STREET MELBOURNE 3000 --> 1 records found - comparisons: b32 n17 s1
105/18 LINCOLN SQUARE N CARLTON 3053 --> 1 records found - comparisons: b45 n18 s1
203/18 LINCOLN SQUARE N CARLTON 3053 --> 1 records found - comparisons: b45 n20 s1
302A/640 SWANSTON STREET CARLTON 3053 --> 1 records found - comparisons: b26 n18 s2
610/223 BERKELEY STREET MELBOURNE 3000 --> 1 records found - comparisons: b38 n13 s1
605A/640 SWANSTON STREET CARLTON 3053 --> 1 records found - comparisons: b26 n15 s1
1002A/640 SWANSTON STREET CARLTON 3053 --> 1 records found - comparisons: b31 n20 s1
401/18 LINCOLN SQUARE N CARLTON 3053 --> 1 records found - comparisons: b45 n17 s1
213/640 SWANSTON STREET CARLTON 3053 --> 1 records found - comparisons: b31 n18 s1
216-228 LEICESTER STREET CARLTON 3053 --> 1 records found - comparisons: b23 n14 s1
183 PELHAM STREET CARLTON 3053 --> 1 records found - comparisons: b29 n13 s1
502/223 BERKELEY STREET MELBOURNE 3000 --> 1 records found - comparisons: b26 n14 s1
154 BOUVERIE STREET CARLTON 3053 --> 1 records found - comparisons: b24 n15 s1
506/18 LINCOLN SQUARE N CARLTON 3053 --> 1 records found - comparisons: b26 n14 s1
603/668 SWANSTON STREET CARLTON 3053 --> 1 records found - comparisons: b38 n16 s1
603/18 LINCOLN SQUARE N CARLTON 3053 --> 1 records found - comparisons: b45 n16 s1
501/223 BERKELEY STREET MELBOURNE 3000 --> 1 records found - comparisons: b23 n13 s3
503/223 BERKELEY STREET MELBOURNE 3000 --> 1 records found - comparisons: b39 n14 s2
504/223 BERKELEY STREET MELBOURNE 3000 --> 1 records found - comparisons: b38 n15 s1
506/223 BERKELEY STREET MELBOURNE 3000 --> 1 records found - comparisons: b26 n14 s1
508/223 BERKELEY STREET MELBOURNE 3000 --> 1 records found - comparisons: b21 n12 s8
601/223 BERKELEY STREET MELBOURNE 3000 --> 1 records found - comparisons: b39 n16 s1
604/223 BERKELEY STREET MELBOURNE 3000 --> 1 records found - comparisons: b39 n17 s1
605/223 BERKELEY STREET MELBOURNE 3000 --> 1 records found - comparisons: b39 n15 s1
606/223 BERKELEY STREET MELBOURNE 3000 --> 1 records found - comparisons: b39 n16 s1
607/223 BERKELEY STREET MELBOURNE 3000 --> 1 records found - comparisons: b39 n16 s1
608/223 BERKELEY STREET MELBOURNE 3000 --> 1 records found - comparisons: b39 n13 s1
705/18 LINCOLN SQUARE N CARLTON 3053 --> 1 records found - comparisons: b39 n16 s1
835-871 SWANSTON STREET PARKVILLE 3052 --> 1 records found - comparisons: b15 n6 s7
247-253 BOUVERIE STREET CARLTON 3053 --> 2 records found - comparisons: b48 n14 s1
8-14 MALVINA PLACE CARLTON 3053 --> 1 records found - comparisons: b15 n7 s3
609/223 BERKELEY STREET MELBOURNE 3000 --> 1 records found - comparisons: b38 n13 s1
703/223 BERKELEY STREET MELBOURNE 3000 --> 1 records found - comparisons: b23 n13 s3
706/223 BERKELEY STREET MELBOURNE 3000 --> 1 records found - comparisons: b39 n15 s1
707/223 BERKELEY STREET MELBOURNE 3000 --> 1 records found - comparisons: b38 n15 s1
709/223 BERKELEY STREET MELBOURNE 3000 --> 1 records found - comparisons: b38 n14 s1
710/223 BERKELEY STREET MELBOURNE 3000 --> 1 records found - comparisons: b16 n11 s11
83 BARRY STREET CARLTON 3053 --> 1 records found - comparisons: b15 n6 s7
792 ELIZABETH STREET MELBOURNE 3000 --> 2 records found - comparisons: b16 n9 s2
5/201 GRATTAN STREET CARLTON 3053 --> 1 records found - comparisons: b31 n8 s1
176-180 LEICESTER STREET CARLTON 3053 --> 1 records found - comparisons: b22 n14 s3
119 ROYAL PARADE PARKVILLE 3052 --> 1 records found - comparisons: b21 n13 s7
16S/151 BERKELEY STREET MELBOURNE 3000 --> 1 records found - comparisons: b20 n12 s1
17S/151 BERKELEY STREET MELBOURNE 3000 --> 1 records found - comparisons: b20 n12 s1
19S/151 BERKELEY STREET MELBOURNE 3000 --> 1 records found - comparisons: b20 n10 s1
20S/151 BERKELEY STREET MELBOURNE 3000 --> 1 records found - comparisons: b20 n13 s1
21S/151 BERKELEY STREET MELBOURNE 3000 --> 1 records found - comparisons: b20 n13 s1
22S/151 BERKELEY STREET MELBOURNE 3000 --> 1 records found - comparisons: b20 n13 s1
24S/151 BERKELEY STREET MELBOURNE 3000 --> 1 records found - comparisons: b20 n13 s1
25S/151 BERKELEY STREET MELBOURNE 3000 --> 1 records found - comparisons: b20 n13 s1
57-63 COLLEGE CRESCENT PARKVILLE 3052 --> 1 records found - comparisons: b16 n9 s1
26S/151 BERKELEY STREET MELBOURNE 3000 --> 1 records found - comparisons: b20 n13 s1
1207/151 BERKELEY STREET MELBOURNE 3000 --> 1 records found - comparisons: b32 n16 s1
1301/151 BERKELEY STREET MELBOURNE 3000 --> 1 records found - comparisons: b31 n16 s1
1302/151 BERKELEY STREET MELBOURNE 3000 --> 1 records found - comparisons: b53 n16 s1
1303/151 BERKELEY STREET MELBOURNE 3000 --> 1 records found - comparisons: b32 n16 s1
1304/151 BERKELEY STREET MELBOURNE 3000 --> 1 records found - comparisons: b32 n16 s1
1306/151 BERKELEY STREET MELBOURNE 3000 --> 1 records found - comparisons: b31 n16 s1
1103/151 BERKELEY STREET MELBOURNE 3000 --> 1 records found - comparisons: b53 n17 s1
1104/151 BERKELEY STREET MELBOURNE 3000 --> 1 records found - comparisons: b53 n18 s1
1105/151 BERKELEY STREET MELBOURNE 3000 --> 1 records found - comparisons: b32 n18 s1
1106/151 BERKELEY STREET MELBOURNE 3000 --> 1 records found - comparisons: b32 n18 s1
1108/151 BERKELEY STREET MELBOURNE 3000 --> 1 records found - comparisons: b29 n16 s3
603/223 BERKELEY STREET MELBOURNE 3000 --> 1 records found - comparisons: b39 n16 s1
609/151 BERKELEY STREET MELBOURNE 3000 --> 1 records found - comparisons: b38 n13 s1
20/650 SWANSTON STREET CARLTON 3053 --> 1 records found - comparisons: b21 n14 s2
313A/640 SWANSTON STREET CARLTON 3053 --> 1 records found - comparisons: b24 n15 s1
140 BERKELEY STREET CARLTON 3053 --> 1 records found - comparisons: b28 n15 s2
408B/640 SWANSTON STREET CARLTON 3053 --> 1 records found - comparisons: b26 n15 s2
407/151 BERKELEY STREET MELBOURNE 3000 --> 1 records found - comparisons: b24 n16 s3
409/151 BERKELEY STREET MELBOURNE 3000 --> 1 records found - comparisons: b26 n15 s1
501/151 BERKELEY STREET MELBOURNE 3000 --> 1 records found - comparisons: b23 n13 s3
502/151 BERKELEY STREET MELBOURNE 3000 --> 1 records found - comparisons: b26 n14 s1
504/151 BERKELEY STREET MELBOURNE 3000 --> 1 records found - comparisons: b38 n15 s1
505/151 BERKELEY STREET MELBOURNE 3000 --> 1 records found - comparisons: b45 n17 s1
506/151 BERKELEY STREET MELBOURNE 3000 --> 1 records found - comparisons: b26 n14 s1
507/151 BERKELEY STREET MELBOURNE 3000 --> 1 records found - comparisons: b24 n14 s1
508/151 BERKELEY STREET MELBOURNE 3000 --> 1 records found - comparisons: b21 n12 s8
509/151 BERKELEY STREET MELBOURNE 3000 --> 1 records found - comparisons: b21 n12 s8
601/151 BERKELEY STREET MELBOURNE 3000 --> 1 records found - comparisons: b45 n16 s1
602/151 BERKELEY STREET MELBOURNE 3000 --> 1 records found - comparisons: b39 n15 s1
1307/151 BERKELEY STREET MELBOURNE 3000 --> 1 records found - comparisons: b31 n16 s1
1308/151 BERKELEY STREET MELBOURNE 3000 --> 1 records found - comparisons: b29 n15 s2
205 GRATTAN STREET CARLTON 3053 --> 1 records found - comparisons: b29 n19 s3
1403/151 BERKELEY STREET MELBOURNE 3000 --> 1 records found - comparisons: b32 n16 s1
1404/151 BERKELEY STREET MELBOURNE 3000 --> 1 records found - comparisons: b31 n16 s1
1405/151 BERKELEY STREET MELBOURNE 3000 --> 1 records found - comparisons: b31 n16 s1
1406/151 BERKELEY STREET MELBOURNE 3000 --> 1 records found - comparisons: b32 n16 s1
1408/151 BERKELEY STREET MELBOURNE 3000 --> 1 records found - comparisons: b29 n15 s2
1501/151 BERKELEY STREET MELBOURNE 3000 --> 1 records found - comparisons: b23 n14 s1
1705/151 BERKELEY STREET MELBOURNE 3000 --> 1 records found - comparisons: b31 n16 s1
1707/151 BERKELEY STREET MELBOURNE 3000 --> 1 records found - comparisons: b32 n16 s1
1708/151 BERKELEY STREET MELBOURNE 3000 --> 1 records found - comparisons: b29 n15 s2
1801/151 BERKELEY STREET MELBOURNE 3000 --> 1 records found - comparisons: b30 n14 s3
696-708 ELIZABETH STREET MELBOURNE 3000 --> 1 records found - comparisons: b22 n11 s1
1804/151 BERKELEY STREET MELBOURNE 3000 --> 1 records found - comparisons: b32 n15 s1
1704/151 BERKELEY STREET MELBOURNE 3000 --> 1 records found - comparisons: b31 n16 s1
308/223 BERKELEY STREET MELBOURNE 3000 --> 1 records found - comparisons: b39 n17 s1
602/18 LINCOLN SQUARE N CARLTON 3053 --> 1 records found - comparisons: b39 n15 s1
402/223 BERKELEY STREET MELBOURNE 3000 --> 1 records found - comparisons: b39 n18 s1
604/18 LINCOLN SQUARE N CARLTON 3053 --> 1 records found - comparisons: b45 n17 s1
605/18 LINCOLN SQUARE N CARLTON 3053 --> 1 records found - comparisons: b45 n15 s1
702/151 BERKELEY STREET MELBOURNE 3000 --> 1 records found - comparisons: b23 n13 s3
703/151 BERKELEY STREET MELBOURNE 3000 --> 1 records found - comparisons: b23 n13 s3
704/151 BERKELEY STREET MELBOURNE 3000 --> 1 records found - comparisons: b39 n15 s1
705/151 BERKELEY STREET MELBOURNE 3000 --> 1 records found - comparisons: b39 n16 s1
707/151 BERKELEY STREET MELBOURNE 3000 --> 1 records found - comparisons: b38 n15 s1
708/151 BERKELEY STREET MELBOURNE 3000 --> 1 records found - comparisons: b39 n13 s1
709/151 BERKELEY STREET MELBOURNE 3000 --> 1 records found - comparisons: b38 n14 s1
801/151 BERKELEY STREET MELBOURNE 3000 --> 1 records found - comparisons: b38 n9 s1
803/151 BERKELEY STREET MELBOURNE 3000 --> 1 records found - comparisons: b24 n9 s2
804/151 BERKELEY STREET MELBOURNE 3000 --> 1 records found - comparisons: b24 n9 s1
805/151 BERKELEY STREET MELBOURNE 3000 --> 1 records found - comparisons: b38 n9 s1
303B/640 SWANSTON STREET CARLTON 3053 --> 1 records found - comparisons: b31 n19 s1
508B/640 SWANSTON STREET CARLTON 3053 --> 1 records found - comparisons: b21 n12 s8
201B/640 SWANSTON STREET CARLTON 3053 --> 1 records found - comparisons: b31 n19 s1
806/151 BERKELEY STREET MELBOURNE 3000 --> 1 records found - comparisons: b24 n9 s1
808/151 BERKELEY STREET MELBOURNE 3000 --> 1 records found - comparisons: b21 n7 s5
901/151 BERKELEY STREET MELBOURNE 3000 --> 1 records found - comparisons: b23 n11 s1
507B/640 SWANSTON STREET CARLTON 3053 --> 1 records found - comparisons: b24 n14 s1
506B/640 SWANSTON STREET CARLTON 3053 --> 1 records found - comparisons: b31 n14 s1
501B/640 SWANSTON STREET CARLTON 3053 --> 1 records found - comparisons: b23 n13 s3
608B/640 SWANSTON STREET CARLTON 3053 --> 1 records found - comparisons: b26 n13 s1
606B/640 SWANSTON STREET CARLTON 3053 --> 1 records found - comparisons: b26 n15 s2
605B/640 SWANSTON STREET CARLTON 3053 --> 1 records found - comparisons: b26 n15 s1
602B/640 SWANSTON STREET CARLTON 3053 --> 1 records found - comparisons: b26 n15 s1
3-4/230 GRATTAN STREET PARKVILLE 3052 --> 1 records found - comparisons: b15 n8 s2
108/223 BERKELEY STREET MELBOURNE 3000 --> 1 records found - comparisons: b39 n17 s1
403/223 BERKELEY STREET MELBOURNE 3000 --> 1 records found - comparisons: b39 n18 s1
305B/640 SWANSTON STREET CARLTON 3053 --> 1 records found - comparisons: b26 n18 s3
191-197 GRATTAN STREET CARLTON 3053 --> 1 records found - comparisons: b22 n12 s1
702/223 BERKELEY STREET MELBOURNE 3000 --> 1 records found - comparisons: b23 n13 s3
18S/151 BERKELEY STREET MELBOURNE 3000 --> 1 records found - comparisons: b20 n10 s1
23S/151 BERKELEY STREET MELBOURNE 3000 --> 1 records found - comparisons: b20 n13 s1
27S/151 BERKELEY STREET MELBOURNE 3000 --> 1 records found - comparisons: b20 n13 s1
32S/151 BERKELEY STREET MELBOURNE 3000 --> 1 records found - comparisons: b16 n11 s4
906/668 SWANSTON STREET CARLTON 3053 --> 1 records found - comparisons: b24 n12 s1
40C/151 BERKELEY STREET MELBOURNE 3000 --> 1 records found - comparisons: b18 n12 s17
41C/151 BERKELEY STREET MELBOURNE 3000 --> 1 records found - comparisons: b18 n12 s1
196-198 PELHAM STREET CARLTON 3053 --> 1 records found - comparisons: b29 n12 s1
201/668 SWANSTON STREET CARLTON 3053 --> 1 records found - comparisons: b38 n20 s3
42C/151 BERKELEY STREET MELBOURNE 3000 --> 1 records found - comparisons: b18 n12 s1
44C/151 BERKELEY STREET MELBOURNE 3000 --> 1 records found - comparisons: b18 n12 s1
45C/151 BERKELEY STREET MELBOURNE 3000 --> 1 records found - comparisons: b18 n12 s1
48C/151 BERKELEY STREET MELBOURNE 3000 --> 2 records found - comparisons: b18 n10 s1
50C/151 BERKELEY STREET MELBOURNE 3000 --> 1 records found - comparisons: b18 n11 s9
51C/151 BERKELEY STREET MELBOURNE 3000 --> 1 records found - comparisons: b18 n11 s1
52C/151 BERKELEY STREET MELBOURNE 3000 --> 1 records found - comparisons: b18 n11 s1
53C/151 BERKELEY STREET MELBOURNE 3000 --> 1 records found - comparisons: b18 n11 s1
1S/151 BERKELEY STREET MELBOURNE 3000 --> 1 records found - comparisons: b12 n6 s2
