18 PROFESSORS WALK PARKVILLE 3052 --> 1 records found - comparisons: b4369 n500 s500
783 SWANSTON STREET PARKVILLE 3052 --> 1 records found - comparisons: b3607 n500 s500
230 GRATTAN STREET PARKVILLE 3052 --> 12 records found - comparisons: b7116 n500 s500
28S/151 BERKELEY STREET MELBOURNE 3000 --> 1 records found - comparisons: b4159 n500 s500
44 PROFESSORS WALK PARKVILLE 3052 --> 1 records found - comparisons: b3673 n500 s500
170 GRATTAN STREET PARKVILLE 3052 --> 2 records found - comparisons: b4709 n500 s500
3/650 SWANSTON STREET CARLTON 3053 --> 1 records found - comparisons: b3968 n500 s500
6/650 SWANSTON STREET CARLTON 3053 --> 1 records found - comparisons: b3635 n500 s500
7/650 SWANSTON STREET CARLTON 3053 --> 1 records found - comparisons: b3572 n500 s500
48 ROYAL PARADE PARKVILLE 3052 --> 2 records found - comparisons: b3851 n500 s500
26/650 SWANSTON STREET CARLTON 3053 --> 1 records found - comparisons: b4219 n500 s500
644 SWANSTON STREET CARLTON 3053 --> 1 records found - comparisons: b3690 n500 s500
8/650 SWANSTON STREET CARLTON 3053 --> 1 records found - comparisons: b3013 n500 s500
30S/151 BERKELEY STREET MELBOURNE 3000 --> 1 records found - comparisons: b4296 n500 s500
31S/151 BERKELEY STREET MELBOURNE 3000 --> 1 records found - comparisons: b4232 n500 s500
33S/151 BERKELEY STREET MELBOURNE 3000 --> 1 records found - comparisons: b4172 n500 s500
34S/151 BERKELEY STREET MELBOURNE 3000 --> 1 records found - comparisons: b4118 n500 s500
650 SWANSTON STREET CARLTON 3053 --> 1 records found - comparisons: b3671 n500 s500
6/201 GRATTAN STREET CARLTON 3053 --> 1 records found - comparisons: b3637 n500 s500
1807/151 BERKELEY STREET MELBOURNE 3000 --> 1 records found - comparisons: b4443 n500 s500
1808/151 BERKELEY STREET MELBOURNE 3000 --> 1 records found - comparisons: b4438 n500 s500
1M/151 BERKELEY STREET MELBOURNE 3000 --> 1 records found - comparisons: b3919 n500 s500
3M/151 BERKELEY STREET MELBOURNE 3000 --> 1 records found - comparisons: b3835 n500 s500
1C/151 BERKELEY STREET MELBOURNE 3000 --> 1 records found - comparisons: b3919 n500 s500
3C/151 BERKELEY STREET MELBOURNE 3000 --> 1 records found - comparisons: b3835 n500 s500
4C/151 BERKELEY STREET MELBOURNE 3000 --> 1 records found - comparisons: b3542 n500 s500
6C/151 BERKELEY STREET MELBOURNE 3000 --> 1 records found - comparisons: b3544 n500 s500
7C/151 BERKELEY STREET MELBOURNE 3000 --> 1 records found - comparisons: b3522 n500 s500
8C/151 BERKELEY STREET MELBOURNE 3000 --> 1 records found - comparisons: b2972 n500 s500
9C/151 BERKELEY STREET MELBOURNE 3000 --> 1 records found - comparisons: b2966 n500 s500
10C/151 BERKELEY STREET MELBOURNE 3000 --> 1 records found - comparisons: b4599 n500 s500
11C/151 BERKELEY STREET MELBOURNE 3000 --> 1 records found - comparisons: b4553 n500 s500
12C/151 BERKELEY STREET MELBOURNE 3000 --> 1 records found - comparisons: b4529 n500 s500
13C/151 BERKELEY STREET MELBOURNE 3000 --> 1 records found - comparisons: b4519 n500 s500
14C/151 BERKELEY STREET MELBOURNE 3000 --> 1 records found - comparisons: b4482 n500 s500
604-640 SWANSTON STREET CARLTON 3053 --> 1 records found - comparisons: b3868 n500 s500
506A/640 SWANSTON STREET CARLTON 3053 --> 1 records found - comparisons: b3816 n500 s500
210A/640 SWANSTON STREET CARLTON 3053 --> 1 records found - comparisons: b4375 n500 s500
2/224 PELHAM STREET MELBOURNE 3000 --> 1 records found - comparisons: b4040 n500 s500
15C/151 BERKELEY STREET MELBOURNE 3000 --> 1 records found - comparisons: b4478 n500 s500
16C/151 BERKELEY STREET MELBOURNE 3000 --> 1 records found - comparisons: b4464 n500 s500
8S/151 BERKELEY STREET MELBOURNE 3000 --> 1 records found - comparisons: b2972 n500 s500
9S/151 BERKELEY STREET MELBOURNE 3000 --> 1 records found - comparisons: b2966 n500 s500
10S/151 BERKELEY STREET MELBOURNE 3000 --> 1 records found - comparisons: b4599 n500 s500
11S/151 BERKELEY STREET MELBOURNE 3000 --> 1 records found - comparisons: b4553 n500 s500
12S/151 BERKELEY STREET MELBOURNE 3000 --> 1 records found - comparisons: b4529 n500 s500
14S/151 BERKELEY STREET MELBOURNE 3000 --> 1 records found - comparisons: b4482 n500 s500
15S/151 BERKELEY STREET MELBOURNE 3000 --> 1 records found - comparisons: b4478 n500 s500
95-129 BARRY STREET CARLTON 3053 --> 1 records found - comparisons: b2996 n500 s500
139 BARRY STREET CARLTON 3053 --> 1 records found - comparisons: b4476 n500 s500
213-221 BERKELEY STREET MELBOURNE 3000 --> 1 records found - comparisons: b4393 n500 s500
214 BERKELEY STREET CARLTON 3053 --> 1 records found - comparisons: b4331 n500 s500
208-210 BERKELEY STREET CARLTON 3053 --> 1 records found - comparisons: b4555 n500 s500
1103/18 LINCOLN SQUARE N CARLTON 3053 --> 1 records found - comparisons: b4623 n500 s500
247-249 BOUVERIE STREET CARLTON 3053 --> 2 records found - comparisons: b4520 n500 s500
1203/18 LINCOLN SQUARE N CARLTON 3053 --> 1 records found - comparisons: b4659 n500 s500
30 ROYAL PARADE PARKVILLE 3052 --> 6 records found - comparisons: b5456 n500 s500
201/223 BERKELEY STREET MELBOURNE 3000 --> 1 records found - comparisons: b4639 n500 s500
1302/18 LINCOLN SQUARE N CARLTON 3053 --> 1 records found - comparisons: b4537 n500 s500
305/18 LINCOLN SQUARE N CARLTON 3053 --> 1 records found - comparisons: b4469 n500 s500
202-206 BERKELEY STREET CARLTON 3053 --> 1 records found - comparisons: b4615 n500 s500
604/151 BERKELEY STREET MELBOURNE 3000 --> 1 records found - comparisons: b3884 n500 s500
605/151 BERKELEY STREET MELBOURNE 3000 --> 1 records found - comparisons: b3875 n500 s500
606/151 BERKELEY STREET MELBOURNE 3000 --> 1 records found - comparisons: b3889 n500 s500
607/151 BERKELEY STREET MELBOURNE 3000 --> 1 records found - comparisons: b3889 n500 s500
608/151 BERKELEY STREET MELBOURNE 3000 --> 1 records found - comparisons: b3855 n500 s500
903A/640 SWANSTON STREET CARLTON 3053 --> 1 records found - comparisons: b3131 n500 s500
604A/640 SWANSTON STREET CARLTON 3053 --> 1 records found - comparisons: b3871 n500 s500
131-137 BARRY STREET CARLTON 3053 --> 1 records found - comparisons: b4499 n500 s500
601A/640 SWANSTON STREET CARLTON 3053 --> 1 records found - comparisons: b3879 n500 s500
206B/640 SWANSTON STREET CARLTON 3053 --> 1 records found - comparisons: b4605 n500 s500
303A/640 SWANSTON STREET CARLTON 3053 --> 1 records found - comparisons: b4443 n500 s500
205A/640 SWANSTON STREET CARLTON 3053 --> 1 records found - comparisons: b4601 n500 s500
213 BERKELEY STREET MELBOURNE 3000 --> 1 records found - comparisons: b4361 n500 s500
11 PROFESSORS WALK PARKVILLE 3052 --> 1 records found - comparisons: b4539 n500 s500
13/650 SWANSTON STREET CARLTON 3053 --> 1 records found - comparisons: b4506 n500 s500
400B/640 SWANSTON STREET CARLTON 3053 --> 1 records found - comparisons: b3918 n500 s500
16 WILSON AVENUE PARKVILLE 3052 --> 2 records found - comparisons: b4652 n500 s500
1110/640 SWANSTON STREET CARLTON 3053 --> 1 records found - comparisons: b4596 n500 s500
1082/640 SWANSTON STREET CARLTON 3053 --> 1 records found - comparisons: b4712 n500 s500
108A/640 SWANSTON STREET CARLTON 3053 --> 1 records found - comparisons: b4705 n500 s500
143-151 BARRY STREET CARLTON 3053 --> 1 records found - comparisons: b4468 n500 s500
1080/640 SWANSTON STREET CARLTON 3053 --> 1 records found - comparisons: b4712 n500 s500
4/133 ROYAL PARADE PARKVILLE 3052 --> 1 records found - comparisons: b3595 n500 s500
ROYAL PARADE PARKVILLE 3052 --> 1 records found - comparisons: b1230 n500 s500
22C/151 BERKELEY STREET MELBOURNE 3000 --> 1 records found - comparisons: b4331 n500 s500
49 COLLEGE CRESCENT PARKVILLE 3052 --> 1 records found - comparisons: b3653 n500 s500
156-180 BERKELEY STREET CARLTON 3053 --> 1 records found - comparisons: b4477 n500 s500
224 PELHAM STREET MELBOURNE 3000 --> 1 records found - comparisons: b4301 n500 s500
601B/640 SWANSTON STREET CARLTON 3053 --> 1 records found - comparisons: b3879 n500 s500
312/668 SWANSTON STREET CARLTON 3053 --> 1 records found - comparisons: b4248 n500 s500
1201/151 BERKELEY STREET MELBOURNE 3000 --> 1 records found - comparisons: b4673 n500 s500
1202/151 BERKELEY STREET MELBOURNE 3000 --> 1 records found - comparisons: b4675 n500 s500
1204/151 BERKELEY STREET MELBOURNE 3000 --> 1 records found - comparisons: b4649 n500 s500
1205/151 BERKELEY STREET MELBOURNE 3000 --> 1 records found - comparisons: b4649 n500 s500
17C/151 BERKELEY STREET MELBOURNE 3000 --> 1 records found - comparisons: b4468 n500 s500
18C/151 BERKELEY STREET MELBOURNE 3000 --> 1 records found - comparisons: b4376 n500 s500
602/223 BERKELEY STREET MELBOURNE 3000 --> 1 records found - comparisons: b3879 n500 s500
701/223 BERKELEY STREET MELBOURNE 3000 --> 1 records found - comparisons: b3830 n500 s500
19C/151 BERKELEY STREET MELBOURNE 3000 --> 1 records found - comparisons: b4364 n500 s500
20C/151 BERKELEY STREET MELBOURNE 3000 --> 1 records found - comparisons: b4429 n500 s500
21C/151 BERKELEY STREET MELBOURNE 3000 --> 1 records found - comparisons: b4359 n500 s500
G4-G5/230 GRATTAN STREET PARKVILLE 3052 --> 1 records found - comparisons: b1332 n500 s500
25C/151 BERKELEY STREET MELBOURNE 3000 --> 1 records found - comparisons: b4246 n500 s500
209/223 BERKELEY STREET MELBOURNE 3000 --> 1 records found - comparisons: b4579 n500 s500
206/223 BERKELEY STREET MELBOURNE 3000 --> 1 records found - comparisons: b4646 n500 s500
107/151 BERKELEY STREET MELBOURNE 3000 --> 1 records found - comparisons: b4739 n500 s500
912/668 SWANSTON STREET CARLTON 3053 --> 1 records found - comparisons: b3077 n500 s500
780-782 ELIZABETH STREET MELBOURNE 3000 --> 2 records found - comparisons: b3944 n500 s500
203/668 SWANSTON STREET CARLTON 3053 --> 1 records found - comparisons: b4622 n500 s500
23/650 SWANSTON STREET CARLTON 3053 --> 1 records found - comparisons: b4361 n500 s500
BERKELEY STREET MELBOURNE 3000 --> 1 records found - comparisons: b1259 n500 s500
301B/640 SWANSTON STREET CARLTON 3053 --> 1 records found - comparisons: b4440 n500 s500
206A/640 SWANSTON STREET CARLTON 3053 --> 1 records found - comparisons: b4605 n500 s500
505/668 SWANSTON STREET CARLTON 3053 --> 1 records found - comparisons: b3840 n500 s500
201 GRATTAN STREET CARLTON 3053 --> 1 records found - comparisons: b4563 n500 s500
108/151 BERKELEY STREET MELBOURNE 3000 --> 1 records found - comparisons: b4717 n500 s500
690 ELIZABETH STREET MELBOURNE 3000 --> 1 records found - comparisons: b3659 n500 s500
201/151 BERKELEY STREET MELBOURNE 3000 --> 1 records found - comparisons: b4645 n500 s500
909A/640 SWANSTON STREET CARLTON 3053 --> 1 records found - comparisons: b3119 n500 s500
802A/640 SWANSTON STREET CARLTON 3053 --> 1 records found - comparisons: b3164 n500 s500
202/151 BERKELEY STREET MELBOURNE 3000 --> 1 records found - comparisons: b4652 n500 s500
311A/640 SWANSTON STREET CARLTON 3053 --> 1 records found - comparisons: b4258 n500 s500
202/668 SWANSTON STREET CARLTON 3053 --> 1 records found - comparisons: b4629 n500 s500
411/668 SWANSTON STREET CARLTON 3053 --> 1 records found - comparisons: b3794 n500 s500
504/668 SWANSTON STREET CARLTON 3053 --> 1 records found - comparisons: b3826 n500 s500
601/668 SWANSTON STREET CARLTON 3053 --> 1 records found - comparisons: b3878 n500 s500
920/668 SWANSTON STREET CARLTON 3053 --> 1 records found - comparisons: b3052 n500 s500
611/668 SWANSTON STREET CARLTON 3053 --> 1 records found - comparisons: b3760 n500 s500
907A/640 SWANSTON STREET CARLTON 3053 --> 1 records found - comparisons: b3127 n500 s500
603B/640 SWANSTON STREET CARLTON 3053 --> 1 records found - comparisons: b3878 n500 s500
403B/640 SWANSTON STREET CARLTON 3053 --> 1 records found - comparisons: b3938 n500 s500
905A/640 SWANSTON STREET CARLTON 3053 --> 1 records found - comparisons: b3129 n500 s500
306A/640 SWANSTON STREET CARLTON 3053 --> 1 records found - comparisons: b4445 n500 s500
185 PELHAM STREET CARLTON 3053 --> 2 records found - comparisons: b4570 n500 s500
709/668 SWANSTON STREET CARLTON 3053 --> 1 records found - comparisons: b3776 n500 s500
18/650 SWANSTON STREET CARLTON 3053 --> 1 records found - comparisons: b4377 n500 s500
23C/151 BERKELEY STREET MELBOURNE 3000 --> 1 records found - comparisons: b4353 n500 s500
308/151 BERKELEY STREET MELBOURNE 3000 --> 1 records found - comparisons: b4440 n500 s500
26C/151 BERKELEY STREET MELBOURNE 3000 --> 1 records found - comparisons: b4243 n500 s500
408/151 BERKELEY STREET MELBOURNE 3000 --> 1 records found - comparisons: b3938 n500 s500
208A/640 SWANSTON STREET CARLTON 3053 --> 1 records found - comparisons: b4558 n500 s500
706/151 BERKELEY STREET MELBOURNE 3000 --> 1 records found - comparisons: b3805 n500 s500
807/151 BERKELEY STREET MELBOURNE 3000 --> 1 records found - comparisons: b3161 n500 s500
904/151 BERKELEY STREET MELBOURNE 3000 --> 1 records found - comparisons: b3158 n500 s500
27C/151 BERKELEY STREET MELBOURNE 3000 --> 1 records found - comparisons: b4243 n500 s500
LYGON STREET CARLTON NORTH 3054 --> 1 records found - comparisons: b1265 n500 s500
28C/151 BERKELEY STREET MELBOURNE 3000 --> 1 records found - comparisons: b4159 n500 s500
30C/151 BERKELEY STREET MELBOURNE 3000 --> 1 records found - comparisons: b4296 n500 s500
676 SWANSTON STREET CARLTON 3053 --> 1 records found - comparisons: b3694 n500 s500
1104/18 LINCOLN SQUARE N CARLTON 3053 --> 1 records found - comparisons: b4621 n500 s500
1201/18 LINCOLN SQUARE N CARLTON 3053 --> 1 records found - comparisons: b4657 n500 s500
31C/151 BERKELEY STREET MELBOURNE 3000 --> 1 records found - comparisons: b4232 n500 s500
1202/18 LINCOLN SQUARE N CARLTON 3053 --> 1 records found - comparisons: b4659 n500 s500
111A/640 SWANSTON STREET CARLTON 3053 --> 1 records found - comparisons: b4596 n500 s500
110A/640 SWANSTON STREET CARLTON 3053 --> 1 records found - comparisons: b4604 n500 s500
106A/640 SWANSTON STREET CARLTON 3053 --> 1 records found - comparisons: b4731 n500 s500
105A/640 SWANSTON STREET CARLTON 3053 --> 1 records found - comparisons: b4729 n500 s500
104A/640 SWANSTON STREET CARLTON 3053 --> 1 records found - comparisons: b4731 n500 s500
101A/640 SWANSTON STREET CARLTON 3053 --> 1 records found - comparisons: b4760 n500 s500
1012A/640 SWANSTON STREET CARLTON 3053 --> 1 records found - comparisons: b4774 n500 s500
1010A/640 SWANSTON STREET CARLTON 3053 --> 1 records found - comparisons: b4774 n500 s500
1009A/640 SWANSTON STREET CARLTON 3053 --> 1 records found - comparisons: b4773 n500 s500
1007A/640 SWANSTON STREET CARLTON 3053 --> 1 records found - comparisons: b4776 n500 s500
705/223 BERKELEY STREET MELBOURNE 3000 --> 1 records found - comparisons: b3823 n500 s500
708/223 BERKELEY STREET MELBOURNE 3000 --> 1 records found - comparisons: b3792 n500 s500
309/668 SWANSTON STREET CARLTON 3053 --> 1 records found - comparisons: b4422 n500 s500
206/18 LINCOLN SQUARE N CARLTON 3053 --> 1 records found - comparisons: b4636 n500 s500
303/18 LINCOLN SQUARE N CARLTON 3053 --> 1 records found - comparisons: b4466 n500 s500
308B/640 SWANSTON STREET CARLTON 3053 --> 1 records found - comparisons: b4425 n500 s500
404/18 LINCOLN SQUARE N CARLTON 3053 --> 1 records found - comparisons: b3930 n500 s500
406/18 LINCOLN SQUARE N CARLTON 3053 --> 1 records found - comparisons: b3934 n500 s500
503/18 LINCOLN SQUARE N CARLTON 3053 --> 1 records found - comparisons: b3842 n500 s500
305/151 BERKELEY STREET MELBOURNE 3000 --> 1 records found - comparisons: b4485 n500 s500
306/151 BERKELEY STREET MELBOURNE 3000 --> 1 records found - comparisons: b4472 n500 s500
771 SWANSTON STREET PARKVILLE 3052 --> 1 records found - comparisons: b3612 n500 s500
720 SWANSTON STREET CARLTON 3053 --> 1 records found - comparisons: b3617 n500 s500
24 WILSON AVENUE PARKVILLE 3052 --> 1 records found - comparisons: b4202 n500 s500
270 GRATTAN STREET PARKVILLE 3052 --> 1 records found - comparisons: b4203 n500 s500
165 BERKELEY STREET MELBOURNE 3000 --> 1 records found - comparisons: b4460 n500 s500
307/151 BERKELEY STREET MELBOURNE 3000 --> 1 records found - comparisons: b4480 n500 s500
9/650 SWANSTON STREET CARLTON 3053 --> 1 records found - comparisons: b2988 n500 s500
309/151 BERKELEY STREET MELBOURNE 3000 --> 1 records found - comparisons: b4438 n500 s500
401/151 BERKELEY STREET MELBOURNE 3000 --> 1 records found - comparisons: b3926 n500 s500
402/151 BERKELEY STREET MELBOURNE 3000 --> 1 records found - comparisons: b3970 n500 s500
404/151 BERKELEY STREET MELBOURNE 3000 --> 1 records found - comparisons: b3946 n500 s500
405/151 BERKELEY STREET MELBOURNE 3000 --> 1 records found - comparisons: b3946 n500 s500
406/151 BERKELEY STREET MELBOURNE 3000 --> 1 records found - comparisons: b3950 n500 s500
606/668 SWANSTON STREET CARLTON 3053 --> 1 records found - comparisons: b3873 n500 s500
607/668 SWANSTON STREET CARLTON 3053 --> 1 records found - comparisons: b3873 n500 s500
609/668 SWANSTON STREET CARLTON 3053 --> 1 records found - comparisons: b3841 n500 s500
610/668 SWANSTON STREET CARLTON 3053 --> 1 records found - comparisons: b3760 n500 s500
612/668 SWANSTON STREET CARLTON 3053 --> 1 records found - comparisons: b3762 n500 s500
705/668 SWANSTON STREET CARLTON 3053 --> 1 records found - comparisons: b3807 n500 s500
707/668 SWANSTON STREET CARLTON 3053 --> 1 records found - comparisons: b3791 n500 s500
200B/640 SWANSTON STREET CARLTON 3053 --> 1 records found - comparisons: b4596 n500 s500
36C/151 BERKELEY STREET MELBOURNE 3000 --> 1 records found - comparisons: b4113 n500 s500
37C/151 BERKELEY STREET MELBOURNE 3000 --> 1 records found - comparisons: b4113 n500 s500
39C/151 BERKELEY STREET MELBOURNE 3000 --> 1 records found - comparisons: b4055 n500 s500
7 UNION ROAD PARKVILLE 3052 --> 1 records found - comparisons: b3516 n500 s500
4 WILSON AVENUE PARKVILLE 3052 --> 1 records found - comparisons: b3571 n500 s500
23 PROFESSORS WALK PARKVILLE 3052 --> 1 records found - comparisons: b4352 n500 s500
6/135 ROYAL PARADE PARKVILLE 3052 --> 1 records found - comparisons: b3629 n500 s500
101B/640 SWANSTON STREET CARLTON 3053 --> 1 records found - comparisons: b4760 n500 s500
3/201 GRATTAN STREET CARLTON 3053 --> 1 records found - comparisons: b3958 n500 s500
13 WILSON AVENUE PARKVILLE 3052 --> 1 records found - comparisons: b4474 n500 s500
1206/151 BERKELEY STREET MELBOURNE 3000 --> 1 records found - comparisons: b4648 n500 s500
305/668 SWANSTON STREET CARLTON 3053 --> 1 records found - comparisons: b4462 n500 s500
35 WILSON AVENUE PARKVILLE 3052 --> 1 records found - comparisons: b4077 n500 s500
35 MASSON ROAD PARKVILLE 3052 --> 1 records found - comparisons: b4061 n500 s500
31 MASSON ROAD PARKVILLE 3052 --> 1 records found - comparisons: b4172 n500 s500
23 MASSON ROAD PARKVILLE 3052 --> 1 records found - comparisons: b4320 n500 s500
8 SPENCER ROAD PARKVILLE 3052 --> 1 records found - comparisons: b2972 n500 s500
17 SPENCER ROAD PARKVILLE 3052 --> 1 records found - comparisons: b4417 n500 s500
20 UNION ROAD PARKVILLE 3052 --> 1 records found - comparisons: b4437 n500 s500
47 PROFESSORS WALK PARKVILLE 3052 --> 1 records found - comparisons: b3672 n500 s500
56 ROYAL PARADE PARKVILLE 3052 --> 1 records found - comparisons: b3574 n500 s500
33 MEDICAL ROAD PARKVILLE 3052 --> 1 records found - comparisons: b4109 n500 s500
38 ROYAL PARADE PARKVILLE 3052 --> 1 records found - comparisons: b3991 n500 s500
25 MEDICAL ROAD PARKVILLE 3052 --> 1 records found - comparisons: b4182 n500 s500
6 MEDICAL ROAD PARKVILLE 3052 --> 1 records found - comparisons: b3568 n500 s500
66 TIN ALLEY PARKVILLE 3052 --> 1 records found - comparisons: b3633 n500 s500
155 BARRY STREET CARLTON 3053 --> 1 records found - comparisons: b4421 n500 s500
213A/640 SWANSTON STREET CARLTON 3053 --> 1 records found - comparisons: b4382 n500 s500
153 BARRY STREET CARLTON 3053 --> 1 records found - comparisons: b4420 n500 s500
701-713 SWANSTON STREET CARLTON 3053 --> 1 records found - comparisons: b3806 n500 s500
1203/151 BERKELEY STREET MELBOURNE 3000 --> 1 records found - comparisons: b4675 n500 s500
1208/151 BERKELEY STREET MELBOURNE 3000 --> 1 records found - comparisons: b4638 n500 s500
1305/151 BERKELEY STREET MELBOURNE 3000 --> 1 records found - comparisons: b4553 n500 s500
1402/151 BERKELEY STREET MELBOURNE 3000 --> 1 records found - comparisons: b4524 n500 s500
1407/151 BERKELEY STREET MELBOURNE 3000 --> 1 records found - comparisons: b4524 n500 s500
1702/151 BERKELEY STREET MELBOURNE 3000 --> 1 records found - comparisons: b4515 n500 s500
199-203 GRATTAN STREET CARLTON 3053 --> 1 records found - comparisons: b4358 n500 s500
10/650 SWANSTON STREET CARLTON 3053 --> 1 records found - comparisons: b4639 n500 s500
203/151 BERKELEY STREET MELBOURNE 3000 --> 1 records found - comparisons: b4639 n500 s500
204/151 BERKELEY STREET MELBOURNE 3000 --> 1 records found - comparisons: b4651 n500 s500
205/151 BERKELEY STREET MELBOURNE 3000 --> 1 records found - comparisons: b4645 n500 s500
810A/640 SWANSTON STREET CARLTON 3053 --> 1 records found - comparisons: b3099 n500 s500
209A/640 SWANSTON STREET CARLTON 3053 --> 1 records found - comparisons: b4558 n500 s500
200 LEICESTER STREET CARLTON 3053 --> 1 records found - comparisons: b4564 n500 s500
103A/640 SWANSTON STREET CARLTON 3053 --> 1 records found - comparisons: b4741 n500 s500
203B/640 SWANSTON STREET CARLTON 3053 --> 1 records found - comparisons: b4611 n500 s500
1001A/640 SWANSTON STREET CARLTON 3053 --> 1 records found - comparisons: b4778 n500 s500
206/151 BERKELEY STREET MELBOURNE 3000 --> 1 records found - comparisons: b4652 n500 s500
208/151 BERKELEY STREET MELBOURNE 3000 --> 1 records found - comparisons: b4571 n500 s500
209/151 BERKELEY STREET MELBOURNE 3000 --> 1 records found - comparisons: b4579 n500 s500
301/151 BERKELEY STREET MELBOURNE 3000 --> 1 records found - comparisons: b4479 n500 s500
302/151 BERKELEY STREET MELBOURNE 3000 --> 1 records found - comparisons: b4480 n500 s500
304/151 BERKELEY STREET MELBOURNE 3000 --> 1 records found - comparisons: b4502 n500 s500
503/151 BERKELEY STREET MELBOURNE 3000 --> 1 records found - comparisons: b3858 n500 s500
603/151 BERKELEY STREET MELBOURNE 3000 --> 1 records found - comparisons: b3881 n500 s500
35/230 GRATTAN STREET PARKVILLE 3052 --> 1 records found - comparisons: b4110 n500 s500
6/230 GRATTAN STREET PARKVILLE 3052 --> 1 records found - comparisons: b3653 n500 s500
45/230 GRATTAN STREET PARKVILLE 3052 --> 1 records found - comparisons: b3697 n500 s500
33/230 GRATTAN STREET PARKVILLE 3052 --> 1 records found - comparisons: b4157 n500 s500
5/230 GRATTAN STREET PARKVILLE 3052 --> 1 records found - comparisons: b3558 n500 s500
1/230 GRATTAN STREET PARKVILLE 3052 --> 1 records found - comparisons: b4207 n500 s500
183-195 BOUVERIE STREET CARLTON 3053 --> 1 records found - comparisons: b4396 n500 s500
42/230 GRATTAN STREET PARKVILLE 3052 --> 1 records found - comparisons: b3728 n500 s500
644-658 SWANSTON STREET CARLTON 3053 --> 1 records found - comparisons: b3722 n500 s500
704/223 BERKELEY STREET MELBOURNE 3000 --> 1 records found - comparisons: b3822 n500 s500
39/230 GRATTAN STREET PARKVILLE 3052 --> 1 records found - comparisons: b4039 n500 s500
7/230 GRATTAN STREET PARKVILLE 3052 --> 1 records found - comparisons: b3580 n500 s500
8/230 GRATTAN STREET PARKVILLE 3052 --> 1 records found - comparisons: b3030 n500 s500
12/230 GRATTAN STREET PARKVILLE 3052 --> 1 records found - comparisons: b4543 n500 s500
34/230 GRATTAN STREET PARKVILLE 3052 --> 1 records found - comparisons: b4102 n500 s500
204/668 SWANSTON STREET CARLTON 3053 --> 1 records found - comparisons: b4627 n500 s500
801/668 SWANSTON STREET CARLTON 3053 --> 1 records found - comparisons: b3164 n500 s500
2B/230 GRATTAN STREET PARKVILLE 3052 --> 1 records found - comparisons: b3874 n500 s500
67/230 GRATTAN STREET PARKVILLE 3052 --> 1 records found - comparisons: b3721 n500 s500
75/230 GRATTAN STREET PARKVILLE 3052 --> 1 records found - comparisons: b3628 n500 s500
2/133 ROYAL PARADE PARKVILLE 3052 --> 1 records found - comparisons: b4032 n500 s500
68/230 GRATTAN STREET PARKVILLE 3052 --> 1 records found - comparisons: b3663 n500 s500
50/230 GRATTAN STREET PARKVILLE 3052 --> 1 records found - comparisons: b3758 n500 s500
51/230 GRATTAN STREET PARKVILLE 3052 --> 1 records found - comparisons: b3686 n500 s500
52/230 GRATTAN STREET PARKVILLE 3052 --> 1 records found - comparisons: b3650 n500 s500
53/230 GRATTAN STREET PARKVILLE 3052 --> 1 records found - comparisons: b3650 n500 s500
9/230 GRATTAN STREET PARKVILLE 3052 --> 1 records found - comparisons: b2996 n500 s500
309A/640 SWANSTON STREET CARLTON 3053 --> 1 records found - comparisons: b4418 n500 s500
2A/230 GRATTAN STREET PARKVILLE 3052 --> 1 records found - comparisons: b3874 n500 s500
69/230 GRATTAN STREET PARKVILLE 3052 --> 1 records found - comparisons: b3667 n500 s500
919/668 SWANSTON STREET CARLTON 3053 --> 1 records found - comparisons: b3073 n500 s500
40/230 GRATTAN STREET PARKVILLE 3052 --> 1 records found - comparisons: b3859 n500 s500
505/223 BERKELEY STREET MELBOURNE 3000 --> 1 records found - comparisons: b3857 n500 s500
103/223 BERKELEY STREET MELBOURNE 3000 --> 1 records found - comparisons: b4775 n500 s500
165 GRATTAN STREET CARLTON 3053 --> 1 records found - comparisons: b4436 n500 s500
139 ROYAL PARADE PARKVILLE 3052 --> 1 records found - comparisons: b4492 n500 s500
179 GRATTAN STREET CARLTON 3053 --> 1 records found - comparisons: b4428 n500 s500
601/18 LINCOLN SQUARE N CARLTON 3053 --> 1 records found - comparisons: b3878 n500 s500
505/18 LINCOLN SQUARE N CARLTON 3053 --> 1 records found - comparisons: b3841 n500 s500
ELIZABETH STREET MELBOURNE 3000 --> 1 records found - comparisons: b1268 n500 s500
815 SWANSTON STREET PARKVILLE 3052 --> 1 records found - comparisons: b3072 n500 s500
222-224 PELHAM STREET MELBOURNE 3000 --> 1 records found - comparisons: b4333 n500 s500
678 SWANSTON STREET CARLTON 3053 --> 1 records found - comparisons: b3692 n500 s500
141 BARRY STREET CARLTON 3053 --> 1 records found - comparisons: b4438 n500 s500
1/743-751 SWANSTON STREET CARLTON 3053 --> 1 records found - comparisons: b4222 n500 s500
14 KERNOT ROAD PARKVILLE 3052 --> 3 records found - comparisons: b4864 n500 s500
7 SPENCER ROAD PARKVILLE 3052 --> 1 records found - comparisons: b3532 n500 s500
5C/151 BERKELEY STREET MELBOURNE 3000 --> 1 records found - comparisons: b3516 n500 s500
24C/151 BERKELEY STREET MELBOURNE 3000 --> 1 records found - comparisons: b4252 n500 s500
15/650 SWANSTON STREET CARLTON 3053 --> 1 records found - comparisons: b4467 n500 s500
8/201 GRATTAN STREET CARLTON 3053 --> 1 records found - comparisons: b3014 n500 s500
18 SPENCER ROAD PARKVILLE 3052 --> 1 records found - comparisons: b4345 n500 s500
199 GRATTAN STREET CARLTON 3053 --> 1 records found - comparisons: b4326 n500 s500
202A/640 SWANSTON STREET CARLTON 3053 --> 1 records found - comparisons: b4613 n500 s500
201A/640 SWANSTON STREET CARLTON 3053 --> 1 records found - comparisons: b4602 n500 s500
1706/151 BERKELEY STREET MELBOURNE 3000 --> 1 records found - comparisons: b4515 n500 s500
1805/151 BERKELEY STREET MELBOURNE 3000 --> 1 records found - comparisons: b4442 n500 s500
2M/151 BERKELEY STREET MELBOURNE 3000 --> 1 records found - comparisons: b3880 n500 s500
805/668 SWANSTON STREET CARLTON 3053 --> 1 records found - comparisons: b3145 n500 s500
802/151 BERKELEY STREET MELBOURNE 3000 --> 1 records found - comparisons: b3191 n500 s500
18-20 LINCOLN SQUARE N CARLTON 3053 --> 1 records found - comparisons: b4377 n500 s500
303/151 BERKELEY STREET MELBOURNE 3000 --> 1 records found - comparisons: b4482 n500 s500
163 GRATTAN STREET CARLTON 3053 --> 1 records found - comparisons: b4420 n500 s500
672 SWANSTON STREET CARLTON 3053 --> 2 records found - comparisons: b3936 n500 s500
205/668 SWANSTON STREET CARLTON 3053 --> 1 records found - comparisons: b4622 n500 s500
301/668 SWANSTON STREET CARLTON 3053 --> 1 records found - comparisons: b4456 n500 s500
302/668 SWANSTON STREET CARLTON 3053 --> 1 records found - comparisons: b4457 n500 s500
303/668 SWANSTON STREET CARLTON 3053 --> 1 records found - comparisons: b4459 n500 s500
922/668 SWANSTON STREET CARLTON 3053 --> 1 records found - comparisons: b3052 n500 s500
402B/640 SWANSTON STREET CARLTON 3053 --> 1 records found - comparisons: b3931 n500 s500
403/151 BERKELEY STREET MELBOURNE 3000 --> 1 records found - comparisons: b3972 n500 s500
502B/640 SWANSTON STREET CARLTON 3053 --> 1 records found - comparisons: b3824 n500 s500
307/223 BERKELEY STREET MELBOURNE 3000 --> 1 records found - comparisons: b4480 n500 s500
701/151 BERKELEY STREET MELBOURNE 3000 --> 1 records found - comparisons: b3830 n500 s500
101/151 BERKELEY STREET MELBOURNE 3000 --> 1 records found - comparisons: b4799 n500 s500
102/151 BERKELEY STREET MELBOURNE 3000 --> 1 records found - comparisons: b4743 n500 s500
103/151 BERKELEY STREET MELBOURNE 3000 --> 1 records found - comparisons: b4781 n500 s500
104/151 BERKELEY STREET MELBOURNE 3000 --> 1 records found - comparisons: b4758 n500 s500
105/151 BERKELEY STREET MELBOURNE 3000 --> 1 records found - comparisons: b4737 n500 s500
106/151 BERKELEY STREET MELBOURNE 3000 --> 1 records found - comparisons: b4758 n500 s500
1107/151 BERKELEY STREET MELBOURNE 3000 --> 1 records found - comparisons: b4637 n500 s500
1096/640 SWANSTON STREET CARLTON 3053 --> 1 records found - comparisons: b4699 n500 s500
1075/640 SWANSTON STREET CARLTON 3053 --> 1 records found - comparisons: b4731 n500 s500
29C/151 BERKELEY STREET MELBOURNE 3000 --> 1 records found - comparisons: b4157 n500 s500
33C/151 BERKELEY STREET MELBOURNE 3000 --> 1 records found - comparisons: b4172 n500 s500
38C/151 BERKELEY STREET MELBOURNE 3000 --> 1 records found - comparisons: b4055 n500 s500
43C/151 BERKELEY STREET MELBOURNE 3000 --> 1 records found - comparisons: b3744 n500 s500
304/223 BERKELEY STREET MELBOURNE 3000 --> 1 records found - comparisons: b4496 n500 s500
205-211 GRATTAN STREET CARLTON 3053 --> 1 records found - comparisons: b4600 n500 s500
8 MONASH ROAD PARKVILLE 3052 --> 1 records found - comparisons: b2961 n500 s500
49C/151 BERKELEY STREET MELBOURNE 3000 --> 1 records found - comparisons: b3685 n500 s500
13S/151 BERKELEY STREET MELBOURNE 3000 --> 1 records found - comparisons: b4519 n500 s500
1/224 PELHAM STREET MELBOURNE 3000 --> 1 records found - comparisons: b4199 n500 s500
1/650 SWANSTON STREET CARLTON 3053 --> 1 records found - comparisons: b4190 n500 s500
409A/640 SWANSTON STREET CARLTON 3053 --> 1 records found - comparisons: b3903 n500 s500
408/223 BERKELEY STREET MELBOURNE 3000 --> 1 records found - comparisons: b3938 n500 s500
112A/640 SWANSTON STREET CARLTON 3053 --> 1 records found - comparisons: b4587 n500 s500
196 PELHAM STREET CARLTON 3053 --> 1 records found - comparisons: b4310 n500 s500
15 MONASH ROAD PARKVILLE 3052 --> 3 records found - comparisons: b4857 n500 s500
1806/151 BERKELEY STREET MELBOURNE 3000 --> 1 records found - comparisons: b4443 n500 s500
100A/640 SWANSTON STREET CARLTON 3053 --> 1 records found - comparisons: b4753 n500 s500
11 MONASH ROAD PARKVILLE 3052 --> 1 records found - comparisons: b4507 n500 s500
8 PORTERS LANE PARKVILLE 3052 --> 1 records found - comparisons: b2972 n500 s500
2 PORTERS LANE PARKVILLE 3052 --> 1 records found - comparisons: b3990 n500 s500
709A/640 SWANSTON STREET CARLTON 3053 --> 1 records found - comparisons: b3784 n500 s500
203A/640 SWANSTON STREET CARLTON 3053 --> 1 records found - comparisons: b4611 n500 s500
212 BERKELEY STREET CARLTON 3053 --> 1 records found - comparisons: b4338 n500 s500
17/650 SWANSTON STREET CARLTON 3053 --> 1 records found - comparisons: b4457 n500 s500
40 COLLEGE CRESCENT PARKVILLE 3052 --> 1 records found - comparisons: b3843 n500 s500
910A/640 SWANSTON STREET CARLTON 3053 --> 1 records found - comparisons: b3086 n500 s500
12/650 SWANSTON STREET CARLTON 3053 --> 1 records found - comparisons: b4535 n500 s500
406B/640 SWANSTON STREET CARLTON 3053 --> 1 records found - comparisons: b3928 n500 s500
19/650 SWANSTON STREET CARLTON 3053 --> 1 records found - comparisons: b4351 n500 s500
202B/640 SWANSTON STREET CARLTON 3053 --> 1 records found - comparisons: b4613 n500 s500
29-55 COLLEGE CRESCENT PARKVILLE 3052 --> 1 records found - comparisons: b4149 n500 s500
226 PELHAM STREET MELBOURNE 3000 --> 2 records found - comparisons: b4542 n500 s500
20 LINCOLN SQUARE N CARLTON 3053 --> 1 records found - comparisons: b4469 n500 s500
101/18 LINCOLN SQUARE N CARLTON 3053 --> 1 records found - comparisons: b4783 n500 s500
103/18 LINCOLN SQUARE N CARLTON 3053 --> 1 records found - comparisons: b4765 n500 s500
104/18 LINCOLN SQUARE N CARLTON 3053 --> 1 records found - comparisons: b4742 n500 s500
106/18 LINCOLN SQUARE N CARLTON 3053 --> 1 records found - comparisons: b4742 n500 s500
201/18 LINCOLN SQUARE N CARLTON 3053 --> 1 records found - comparisons: b4629 n500 s500
304/668 SWANSTON STREET CARLTON 3053 --> 1 records found - comparisons: b4478 n500 s500
307/668 SWANSTON STREET CARLTON 3053 --> 1 records found - comparisons: b4463 n500 s500
310/668 SWANSTON STREET CARLTON 3053 --> 1 records found - comparisons: b4250 n500 s500
402/668 SWANSTON STREET CARLTON 3053 --> 1 records found - comparisons: b3947 n500 s500
403/668 SWANSTON STREET CARLTON 3053 --> 1 records found - comparisons: b3949 n500 s500
408/668 SWANSTON STREET CARLTON 3053 --> 1 records found - comparisons: b3921 n500 s500
409/668 SWANSTON STREET CARLTON 3053 --> 1 records found - comparisons: b3895 n500 s500
149-155 BERKELEY STREET MELBOURNE 3000 --> 1 records found - comparisons: b4501 n500 s500
202/18 LINCOLN SQUARE N CARLTON 3053 --> 1 records found - comparisons: b4636 n500 s500
204/18 LINCOLN SQUARE N CARLTON 3053 --> 1 records found - comparisons: b4635 n500 s500
205/18 LINCOLN SQUARE N CARLTON 3053 --> 1 records found - comparisons: b4629 n500 s500
243-245 BOUVERIE STREET CARLTON 3053 --> 1 records found - comparisons: b4246 n500 s500
19-27 COLLEGE CRESCENT PARKVILLE 3052 --> 1 records found - comparisons: b4367 n500 s500
900A/640 SWANSTON STREET CARLTON 3053 --> 1 records found - comparisons: b3130 n500 s500
640 SWANSTON STREET CARLTON 3053 --> 1 records found - comparisons: b3683 n500 s500
908A/640 SWANSTON STREET CARLTON 3053 --> 1 records found - comparisons: b3119 n500 s500
901A/640 SWANSTON STREET CARLTON 3053 --> 1 records found - comparisons: b3132 n500 s500
812A/640 SWANSTON STREET CARLTON 3053 --> 1 records found - comparisons: b3098 n500 s500
811A/640 SWANSTON STREET CARLTON 3053 --> 1 records found - comparisons: b3099 n500 s500
147-149 BARRY STREET CARLTON 3053 --> 1 records found - comparisons: b4465 n500 s500
809A/640 SWANSTON STREET CARLTON 3053 --> 1 records found - comparisons: b3138 n500 s500
410/668 SWANSTON STREET CARLTON 3053 --> 1 records found - comparisons: b3792 n500 s500
412/668 SWANSTON STREET CARLTON 3053 --> 1 records found - comparisons: b3790 n500 s500
503/668 SWANSTON STREET CARLTON 3053 --> 1 records found - comparisons: b3835 n500 s500
506/668 SWANSTON STREET CARLTON 3053 --> 1 records found - comparisons: b3808 n500 s500
509/668 SWANSTON STREET CARLTON 3053 --> 1 records found - comparisons: b3786 n500 s500
510/668 SWANSTON STREET CARLTON 3053 --> 1 records found - comparisons: b3692 n500 s500
101/223 BERKELEY STREET MELBOURNE 3000 --> 1 records found - comparisons: b4793 n500 s500
603A/640 SWANSTON STREET CARLTON 3053 --> 1 records found - comparisons: b3878 n500 s500
602A/640 SWANSTON STREET CARLTON 3053 --> 1 records found - comparisons: b3871 n500 s500
514A/640 SWANSTON STREET CARLTON 3053 --> 1 records found - comparisons: b3698 n500 s500
511A/640 SWANSTON STREET CARLTON 3053 --> 1 records found - comparisons: b3700 n500 s500
509A/640 SWANSTON STREET CARLTON 3053 --> 1 records found - comparisons: b3794 n500 s500
710/668 SWANSTON STREET CARLTON 3053 --> 1 records found - comparisons: b3680 n500 s500
803/668 SWANSTON STREET CARLTON 3053 --> 1 records found - comparisons: b3154 n500 s500
508A/640 SWANSTON STREET CARLTON 3053 --> 1 records found - comparisons: b3792 n500 s500
507A/640 SWANSTON STREET CARLTON 3053 --> 1 records found - comparisons: b3814 n500 s500
505A/640 SWANSTON STREET CARLTON 3053 --> 1 records found - comparisons: b3824 n500 s500
504A/640 SWANSTON STREET CARLTON 3053 --> 1 records found - comparisons: b3822 n500 s500
308/668 SWANSTON STREET CARLTON 3053 --> 1 records found - comparisons: b4424 n500 s500
311/668 SWANSTON STREET CARLTON 3053 --> 1 records found - comparisons: b4250 n500 s500
502A/640 SWANSTON STREET CARLTON 3053 --> 1 records found - comparisons: b3824 n500 s500
301/18 LINCOLN SQUARE N CARLTON 3053 --> 1 records found - comparisons: b4463 n500 s500
302/18 LINCOLN SQUARE N CARLTON 3053 --> 1 records found - comparisons: b4464 n500 s500
304/18 LINCOLN SQUARE N CARLTON 3053 --> 1 records found - comparisons: b4486 n500 s500
306/18 LINCOLN SQUARE N CARLTON 3053 --> 1 records found - comparisons: b4456 n500 s500
402/18 LINCOLN SQUARE N CARLTON 3053 --> 1 records found - comparisons: b3954 n500 s500
403/18 LINCOLN SQUARE N CARLTON 3053 --> 1 records found - comparisons: b3956 n500 s500
405/18 LINCOLN SQUARE N CARLTON 3053 --> 1 records found - comparisons: b3930 n500 s500
501/18 LINCOLN SQUARE N CARLTON 3053 --> 1 records found - comparisons: b3817 n500 s500
502/18 LINCOLN SQUARE N CARLTON 3053 --> 1 records found - comparisons: b3811 n500 s500
806A/640 SWANSTON STREET CARLTON 3053 --> 1 records found - comparisons: b3153 n500 s500
803A/640 SWANSTON STREET CARLTON 3053 --> 1 records found - comparisons: b3162 n500 s500
504/18 LINCOLN SQUARE N CARLTON 3053 --> 1 records found - comparisons: b3826 n500 s500
203/223 BERKELEY STREET MELBOURNE 3000 --> 1 records found - comparisons: b4639 n500 s500
204/223 BERKELEY STREET MELBOURNE 3000 --> 1 records found - comparisons: b4645 n500 s500
911A/640 SWANSTON STREET CARLTON 3053 --> 1 records found - comparisons: b3086 n500 s500
800A/640 SWANSTON STREET CARLTON 3053 --> 1 records found - comparisons: b3158 n500 s500
710A/640 SWANSTON STREET CARLTON 3053 --> 1 records found - comparisons: b3688 n500 s500
708A/640 SWANSTON STREET CARLTON 3053 --> 1 records found - comparisons: b3784 n500 s500
707A/640 SWANSTON STREET CARLTON 3053 --> 1 records found - comparisons: b3799 n500 s500
705A/640 SWANSTON STREET CARLTON 3053 --> 1 records found - comparisons: b3803 n500 s500
63 MORRISON CLOSE PARKVILLE 3052 --> 1 records found - comparisons: b3683 n500 s500
702A/640 SWANSTON STREET CARLTON 3053 --> 1 records found - comparisons: b3802 n500 s500
701A/640 SWANSTON STREET CARLTON 3053 --> 1 records found - comparisons: b3804 n500 s500
501/668 SWANSTON STREET CARLTON 3053 --> 1 records found - comparisons: b3817 n500 s500
223 BERKELEY STREET MELBOURNE 3000 --> 1 records found - comparisons: b4317 n500 s500
702/668 SWANSTON STREET CARLTON 3053 --> 1 records found - comparisons: b3806 n500 s500
612A/640 SWANSTON STREET CARLTON 3053 --> 1 records found - comparisons: b3770 n500 s500
609A/640 SWANSTON STREET CARLTON 3053 --> 1 records found - comparisons: b3849 n500 s500
418A/640 SWANSTON STREET CARLTON 3053 --> 1 records found - comparisons: b3791 n500 s500
411A/640 SWANSTON STREET CARLTON 3053 --> 1 records found - comparisons: b3802 n500 s500
3/743-751 SWANSTON STREET CARLTON 3053 --> 1 records found - comparisons: b4000 n500 s500
702/18 LINCOLN SQUARE N CARLTON 3053 --> 1 records found - comparisons: b3806 n500 s500
703/18 LINCOLN SQUARE N CARLTON 3053 --> 1 records found - comparisons: b3790 n500 s500
704/18 LINCOLN SQUARE N CARLTON 3053 --> 1 records found - comparisons: b3806 n500 s500
801/18 LINCOLN SQUARE N CARLTON 3053 --> 1 records found - comparisons: b3164 n500 s500
802/18 LINCOLN SQUARE N CARLTON 3053 --> 1 records found - comparisons: b3175 n500 s500
206/668 SWANSTON STREET CARLTON 3053 --> 1 records found - comparisons: b4628 n500 s500
804/18 LINCOLN SQUARE N CARLTON 3053 --> 1 records found - comparisons: b3145 n500 s500
901/18 LINCOLN SQUARE N CARLTON 3053 --> 1 records found - comparisons: b3124 n500 s500
1/143 ROYAL PARADE PARKVILLE 3052 --> 1 records found - comparisons: b4182 n500 s500
903/18 LINCOLN SQUARE N CARLTON 3053 --> 1 records found - comparisons: b3123 n500 s500
904/18 LINCOLN SQUARE N CARLTON 3053 --> 1 records found - comparisons: b3142 n500 s500
1002/18 LINCOLN SQUARE N CARLTON 3053 --> 1 records found - comparisons: b4771 n500 s500
1003/18 LINCOLN SQUARE N CARLTON 3053 --> 1 records found - comparisons: b4771 n500 s500
1101/18 LINCOLN SQUARE N CARLTON 3053 --> 1 records found - comparisons: b4622 n500 s500
1102/18 LINCOLN SQUARE N CARLTON 3053 --> 1 records found - comparisons: b4623 n500 s500
304A/640 SWANSTON STREET CARLTON 3053 --> 1 records found - comparisons: b4450 n500 s500
406A/640 SWANSTON STREET CARLTON 3053 --> 1 records found - comparisons: b3928 n500 s500
403A/640 SWANSTON STREET CARLTON 3053 --> 1 records found - comparisons: b3938 n500 s500
414A/640 SWANSTON STREET CARLTON 3053 --> 1 records found - comparisons: b3795 n500 s500
314A/640 SWANSTON STREET CARLTON 3053 --> 1 records found - comparisons: b4248 n500 s500
312A/640 SWANSTON STREET CARLTON 3053 --> 1 records found - comparisons: b4256 n500 s500
239-241 BOUVERIE STREET CARLTON 3053 --> 1 records found - comparisons: b4379 n500 s500
30 KERNOT ROAD PARKVILLE 3052 --> 1 records found - comparisons: b4348 n500 s500
310A/640 SWANSTON STREET CARLTON 3053 --> 1 records found - comparisons: b4258 n500 s500
308A/640 SWANSTON STREET CARLTON 3053 --> 1 records found - comparisons: b4425 n500 s500
307A/640 SWANSTON STREET CARLTON 3053 --> 1 records found - comparisons: b4447 n500 s500
305A/640 SWANSTON STREET CARLTON 3053 --> 0 records found - comparisons: b4168 n500 s500
161 BARRY STREET CARLTON 3053 --> 0 records found - comparisons: b4187 n500 s500
1/133 ROYAL PARADE PARKVILLE 3052 --> 0 records found - comparisons: b3940 n500 s500
156-290 GRATTAN STREET PARKVILLE 3052 --> 0 records found - comparisons: b4220 n500 s500
32 LINCOLN SQUARE N CARLTON 3053 --> 0 records found - comparisons: b3868 n500 s500
5/135 ROYAL PARADE PARKVILLE 3052 --> 0 records found - comparisons: b3293 n500 s500
512A/640 SWANSTON STREET CARLTON 3053 --> 0 records found - comparisons: b3418 n500 s500
924/668 SWANSTON STREET CARLTON 3053 --> 0 records found - comparisons: b2777 n500 s500
46 TIN ALLEY PARKVILLE 3052 --> 0 records found - comparisons: b3416 n500 s500
24/650 SWANSTON STREET CARLTON 3053 --> 0 records found - comparisons: b3967 n500 s500
509/223 BERKELEY STREET MELBOURNE 3000 --> 0 records found - comparisons: b3528 n500 s500
129-133 ROYAL PARADE PARKVILLE 3052 --> 0 records found - comparisons: b4267 n500 s500
3/133 ROYAL PARADE PARKVILLE 3052 --> 0 records found - comparisons: b3709 n500 s500
33 MONASH ROAD PARKVILLE 3052 --> 0 records found - comparisons: b3898 n500 s500
5/650 SWANSTON STREET CARLTON 3053 --> 0 records found - comparisons: b3292 n500 s500
21/650 SWANSTON STREET CARLTON 3053 --> 0 records found - comparisons: b4077 n500 s500
216 BERKELEY STREET CARLTON 3053 --> 0 records found - comparisons: b4090 n500 s500
608/668 SWANSTON STREET CARLTON 3053 --> 0 records found - comparisons: b3581 n500 s500
32C/151 BERKELEY STREET MELBOURNE 3000 --> 0 records found - comparisons: b3868 n500 s500
34C/151 BERKELEY STREET MELBOURNE 3000 --> 0 records found - comparisons: b3826 n500 s500
35C/151 BERKELEY STREET MELBOURNE 3000 --> 0 records found - comparisons: b3826 n500 s500
706/668 SWANSTON STREET CARLTON 3053 --> 0 records found - comparisons: b3531 n500 s500
715-721 SWANSTON STREET CARLTON 3053 --> 0 records found - comparisons: b3402 n500 s500
11/230 GRATTAN STREET PARKVILLE 3052 --> 0 records found - comparisons: b4281 n500 s500
2/701 SWANSTON STREET CARLTON 3053 --> 0 records found - comparisons: b3781 n500 s500
102B/640 SWANSTON STREET CARLTON 3053 --> 0 records found - comparisons: b4457 n500 s500
11/650 SWANSTON STREET CARLTON 3053 --> 0 records found - comparisons: b4281 n500 s500
8 MEDICAL ROAD PARKVILLE 3052 --> 0 records found - comparisons: b2758 n500 s500
13 PORTERS LANE PARKVILLE 3052 --> 0 records found - comparisons: b4248 n500 s500
404/668 SWANSTON STREET CARLTON 3053 --> 0 records found - comparisons: b3665 n500 s500
25/650 SWANSTON STREET CARLTON 3053 --> 0 records found - comparisons: b3955 n500 s500
511/668 SWANSTON STREET CARLTON 3053 --> 0 records found - comparisons: b3422 n500 s500
207/668 SWANSTON STREET CARLTON 3053 --> 0 records found - comparisons: b4310 n500 s500
306/668 SWANSTON STREET CARLTON 3053 --> 0 records found - comparisons: b4191 n500 s500
604/668 SWANSTON STREET CARLTON 3053 --> 0 records found - comparisons: b3610 n500 s500
605/668 SWANSTON STREET CARLTON 3053 --> 0 records found - comparisons: b3601 n500 s500
210-214 LEICESTER STREET CARLTON 3053 --> 0 records found - comparisons: b4097 n500 s500
127 ROYAL PARADE PARKVILLE 3052 --> 0 records found - comparisons: b4277 n500 s500
306/223 BERKELEY STREET MELBOURNE 3000 --> 0 records found - comparisons: b4193 n500 s500
51 MASSON ROAD PARKVILLE 3052 --> 0 records found - comparisons: b3411 n500 s500
905/668 SWANSTON STREET CARLTON 3053 --> 0 records found - comparisons: b2851 n500 s500
916/668 SWANSTON STREET CARLTON 3053 --> 0 records found - comparisons: b2801 n500 s500
1 UNION ROAD PARKVILLE 3052 --> 0 records found - comparisons: b3885 n500 s500
917/668 SWANSTON STREET CARLTON 3053 --> 0 records found - comparisons: b2801 n500 s500
1011A/640 SWANSTON STREET CARLTON 3053 --> 0 records found - comparisons: b4494 n500 s500
20 MONASH ROAD PARKVILLE 3052 --> 0 records found - comparisons: b4237 n500 s500
157-159 BARRY STREET CARLTON 3053 --> 0 records found - comparisons: b4205 n500 s500
85 BARRY STREET CARLTON 3053 --> 0 records found - comparisons: b2756 n500 s500
1102/640 SWANSTON STREET CARLTON 3053 --> 0 records found - comparisons: b4365 n500 s500
1073/640 SWANSTON STREET CARLTON 3053 --> 0 records found - comparisons: b4457 n500 s500
1135/640 SWANSTON STREET CARLTON 3053 --> 0 records found - comparisons: b4307 n500 s500
1083/640 SWANSTON STREET CARLTON 3053 --> 0 records found - comparisons: b4440 n500 s500
2033/640 SWANSTON STREET CARLTON 3053 --> 0 records found - comparisons: b4334 n500 s500
1081/640 SWANSTON STREET CARLTON 3053 --> 0 records found - comparisons: b4440 n500 s500
302B/640 SWANSTON STREET CARLTON 3053 --> 0 records found - comparisons: b4163 n500 s500
902/668 SWANSTON STREET CARLTON 3053 --> 0 records found - comparisons: b2849 n500 s500
135-137 ROYAL PARADE PARKVILLE 3052 --> 0 records found - comparisons: b4245 n500 s500
29 COLLEGE CRESCENT PARKVILLE 3052 --> 0 records found - comparisons: b3866 n500 s500
2 ROYAL PARADE PARKVILLE 3052 --> 0 records found - comparisons: b3773 n500 s500
81-87 BARRY STREET CARLTON 3053 --> 0 records found - comparisons: b2806 n500 s500
908/151 BERKELEY STREET MELBOURNE 3000 --> 0 records found - comparisons: b2841 n500 s500
914/668 SWANSTON STREET CARLTON 3053 --> 0 records found - comparisons: b2801 n500 s500
907/668 SWANSTON STREET CARLTON 3053 --> 0 records found - comparisons: b2849 n500 s500
911/668 SWANSTON STREET CARLTON 3053 --> 0 records found - comparisons: b2808 n500 s500
913/668 SWANSTON STREET CARLTON 3053 --> 0 records found - comparisons: b2805 n500 s500
703/668 SWANSTON STREET CARLTON 3053 --> 0 records found - comparisons: b3532 n500 s500
774-782 ELIZABETH STREET MELBOURNE 3000 --> 0 records found - comparisons: b3354 n500 s500
708/668 SWANSTON STREET CARLTON 3053 --> 0 records found - comparisons: b3518 n500 s500
660-674 SWANSTON STREET CARLTON 3053 --> 0 records found - comparisons: b3429 n500 s500
1005/151 BERKELEY STREET MELBOURNE 3000 --> 0 records found - comparisons: b4495 n500 s500
9/201 GRATTAN STREET CARLTON 3053 --> 0 records found - comparisons: b2739 n500 s500
7/201 GRATTAN STREET CARLTON 3053 --> 0 records found - comparisons: b3323 n500 s500
4/201 GRATTAN STREET CARLTON 3053 --> 0 records found - comparisons: b3346 n500 s500
158-164 BOUVERIE STREET CARLTON 3053 --> 0 records found - comparisons: b4199 n500 s500
715 SWANSTON STREET CARLTON 3053 --> 0 records found - comparisons: b3402 n500 s500
292 GRATTAN STREET PARKVILLE 3052 --> 0 records found - comparisons: b3865 n500 s500
107 TIN ALLEY PARKVILLE 3052 --> 0 records found - comparisons: b4456 n500 s500
786-798 ELIZABETH STREET MELBOURNE 3000 --> 0 records found - comparisons: b3347 n500 s500
141 ROYAL PARADE PARKVILLE 3052 --> 0 records found - comparisons: b4234 n500 s500
921/668 SWANSTON STREET CARLTON 3053 --> 0 records found - comparisons: b2780 n500 s500
757 SWANSTON STREET PARKVILLE 3052 --> 0 records found - comparisons: b3352 n500 s500
407/668 SWANSTON STREET CARLTON 3053 --> 0 records found - comparisons: b3637 n500 s500
107/223 BERKELEY STREET MELBOURNE 3000 --> 0 records found - comparisons: b4466 n500 s500
405A/640 SWANSTON STREET CARLTON 3053 --> 0 records found - comparisons: b3641 n500 s500
902A/640 SWANSTON STREET CARLTON 3053 --> 0 records found - comparisons: b2849 n500 s500
197-203 BOUVERIE STREET CARLTON 3053 --> 0 records found - comparisons: b4086 n500 s500
225-235 BOUVERIE STREET CARLTON 3053 --> 0 records found - comparisons: b4061 n500 s500
207-223 BOUVERIE STREET CARLTON 3053 --> 0 records found - comparisons: b4310 n500 s500
8/135 ROYAL PARADE PARKVILLE 3052 --> 0 records found - comparisons: b2757 n500 s500
228 PELHAM STREET MELBOURNE 3000 --> 0 records found - comparisons: b4052 n500 s500
803/18 LINCOLN SQUARE N CARLTON 3053 --> 0 records found - comparisons: b2896 n500 s500
706A/640 SWANSTON STREET CARLTON 3053 --> 0 records found - comparisons: b3519 n500 s500
704A/640 SWANSTON STREET CARLTON 3053 --> 0 records found - comparisons: b3523 n500 s500
212A/640 SWANSTON STREET CARLTON 3053 --> 0 records found - comparisons: b4100 n500 s500
213-217 GRATTAN STREET CARLTON 3053 --> 0 records found - comparisons: b4128 n500 s500
902/18 LINCOLN SQUARE N CARLTON 3053 --> 0 records found - comparisons: b2849 n500 s500
1000A/640 SWANSTON STREET CARLTON 3053 --> 0 records found - comparisons: b4498 n500 s500
87 TIN ALLEY PARKVILLE 3052 --> 0 records found - comparisons: b2756 n500 s500
41 MEDICAL ROAD PARKVILLE 3052 --> 0 records found - comparisons: b3502 n500 s500
9 MEDICAL ROAD PARKVILLE 3052 --> 0 records found - comparisons: b2712 n500 s500
1/196 PELHAM STREET CARLTON 3053 --> 0 records found - comparisons: b3939 n500 s500
1S/650 SWANSTON STREET CARLTON 3053 --> 0 records found - comparisons: b3626 n500 s500
1001/18 LINCOLN SQUARE N CARLTON 3053 --> 0 records found - comparisons: b4500 n500 s500
7/135 ROYAL PARADE PARKVILLE 3052 --> 0 records found - comparisons: b3315 n500 s500
2/196 PELHAM STREET CARLTON 3053 --> 0 records found - comparisons: b3789 n500 s500
680-682 SWANSTON STREET CARLTON 3053 --> 0 records found - comparisons: b3387 n500 s500
904/668 SWANSTON STREET CARLTON 3053 --> 0 records found - comparisons: b2877 n500 s500
121-125 ROYAL PARADE PARKVILLE 3052 --> 0 records found - comparisons: b4297 n500 s500
167 GRATTAN STREET CARLTON 3053 --> 0 records found - comparisons: b4188 n500 s500
1004/18 LINCOLN SQUARE N CARLTON 3053 --> 0 records found - comparisons: b4495 n500 s500
22-40 LINCOLN SQUARE N CARLTON 3053 --> 0 records found - comparisons: b4047 n500 s500
703A/640 SWANSTON STREET CARLTON 3053 --> 0 records found - comparisons: b3520 n500 s500
1008A/640 SWANSTON STREET CARLTON 3053 --> 0 records found - comparisons: b4493 n500 s500
164-170 PELHAM STREET CARLTON 3053 --> 0 records found - comparisons: b4190 n500 s500
53 PROFESSORS WALK PARKVILLE 3052 --> 0 records found - comparisons: b3375 n500 s500
175 GRATTAN STREET CARLTON 3053 --> 0 records found - comparisons: b4197 n500 s500
22/650 SWANSTON STREET CARLTON 3053 --> 0 records found - comparisons: b4047 n500 s500
110/223 BERKELEY STREET MELBOURNE 3000 --> 0 records found - comparisons: b4336 n500 s500
915/668 SWANSTON STREET CARLTON 3053 --> 0 records found - comparisons: b2801 n500 s500
908/668 SWANSTON STREET CARLTON 3053 --> 0 records found - comparisons: b2841 n500 s500
906A/640 SWANSTON STREET CARLTON 3053 --> 0 records found - comparisons: b2847 n500 s500
610A/640 SWANSTON STREET CARLTON 3053 --> 0 records found - comparisons: b3490 n500 s500
207A/640 SWANSTON STREET CARLTON 3053 --> 0 records found - comparisons: b4310 n500 s500
107A/640 SWANSTON STREET CARLTON 3053 --> 0 records found - comparisons: b4451 n500 s500
1003A/640 SWANSTON STREET CARLTON 3053 --> 0 records found - comparisons: b4501 n500 s500
510/223 BERKELEY STREET MELBOURNE 3000 --> 0 records found - comparisons: b3434 n500 s500
714-736 SWANSTON STREET CARLTON 3053 --> 0 records found - comparisons: b3402 n500 s500
167-171 BERKELEY STREET MELBOURNE 3000 --> 0 records found - comparisons: b4188 n500 s500
1/701 SWANSTON STREET CARLTON 3053 --> 0 records found - comparisons: b3940 n500 s500
807A/640 SWANSTON STREET CARLTON 3053 --> 0 records found - comparisons: b2875 n500 s500
805A/640 SWANSTON STREET CARLTON 3053 --> 0 records found - comparisons: b2875 n500 s500
501A/640 SWANSTON STREET CARLTON 3053 --> 0 records found - comparisons: b3535 n500 s500
410A/640 SWANSTON STREET CARLTON 3053 --> 0 records found - comparisons: b3522 n500 s500
20-24 CHURCH STREET CARLTON 3053 --> 0 records found - comparisons: b4219 n500 s500
211A/640 SWANSTON STREET CARLTON 3053 --> 0 records found - comparisons: b4095 n500 s500
190-192 PELHAM STREET CARLTON 3053 --> 0 records found - comparisons: b4084 n500 s500
607A/640 SWANSTON STREET CARLTON 3053 --> 0 records found - comparisons: b3591 n500 s500
401/668 SWANSTON STREET CARLTON 3053 --> 0 records found - comparisons: b3652 n500 s500
405/668 SWANSTON STREET CARLTON 3053 --> 0 records found - comparisons: b3665 n500 s500
723-741 SWANSTON STREET CARLTON 3053 --> 0 records found - comparisons: b3376 n500 s500
608A/640 SWANSTON STREET CARLTON 3053 --> 0 records found - comparisons: b3569 n500 s500
102/223 BERKELEY STREET MELBOURNE 3000 --> 0 records found - comparisons: b4470 n500 s500
405/223 BERKELEY STREET MELBOURNE 3000 --> 0 records found - comparisons: b3667 n500 s500
202/223 BERKELEY STREET MELBOURNE 3000 --> 0 records found - comparisons: b4373 n500 s500
205/223 BERKELEY STREET MELBOURNE 3000 --> 0 records found - comparisons: b4366 n500 s500
207/223 BERKELEY STREET MELBOURNE 3000 --> 0 records found - comparisons: b4310 n500 s500
210/223 BERKELEY STREET MELBOURNE 3000 --> 0 records found - comparisons: b4097 n500 s500
301/223 BERKELEY STREET MELBOURNE 3000 --> 0 records found - comparisons: b4200 n500 s500
302/223 BERKELEY STREET MELBOURNE 3000 --> 0 records found - comparisons: b4201 n500 s500
309/223 BERKELEY STREET MELBOURNE 3000 --> 0 records found - comparisons: b4165 n500 s500
401/223 BERKELEY STREET MELBOURNE 3000 --> 0 records found - comparisons: b3653 n500 s500
404/223 BERKELEY STREET MELBOURNE 3000 --> 0 records found - comparisons: b3667 n500 s500
406/223 BERKELEY STREET MELBOURNE 3000 --> 0 records found - comparisons: b3671 n500 s500
407/223 BERKELEY STREET MELBOURNE 3000 --> 0 records found - comparisons: b3637 n500 s500
409/223 BERKELEY STREET MELBOURNE 3000 --> 0 records found - comparisons: b3637 n500 s500
410/223 BERKELEY STREET MELBOURNE 3000 --> 0 records found - comparisons: b3534 n500 s500
14/650 SWANSTON STREET CARLTON 3053 --> 0 records found - comparisons: b4207 n500 s500
151 BARRY STREET CARLTON 3053 --> 0 records found - comparisons: b4203 n500 s500
701B/640 SWANSTON STREET CARLTON 3053 --> 0 records found - comparisons: b3531 n500 s500
505B/640 SWANSTON STREET CARLTON 3053 --> 0 records found - comparisons: b3551 n500 s500
503B/640 SWANSTON STREET CARLTON 3053 --> 0 records found - comparisons: b3541 n500 s500
500B/640 SWANSTON STREET CARLTON 3053 --> 0 records found - comparisons: b3531 n500 s500
407B/640 SWANSTON STREET CARLTON 3053 --> 0 records found - comparisons: b3637 n500 s500
408A/640 SWANSTON STREET CARLTON 3053 --> 0 records found - comparisons: b3627 n500 s500
301A/640 SWANSTON STREET CARLTON 3053 --> 0 records found - comparisons: b4167 n500 s500
404A/640 SWANSTON STREET CARLTON 3053 --> 0 records found - comparisons: b3641 n500 s500
174 LEICESTER STREET CARLTON 3053 --> 0 records found - comparisons: b4197 n500 s500
910/668 SWANSTON STREET CARLTON 3053 --> 0 records found - comparisons: b2808 n500 s500
300B/640 SWANSTON STREET CARLTON 3053 --> 0 records found - comparisons: b4154 n500 s500
105B/640 SWANSTON STREET CARLTON 3053 --> 0 records found - comparisons: b4456 n500 s500
405B/640 SWANSTON STREET CARLTON 3053 --> 0 records found - comparisons: b3641 n500 s500
712A/640 SWANSTON STREET CARLTON 3053 --> 0 records found - comparisons: b3404 n500 s500
711A/640 SWANSTON STREET CARLTON 3053 --> 0 records found - comparisons: b3406 n500 s500
611A/640 SWANSTON STREET CARLTON 3053 --> 0 records found - comparisons: b3490 n500 s500
513A/640 SWANSTON STREET CARLTON 3053 --> 0 records found - comparisons: b3418 n500 s500
510A/640 SWANSTON STREET CARLTON 3053 --> 0 records found - comparisons: b3422 n500 s500
103B/640 SWANSTON STREET CARLTON 3053 --> 0 records found - comparisons: b4468 n500 s500
100B/640 SWANSTON STREET CARLTON 3053 --> 0 records found - comparisons: b4480 n500 s500
205B/640 SWANSTON STREET CARLTON 3053 --> 0 records found - comparisons: b4328 n500 s500
179-201 PELHAM STREET CARLTON 3053 --> 0 records found - comparisons: b4201 n500 s500
105/223 BERKELEY STREET MELBOURNE 3000 --> 0 records found - comparisons: b4464 n500 s500
16/650 SWANSTON STREET CARLTON 3053 --> 0 records found - comparisons: b4182 n500 s500
106/223 BERKELEY STREET MELBOURNE 3000 --> 0 records found - comparisons: b4479 n500 s500
109/223 BERKELEY STREET MELBOURNE 3000 --> 0 records found - comparisons: b4423 n500 s500
177 GRATTAN STREET CARLTON 3053 --> 0 records found - comparisons: b4197 n500 s500
150-154 PELHAM STREET CARLTON 3053 --> 0 records found - comparisons: b4203 n500 s500
1/223 BERKELEY STREET MELBOURNE 3000 --> 0 records found - comparisons: b3957 n500 s500
17 KERNOT ROAD PARKVILLE 3052 --> 0 records found - comparisons: b4197 n500 s500
401B/640 SWANSTON STREET CARLTON 3053 --> 0 records found - comparisons: b3640 n500 s500
307B/640 SWANSTON STREET CARLTON 3053 --> 0 records found - comparisons: b4174 n500 s500
743-751 SWANSTON STREET CARLTON 3053 --> 0 records found - comparisons: b3348 n500 s500
306B/640 SWANSTON STREET CARLTON 3053 --> 0 records found - comparisons: b4172 n500 s500
208B/640 SWANSTON STREET CARLTON 3053 --> 0 records found - comparisons: b4285 n500 s500
207B/640 SWANSTON STREET CARLTON 3053 --> 0 records found - comparisons: b4310 n500 s500
106B/640 SWANSTON STREET CARLTON 3053 --> 0 records found - comparisons: b4458 n500 s500
166-186 BOUVERIE STREET CARLTON 3053 --> 0 records found - comparisons: b4188 n500 s500
2S/151 BERKELEY STREET MELBOURNE 3000 --> 0 records found - comparisons: b3586 n500 s500
3S/151 BERKELEY STREET MELBOURNE 3000 --> 0 records found - comparisons: b3542 n500 s500
901/668 SWANSTON STREET CARLTON 3053 --> 0 records found - comparisons: b2866 n500 s500
1095/640 SWANSTON STREET CARLTON 3053 --> 0 records found - comparisons: b4426 n500 s500
1134/640 SWANSTON STREET CARLTON 3053 --> 0 records found - comparisons: b4307 n500 s500
1072/640 SWANSTON STREET CARLTON 3053 --> 0 records found - comparisons: b4457 n500 s500
1111/640 SWANSTON STREET CARLTON 3053 --> 0 records found - comparisons: b4324 n500 s500
303/223 BERKELEY STREET MELBOURNE 3000 --> 0 records found - comparisons: b4203 n500 s500
507/668 SWANSTON STREET CARLTON 3053 --> 0 records found - comparisons: b3536 n500 s500
156-162 PELHAM STREET CARLTON 3053 --> 0 records found - comparisons: b4226 n500 s500
1109/640 SWANSTON STREET CARLTON 3053 --> 0 records found - comparisons: b4341 n500 s500
1086/640 SWANSTON STREET CARLTON 3053 --> 0 records found - comparisons: b4437 n500 s500
1101/640 SWANSTON STREET CARLTON 3053 --> 0 records found - comparisons: b4364 n500 s500
182-200 BERKELEY STREET CARLTON 3053 --> 0 records found - comparisons: b4124 n500 s500
207/151 BERKELEY STREET MELBOURNE 3000 --> 0 records found - comparisons: b4310 n500 s500
4/650 SWANSTON STREET CARLTON 3053 --> 0 records found - comparisons: b3345 n500 s500
1085/640 SWANSTON STREET CARLTON 3053 --> 0 records found - comparisons: b4437 n500 s500
507/223 BERKELEY STREET MELBOURNE 3000 --> 0 records found - comparisons: b3536 n500 s500
1079/640 SWANSTON STREET CARLTON 3053 --> 0 records found - comparisons: b4456 n500 s500
29S/151 BERKELEY STREET MELBOURNE 3000 --> 0 records found - comparisons: b3865 n500 s500
1112/640 SWANSTON STREET CARLTON 3053 --> 0 records found - comparisons: b4323 n500 s500
508/668 SWANSTON STREET CARLTON 3053 --> 0 records found - comparisons: b3514 n500 s500
660 SWANSTON STREET CARLTON 3053 --> 0 records found - comparisons: b3429 n500 s500
701/668 SWANSTON STREET CARLTON 3053 --> 0 records found - comparisons: b3555 n500 s500
1006A/640 SWANSTON STREET CARLTON 3053 --> 0 records found - comparisons: b4496 n500 s500
602/668 SWANSTON STREET CARLTON 3053 --> 0 records found - comparisons: b3605 n500 s500
207-211 GRATTAN STREET CARLTON 3053 --> 0 records found - comparisons: b4310 n500 s500
27G/723 SWANSTON STREET CARLTON 3053 --> 0 records found - comparisons: b3953 n500 s500
723 SWANSTON STREET CARLTON 3053 --> 0 records found - comparisons: b3376 n500 s500
182-208 LEICESTER STREET CARLTON 3053 --> 0 records found - comparisons: b4124 n500 s500
512/668 SWANSTON STREET CARLTON 3053 --> 0 records found - comparisons: b3418 n500 s500
670 SWANSTON STREET CARLTON 3053 --> 0 records found - comparisons: b3454 n500 s500
1121/640 SWANSTON STREET CARLTON 3053 --> 0 records found - comparisons: b4309 n500 s500
1241/640 SWANSTON STREET CARLTON 3053 --> 0 records found - comparisons: b4277 n500 s500
27/650 SWANSTON STREET CARLTON 3053 --> 0 records found - comparisons: b3951 n500 s500
1106/640 SWANSTON STREET CARLTON 3053 --> 0 records found - comparisons: b4349 n500 s500
1097/640 SWANSTON STREET CARLTON 3053 --> 0 records found - comparisons: b4427 n500 s500
606A/640 SWANSTON STREET CARLTON 3053 --> 0 records found - comparisons: b3591 n500 s500
412A/640 SWANSTON STREET CARLTON 3053 --> 0 records found - comparisons: b3520 n500 s500
401A/640 SWANSTON STREET CARLTON 3053 --> 0 records found - comparisons: b3640 n500 s500
1244/640 SWANSTON STREET CARLTON 3053 --> 0 records found - comparisons: b4277 n500 s500
1100/640 SWANSTON STREET CARLTON 3053 --> 0 records found - comparisons: b4350 n500 s500
1076/640 SWANSTON STREET CARLTON 3053 --> 0 records found - comparisons: b4458 n500 s500
2032/640 SWANSTON STREET CARLTON 3053 --> 0 records found - comparisons: b4334 n500 s500
1084/640 SWANSTON STREET CARLTON 3053 --> 0 records found - comparisons: b4437 n500 s500
1242/640 SWANSTON STREET CARLTON 3053 --> 0 records found - comparisons: b4277 n500 s500
204A/640 SWANSTON STREET CARLTON 3053 --> 0 records found - comparisons: b4321 n500 s500
182-200 LEICESTER STREET CARLTON 3053 --> 0 records found - comparisons: b4124 n500 s500
1505/151 BERKELEY STREET MELBOURNE 3000 --> 0 records found - comparisons: b4203 n500 s500
905/151 BERKELEY STREET MELBOURNE 3000 --> 0 records found - comparisons: b2851 n500 s500
104/223 BERKELEY STREET MELBOURNE 3000 --> 0 records found - comparisons: b4479 n500 s500
906/151 BERKELEY STREET MELBOURNE 3000 --> 0 records found - comparisons: b2847 n500 s500
907/151 BERKELEY STREET MELBOURNE 3000 --> 0 records found - comparisons: b2849 n500 s500
607B/640 SWANSTON STREET CARLTON 3053 --> 0 records found - comparisons: b3591 n500 s500
1001/151 BERKELEY STREET MELBOURNE 3000 --> 0 records found - comparisons: b4500 n500 s500
1002/151 BERKELEY STREET MELBOURNE 3000 --> 0 records found - comparisons: b4520 n500 s500
1003/151 BERKELEY STREET MELBOURNE 3000 --> 0 records found - comparisons: b4520 n500 s500
1004/151 BERKELEY STREET MELBOURNE 3000 --> 0 records found - comparisons: b4495 n500 s500
310/223 BERKELEY STREET MELBOURNE 3000 --> 0 records found - comparisons: b3992 n500 s500
1006/151 BERKELEY STREET MELBOURNE 3000 --> 0 records found - comparisons: b4496 n500 s500
1502/151 BERKELEY STREET MELBOURNE 3000 --> 0 records found - comparisons: b4203 n500 s500
1503/151 BERKELEY STREET MELBOURNE 3000 --> 0 records found - comparisons: b4203 n500 s500
1504/151 BERKELEY STREET MELBOURNE 3000 --> 0 records found - comparisons: b4203 n500 s500
1401/151 BERKELEY STREET MELBOURNE 3000 --> 0 records found - comparisons: b4235 n500 s500
902/151 BERKELEY STREET MELBOURNE 3000 --> 0 records found - comparisons: b2849 n500 s500
903/151 BERKELEY STREET MELBOURNE 3000 --> 0 records found - comparisons: b2872 n500 s500
806/668 SWANSTON STREET CARLTON 3053 --> 0 records found - comparisons: b2875 n500 s500
807/668 SWANSTON STREET CARLTON 3053 --> 0 records found - comparisons: b2887 n500 s500
808/668 SWANSTON STREET CARLTON 3053 --> 0 records found - comparisons: b2858 n500 s500
809/668 SWANSTON STREET CARLTON 3053 --> 0 records found - comparisons: b2860 n500 s500
810/668 SWANSTON STREET CARLTON 3053 --> 0 records found - comparisons: b2821 n500 s500
704/668 SWANSTON STREET CARLTON 3053 --> 0 records found - comparisons: b3547 n500 s500
1-17 COLLEGE CRESCENT PARKVILLE 3052 --> 0 records found - comparisons: b3895 n500 s500
406/668 SWANSTON STREET CARLTON 3053 --> 0 records found - comparisons: b3669 n500 s500
220 BERKELEY STREET CARLTON 3053 --> 0 records found - comparisons: b4059 n500 s500
183-189 BOUVERIE STREET CARLTON 3053 --> 0 records found - comparisons: b4148 n500 s500
1204/18 LINCOLN SQUARE N CARLTON 3053 --> 0 records found - comparisons: b4382 n500 s500
701/18 LINCOLN SQUARE N CARLTON 3053 --> 0 records found - comparisons: b3563 n500 s500
1301/18 LINCOLN SQUARE N CARLTON 3053 --> 0 records found - comparisons: b4264 n500 s500
109A/640 SWANSTON STREET CARLTON 3053 --> 0 records found - comparisons: b4421 n500 s500
808A/640 SWANSTON STREET CARLTON 3053 --> 0 records found - comparisons: b2858 n500 s500
102/18 LINCOLN SQUARE N CARLTON 3053 --> 0 records found - comparisons: b4476 n500 s500
801A/640 SWANSTON STREET CARLTON 3053 --> 0 records found - comparisons: b2882 n500 s500
600B/640 SWANSTON STREET CARLTON 3053 --> 0 records found - comparisons: b3588 n500 s500
502/668 SWANSTON STREET CARLTON 3053 --> 0 records found - comparisons: b3553 n500 s500
918/668 SWANSTON STREET CARLTON 3053 --> 0 records found - comparisons: b2801 n500 s500
1027/640 SWANSTON STREET CARLTON 3053 --> 0 records found - comparisons: b4459 n500 s500
208/223 BERKELEY STREET MELBOURNE 3000 --> 0 records found - comparisons: b4298 n500 s500
100 ROYAL PARADE PARKVILLE 3052 --> 0 records found - comparisons: b4485 n500 s500
1094/640 SWANSTON STREET CARLTON 3053 --> 0 records found - comparisons: b4426 n500 s500
1099/640 SWANSTON STREET CARLTON 3053 --> 0 records found - comparisons: b4424 n500 s500
1077/640 SWANSTON STREET CARLTON 3053 --> 0 records found - comparisons: b4458 n500 s500
2/743-751 SWANSTON STREET CARLTON 3053 --> 0 records found - comparisons: b3781 n500 s500
3 UNION ROAD PARKVILLE 3052 --> 0 records found - comparisons: b3681 n500 s500
1098/640 SWANSTON STREET CARLTON 3053 --> 0 records found - comparisons: b4424 n500 s500
2019/640 SWANSTON STREET CARLTON 3053 --> 0 records found - comparisons: b4332 n500 s500
156 BOUVERIE STREET CARLTON 3053 --> 0 records found - comparisons: b4210 n500 s500
102A/640 SWANSTON STREET CARLTON 3053 --> 0 records found - comparisons: b4457 n500 s500
171-173 GRATTAN STREET CARLTON 3053 --> 0 records found - comparisons: b4205 n500 s500
1005A/640 SWANSTON STREET CARLTON 3053 --> 0 records found - comparisons: b4495 n500 s500
912A/640 SWANSTON STREET CARLTON 3053 --> 0 records found - comparisons: b2807 n500 s500
197-235 BOUVERIE STREET CARLTON 3053 --> 0 records found - comparisons: b4086 n500 s500
305/223 BERKELEY STREET MELBOURNE 3000 --> 0 records found - comparisons: b4206 n500 s500
804/668 SWANSTON STREET CARLTON 3053 --> 0 records found - comparisons: b2887 n500 s500
903/668 SWANSTON STREET CARLTON 3053 --> 0 records found - comparisons: b2865 n500 s500
1506/151 BERKELEY STREET MELBOURNE 3000 --> 0 records found - comparisons: b4203 n500 s500
1507/151 BERKELEY STREET MELBOURNE 3000 --> 0 records found - comparisons: b4203 n500 s500
1508/151 BERKELEY STREET MELBOURNE 3000 --> 0 records found - comparisons: b4203 n500 s500
1601/151 BERKELEY STREET MELBOURNE 3000 --> 0 records found - comparisons: b4187 n500 s500
1602/151 BERKELEY STREET MELBOURNE 3000 --> 0 records found - comparisons: b4187 n500 s500
1603/151 BERKELEY STREET MELBOURNE 3000 --> 0 records found - comparisons: b4187 n500 s500
1604/151 BERKELEY STREET MELBOURNE 3000 --> 0 records found - comparisons: b4187 n500 s500
1605/151 BERKELEY STREET MELBOURNE 3000 --> 0 records found - comparisons: b4187 n500 s500
1606/151 BERKELEY STREET MELBOURNE 3000 --> 0 records found - comparisons: b4187 n500 s500
1608/151 BERKELEY STREET MELBOURNE 3000 --> 0 records found - comparisons: b4187 n500 s500
1701/151 BERKELEY STREET MELBOURNE 3000 --> 0 records found - comparisons: b4226 n500 s500
1078/640 SWANSTON STREET CARLTON 3053 --> 0 records found - comparisons: b4456 n500 s500
2043/640 SWANSTON STREET CARLTON 3053 --> 0 records found - comparisons: b4329 n500 s500
1703/151 BERKELEY STREET MELBOURNE 3000 --> 0 records found - comparisons: b4227 n500 s500
503A/640 SWANSTON STREET CARLTON 3053 --> 0 records found - comparisons: b3541 n500 s500
153-163 BARRY STREET CARLTON 3053 --> 0 records found - comparisons: b4209 n500 s500
923/668 SWANSTON STREET CARLTON 3053 --> 0 records found - comparisons: b2780 n500 s500
168-172 LEICESTER STREET CARLTON 3053 --> 0 records found - comparisons: b4183 n500 s500
193-195 BOUVERIE STREET CARLTON 3053 --> 0 records found - comparisons: b4084 n500 s500
2/650 SWANSTON STREET CARLTON 3053 --> 0 records found - comparisons: b3781 n500 s500
242 GRATTAN STREET PARKVILLE 3052 --> 0 records found - comparisons: b3974 n500 s500
802/668 SWANSTON STREET CARLTON 3053 --> 0 records found - comparisons: b2910 n500 s500
909/668 SWANSTON STREET CARLTON 3053 --> 0 records found - comparisons: b2841 n500 s500
169 GRATTAN STREET CARLTON 3053 --> 0 records found - comparisons: b4183 n500 s500
47C/151 BERKELEY STREET MELBOURNE 3000 --> 0 records found - comparisons: b3418 n500 s500
4S/151 BERKELEY STREET MELBOURNE 3000 --> 0 records found - comparisons: b3250 n500 s500
5S/151 BERKELEY STREET MELBOURNE 3000 --> 0 records found - comparisons: b3224 n500 s500
407A/640 SWANSTON STREET CARLTON 3053 --> 0 records found - comparisons: b3637 n500 s500
6S/151 BERKELEY STREET MELBOURNE 3000 --> 0 records found - comparisons: b3252 n500 s500
7S/151 BERKELEY STREET MELBOURNE 3000 --> 0 records found - comparisons: b3230 n500 s500
233 PELHAM STREET MELBOURNE 3000 --> 0 records found - comparisons: b4128 n500 s500
1007/151 BERKELEY STREET MELBOURNE 3000 --> 0 records found - comparisons: b4498 n500 s500
1008/151 BERKELEY STREET MELBOURNE 3000 --> 0 records found - comparisons: b4493 n500 s500
1101/151 BERKELEY STREET MELBOURNE 3000 --> 0 records found - comparisons: b4371 n500 s500
268 GRATTAN STREET PARKVILLE 3052 --> 0 records found - comparisons: b3951 n500 s500
402A/640 SWANSTON STREET CARLTON 3053 --> 0 records found - comparisons: b3658 n500 s500
1102/151 BERKELEY STREET MELBOURNE 3000 --> 0 records found - comparisons: b4372 n500 s500
105/18 LINCOLN SQUARE N CARLTON 3053 --> 0 records found - comparisons: b4470 n500 s500
203/18 LINCOLN SQUARE N CARLTON 3053 --> 0 records found - comparisons: b4372 n500 s500
302A/640 SWANSTON STREET CARLTON 3053 --> 0 records found - comparisons: b4163 n500 s500
610/223 BERKELEY STREET MELBOURNE 3000 --> 0 records found - comparisons: b3502 n500 s500
605A/640 SWANSTON STREET CARLTON 3053 --> 0 records found - comparisons: b3589 n500 s500
1002A/640 SWANSTON STREET CARLTON 3053 --> 0 records found - comparisons: b4501 n500 s500
401/18 LINCOLN SQUARE N CARLTON 3053 --> 0 records found - comparisons: b3659 n500 s500
213/640 SWANSTON STREET CARLTON 3053 --> 0 records found - comparisons: b4112 n500 s500
216-228 LEICESTER STREET CARLTON 3053 --> 0 records found - comparisons: b4090 n500 s500
183 PELHAM STREET CARLTON 3053 --> 0 records found - comparisons: b4129 n500 s500
502/223 BERKELEY STREET MELBOURNE 3000 --> 0 records found - comparisons: b3554 n500 s500
154 BOUVERIE STREET CARLTON 3053 --> 0 records found - comparisons: b4205 n500 s500
506/18 LINCOLN SQUARE N CARLTON 3053 --> 0 records found - comparisons: b3550 n500 s500
603/668 SWANSTON STREET CARLTON 3053 --> 0 records found - comparisons: b3607 n500 s500
603/18 LINCOLN SQUARE N CARLTON 3053 --> 0 records found - comparisons: b3614 n500 s500
501/223 BERKELEY STREET MELBOURNE 3000 --> 0 records found - comparisons: b3560 n500 s500
503/223 BERKELEY STREET MELBOURNE 3000 --> 0 records found - comparisons: b3579 n500 s500
504/223 BERKELEY STREET MELBOURNE 3000 --> 0 records found - comparisons: b3569 n500 s500
506/223 BERKELEY STREET MELBOURNE 3000 --> 0 records found - comparisons: b3550 n500 s500
508/223 BERKELEY STREET MELBOURNE 3000 --> 0 records found - comparisons: b3514 n500 s500
601/223 BERKELEY STREET MELBOURNE 3000 --> 0 records found - comparisons: b3621 n500 s500
604/223 BERKELEY STREET MELBOURNE 3000 --> 0 records found - comparisons: b3611 n500 s500
605/223 BERKELEY STREET MELBOURNE 3000 --> 0 records found - comparisons: b3602 n500 s500
606/223 BERKELEY STREET MELBOURNE 3000 --> 0 records found - comparisons: b3616 n500 s500
607/223 BERKELEY STREET MELBOURNE 3000 --> 0 records found - comparisons: b3616 n500 s500
608/223 BERKELEY STREET MELBOURNE 3000 --> 0 records found - comparisons: b3582 n500 s500
705/18 LINCOLN SQUARE N CARLTON 3053 --> 0 records found - comparisons: b3550 n500 s500
835-871 SWANSTON STREET PARKVILLE 3052 --> 0 records found - comparisons: b2773 n500 s500
247-253 BOUVERIE STREET CARLTON 3053 --> 0 records found - comparisons: b4024 n500 s500
8-14 MALVINA PLACE CARLTON 3053 --> 0 records found - comparisons: b2734 n500 s500
609/223 BERKELEY STREET MELBOURNE 3000 --> 0 records found - comparisons: b3583 n500 s500
703/223 BERKELEY STREET MELBOURNE 3000 --> 0 records found - comparisons: b3533 n500 s500
706/223 BERKELEY STREET MELBOURNE 3000 --> 0 records found - comparisons: b3532 n500 s500
707/223 BERKELEY STREET MELBOURNE 3000 --> 0 records found - comparisons: b3533 n500 s500
709/223 BERKELEY STREET MELBOURNE 3000 --> 0 records found - comparisons: b3518 n500 s500
710/223 BERKELEY STREET MELBOURNE 3000 --> 0 records found - comparisons: b3422 n500 s500
83 BARRY STREET CARLTON 3053 --> 0 records found - comparisons: b2773 n500 s500
792 ELIZABETH STREET MELBOURNE 3000 --> 0 records found - comparisons: b3329 n500 s500
5/201 GRATTAN STREET CARLTON 3053 --> 0 records found - comparisons: b3301 n500 s500
176-180 LEICESTER STREET CARLTON 3053 --> 0 records found - comparisons: b4197 n500 s500
119 ROYAL PARADE PARKVILLE 3052 --> 0 records found - comparisons: b4288 n500 s500
16S/151 BERKELEY STREET MELBOURNE 3000 --> 0 records found - comparisons: b4172 n500 s500
17S/151 BERKELEY STREET MELBOURNE 3000 --> 0 records found - comparisons: b4176 n500 s500
19S/151 BERKELEY STREET MELBOURNE 3000 --> 0 records found - comparisons: b4072 n500 s500
20S/151 BERKELEY STREET MELBOURNE 3000 --> 0 records found - comparisons: b4137 n500 s500
21S/151 BERKELEY STREET MELBOURNE 3000 --> 0 records found - comparisons: b4067 n500 s500
22S/151 BERKELEY STREET MELBOURNE 3000 --> 0 records found - comparisons: b4039 n500 s500
24S/151 BERKELEY STREET MELBOURNE 3000 --> 0 records found - comparisons: b3960 n500 s500
25S/151 BERKELEY STREET MELBOURNE 3000 --> 0 records found - comparisons: b3954 n500 s500
57-63 COLLEGE CRESCENT PARKVILLE 3052 --> 0 records found - comparisons: b3342 n500 s500
26S/151 BERKELEY STREET MELBOURNE 3000 --> 0 records found - comparisons: b3951 n500 s500
1207/151 BERKELEY STREET MELBOURNE 3000 --> 0 records found - comparisons: b4360 n500 s500
1301/151 BERKELEY STREET MELBOURNE 3000 --> 0 records found - comparisons: b4264 n500 s500
1302/151 BERKELEY STREET MELBOURNE 3000 --> 0 records found - comparisons: b4286 n500 s500
1303/151 BERKELEY STREET MELBOURNE 3000 --> 0 records found - comparisons: b4265 n500 s500
1304/151 BERKELEY STREET MELBOURNE 3000 --> 0 records found - comparisons: b4265 n500 s500
1306/151 BERKELEY STREET MELBOURNE 3000 --> 0 records found - comparisons: b4264 n500 s500
1103/151 BERKELEY STREET MELBOURNE 3000 --> 0 records found - comparisons: b4372 n500 s500
1104/151 BERKELEY STREET MELBOURNE 3000 --> 0 records found - comparisons: b4370 n500 s500
1105/151 BERKELEY STREET MELBOURNE 3000 --> 0 records found - comparisons: b4349 n500 s500
1106/151 BERKELEY STREET MELBOURNE 3000 --> 0 records found - comparisons: b4349 n500 s500
1108/151 BERKELEY STREET MELBOURNE 3000 --> 0 records found - comparisons: b4341 n500 s500
603/223 BERKELEY STREET MELBOURNE 3000 --> 0 records found - comparisons: b3608 n500 s500
609/151 BERKELEY STREET MELBOURNE 3000 --> 0 records found - comparisons: b3583 n500 s500
20/650 SWANSTON STREET CARLTON 3053 --> 0 records found - comparisons: b4219 n500 s500
313A/640 SWANSTON STREET CARLTON 3053 --> 0 records found - comparisons: b3974 n500 s500
140 BERKELEY STREET CARLTON 3053 --> 0 records found - comparisons: b4230 n500 s500
408B/640 SWANSTON STREET CARLTON 3053 --> 0 records found - comparisons: b3627 n500 s500
407/151 BERKELEY STREET MELBOURNE 3000 --> 0 records found - comparisons: b3637 n500 s500
409/151 BERKELEY STREET MELBOURNE 3000 --> 0 records found - comparisons: b3637 n500 s500
501/151 BERKELEY STREET MELBOURNE 3000 --> 0 records found - comparisons: b3566 n500 s500
502/151 BERKELEY STREET MELBOURNE 3000 --> 0 records found - comparisons: b3560 n500 s500
504/151 BERKELEY STREET MELBOURNE 3000 --> 0 records found - comparisons: b3575 n500 s500
505/151 BERKELEY STREET MELBOURNE 3000 --> 0 records found - comparisons: b3590 n500 s500
506/151 BERKELEY STREET MELBOURNE 3000 --> 0 records found - comparisons: b3550 n500 s500
507/151 BERKELEY STREET MELBOURNE 3000 --> 0 records found - comparisons: b3536 n500 s500
508/151 BERKELEY STREET MELBOURNE 3000 --> 0 records found - comparisons: b3514 n500 s500
509/151 BERKELEY STREET MELBOURNE 3000 --> 0 records found - comparisons: b3528 n500 s500
601/151 BERKELEY STREET MELBOURNE 3000 --> 0 records found - comparisons: b3627 n500 s500
602/151 BERKELEY STREET MELBOURNE 3000 --> 0 records found - comparisons: b3606 n500 s500
1307/151 BERKELEY STREET MELBOURNE 3000 --> 0 records found - comparisons: b4264 n500 s500
1308/151 BERKELEY STREET MELBOURNE 3000 --> 0 records found - comparisons: b4261 n500 s500
205 GRATTAN STREET CARLTON 3053 --> 0 records found - comparisons: b4335 n500 s500
1403/151 BERKELEY STREET MELBOURNE 3000 --> 0 records found - comparisons: b4236 n500 s500
1404/151 BERKELEY STREET MELBOURNE 3000 --> 0 records found - comparisons: b4235 n500 s500
1405/151 BERKELEY STREET MELBOURNE 3000 --> 0 records found - comparisons: b4235 n500 s500
1406/151 BERKELEY STREET MELBOURNE 3000 --> 0 records found - comparisons: b4236 n500 s500
1408/151 BERKELEY STREET MELBOURNE 3000 --> 0 records found - comparisons: b4232 n500 s500
1501/151 BERKELEY STREET MELBOURNE 3000 --> 0 records found - comparisons: b4203 n500 s500
1705/151 BERKELEY STREET MELBOURNE 3000 --> 0 records found - comparisons: b4226 n500 s500
1707/151 BERKELEY STREET MELBOURNE 3000 --> 0 records found - comparisons: b4227 n500 s500
1708/151 BERKELEY STREET MELBOURNE 3000 --> 0 records found - comparisons: b4223 n500 s500
1801/151 BERKELEY STREET MELBOURNE 3000 --> 0 records found - comparisons: b4150 n500 s500
696-708 ELIZABETH STREET MELBOURNE 3000 --> 0 records found - comparisons: b3393 n500 s500
1804/151 BERKELEY STREET MELBOURNE 3000 --> 0 records found - comparisons: b4154 n500 s500
1704/151 BERKELEY STREET MELBOURNE 3000 --> 0 records found - comparisons: b4226 n500 s500
308/223 BERKELEY STREET MELBOURNE 3000 --> 0 records found - comparisons: b4167 n500 s500
602/18 LINCOLN SQUARE N CARLTON 3053 --> 0 records found - comparisons: b3606 n500 s500
402/223 BERKELEY STREET MELBOURNE 3000 --> 0 records found - comparisons: b3691 n500 s500
604/18 LINCOLN SQUARE N CARLTON 3053 --> 0 records found - comparisons: b3617 n500 s500
605/18 LINCOLN SQUARE N CARLTON 3053 --> 0 records found - comparisons: b3608 n500 s500
702/151 BERKELEY STREET MELBOURNE 3000 --> 0 records found - comparisons: b3555 n500 s500
703/151 BERKELEY STREET MELBOURNE 3000 --> 0 records found - comparisons: b3539 n500 s500
704/151 BERKELEY STREET MELBOURNE 3000 --> 0 records found - comparisons: b3555 n500 s500
705/151 BERKELEY STREET MELBOURNE 3000 --> 0 records found - comparisons: b3550 n500 s500
707/151 BERKELEY STREET MELBOURNE 3000 --> 0 records found - comparisons: b3533 n500 s500
708/151 BERKELEY STREET MELBOURNE 3000 --> 0 records found - comparisons: b3519 n500 s500
709/151 BERKELEY STREET MELBOURNE 3000 --> 0 records found - comparisons: b3518 n500 s500
801/151 BERKELEY STREET MELBOURNE 3000 --> 0 records found - comparisons: b2913 n500 s500
803/151 BERKELEY STREET MELBOURNE 3000 --> 0 records found - comparisons: b2896 n500 s500
804/151 BERKELEY STREET MELBOURNE 3000 --> 0 records found - comparisons: b2894 n500 s500
805/151 BERKELEY STREET MELBOURNE 3000 --> 0 records found - comparisons: b2887 n500 s500
303B/640 SWANSTON STREET CARLTON 3053 --> 0 records found - comparisons: b4170 n500 s500
508B/640 SWANSTON STREET CARLTON 3053 --> 0 records found - comparisons: b3519 n500 s500
201B/640 SWANSTON STREET CARLTON 3053 --> 0 records found - comparisons: b4329 n500 s500
806/151 BERKELEY STREET MELBOURNE 3000 --> 0 records found - comparisons: b2875 n500 s500
808/151 BERKELEY STREET MELBOURNE 3000 --> 0 records found - comparisons: b2858 n500 s500
901/151 BERKELEY STREET MELBOURNE 3000 --> 0 records found - comparisons: b2873 n500 s500
507B/640 SWANSTON STREET CARLTON 3053 --> 0 records found - comparisons: b3541 n500 s500
506B/640 SWANSTON STREET CARLTON 3053 --> 0 records found - comparisons: b3543 n500 s500
501B/640 SWANSTON STREET CARLTON 3053 --> 0 records found - comparisons: b3535 n500 s500
608B/640 SWANSTON STREET CARLTON 3053 --> 0 records found - comparisons: b3569 n500 s500
606B/640 SWANSTON STREET CARLTON 3053 --> 0 records found - comparisons: b3591 n500 s500
605B/640 SWANSTON STREET CARLTON 3053 --> 0 records found - comparisons: b3589 n500 s500
602B/640 SWANSTON STREET CARLTON 3053 --> 0 records found - comparisons: b3598 n500 s500
3-4/230 GRATTAN STREET PARKVILLE 3052 --> 0 records found - comparisons: b3687 n500 s500
108/223 BERKELEY STREET MELBOURNE 3000 --> 0 records found - comparisons: b4444 n500 s500
403/223 BERKELEY STREET MELBOURNE 3000 --> 0 records found - comparisons: b3693 n500 s500
305B/640 SWANSTON STREET CARLTON 3053 --> 0 records found - comparisons: b4168 n500 s500
191-197 GRATTAN STREET CARLTON 3053 --> 0 records found - comparisons: b4084 n500 s500
702/223 BERKELEY STREET MELBOURNE 3000 --> 0 records found - comparisons: b3549 n500 s500
18S/151 BERKELEY STREET MELBOURNE 3000 --> 0 records found - comparisons: b4084 n500 s500
23S/151 BERKELEY STREET MELBOURNE 3000 --> 0 records found - comparisons: b4061 n500 s500
27S/151 BERKELEY STREET MELBOURNE 3000 --> 0 records found - comparisons: b3951 n500 s500
32S/151 BERKELEY STREET MELBOURNE 3000 --> 0 records found - comparisons: b3868 n500 s500
906/668 SWANSTON STREET CARLTON 3053 --> 0 records found - comparisons: b2847 n500 s500
40C/151 BERKELEY STREET MELBOURNE 3000 --> 0 records found - comparisons: b3530 n500 s500
41C/151 BERKELEY STREET MELBOURNE 3000 --> 0 records found - comparisons: b3490 n500 s500
196-198 PELHAM STREET CARLTON 3053 --> 0 records found - comparisons: b4091 n500 s500
201/668 SWANSTON STREET CARLTON 3053 --> 0 records found - comparisons: b4363 n500 s500
42C/151 BERKELEY STREET MELBOURNE 3000 --> 0 records found - comparisons: b3450 n500 s500
44C/151 BERKELEY STREET MELBOURNE 3000 --> 0 records found - comparisons: b3419 n500 s500
45C/151 BERKELEY STREET MELBOURNE 3000 --> 0 records found - comparisons: b3419 n500 s500
48C/151 BERKELEY STREET MELBOURNE 3000 --> 0 records found - comparisons: b3391 n500 s500
50C/151 BERKELEY STREET MELBOURNE 3000 --> 0 records found - comparisons: b3438 n500 s500
51C/151 BERKELEY STREET MELBOURNE 3000 --> 0 records found - comparisons: b3402 n500 s500
52C/151 BERKELEY STREET MELBOURNE 3000 --> 0 records found - comparisons: b3372 n500 s500
53C/151 BERKELEY STREET MELBOURNE 3000 --> 0 records found - comparisons: b3372 n500 s500
1S/151 BERKELEY STREET MELBOURNE 3000 --> 0 records found - comparisons: b3626 n500 s500
