18 PROFESSORS WALK PARKVILLE 3052 --> 1 records found - comparisons: b2353 n250 s250
783 SWANSTON STREET PARKVILLE 3052 --> 1 records found - comparisons: b1941 n250 s250
230 GRATTAN STREET PARKVILLE 3052 --> 10 records found - comparisons: b4649 n250 s250
28S/151 BERKELEY STREET MELBOURNE 3000 --> 1 records found - comparisons: b2277 n250 s250
44 PROFESSORS WALK PARKVILLE 3052 --> 1 records found - comparisons: b1921 n250 s250
170 GRATTAN STREET PARKVILLE 3052 --> 2 records found - comparisons: b2672 n250 s250
3/650 SWANSTON STREET CARLTON 3053 --> 1 records found - comparisons: b2143 n250 s250
6/650 SWANSTON STREET CARLTON 3053 --> 1 records found - comparisons: b1978 n250 s250
7/650 SWANSTON STREET CARLTON 3053 --> 1 records found - comparisons: b1910 n250 s250
48 ROYAL PARADE PARKVILLE 3052 --> 2 records found - comparisons: b2122 n250 s250
26/650 SWANSTON STREET CARLTON 3053 --> 1 records found - comparisons: b2305 n250 s250
644 SWANSTON STREET CARLTON 3053 --> 1 records found - comparisons: b1988 n250 s250
8/650 SWANSTON STREET CARLTON 3053 --> 1 records found - comparisons: b1578 n250 s250
30S/151 BERKELEY STREET MELBOURNE 3000 --> 1 records found - comparisons: b2319 n250 s250
31S/151 BERKELEY STREET MELBOURNE 3000 --> 1 records found - comparisons: b2289 n250 s250
33S/151 BERKELEY STREET MELBOURNE 3000 --> 1 records found - comparisons: b2258 n250 s250
34S/151 BERKELEY STREET MELBOURNE 3000 --> 1 records found - comparisons: b2235 n250 s250
650 SWANSTON STREET CARLTON 3053 --> 1 records found - comparisons: b1988 n250 s250
6/201 GRATTAN STREET CARLTON 3053 --> 1 records found - comparisons: b1971 n250 s250
1807/151 BERKELEY STREET MELBOURNE 3000 --> 1 records found - comparisons: b2411 n250 s250
1808/151 BERKELEY STREET MELBOURNE 3000 --> 1 records found - comparisons: b2411 n250 s250
1M/151 BERKELEY STREET MELBOURNE 3000 --> 1 records found - comparisons: b2141 n250 s250
3M/151 BERKELEY STREET MELBOURNE 3000 --> 1 records found - comparisons: b2090 n250 s250
1C/151 BERKELEY STREET MELBOURNE 3000 --> 1 records found - comparisons: b2141 n250 s250
3C/151 BERKELEY STREET MELBOURNE 3000 --> 1 records found - comparisons: b2090 n250 s250
4C/151 BERKELEY STREET MELBOURNE 3000 --> 1 records found - comparisons: b1891 n250 s250
6C/151 BERKELEY STREET MELBOURNE 3000 --> 1 records found - comparisons: b1929 n250 s250
7C/151 BERKELEY STREET MELBOURNE 3000 --> 1 records found - comparisons: b1905 n250 s250
8C/151 BERKELEY STREET MELBOURNE 3000 --> 1 records found - comparisons: b1597 n250 s250
9C/151 BERKELEY STREET MELBOURNE 3000 --> 1 records found - comparisons: b1607 n250 s250
10C/151 BERKELEY STREET MELBOURNE 3000 --> 1 records found - comparisons: b2515 n250 s250
11C/151 BERKELEY STREET MELBOURNE 3000 --> 1 records found - comparisons: b2497 n250 s250
12C/151 BERKELEY STREET MELBOURNE 3000 --> 1 records found - comparisons: b2499 n250 s250
13C/151 BERKELEY STREET MELBOURNE 3000 --> 1 records found - comparisons: b2487 n250 s250
14C/151 BERKELEY STREET MELBOURNE 3000 --> 1 records found - comparisons: b2450 n250 s250
604-640 SWANSTON STREET CARLTON 3053 --> 1 records found - comparisons: b2151 n250 s250
506A/640 SWANSTON STREET CARLTON 3053 --> 1 records found - comparisons: b1905 n250 s250
210A/640 SWANSTON STREET CARLTON 3053 --> 1 records found - comparisons: b2400 n250 s250
2/224 PELHAM STREET MELBOURNE 3000 --> 1 records found - comparisons: b2189 n250 s250
15C/151 BERKELEY STREET MELBOURNE 3000 --> 1 records found - comparisons: b2450 n250 s250
16C/151 BERKELEY STREET MELBOURNE 3000 --> 1 records found - comparisons: b2442 n250 s250
8S/151 BERKELEY STREET MELBOURNE 3000 --> 1 records found - comparisons: b1597 n250 s250
9S/151 BERKELEY STREET MELBOURNE 3000 --> 1 records found - comparisons: b1607 n250 s250
10S/151 BERKELEY STREET MELBOURNE 3000 --> 1 records found - comparisons: b2515 n250 s250
11S/151 BERKELEY STREET MELBOURNE 3000 --> 1 records found - comparisons: b2497 n250 s250
12S/151 BERKELEY STREET MELBOURNE 3000 --> 1 records found - comparisons: b2499 n250 s250
14S/151 BERKELEY STREET MELBOURNE 3000 --> 1 records found - comparisons: b2450 n250 s250
15S/151 BERKELEY STREET MELBOURNE 3000 --> 1 records found - comparisons: b2450 n250 s250
95-129 BARRY STREET CARLTON 3053 --> 1 records found - comparisons: b1595 n250 s250
139 BARRY STREET CARLTON 3053 --> 1 records found - comparisons: b2428 n250 s250
213-221 BERKELEY STREET MELBOURNE 3000 --> 1 records found - comparisons: b2417 n250 s250
214 BERKELEY STREET CARLTON 3053 --> 1 records found - comparisons: b2357 n250 s250
208-210 BERKELEY STREET CARLTON 3053 --> 1 records found - comparisons: b2452 n250 s250
1103/18 LINCOLN SQUARE N CARLTON 3053 --> 1 records found - comparisons: b2521 n250 s250
247-249 BOUVERIE STREET CARLTON 3053 --> 1 records found - comparisons: b2315 n250 s250
1203/18 LINCOLN SQUARE N CARLTON 3053 --> 1 records found - comparisons: b2625 n250 s250
30 ROYAL PARADE PARKVILLE 3052 --> 5 records found - comparisons: b3199 n250 s250
201/223 BERKELEY STREET MELBOURNE 3000 --> 1 records found - comparisons: b2502 n250 s250
1302/18 LINCOLN SQUARE N CARLTON 3053 --> 1 records found - comparisons: b2504 n250 s250
305/18 LINCOLN SQUARE N CARLTON 3053 --> 1 records found - comparisons: b2397 n250 s250
202-206 BERKELEY STREET CARLTON 3053 --> 1 records found - comparisons: b2480 n250 s250
604/151 BERKELEY STREET MELBOURNE 3000 --> 1 records found - comparisons: b2167 n250 s250
605/151 BERKELEY STREET MELBOURNE 3000 --> 1 records found - comparisons: b2158 n250 s250
606/151 BERKELEY STREET MELBOURNE 3000 --> 1 records found - comparisons: b2172 n250 s250
607/151 BERKELEY STREET MELBOURNE 3000 --> 1 records found - comparisons: b2172 n250 s250
608/151 BERKELEY STREET MELBOURNE 3000 --> 1 records found - comparisons: b2139 n250 s250
903A/640 SWANSTON STREET CARLTON 3053 --> 1 records found - comparisons: b1669 n250 s250
604A/640 SWANSTON STREET CARLTON 3053 --> 1 records found - comparisons: b2154 n250 s250
131-137 BARRY STREET CARLTON 3053 --> 1 records found - comparisons: b2466 n250 s250
601A/640 SWANSTON STREET CARLTON 3053 --> 1 records found - comparisons: b2155 n250 s250
206B/640 SWANSTON STREET CARLTON 3053 --> 1 records found - comparisons: b2482 n250 s250
303A/640 SWANSTON STREET CARLTON 3053 --> 1 records found - comparisons: b2368 n250 s250
205A/640 SWANSTON STREET CARLTON 3053 --> 1 records found - comparisons: b2468 n250 s250
213 BERKELEY STREET MELBOURNE 3000 --> 1 records found - comparisons: b2385 n250 s250
11 PROFESSORS WALK PARKVILLE 3052 --> 1 records found - comparisons: b2465 n250 s250
13/650 SWANSTON STREET CARLTON 3053 --> 1 records found - comparisons: b2474 n250 s250
400B/640 SWANSTON STREET CARLTON 3053 --> 1 records found - comparisons: b2029 n250 s250
16 WILSON AVENUE PARKVILLE 3052 --> 1 records found - comparisons: b2388 n250 s250
1110/640 SWANSTON STREET CARLTON 3053 --> 1 records found - comparisons: b2515 n250 s250
1082/640 SWANSTON STREET CARLTON 3053 --> 1 records found - comparisons: b2568 n250 s250
108A/640 SWANSTON STREET CARLTON 3053 --> 1 records found - comparisons: b2561 n250 s250
143-151 BARRY STREET CARLTON 3053 --> 1 records found - comparisons: b2418 n250 s250
1080/640 SWANSTON STREET CARLTON 3053 --> 1 records found - comparisons: b2568 n250 s250
4/133 ROYAL PARADE PARKVILLE 3052 --> 1 records found - comparisons: b1894 n250 s250
ROYAL PARADE PARKVILLE 3052 --> 1 records found - comparisons: b728 n250 s250
22C/151 BERKELEY STREET MELBOURNE 3000 --> 1 records found - comparisons: b2373 n250 s250
49 COLLEGE CRESCENT PARKVILLE 3052 --> 1 records found - comparisons: b1922 n250 s250
156-180 BERKELEY STREET CARLTON 3053 --> 1 records found - comparisons: b2441 n250 s250
224 PELHAM STREET MELBOURNE 3000 --> 1 records found - comparisons: b2325 n250 s250
601B/640 SWANSTON STREET CARLTON 3053 --> 1 records found - comparisons: b2155 n250 s250
312/668 SWANSTON STREET CARLTON 3053 --> 1 records found - comparisons: b2278 n250 s250
1201/151 BERKELEY STREET MELBOURNE 3000 --> 1 records found - comparisons: b2639 n250 s250
1202/151 BERKELEY STREET MELBOURNE 3000 --> 1 records found - comparisons: b2641 n250 s250
1204/151 BERKELEY STREET MELBOURNE 3000 --> 1 records found - comparisons: b2615 n250 s250
1205/151 BERKELEY STREET MELBOURNE 3000 --> 1 records found - comparisons: b2615 n250 s250
17C/151 BERKELEY STREET MELBOURNE 3000 --> 1 records found - comparisons: b2446 n250 s250
18C/151 BERKELEY STREET MELBOURNE 3000 --> 1 records found - comparisons: b2384 n250 s250
602/223 BERKELEY STREET MELBOURNE 3000 --> 1 records found - comparisons: b2153 n250 s250
701/223 BERKELEY STREET MELBOURNE 3000 --> 1 records found - comparisons: b2026 n250 s250
19C/151 BERKELEY STREET MELBOURNE 3000 --> 1 records found - comparisons: b2376 n250 s250
20C/151 BERKELEY STREET MELBOURNE 3000 --> 1 records found - comparisons: b2413 n250 s250
21C/151 BERKELEY STREET MELBOURNE 3000 --> 1 records found - comparisons: b2389 n250 s250
G4-G5/230 GRATTAN STREET PARKVILLE 3052 --> 1 records found - comparisons: b827 n250 s250
25C/151 BERKELEY STREET MELBOURNE 3000 --> 1 records found - comparisons: b2329 n250 s250
209/223 BERKELEY STREET MELBOURNE 3000 --> 1 records found - comparisons: b2466 n250 s250
206/223 BERKELEY STREET MELBOURNE 3000 --> 1 records found - comparisons: b2498 n250 s250
107/151 BERKELEY STREET MELBOURNE 3000 --> 1 records found - comparisons: b2567 n250 s250
912/668 SWANSTON STREET CARLTON 3053 --> 1 records found - comparisons: b1638 n250 s250
780-782 ELIZABETH STREET MELBOURNE 3000 --> 2 records found - comparisons: b2278 n250 s250
203/668 SWANSTON STREET CARLTON 3053 --> 1 records found - comparisons: b2466 n250 s250
23/650 SWANSTON STREET CARLTON 3053 --> 1 records found - comparisons: b2399 n250 s250
BERKELEY STREET MELBOURNE 3000 --> 1 records found - comparisons: b755 n250 s250
301B/640 SWANSTON STREET CARLTON 3053 --> 1 records found - comparisons: b2365 n250 s250
206A/640 SWANSTON STREET CARLTON 3053 --> 1 records found - comparisons: b2482 n250 s250
505/668 SWANSTON STREET CARLTON 3053 --> 1 records found - comparisons: b1898 n250 s250
201 GRATTAN STREET CARLTON 3053 --> 1 records found - comparisons: b2436 n250 s250
108/151 BERKELEY STREET MELBOURNE 3000 --> 1 records found - comparisons: b2573 n250 s250
690 ELIZABETH STREET MELBOURNE 3000 --> 1 records found - comparisons: b1987 n250 s250
201/151 BERKELEY STREET MELBOURNE 3000 --> 1 records found - comparisons: b2502 n250 s250
909A/640 SWANSTON STREET CARLTON 3053 --> 1 records found - comparisons: b1666 n250 s250
802A/640 SWANSTON STREET CARLTON 3053 --> 1 records found - comparisons: b1611 n250 s250
202/151 BERKELEY STREET MELBOURNE 3000 --> 1 records found - comparisons: b2503 n250 s250
311A/640 SWANSTON STREET CARLTON 3053 --> 1 records found - comparisons: b2286 n250 s250
202/668 SWANSTON STREET CARLTON 3053 --> 1 records found - comparisons: b2487 n250 s250
411/668 SWANSTON STREET CARLTON 3053 --> 1 records found - comparisons: b1964 n250 s250
504/668 SWANSTON STREET CARLTON 3053 --> 1 records found - comparisons: b1898 n250 s250
601/668 SWANSTON STREET CARLTON 3053 --> 1 records found - comparisons: b2142 n250 s250
920/668 SWANSTON STREET CARLTON 3053 --> 1 records found - comparisons: b1633 n250 s250
611/668 SWANSTON STREET CARLTON 3053 --> 1 records found - comparisons: b2065 n250 s250
907A/640 SWANSTON STREET CARLTON 3053 --> 1 records found - comparisons: b1671 n250 s250
603B/640 SWANSTON STREET CARLTON 3053 --> 1 records found - comparisons: b2145 n250 s250
403B/640 SWANSTON STREET CARLTON 3053 --> 1 records found - comparisons: b2029 n250 s250
905A/640 SWANSTON STREET CARLTON 3053 --> 1 records found - comparisons: b1672 n250 s250
306A/640 SWANSTON STREET CARLTON 3053 --> 1 records found - comparisons: b2372 n250 s250
185 PELHAM STREET CARLTON 3053 --> 1 records found - comparisons: b2332 n250 s250
709/668 SWANSTON STREET CARLTON 3053 --> 1 records found - comparisons: b1999 n250 s250
18/650 SWANSTON STREET CARLTON 3053 --> 1 records found - comparisons: b2369 n250 s250
23C/151 BERKELEY STREET MELBOURNE 3000 --> 1 records found - comparisons: b2397 n250 s250
308/151 BERKELEY STREET MELBOURNE 3000 --> 1 records found - comparisons: b2374 n250 s250
26C/151 BERKELEY STREET MELBOURNE 3000 --> 1 records found - comparisons: b2329 n250 s250
408/151 BERKELEY STREET MELBOURNE 3000 --> 1 records found - comparisons: b2025 n250 s250
208A/640 SWANSTON STREET CARLTON 3053 --> 1 records found - comparisons: b2460 n250 s250
706/151 BERKELEY STREET MELBOURNE 3000 --> 1 records found - comparisons: b2021 n250 s250
807/151 BERKELEY STREET MELBOURNE 3000 --> 1 records found - comparisons: b1619 n250 s250
904/151 BERKELEY STREET MELBOURNE 3000 --> 1 records found - comparisons: b1680 n250 s250
27C/151 BERKELEY STREET MELBOURNE 3000 --> 1 records found - comparisons: b2329 n250 s250
LYGON STREET CARLTON NORTH 3054 --> 1 records found - comparisons: b762 n250 s250
28C/151 BERKELEY STREET MELBOURNE 3000 --> 1 records found - comparisons: b2277 n250 s250
30C/151 BERKELEY STREET MELBOURNE 3000 --> 1 records found - comparisons: b2319 n250 s250
676 SWANSTON STREET CARLTON 3053 --> 1 records found - comparisons: b1988 n250 s250
1104/18 LINCOLN SQUARE N CARLTON 3053 --> 1 records found - comparisons: b2521 n250 s250
1201/18 LINCOLN SQUARE N CARLTON 3053 --> 1 records found - comparisons: b2623 n250 s250
31C/151 BERKELEY STREET MELBOURNE 3000 --> 1 records found - comparisons: b2289 n250 s250
1202/18 LINCOLN SQUARE N CARLTON 3053 --> 1 records found - comparisons: b2625 n250 s250
111A/640 SWANSTON STREET CARLTON 3053 --> 1 records found - comparisons: b2515 n250 s250
110A/640 SWANSTON STREET CARLTON 3053 --> 1 records found - comparisons: b2517 n250 s250
106A/640 SWANSTON STREET CARLTON 3053 --> 1 records found - comparisons: b2559 n250 s250
105A/640 SWANSTON STREET CARLTON 3053 --> 1 records found - comparisons: b2559 n250 s250
104A/640 SWANSTON STREET CARLTON 3053 --> 1 records found - comparisons: b2559 n250 s250
101A/640 SWANSTON STREET CARLTON 3053 --> 1 records found - comparisons: b2576 n250 s250
1012A/640 SWANSTON STREET CARLTON 3053 --> 1 records found - comparisons: b2584 n250 s250
1010A/640 SWANSTON STREET CARLTON 3053 --> 1 records found - comparisons: b2584 n250 s250
1009A/640 SWANSTON STREET CARLTON 3053 --> 1 records found - comparisons: b2578 n250 s250
1007A/640 SWANSTON STREET CARLTON 3053 --> 1 records found - comparisons: b2578 n250 s250
705/223 BERKELEY STREET MELBOURNE 3000 --> 1 records found - comparisons: b2035 n250 s250
708/223 BERKELEY STREET MELBOURNE 3000 --> 1 records found - comparisons: b2015 n250 s250
309/668 SWANSTON STREET CARLTON 3053 --> 1 records found - comparisons: b2370 n250 s250
206/18 LINCOLN SQUARE N CARLTON 3053 --> 1 records found - comparisons: b2482 n250 s250
303/18 LINCOLN SQUARE N CARLTON 3053 --> 1 records found - comparisons: b2360 n250 s250
308B/640 SWANSTON STREET CARLTON 3053 --> 1 records found - comparisons: b2366 n250 s250
404/18 LINCOLN SQUARE N CARLTON 3053 --> 1 records found - comparisons: b2044 n250 s250
406/18 LINCOLN SQUARE N CARLTON 3053 --> 1 records found - comparisons: b2043 n250 s250
503/18 LINCOLN SQUARE N CARLTON 3053 --> 1 records found - comparisons: b1895 n250 s250
305/151 BERKELEY STREET MELBOURNE 3000 --> 1 records found - comparisons: b2413 n250 s250
306/151 BERKELEY STREET MELBOURNE 3000 --> 1 records found - comparisons: b2380 n250 s250
771 SWANSTON STREET PARKVILLE 3052 --> 1 records found - comparisons: b1930 n250 s250
720 SWANSTON STREET CARLTON 3053 --> 1 records found - comparisons: b1922 n250 s250
24 WILSON AVENUE PARKVILLE 3052 --> 1 records found - comparisons: b2275 n250 s250
270 GRATTAN STREET PARKVILLE 3052 --> 1 records found - comparisons: b2289 n250 s250
165 BERKELEY STREET MELBOURNE 3000 --> 1 records found - comparisons: b2412 n250 s250
307/151 BERKELEY STREET MELBOURNE 3000 --> 1 records found - comparisons: b2378 n250 s250
9/650 SWANSTON STREET CARLTON 3053 --> 1 records found - comparisons: b1597 n250 s250
309/151 BERKELEY STREET MELBOURNE 3000 --> 1 records found - comparisons: b2386 n250 s250
401/151 BERKELEY STREET MELBOURNE 3000 --> 1 records found - comparisons: b2037 n250 s250
402/151 BERKELEY STREET MELBOURNE 3000 --> 1 records found - comparisons: b2037 n250 s250
404/151 BERKELEY STREET MELBOURNE 3000 --> 1 records found - comparisons: b2060 n250 s250
405/151 BERKELEY STREET MELBOURNE 3000 --> 1 records found - comparisons: b2039 n250 s250
406/151 BERKELEY STREET MELBOURNE 3000 --> 1 records found - comparisons: b2059 n250 s250
606/668 SWANSTON STREET CARLTON 3053 --> 1 records found - comparisons: b2156 n250 s250
607/668 SWANSTON STREET CARLTON 3053 --> 1 records found - comparisons: b2156 n250 s250
609/668 SWANSTON STREET CARLTON 3053 --> 1 records found - comparisons: b2123 n250 s250
610/668 SWANSTON STREET CARLTON 3053 --> 1 records found - comparisons: b2065 n250 s250
612/668 SWANSTON STREET CARLTON 3053 --> 1 records found - comparisons: b2064 n250 s250
705/668 SWANSTON STREET CARLTON 3053 --> 1 records found - comparisons: b2019 n250 s250
707/668 SWANSTON STREET CARLTON 3053 --> 1 records found - comparisons: b2005 n250 s250
200B/640 SWANSTON STREET CARLTON 3053 --> 1 records found - comparisons: b2474 n250 s250
36C/151 BERKELEY STREET MELBOURNE 3000 --> 1 records found - comparisons: b2234 n250 s250
37C/151 BERKELEY STREET MELBOURNE 3000 --> 1 records found - comparisons: b2234 n250 s250
39C/151 BERKELEY STREET MELBOURNE 3000 --> 1 records found - comparisons: b2201 n250 s250
7 UNION ROAD PARKVILLE 3052 --> 1 records found - comparisons: b1854 n250 s250
4 WILSON AVENUE PARKVILLE 3052 --> 1 records found - comparisons: b1870 n250 s250
23 PROFESSORS WALK PARKVILLE 3052 --> 1 records found - comparisons: b2390 n250 s250
6/135 ROYAL PARADE PARKVILLE 3052 --> 1 records found - comparisons: b1971 n250 s250
101B/640 SWANSTON STREET CARLTON 3053 --> 1 records found - comparisons: b2576 n250 s250
3/201 GRATTAN STREET CARLTON 3053 --> 1 records found - comparisons: b2135 n250 s250
13 WILSON AVENUE PARKVILLE 3052 --> 1 records found - comparisons: b2442 n250 s250
1206/151 BERKELEY STREET MELBOURNE 3000 --> 1 records found - comparisons: b2614 n250 s250
305/668 SWANSTON STREET CARLTON 3053 --> 1 records found - comparisons: b2390 n250 s250
35 WILSON AVENUE PARKVILLE 3052 --> 1 records found - comparisons: b2191 n250 s250
35 MASSON ROAD PARKVILLE 3052 --> 1 records found - comparisons: b2175 n250 s250
31 MASSON ROAD PARKVILLE 3052 --> 1 records found - comparisons: b2219 n250 s250
23 MASSON ROAD PARKVILLE 3052 --> 1 records found - comparisons: b2358 n250 s250
8 SPENCER ROAD PARKVILLE 3052 --> 1 records found - comparisons: b1538 n250 s250
17 SPENCER ROAD PARKVILLE 3052 --> 1 records found - comparisons: b2388 n250 s250
20 UNION ROAD PARKVILLE 3052 --> 1 records found - comparisons: b2365 n250 s250
47 PROFESSORS WALK PARKVILLE 3052 --> 1 records found - comparisons: b1921 n250 s250
56 ROYAL PARADE PARKVILLE 3052 --> 1 records found - comparisons: b1823 n250 s250
33 MEDICAL ROAD PARKVILLE 3052 --> 1 records found - comparisons: b2194 n250 s250
38 ROYAL PARADE PARKVILLE 3052 --> 1 records found - comparisons: b2137 n250 s250
25 MEDICAL ROAD PARKVILLE 3052 --> 1 records found - comparisons: b2265 n250 s250
6 MEDICAL ROAD PARKVILLE 3052 --> 1 records found - comparisons: b1920 n250 s250
66 TIN ALLEY PARKVILLE 3052 --> 1 records found - comparisons: b1948 n250 s250
155 BARRY STREET CARLTON 3053 --> 1 records found - comparisons: b2385 n250 s250
213A/640 SWANSTON STREET CARLTON 3053 --> 1 records found - comparisons: b2406 n250 s250
153 BARRY STREET CARLTON 3053 --> 1 records found - comparisons: b2384 n250 s250
701-713 SWANSTON STREET CARLTON 3053 --> 1 records found - comparisons: b2010 n250 s250
1203/151 BERKELEY STREET MELBOURNE 3000 --> 1 records found - comparisons: b2641 n250 s250
1208/151 BERKELEY STREET MELBOURNE 3000 --> 1 records found - comparisons: b2604 n250 s250
1305/151 BERKELEY STREET MELBOURNE 3000 --> 1 records found - comparisons: b2520 n250 s250
1402/151 BERKELEY STREET MELBOURNE 3000 --> 1 records found - comparisons: b2473 n250 s250
1407/151 BERKELEY STREET MELBOURNE 3000 --> 1 records found - comparisons: b2473 n250 s250
1702/151 BERKELEY STREET MELBOURNE 3000 --> 1 records found - comparisons: b2476 n250 s250
199-203 GRATTAN STREET CARLTON 3053 --> 1 records found - comparisons: b2352 n250 s250
10/650 SWANSTON STREET CARLTON 3053 --> 1 records found - comparisons: b2517 n250 s250
203/151 BERKELEY STREET MELBOURNE 3000 --> 0 records found - comparisons: b2208 n250 s250
204/151 BERKELEY STREET MELBOURNE 3000 --> 0 records found - comparisons: b2188 n250 s250
205/151 BERKELEY STREET MELBOURNE 3000 --> 0 records found - comparisons: b2190 n250 s250
810A/640 SWANSTON STREET CARLTON 3053 --> 0 records found - comparisons: b1317 n250 s250
209A/640 SWANSTON STREET CARLTON 3053 --> 0 records found - comparisons: b2180 n250 s250
200 LEICESTER STREET CARLTON 3053 --> 0 records found - comparisons: b2196 n250 s250
103A/640 SWANSTON STREET CARLTON 3053 --> 0 records found - comparisons: b2279 n250 s250
203B/640 SWANSTON STREET CARLTON 3053 --> 0 records found - comparisons: b2196 n250 s250
1001A/640 SWANSTON STREET CARLTON 3053 --> 0 records found - comparisons: b2296 n250 s250
206/151 BERKELEY STREET MELBOURNE 3000 --> 0 records found - comparisons: b2231 n250 s250
208/151 BERKELEY STREET MELBOURNE 3000 --> 0 records found - comparisons: b2187 n250 s250
209/151 BERKELEY STREET MELBOURNE 3000 --> 0 records found - comparisons: b2193 n250 s250
301/151 BERKELEY STREET MELBOURNE 3000 --> 0 records found - comparisons: b2087 n250 s250
302/151 BERKELEY STREET MELBOURNE 3000 --> 0 records found - comparisons: b2086 n250 s250
304/151 BERKELEY STREET MELBOURNE 3000 --> 0 records found - comparisons: b2090 n250 s250
503/151 BERKELEY STREET MELBOURNE 3000 --> 0 records found - comparisons: b1644 n250 s250
603/151 BERKELEY STREET MELBOURNE 3000 --> 0 records found - comparisons: b1867 n250 s250
35/230 GRATTAN STREET PARKVILLE 3052 --> 0 records found - comparisons: b1949 n250 s250
6/230 GRATTAN STREET PARKVILLE 3052 --> 0 records found - comparisons: b1730 n250 s250
45/230 GRATTAN STREET PARKVILLE 3052 --> 0 records found - comparisons: b1665 n250 s250
33/230 GRATTAN STREET PARKVILLE 3052 --> 0 records found - comparisons: b1967 n250 s250
5/230 GRATTAN STREET PARKVILLE 3052 --> 0 records found - comparisons: b1579 n250 s250
1/230 GRATTAN STREET PARKVILLE 3052 --> 0 records found - comparisons: b1984 n250 s250
183-195 BOUVERIE STREET CARLTON 3053 --> 0 records found - comparisons: b2108 n250 s250
42/230 GRATTAN STREET PARKVILLE 3052 --> 0 records found - comparisons: b1673 n250 s250
644-658 SWANSTON STREET CARLTON 3053 --> 0 records found - comparisons: b1753 n250 s250
704/223 BERKELEY STREET MELBOURNE 3000 --> 0 records found - comparisons: b1733 n250 s250
39/230 GRATTAN STREET PARKVILLE 3052 --> 0 records found - comparisons: b1907 n250 s250
7/230 GRATTAN STREET PARKVILLE 3052 --> 0 records found - comparisons: b1652 n250 s250
8/230 GRATTAN STREET PARKVILLE 3052 --> 0 records found - comparisons: b1320 n250 s250
12/230 GRATTAN STREET PARKVILLE 3052 --> 0 records found - comparisons: b2223 n250 s250
34/230 GRATTAN STREET PARKVILLE 3052 --> 0 records found - comparisons: b1941 n250 s250
204/668 SWANSTON STREET CARLTON 3053 --> 0 records found - comparisons: b2188 n250 s250
801/668 SWANSTON STREET CARLTON 3053 --> 0 records found - comparisons: b1330 n250 s250
2B/230 GRATTAN STREET PARKVILLE 3052 --> 0 records found - comparisons: b1819 n250 s250
67/230 GRATTAN STREET PARKVILLE 3052 --> 0 records found - comparisons: b1744 n250 s250
75/230 GRATTAN STREET PARKVILLE 3052 --> 0 records found - comparisons: b1665 n250 s250
2/133 ROYAL PARADE PARKVILLE 3052 --> 0 records found - comparisons: b1932 n250 s250
68/230 GRATTAN STREET PARKVILLE 3052 --> 0 records found - comparisons: b1715 n250 s250
50/230 GRATTAN STREET PARKVILLE 3052 --> 0 records found - comparisons: b1613 n250 s250
51/230 GRATTAN STREET PARKVILLE 3052 --> 0 records found - comparisons: b1597 n250 s250
52/230 GRATTAN STREET PARKVILLE 3052 --> 0 records found - comparisons: b1593 n250 s250
53/230 GRATTAN STREET PARKVILLE 3052 --> 0 records found - comparisons: b1593 n250 s250
9/230 GRATTAN STREET PARKVILLE 3052 --> 0 records found - comparisons: b1339 n250 s250
309A/640 SWANSTON STREET CARLTON 3053 --> 0 records found - comparisons: b2088 n250 s250
2A/230 GRATTAN STREET PARKVILLE 3052 --> 0 records found - comparisons: b1819 n250 s250
69/230 GRATTAN STREET PARKVILLE 3052 --> 0 records found - comparisons: b1719 n250 s250
919/668 SWANSTON STREET CARLTON 3053 --> 0 records found - comparisons: b1363 n250 s250
40/230 GRATTAN STREET PARKVILLE 3052 --> 0 records found - comparisons: b1724 n250 s250
505/223 BERKELEY STREET MELBOURNE 3000 --> 0 records found - comparisons: b1640 n250 s250
103/223 BERKELEY STREET MELBOURNE 3000 --> 0 records found - comparisons: b2279 n250 s250
165 GRATTAN STREET CARLTON 3053 --> 0 records found - comparisons: b2170 n250 s250
139 ROYAL PARADE PARKVILLE 3052 --> 0 records found - comparisons: b2224 n250 s250
179 GRATTAN STREET CARLTON 3053 --> 0 records found - comparisons: b2163 n250 s250
601/18 LINCOLN SQUARE N CARLTON 3053 --> 0 records found - comparisons: b1884 n250 s250
505/18 LINCOLN SQUARE N CARLTON 3053 --> 0 records found - comparisons: b1640 n250 s250
ELIZABETH STREET MELBOURNE 3000 --> 0 records found - comparisons: b514 n250 s250
815 SWANSTON STREET PARKVILLE 3052 --> 0 records found - comparisons: b1317 n250 s250
222-224 PELHAM STREET MELBOURNE 3000 --> 0 records found - comparisons: b2083 n250 s250
678 SWANSTON STREET CARLTON 3053 --> 0 records found - comparisons: b1745 n250 s250
141 BARRY STREET CARLTON 3053 --> 0 records found - comparisons: b2171 n250 s250
1/743-751 SWANSTON STREET CARLTON 3053 --> 0 records found - comparisons: b1984 n250 s250
14 KERNOT ROAD PARKVILLE 3052 --> 0 records found - comparisons: b2160 n250 s250
7 SPENCER ROAD PARKVILLE 3052 --> 0 records found - comparisons: b1652 n250 s250
5C/151 BERKELEY STREET MELBOURNE 3000 --> 0 records found - comparisons: b1569 n250 s250
24C/151 BERKELEY STREET MELBOURNE 3000 --> 0 records found - comparisons: b2035 n250 s250
15/650 SWANSTON STREET CARLTON 3053 --> 0 records found - comparisons: b2160 n250 s250
8/201 GRATTAN STREET CARLTON 3053 --> 0 records found - comparisons: b1320 n250 s250
18 SPENCER ROAD PARKVILLE 3052 --> 0 records found - comparisons: b2112 n250 s250
199 GRATTAN STREET CARLTON 3053 --> 0 records found - comparisons: b2093 n250 s250
202A/640 SWANSTON STREET CARLTON 3053 --> 0 records found - comparisons: b2200 n250 s250
201A/640 SWANSTON STREET CARLTON 3053 --> 0 records found - comparisons: b2200 n250 s250
1706/151 BERKELEY STREET MELBOURNE 3000 --> 0 records found - comparisons: b2186 n250 s250
1805/151 BERKELEY STREET MELBOURNE 3000 --> 0 records found - comparisons: b2122 n250 s250
2M/151 BERKELEY STREET MELBOURNE 3000 --> 0 records found - comparisons: b1819 n250 s250
805/668 SWANSTON STREET CARLTON 3053 --> 0 records found - comparisons: b1330 n250 s250
802/151 BERKELEY STREET MELBOURNE 3000 --> 0 records found - comparisons: b1333 n250 s250
18-20 LINCOLN SQUARE N CARLTON 3053 --> 0 records found - comparisons: b2104 n250 s250
303/151 BERKELEY STREET MELBOURNE 3000 --> 0 records found - comparisons: b2109 n250 s250
163 GRATTAN STREET CARLTON 3053 --> 0 records found - comparisons: b2154 n250 s250
672 SWANSTON STREET CARLTON 3053 --> 0 records found - comparisons: b1746 n250 s250
205/668 SWANSTON STREET CARLTON 3053 --> 0 records found - comparisons: b2190 n250 s250
301/668 SWANSTON STREET CARLTON 3053 --> 0 records found - comparisons: b2087 n250 s250
302/668 SWANSTON STREET CARLTON 3053 --> 0 records found - comparisons: b2086 n250 s250
303/668 SWANSTON STREET CARLTON 3053 --> 0 records found - comparisons: b2102 n250 s250
922/668 SWANSTON STREET CARLTON 3053 --> 0 records found - comparisons: b1360 n250 s250
402B/640 SWANSTON STREET CARLTON 3053 --> 0 records found - comparisons: b1751 n250 s250
403/151 BERKELEY STREET MELBOURNE 3000 --> 0 records found - comparisons: b1751 n250 s250
502B/640 SWANSTON STREET CARLTON 3053 --> 0 records found - comparisons: b1623 n250 s250
307/223 BERKELEY STREET MELBOURNE 3000 --> 0 records found - comparisons: b2105 n250 s250
701/151 BERKELEY STREET MELBOURNE 3000 --> 0 records found - comparisons: b1753 n250 s250
101/151 BERKELEY STREET MELBOURNE 3000 --> 0 records found - comparisons: b2297 n250 s250
102/151 BERKELEY STREET MELBOURNE 3000 --> 0 records found - comparisons: b2279 n250 s250
103/151 BERKELEY STREET MELBOURNE 3000 --> 0 records found - comparisons: b2279 n250 s250
104/151 BERKELEY STREET MELBOURNE 3000 --> 0 records found - comparisons: b2281 n250 s250
105/151 BERKELEY STREET MELBOURNE 3000 --> 0 records found - comparisons: b2281 n250 s250
106/151 BERKELEY STREET MELBOURNE 3000 --> 0 records found - comparisons: b2281 n250 s250
1107/151 BERKELEY STREET MELBOURNE 3000 --> 0 records found - comparisons: b2248 n250 s250
1096/640 SWANSTON STREET CARLTON 3053 --> 0 records found - comparisons: b2275 n250 s250
1075/640 SWANSTON STREET CARLTON 3053 --> 0 records found - comparisons: b2283 n250 s250
29C/151 BERKELEY STREET MELBOURNE 3000 --> 0 records found - comparisons: b1977 n250 s250
33C/151 BERKELEY STREET MELBOURNE 3000 --> 0 records found - comparisons: b1966 n250 s250
38C/151 BERKELEY STREET MELBOURNE 3000 --> 0 records found - comparisons: b1907 n250 s250
43C/151 BERKELEY STREET MELBOURNE 3000 --> 0 records found - comparisons: b1673 n250 s250
304/223 BERKELEY STREET MELBOURNE 3000 --> 0 records found - comparisons: b2090 n250 s250
205-211 GRATTAN STREET CARLTON 3053 --> 0 records found - comparisons: b2190 n250 s250
8 MONASH ROAD PARKVILLE 3052 --> 0 records found - comparisons: b1318 n250 s250
49C/151 BERKELEY STREET MELBOURNE 3000 --> 0 records found - comparisons: b1660 n250 s250
13S/151 BERKELEY STREET MELBOURNE 3000 --> 0 records found - comparisons: b2195 n250 s250
1/224 PELHAM STREET MELBOURNE 3000 --> 0 records found - comparisons: b1984 n250 s250
1/650 SWANSTON STREET CARLTON 3053 --> 0 records found - comparisons: b1984 n250 s250
409A/640 SWANSTON STREET CARLTON 3053 --> 0 records found - comparisons: b1737 n250 s250
408/223 BERKELEY STREET MELBOURNE 3000 --> 0 records found - comparisons: b1752 n250 s250
112A/640 SWANSTON STREET CARLTON 3053 --> 0 records found - comparisons: b2228 n250 s250
196 PELHAM STREET CARLTON 3053 --> 0 records found - comparisons: b2085 n250 s250
15 MONASH ROAD PARKVILLE 3052 --> 0 records found - comparisons: b2160 n250 s250
1806/151 BERKELEY STREET MELBOURNE 3000 --> 0 records found - comparisons: b2123 n250 s250
100A/640 SWANSTON STREET CARLTON 3053 --> 0 records found - comparisons: b2289 n250 s250
11 MONASH ROAD PARKVILLE 3052 --> 0 records found - comparisons: b2221 n250 s250
8 PORTERS LANE PARKVILLE 3052 --> 0 records found - comparisons: b1321 n250 s250
2 PORTERS LANE PARKVILLE 3052 --> 0 records found - comparisons: b1922 n250 s250
709A/640 SWANSTON STREET CARLTON 3053 --> 0 records found - comparisons: b1729 n250 s250
203A/640 SWANSTON STREET CARLTON 3053 --> 0 records found - comparisons: b2196 n250 s250
212 BERKELEY STREET CARLTON 3053 --> 0 records found - comparisons: b2122 n250 s250
17/650 SWANSTON STREET CARLTON 3053 --> 0 records found - comparisons: b2161 n250 s250
40 COLLEGE CRESCENT PARKVILLE 3052 --> 0 records found - comparisons: b1724 n250 s250
910A/640 SWANSTON STREET CARLTON 3053 --> 0 records found - comparisons: b1365 n250 s250
12/650 SWANSTON STREET CARLTON 3053 --> 0 records found - comparisons: b2223 n250 s250
406B/640 SWANSTON STREET CARLTON 3053 --> 0 records found - comparisons: b1754 n250 s250
19/650 SWANSTON STREET CARLTON 3053 --> 0 records found - comparisons: b2084 n250 s250
202B/640 SWANSTON STREET CARLTON 3053 --> 0 records found - comparisons: b2200 n250 s250
29-55 COLLEGE CRESCENT PARKVILLE 3052 --> 0 records found - comparisons: b1977 n250 s250
226 PELHAM STREET MELBOURNE 3000 --> 0 records found - comparisons: b2084 n250 s250
20 LINCOLN SQUARE N CARLTON 3053 --> 0 records found - comparisons: b2161 n250 s250
101/18 LINCOLN SQUARE N CARLTON 3053 --> 0 records found - comparisons: b2297 n250 s250
103/18 LINCOLN SQUARE N CARLTON 3053 --> 0 records found - comparisons: b2279 n250 s250
104/18 LINCOLN SQUARE N CARLTON 3053 --> 0 records found - comparisons: b2281 n250 s250
106/18 LINCOLN SQUARE N CARLTON 3053 --> 0 records found - comparisons: b2281 n250 s250
201/18 LINCOLN SQUARE N CARLTON 3053 --> 0 records found - comparisons: b2235 n250 s250
304/668 SWANSTON STREET CARLTON 3053 --> 0 records found - comparisons: b2090 n250 s250
307/668 SWANSTON STREET CARLTON 3053 --> 0 records found - comparisons: b2104 n250 s250
310/668 SWANSTON STREET CARLTON 3053 --> 0 records found - comparisons: b2006 n250 s250
402/668 SWANSTON STREET CARLTON 3053 --> 0 records found - comparisons: b1763 n250 s250
403/668 SWANSTON STREET CARLTON 3053 --> 0 records found - comparisons: b1751 n250 s250
408/668 SWANSTON STREET CARLTON 3053 --> 0 records found - comparisons: b1751 n250 s250
409/668 SWANSTON STREET CARLTON 3053 --> 0 records found - comparisons: b1737 n250 s250
149-155 BERKELEY STREET MELBOURNE 3000 --> 0 records found - comparisons: b2163 n250 s250
202/18 LINCOLN SQUARE N CARLTON 3053 --> 0 records found - comparisons: b2236 n250 s250
204/18 LINCOLN SQUARE N CARLTON 3053 --> 0 records found - comparisons: b2188 n250 s250
205/18 LINCOLN SQUARE N CARLTON 3053 --> 0 records found - comparisons: b2190 n250 s250
243-245 BOUVERIE STREET CARLTON 3053 --> 0 records found - comparisons: b2041 n250 s250
19-27 COLLEGE CRESCENT PARKVILLE 3052 --> 0 records found - comparisons: b2084 n250 s250
900A/640 SWANSTON STREET CARLTON 3053 --> 0 records found - comparisons: b1388 n250 s250
640 SWANSTON STREET CARLTON 3053 --> 0 records found - comparisons: b1746 n250 s250
908A/640 SWANSTON STREET CARLTON 3053 --> 0 records found - comparisons: b1386 n250 s250
901A/640 SWANSTON STREET CARLTON 3053 --> 0 records found - comparisons: b1388 n250 s250
812A/640 SWANSTON STREET CARLTON 3053 --> 0 records found - comparisons: b1317 n250 s250
811A/640 SWANSTON STREET CARLTON 3053 --> 0 records found - comparisons: b1317 n250 s250
147-149 BARRY STREET CARLTON 3053 --> 0 records found - comparisons: b2166 n250 s250
809A/640 SWANSTON STREET CARLTON 3053 --> 0 records found - comparisons: b1327 n250 s250
410/668 SWANSTON STREET CARLTON 3053 --> 0 records found - comparisons: b1692 n250 s250
412/668 SWANSTON STREET CARLTON 3053 --> 0 records found - comparisons: b1691 n250 s250
503/668 SWANSTON STREET CARLTON 3053 --> 0 records found - comparisons: b1637 n250 s250
506/668 SWANSTON STREET CARLTON 3053 --> 0 records found - comparisons: b1627 n250 s250
509/668 SWANSTON STREET CARLTON 3053 --> 0 records found - comparisons: b1617 n250 s250
510/668 SWANSTON STREET CARLTON 3053 --> 0 records found - comparisons: b1597 n250 s250
101/223 BERKELEY STREET MELBOURNE 3000 --> 0 records found - comparisons: b2297 n250 s250
603A/640 SWANSTON STREET CARLTON 3053 --> 0 records found - comparisons: b1872 n250 s250
602A/640 SWANSTON STREET CARLTON 3053 --> 0 records found - comparisons: b1867 n250 s250
514A/640 SWANSTON STREET CARLTON 3053 --> 0 records found - comparisons: b1597 n250 s250
511A/640 SWANSTON STREET CARLTON 3053 --> 0 records found - comparisons: b1597 n250 s250
509A/640 SWANSTON STREET CARLTON 3053 --> 0 records found - comparisons: b1617 n250 s250
710/668 SWANSTON STREET CARLTON 3053 --> 0 records found - comparisons: b1681 n250 s250
803/668 SWANSTON STREET CARLTON 3053 --> 0 records found - comparisons: b1331 n250 s250
508A/640 SWANSTON STREET CARLTON 3053 --> 0 records found - comparisons: b1617 n250 s250
507A/640 SWANSTON STREET CARLTON 3053 --> 0 records found - comparisons: b1625 n250 s250
505A/640 SWANSTON STREET CARLTON 3053 --> 0 records found - comparisons: b1628 n250 s250
504A/640 SWANSTON STREET CARLTON 3053 --> 0 records found - comparisons: b1628 n250 s250
308/668 SWANSTON STREET CARLTON 3053 --> 0 records found - comparisons: b2100 n250 s250
311/668 SWANSTON STREET CARLTON 3053 --> 0 records found - comparisons: b2008 n250 s250
502A/640 SWANSTON STREET CARLTON 3053 --> 0 records found - comparisons: b1623 n250 s250
301/18 LINCOLN SQUARE N CARLTON 3053 --> 0 records found - comparisons: b2087 n250 s250
302/18 LINCOLN SQUARE N CARLTON 3053 --> 0 records found - comparisons: b2086 n250 s250
304/18 LINCOLN SQUARE N CARLTON 3053 --> 0 records found - comparisons: b2090 n250 s250
306/18 LINCOLN SQUARE N CARLTON 3053 --> 0 records found - comparisons: b2113 n250 s250
402/18 LINCOLN SQUARE N CARLTON 3053 --> 0 records found - comparisons: b1770 n250 s250
403/18 LINCOLN SQUARE N CARLTON 3053 --> 0 records found - comparisons: b1751 n250 s250
405/18 LINCOLN SQUARE N CARLTON 3053 --> 0 records found - comparisons: b1772 n250 s250
501/18 LINCOLN SQUARE N CARLTON 3053 --> 0 records found - comparisons: b1622 n250 s250
502/18 LINCOLN SQUARE N CARLTON 3053 --> 0 records found - comparisons: b1623 n250 s250
806A/640 SWANSTON STREET CARLTON 3053 --> 0 records found - comparisons: b1331 n250 s250
803A/640 SWANSTON STREET CARLTON 3053 --> 0 records found - comparisons: b1331 n250 s250
504/18 LINCOLN SQUARE N CARLTON 3053 --> 0 records found - comparisons: b1640 n250 s250
203/223 BERKELEY STREET MELBOURNE 3000 --> 0 records found - comparisons: b2208 n250 s250
204/223 BERKELEY STREET MELBOURNE 3000 --> 0 records found - comparisons: b2188 n250 s250
911A/640 SWANSTON STREET CARLTON 3053 --> 0 records found - comparisons: b1365 n250 s250
800A/640 SWANSTON STREET CARLTON 3053 --> 0 records found - comparisons: b1330 n250 s250
710A/640 SWANSTON STREET CARLTON 3053 --> 0 records found - comparisons: b1681 n250 s250
708A/640 SWANSTON STREET CARLTON 3053 --> 0 records found - comparisons: b1729 n250 s250
707A/640 SWANSTON STREET CARLTON 3053 --> 0 records found - comparisons: b1735 n250 s250
705A/640 SWANSTON STREET CARLTON 3053 --> 0 records found - comparisons: b1737 n250 s250
63 MORRISON CLOSE PARKVILLE 3052 --> 0 records found - comparisons: b1752 n250 s250
702A/640 SWANSTON STREET CARLTON 3053 --> 0 records found - comparisons: b1729 n250 s250
701A/640 SWANSTON STREET CARLTON 3053 --> 0 records found - comparisons: b1735 n250 s250
501/668 SWANSTON STREET CARLTON 3053 --> 0 records found - comparisons: b1622 n250 s250
223 BERKELEY STREET MELBOURNE 3000 --> 0 records found - comparisons: b2083 n250 s250
702/668 SWANSTON STREET CARLTON 3053 --> 0 records found - comparisons: b1729 n250 s250
612A/640 SWANSTON STREET CARLTON 3053 --> 0 records found - comparisons: b1794 n250 s250
609A/640 SWANSTON STREET CARLTON 3053 --> 0 records found - comparisons: b1853 n250 s250
418A/640 SWANSTON STREET CARLTON 3053 --> 0 records found - comparisons: b1689 n250 s250
411A/640 SWANSTON STREET CARLTON 3053 --> 0 records found - comparisons: b1694 n250 s250
3/743-751 SWANSTON STREET CARLTON 3053 --> 0 records found - comparisons: b1887 n250 s250
702/18 LINCOLN SQUARE N CARLTON 3053 --> 0 records found - comparisons: b1729 n250 s250
703/18 LINCOLN SQUARE N CARLTON 3053 --> 0 records found - comparisons: b1729 n250 s250
704/18 LINCOLN SQUARE N CARLTON 3053 --> 0 records found - comparisons: b1733 n250 s250
801/18 LINCOLN SQUARE N CARLTON 3053 --> 0 records found - comparisons: b1330 n250 s250
802/18 LINCOLN SQUARE N CARLTON 3053 --> 0 records found - comparisons: b1333 n250 s250
206/668 SWANSTON STREET CARLTON 3053 --> 0 records found - comparisons: b2223 n250 s250
804/18 LINCOLN SQUARE N CARLTON 3053 --> 0 records found - comparisons: b1330 n250 s250
901/18 LINCOLN SQUARE N CARLTON 3053 --> 0 records found - comparisons: b1388 n250 s250
1/143 ROYAL PARADE PARKVILLE 3052 --> 0 records found - comparisons: b1984 n250 s250
903/18 LINCOLN SQUARE N CARLTON 3053 --> 0 records found - comparisons: b1391 n250 s250
904/18 LINCOLN SQUARE N CARLTON 3053 --> 0 records found - comparisons: b1413 n250 s250
1002/18 LINCOLN SQUARE N CARLTON 3053 --> 0 records found - comparisons: b2296 n250 s250
1003/18 LINCOLN SQUARE N CARLTON 3053 --> 0 records found - comparisons: b2296 n250 s250
1101/18 LINCOLN SQUARE N CARLTON 3053 --> 0 records found - comparisons: b2248 n250 s250
1102/18 LINCOLN SQUARE N CARLTON 3053 --> 0 records found - comparisons: b2249 n250 s250
304A/640 SWANSTON STREET CARLTON 3053 --> 0 records found - comparisons: b2090 n250 s250
406A/640 SWANSTON STREET CARLTON 3053 --> 0 records found - comparisons: b1754 n250 s250
403A/640 SWANSTON STREET CARLTON 3053 --> 0 records found - comparisons: b1756 n250 s250
414A/640 SWANSTON STREET CARLTON 3053 --> 0 records found - comparisons: b1690 n250 s250
314A/640 SWANSTON STREET CARLTON 3053 --> 0 records found - comparisons: b2003 n250 s250
312A/640 SWANSTON STREET CARLTON 3053 --> 0 records found - comparisons: b2008 n250 s250
239-241 BOUVERIE STREET CARLTON 3053 --> 0 records found - comparisons: b2139 n250 s250
30 KERNOT ROAD PARKVILLE 3052 --> 0 records found - comparisons: b2099 n250 s250
310A/640 SWANSTON STREET CARLTON 3053 --> 0 records found - comparisons: b2006 n250 s250
308A/640 SWANSTON STREET CARLTON 3053 --> 0 records found - comparisons: b2093 n250 s250
307A/640 SWANSTON STREET CARLTON 3053 --> 0 records found - comparisons: b2092 n250 s250
305A/640 SWANSTON STREET CARLTON 3053 --> 0 records found - comparisons: b2096 n250 s250
161 BARRY STREET CARLTON 3053 --> 0 records found - comparisons: b2154 n250 s250
1/133 ROYAL PARADE PARKVILLE 3052 --> 0 records found - comparisons: b1984 n250 s250
156-290 GRATTAN STREET PARKVILLE 3052 --> 0 records found - comparisons: b2184 n250 s250
32 LINCOLN SQUARE N CARLTON 3053 --> 0 records found - comparisons: b1960 n250 s250
5/135 ROYAL PARADE PARKVILLE 3052 --> 0 records found - comparisons: b1579 n250 s250
512A/640 SWANSTON STREET CARLTON 3053 --> 0 records found - comparisons: b1597 n250 s250
924/668 SWANSTON STREET CARLTON 3053 --> 0 records found - comparisons: b1359 n250 s250
46 TIN ALLEY PARKVILLE 3052 --> 0 records found - comparisons: b1665 n250 s250
24/650 SWANSTON STREET CARLTON 3053 --> 0 records found - comparisons: b2040 n250 s250
509/223 BERKELEY STREET MELBOURNE 3000 --> 0 records found - comparisons: b1617 n250 s250
129-133 ROYAL PARADE PARKVILLE 3052 --> 0 records found - comparisons: b2233 n250 s250
3/133 ROYAL PARADE PARKVILLE 3052 --> 0 records found - comparisons: b1886 n250 s250
33 MONASH ROAD PARKVILLE 3052 --> 0 records found - comparisons: b1983 n250 s250
5/650 SWANSTON STREET CARLTON 3053 --> 0 records found - comparisons: b1579 n250 s250
21/650 SWANSTON STREET CARLTON 3053 --> 0 records found - comparisons: b2105 n250 s250
216 BERKELEY STREET CARLTON 3053 --> 0 records found - comparisons: b2116 n250 s250
608/668 SWANSTON STREET CARLTON 3053 --> 0 records found - comparisons: b1865 n250 s250
32C/151 BERKELEY STREET MELBOURNE 3000 --> 0 records found - comparisons: b1960 n250 s250
34C/151 BERKELEY STREET MELBOURNE 3000 --> 0 records found - comparisons: b1943 n250 s250
35C/151 BERKELEY STREET MELBOURNE 3000 --> 0 records found - comparisons: b1943 n250 s250
706/668 SWANSTON STREET CARLTON 3053 --> 0 records found - comparisons: b1747 n250 s250
715-721 SWANSTON STREET CARLTON 3053 --> 0 records found - comparisons: b1681 n250 s250
11/230 GRATTAN STREET PARKVILLE 3052 --> 0 records found - comparisons: b2214 n250 s250
2/701 SWANSTON STREET CARLTON 3053 --> 0 records found - comparisons: b1931 n250 s250
102B/640 SWANSTON STREET CARLTON 3053 --> 0 records found - comparisons: b2279 n250 s250
11/650 SWANSTON STREET CARLTON 3053 --> 0 records found - comparisons: b2214 n250 s250
8 MEDICAL ROAD PARKVILLE 3052 --> 0 records found - comparisons: b1318 n250 s250
13 PORTERS LANE PARKVILLE 3052 --> 0 records found - comparisons: b2216 n250 s250
404/668 SWANSTON STREET CARLTON 3053 --> 0 records found - comparisons: b1779 n250 s250
25/650 SWANSTON STREET CARLTON 3053 --> 0 records found - comparisons: b2038 n250 s250
511/668 SWANSTON STREET CARLTON 3053 --> 0 records found - comparisons: b1597 n250 s250
207/668 SWANSTON STREET CARLTON 3053 --> 0 records found - comparisons: b2191 n250 s250
306/668 SWANSTON STREET CARLTON 3053 --> 0 records found - comparisons: b2106 n250 s250
604/668 SWANSTON STREET CARLTON 3053 --> 0 records found - comparisons: b1893 n250 s250
605/668 SWANSTON STREET CARLTON 3053 --> 0 records found - comparisons: b1884 n250 s250
210-214 LEICESTER STREET CARLTON 3053 --> 0 records found - comparisons: b2122 n250 s250
127 ROYAL PARADE PARKVILLE 3052 --> 0 records found - comparisons: b2243 n250 s250
306/223 BERKELEY STREET MELBOURNE 3000 --> 0 records found - comparisons: b2107 n250 s250
51 MASSON ROAD PARKVILLE 3052 --> 0 records found - comparisons: b1597 n250 s250
905/668 SWANSTON STREET CARLTON 3053 --> 0 records found - comparisons: b1394 n250 s250
916/668 SWANSTON STREET CARLTON 3053 --> 0 records found - comparisons: b1364 n250 s250
1 UNION ROAD PARKVILLE 3052 --> 0 records found - comparisons: b1984 n250 s250
917/668 SWANSTON STREET CARLTON 3053 --> 0 records found - comparisons: b1364 n250 s250
1011A/640 SWANSTON STREET CARLTON 3053 --> 0 records found - comparisons: b2304 n250 s250
20 MONASH ROAD PARKVILLE 3052 --> 0 records found - comparisons: b2161 n250 s250
157-159 BARRY STREET CARLTON 3053 --> 0 records found - comparisons: b2169 n250 s250
85 BARRY STREET CARLTON 3053 --> 0 records found - comparisons: b1313 n250 s250
1102/640 SWANSTON STREET CARLTON 3053 --> 0 records found - comparisons: b2249 n250 s250
1073/640 SWANSTON STREET CARLTON 3053 --> 0 records found - comparisons: b2283 n250 s250
1135/640 SWANSTON STREET CARLTON 3053 --> 0 records found - comparisons: b2228 n250 s250
1083/640 SWANSTON STREET CARLTON 3053 --> 0 records found - comparisons: b2296 n250 s250
2033/640 SWANSTON STREET CARLTON 3053 --> 0 records found - comparisons: b2198 n250 s250
1081/640 SWANSTON STREET CARLTON 3053 --> 0 records found - comparisons: b2296 n250 s250
302B/640 SWANSTON STREET CARLTON 3053 --> 0 records found - comparisons: b2086 n250 s250
902/668 SWANSTON STREET CARLTON 3053 --> 0 records found - comparisons: b1389 n250 s250
135-137 ROYAL PARADE PARKVILLE 3052 --> 0 records found - comparisons: b2212 n250 s250
29 COLLEGE CRESCENT PARKVILLE 3052 --> 0 records found - comparisons: b1977 n250 s250
2 ROYAL PARADE PARKVILLE 3052 --> 0 records found - comparisons: b1922 n250 s250
81-87 BARRY STREET CARLTON 3053 --> 0 records found - comparisons: b1317 n250 s250
908/151 BERKELEY STREET MELBOURNE 3000 --> 0 records found - comparisons: b1386 n250 s250
914/668 SWANSTON STREET CARLTON 3053 --> 0 records found - comparisons: b1364 n250 s250
907/668 SWANSTON STREET CARLTON 3053 --> 0 records found - comparisons: b1393 n250 s250
911/668 SWANSTON STREET CARLTON 3053 --> 0 records found - comparisons: b1365 n250 s250
913/668 SWANSTON STREET CARLTON 3053 --> 0 records found - comparisons: b1366 n250 s250
703/668 SWANSTON STREET CARLTON 3053 --> 0 records found - comparisons: b1729 n250 s250
774-782 ELIZABETH STREET MELBOURNE 3000 --> 0 records found - comparisons: b1672 n250 s250
708/668 SWANSTON STREET CARLTON 3053 --> 0 records found - comparisons: b1741 n250 s250
660-674 SWANSTON STREET CARLTON 3053 --> 0 records found - comparisons: b1744 n250 s250
1005/151 BERKELEY STREET MELBOURNE 3000 --> 0 records found - comparisons: b2297 n250 s250
9/201 GRATTAN STREET CARLTON 3053 --> 0 records found - comparisons: b1339 n250 s250
7/201 GRATTAN STREET CARLTON 3053 --> 0 records found - comparisons: b1652 n250 s250
4/201 GRATTAN STREET CARLTON 3053 --> 0 records found - comparisons: b1645 n250 s250
158-164 BOUVERIE STREET CARLTON 3053 --> 0 records found - comparisons: b2163 n250 s250
715 SWANSTON STREET CARLTON 3053 --> 0 records found - comparisons: b1681 n250 s250
292 GRATTAN STREET PARKVILLE 3052 --> 0 records found - comparisons: b1977 n250 s250
107 TIN ALLEY PARKVILLE 3052 --> 0 records found - comparisons: b2284 n250 s250
786-798 ELIZABETH STREET MELBOURNE 3000 --> 0 records found - comparisons: b1681 n250 s250
141 ROYAL PARADE PARKVILLE 3052 --> 0 records found - comparisons: b2171 n250 s250
921/668 SWANSTON STREET CARLTON 3053 --> 0 records found - comparisons: b1361 n250 s250
757 SWANSTON STREET PARKVILLE 3052 --> 0 records found - comparisons: b1665 n250 s250
407/668 SWANSTON STREET CARLTON 3053 --> 0 records found - comparisons: b1750 n250 s250
107/223 BERKELEY STREET MELBOURNE 3000 --> 0 records found - comparisons: b2294 n250 s250
405A/640 SWANSTON STREET CARLTON 3053 --> 0 records found - comparisons: b1753 n250 s250
902A/640 SWANSTON STREET CARLTON 3053 --> 0 records found - comparisons: b1389 n250 s250
197-203 BOUVERIE STREET CARLTON 3053 --> 0 records found - comparisons: b2085 n250 s250
225-235 BOUVERIE STREET CARLTON 3053 --> 0 records found - comparisons: b2085 n250 s250
207-223 BOUVERIE STREET CARLTON 3053 --> 0 records found - comparisons: b2191 n250 s250
8/135 ROYAL PARADE PARKVILLE 3052 --> 0 records found - comparisons: b1320 n250 s250
228 PELHAM STREET MELBOURNE 3000 --> 0 records found - comparisons: b2082 n250 s250
803/18 LINCOLN SQUARE N CARLTON 3053 --> 0 records found - comparisons: b1331 n250 s250
706A/640 SWANSTON STREET CARLTON 3053 --> 0 records found - comparisons: b1735 n250 s250
704A/640 SWANSTON STREET CARLTON 3053 --> 0 records found - comparisons: b1733 n250 s250
212A/640 SWANSTON STREET CARLTON 3053 --> 0 records found - comparisons: b2122 n250 s250
213-217 GRATTAN STREET CARLTON 3053 --> 0 records found - comparisons: b2152 n250 s250
902/18 LINCOLN SQUARE N CARLTON 3053 --> 0 records found - comparisons: b1389 n250 s250
1000A/640 SWANSTON STREET CARLTON 3053 --> 0 records found - comparisons: b2296 n250 s250
87 TIN ALLEY PARKVILLE 3052 --> 0 records found - comparisons: b1313 n250 s250
41 MEDICAL ROAD PARKVILLE 3052 --> 0 records found - comparisons: b1688 n250 s250
9 MEDICAL ROAD PARKVILLE 3052 --> 0 records found - comparisons: b1330 n250 s250
1/196 PELHAM STREET CARLTON 3053 --> 0 records found - comparisons: b1984 n250 s250
1S/650 SWANSTON STREET CARLTON 3053 --> 0 records found - comparisons: b1848 n250 s250
1001/18 LINCOLN SQUARE N CARLTON 3053 --> 0 records found - comparisons: b2296 n250 s250
7/135 ROYAL PARADE PARKVILLE 3052 --> 0 records found - comparisons: b1652 n250 s250
2/196 PELHAM STREET CARLTON 3053 --> 0 records found - comparisons: b1932 n250 s250
680-682 SWANSTON STREET CARLTON 3053 --> 0 records found - comparisons: b1715 n250 s250
904/668 SWANSTON STREET CARLTON 3053 --> 0 records found - comparisons: b1406 n250 s250
121-125 ROYAL PARADE PARKVILLE 3052 --> 0 records found - comparisons: b2263 n250 s250
167 GRATTAN STREET CARLTON 3053 --> 0 records found - comparisons: b2155 n250 s250
1004/18 LINCOLN SQUARE N CARLTON 3053 --> 0 records found - comparisons: b2297 n250 s250
22-40 LINCOLN SQUARE N CARLTON 3053 --> 0 records found - comparisons: b2081 n250 s250
703A/640 SWANSTON STREET CARLTON 3053 --> 0 records found - comparisons: b1729 n250 s250
1008A/640 SWANSTON STREET CARLTON 3053 --> 0 records found - comparisons: b2298 n250 s250
164-170 PELHAM STREET CARLTON 3053 --> 0 records found - comparisons: b2156 n250 s250
53 PROFESSORS WALK PARKVILLE 3052 --> 0 records found - comparisons: b1593 n250 s250
175 GRATTAN STREET CARLTON 3053 --> 0 records found - comparisons: b2166 n250 s250
22/650 SWANSTON STREET CARLTON 3053 --> 0 records found - comparisons: b2081 n250 s250
110/223 BERKELEY STREET MELBOURNE 3000 --> 0 records found - comparisons: b2243 n250 s250
915/668 SWANSTON STREET CARLTON 3053 --> 0 records found - comparisons: b1364 n250 s250
908/668 SWANSTON STREET CARLTON 3053 --> 0 records found - comparisons: b1386 n250 s250
906A/640 SWANSTON STREET CARLTON 3053 --> 0 records found - comparisons: b1391 n250 s250
610A/640 SWANSTON STREET CARLTON 3053 --> 0 records found - comparisons: b1795 n250 s250
207A/640 SWANSTON STREET CARLTON 3053 --> 0 records found - comparisons: b2191 n250 s250
107A/640 SWANSTON STREET CARLTON 3053 --> 0 records found - comparisons: b2281 n250 s250
1003A/640 SWANSTON STREET CARLTON 3053 --> 0 records found - comparisons: b2296 n250 s250
510/223 BERKELEY STREET MELBOURNE 3000 --> 0 records found - comparisons: b1597 n250 s250
714-736 SWANSTON STREET CARLTON 3053 --> 0 records found - comparisons: b1681 n250 s250
167-171 BERKELEY STREET MELBOURNE 3000 --> 0 records found - comparisons: b2155 n250 s250
1/701 SWANSTON STREET CARLTON 3053 --> 0 records found - comparisons: b1984 n250 s250
807A/640 SWANSTON STREET CARLTON 3053 --> 0 records found - comparisons: b1333 n250 s250
805A/640 SWANSTON STREET CARLTON 3053 --> 0 records found - comparisons: b1330 n250 s250
501A/640 SWANSTON STREET CARLTON 3053 --> 0 records found - comparisons: b1622 n250 s250
410A/640 SWANSTON STREET CARLTON 3053 --> 0 records found - comparisons: b1692 n250 s250
20-24 CHURCH STREET CARLTON 3053 --> 0 records found - comparisons: b2154 n250 s250
211A/640 SWANSTON STREET CARLTON 3053 --> 0 records found - comparisons: b2120 n250 s250
190-192 PELHAM STREET CARLTON 3053 --> 0 records found - comparisons: b2085 n250 s250
607A/640 SWANSTON STREET CARLTON 3053 --> 0 records found - comparisons: b1874 n250 s250
401/668 SWANSTON STREET CARLTON 3053 --> 0 records found - comparisons: b1763 n250 s250
405/668 SWANSTON STREET CARLTON 3053 --> 0 records found - comparisons: b1765 n250 s250
723-741 SWANSTON STREET CARLTON 3053 --> 0 records found - comparisons: b1681 n250 s250
608A/640 SWANSTON STREET CARLTON 3053 --> 0 records found - comparisons: b1853 n250 s250
102/223 BERKELEY STREET MELBOURNE 3000 --> 0 records found - comparisons: b2279 n250 s250
405/223 BERKELEY STREET MELBOURNE 3000 --> 0 records found - comparisons: b1766 n250 s250
202/223 BERKELEY STREET MELBOURNE 3000 --> 0 records found - comparisons: b2230 n250 s250
205/223 BERKELEY STREET MELBOURNE 3000 --> 0 records found - comparisons: b2190 n250 s250
207/223 BERKELEY STREET MELBOURNE 3000 --> 0 records found - comparisons: b2191 n250 s250
210/223 BERKELEY STREET MELBOURNE 3000 --> 0 records found - comparisons: b2122 n250 s250
301/223 BERKELEY STREET MELBOURNE 3000 --> 0 records found - comparisons: b2087 n250 s250
302/223 BERKELEY STREET MELBOURNE 3000 --> 0 records found - comparisons: b2086 n250 s250
309/223 BERKELEY STREET MELBOURNE 3000 --> 0 records found - comparisons: b2113 n250 s250
401/223 BERKELEY STREET MELBOURNE 3000 --> 0 records found - comparisons: b1764 n250 s250
404/223 BERKELEY STREET MELBOURNE 3000 --> 0 records found - comparisons: b1781 n250 s250
406/223 BERKELEY STREET MELBOURNE 3000 --> 0 records found - comparisons: b1780 n250 s250
407/223 BERKELEY STREET MELBOURNE 3000 --> 0 records found - comparisons: b1750 n250 s250
409/223 BERKELEY STREET MELBOURNE 3000 --> 0 records found - comparisons: b1737 n250 s250
410/223 BERKELEY STREET MELBOURNE 3000 --> 0 records found - comparisons: b1692 n250 s250
14/650 SWANSTON STREET CARLTON 3053 --> 0 records found - comparisons: b2160 n250 s250
151 BARRY STREET CARLTON 3053 --> 0 records found - comparisons: b2167 n250 s250
701B/640 SWANSTON STREET CARLTON 3053 --> 0 records found - comparisons: b1735 n250 s250
505B/640 SWANSTON STREET CARLTON 3053 --> 0 records found - comparisons: b1628 n250 s250
503B/640 SWANSTON STREET CARLTON 3053 --> 0 records found - comparisons: b1625 n250 s250
500B/640 SWANSTON STREET CARLTON 3053 --> 0 records found - comparisons: b1622 n250 s250
407B/640 SWANSTON STREET CARLTON 3053 --> 0 records found - comparisons: b1750 n250 s250
408A/640 SWANSTON STREET CARLTON 3053 --> 0 records found - comparisons: b1739 n250 s250
301A/640 SWANSTON STREET CARLTON 3053 --> 0 records found - comparisons: b2092 n250 s250
404A/640 SWANSTON STREET CARLTON 3053 --> 0 records found - comparisons: b1755 n250 s250
174 LEICESTER STREET CARLTON 3053 --> 0 records found - comparisons: b2166 n250 s250
910/668 SWANSTON STREET CARLTON 3053 --> 0 records found - comparisons: b1365 n250 s250
300B/640 SWANSTON STREET CARLTON 3053 --> 0 records found - comparisons: b2085 n250 s250
105B/640 SWANSTON STREET CARLTON 3053 --> 0 records found - comparisons: b2286 n250 s250
405B/640 SWANSTON STREET CARLTON 3053 --> 0 records found - comparisons: b1753 n250 s250
712A/640 SWANSTON STREET CARLTON 3053 --> 0 records found - comparisons: b1681 n250 s250
711A/640 SWANSTON STREET CARLTON 3053 --> 0 records found - comparisons: b1681 n250 s250
611A/640 SWANSTON STREET CARLTON 3053 --> 0 records found - comparisons: b1795 n250 s250
513A/640 SWANSTON STREET CARLTON 3053 --> 0 records found - comparisons: b1597 n250 s250
510A/640 SWANSTON STREET CARLTON 3053 --> 0 records found - comparisons: b1597 n250 s250
103B/640 SWANSTON STREET CARLTON 3053 --> 0 records found - comparisons: b2279 n250 s250
100B/640 SWANSTON STREET CARLTON 3053 --> 0 records found - comparisons: b2289 n250 s250
205B/640 SWANSTON STREET CARLTON 3053 --> 0 records found - comparisons: b2195 n250 s250
179-201 PELHAM STREET CARLTON 3053 --> 0 records found - comparisons: b2163 n250 s250
105/223 BERKELEY STREET MELBOURNE 3000 --> 0 records found - comparisons: b2281 n250 s250
16/650 SWANSTON STREET CARLTON 3053 --> 0 records found - comparisons: b2153 n250 s250
106/223 BERKELEY STREET MELBOURNE 3000 --> 0 records found - comparisons: b2281 n250 s250
109/223 BERKELEY STREET MELBOURNE 3000 --> 0 records found - comparisons: b2275 n250 s250
177 GRATTAN STREET CARLTON 3053 --> 0 records found - comparisons: b2166 n250 s250
150-154 PELHAM STREET CARLTON 3053 --> 0 records found - comparisons: b2167 n250 s250
1/223 BERKELEY STREET MELBOURNE 3000 --> 0 records found - comparisons: b1984 n250 s250
17 KERNOT ROAD PARKVILLE 3052 --> 0 records found - comparisons: b2168 n250 s250
401B/640 SWANSTON STREET CARLTON 3053 --> 0 records found - comparisons: b1751 n250 s250
307B/640 SWANSTON STREET CARLTON 3053 --> 0 records found - comparisons: b2092 n250 s250
743-751 SWANSTON STREET CARLTON 3053 --> 0 records found - comparisons: b1665 n250 s250
306B/640 SWANSTON STREET CARLTON 3053 --> 0 records found - comparisons: b2099 n250 s250
208B/640 SWANSTON STREET CARLTON 3053 --> 0 records found - comparisons: b2187 n250 s250
207B/640 SWANSTON STREET CARLTON 3053 --> 0 records found - comparisons: b2191 n250 s250
106B/640 SWANSTON STREET CARLTON 3053 --> 0 records found - comparisons: b2286 n250 s250
166-186 BOUVERIE STREET CARLTON 3053 --> 0 records found - comparisons: b2155 n250 s250
2S/151 BERKELEY STREET MELBOURNE 3000 --> 0 records found - comparisons: b1819 n250 s250
3S/151 BERKELEY STREET MELBOURNE 3000 --> 0 records found - comparisons: b1797 n250 s250
901/668 SWANSTON STREET CARLTON 3053 --> 0 records found - comparisons: b1388 n250 s250
1095/640 SWANSTON STREET CARLTON 3053 --> 0 records found - comparisons: b2275 n250 s250
1134/640 SWANSTON STREET CARLTON 3053 --> 0 records found - comparisons: b2228 n250 s250
1072/640 SWANSTON STREET CARLTON 3053 --> 0 records found - comparisons: b2283 n250 s250
1111/640 SWANSTON STREET CARLTON 3053 --> 0 records found - comparisons: b2243 n250 s250
303/223 BERKELEY STREET MELBOURNE 3000 --> 0 records found - comparisons: b2103 n250 s250
507/668 SWANSTON STREET CARLTON 3053 --> 0 records found - comparisons: b1625 n250 s250
156-162 PELHAM STREET CARLTON 3053 --> 0 records found - comparisons: b2190 n250 s250
1109/640 SWANSTON STREET CARLTON 3053 --> 0 records found - comparisons: b2245 n250 s250
1086/640 SWANSTON STREET CARLTON 3053 --> 0 records found - comparisons: b2293 n250 s250
1101/640 SWANSTON STREET CARLTON 3053 --> 0 records found - comparisons: b2248 n250 s250
182-200 BERKELEY STREET CARLTON 3053 --> 0 records found - comparisons: b2108 n250 s250
207/151 BERKELEY STREET MELBOURNE 3000 --> 0 records found - comparisons: b2191 n250 s250
4/650 SWANSTON STREET CARLTON 3053 --> 0 records found - comparisons: b1644 n250 s250
1085/640 SWANSTON STREET CARLTON 3053 --> 0 records found - comparisons: b2293 n250 s250
507/223 BERKELEY STREET MELBOURNE 3000 --> 0 records found - comparisons: b1625 n250 s250
1079/640 SWANSTON STREET CARLTON 3053 --> 0 records found - comparisons: b2283 n250 s250
29S/151 BERKELEY STREET MELBOURNE 3000 --> 0 records found - comparisons: b1977 n250 s250
1112/640 SWANSTON STREET CARLTON 3053 --> 0 records found - comparisons: b2242 n250 s250
508/668 SWANSTON STREET CARLTON 3053 --> 0 records found - comparisons: b1617 n250 s250
660 SWANSTON STREET CARLTON 3053 --> 0 records found - comparisons: b1744 n250 s250
701/668 SWANSTON STREET CARLTON 3053 --> 0 records found - comparisons: b1752 n250 s250
1006A/640 SWANSTON STREET CARLTON 3053 --> 0 records found - comparisons: b2298 n250 s250
602/668 SWANSTON STREET CARLTON 3053 --> 0 records found - comparisons: b1879 n250 s250
207-211 GRATTAN STREET CARLTON 3053 --> 0 records found - comparisons: b2191 n250 s250
27G/723 SWANSTON STREET CARLTON 3053 --> 0 records found - comparisons: b2039 n250 s250
723 SWANSTON STREET CARLTON 3053 --> 0 records found - comparisons: b1681 n250 s250
182-208 LEICESTER STREET CARLTON 3053 --> 0 records found - comparisons: b2108 n250 s250
512/668 SWANSTON STREET CARLTON 3053 --> 0 records found - comparisons: b1597 n250 s250
670 SWANSTON STREET CARLTON 3053 --> 0 records found - comparisons: b1746 n250 s250
1121/640 SWANSTON STREET CARLTON 3053 --> 0 records found - comparisons: b2228 n250 s250
1241/640 SWANSTON STREET CARLTON 3053 --> 0 records found - comparisons: b2243 n250 s250
27/650 SWANSTON STREET CARLTON 3053 --> 0 records found - comparisons: b2037 n250 s250
1106/640 SWANSTON STREET CARLTON 3053 --> 0 records found - comparisons: b2248 n250 s250
1097/640 SWANSTON STREET CARLTON 3053 --> 0 records found - comparisons: b2275 n250 s250
606A/640 SWANSTON STREET CARLTON 3053 --> 0 records found - comparisons: b1874 n250 s250
412A/640 SWANSTON STREET CARLTON 3053 --> 0 records found - comparisons: b1691 n250 s250
401A/640 SWANSTON STREET CARLTON 3053 --> 0 records found - comparisons: b1751 n250 s250
1244/640 SWANSTON STREET CARLTON 3053 --> 0 records found - comparisons: b2243 n250 s250
1100/640 SWANSTON STREET CARLTON 3053 --> 0 records found - comparisons: b2248 n250 s250
1076/640 SWANSTON STREET CARLTON 3053 --> 0 records found - comparisons: b2283 n250 s250
2032/640 SWANSTON STREET CARLTON 3053 --> 0 records found - comparisons: b2198 n250 s250
1084/640 SWANSTON STREET CARLTON 3053 --> 0 records found - comparisons: b2293 n250 s250
1242/640 SWANSTON STREET CARLTON 3053 --> 0 records found - comparisons: b2243 n250 s250
204A/640 SWANSTON STREET CARLTON 3053 --> 0 records found - comparisons: b2188 n250 s250
182-200 LEICESTER STREET CARLTON 3053 --> 0 records found - comparisons: b2108 n250 s250
1505/151 BERKELEY STREET MELBOURNE 3000 --> 0 records found - comparisons: b2167 n250 s250
905/151 BERKELEY STREET MELBOURNE 3000 --> 0 records found - comparisons: b1394 n250 s250
104/223 BERKELEY STREET MELBOURNE 3000 --> 0 records found - comparisons: b2281 n250 s250
906/151 BERKELEY STREET MELBOURNE 3000 --> 0 records found - comparisons: b1391 n250 s250
907/151 BERKELEY STREET MELBOURNE 3000 --> 0 records found - comparisons: b1393 n250 s250
607B/640 SWANSTON STREET CARLTON 3053 --> 0 records found - comparisons: b1874 n250 s250
1001/151 BERKELEY STREET MELBOURNE 3000 --> 0 records found - comparisons: b2296 n250 s250
1002/151 BERKELEY STREET MELBOURNE 3000 --> 0 records found - comparisons: b2296 n250 s250
1003/151 BERKELEY STREET MELBOURNE 3000 --> 0 records found - comparisons: b2296 n250 s250
1004/151 BERKELEY STREET MELBOURNE 3000 --> 0 records found - comparisons: b2297 n250 s250
310/223 BERKELEY STREET MELBOURNE 3000 --> 0 records found - comparisons: b2006 n250 s250
1006/151 BERKELEY STREET MELBOURNE 3000 --> 0 records found - comparisons: b2298 n250 s250
1502/151 BERKELEY STREET MELBOURNE 3000 --> 0 records found - comparisons: b2167 n250 s250
1503/151 BERKELEY STREET MELBOURNE 3000 --> 0 records found - comparisons: b2167 n250 s250
1504/151 BERKELEY STREET MELBOURNE 3000 --> 0 records found - comparisons: b2167 n250 s250
1401/151 BERKELEY STREET MELBOURNE 3000 --> 0 records found - comparisons: b2184 n250 s250
902/151 BERKELEY STREET MELBOURNE 3000 --> 0 records found - comparisons: b1389 n250 s250
903/151 BERKELEY STREET MELBOURNE 3000 --> 0 records found - comparisons: b1391 n250 s250
806/668 SWANSTON STREET CARLTON 3053 --> 0 records found - comparisons: b1331 n250 s250
807/668 SWANSTON STREET CARLTON 3053 --> 0 records found - comparisons: b1345 n250 s250
808/668 SWANSTON STREET CARLTON 3053 --> 0 records found - comparisons: b1327 n250 s250
809/668 SWANSTON STREET CARLTON 3053 --> 0 records found - comparisons: b1327 n250 s250
810/668 SWANSTON STREET CARLTON 3053 --> 0 records found - comparisons: b1317 n250 s250
704/668 SWANSTON STREET CARLTON 3053 --> 0 records found - comparisons: b1733 n250 s250
1-17 COLLEGE CRESCENT PARKVILLE 3052 --> 0 records found - comparisons: b1984 n250 s250
406/668 SWANSTON STREET CARLTON 3053 --> 0 records found - comparisons: b1778 n250 s250
220 BERKELEY STREET CARLTON 3053 --> 0 records found - comparisons: b2083 n250 s250
183-189 BOUVERIE STREET CARLTON 3053 --> 0 records found - comparisons: b2108 n250 s250
1204/18 LINCOLN SQUARE N CARLTON 3053 --> 0 records found - comparisons: b2348 n250 s250
701/18 LINCOLN SQUARE N CARLTON 3053 --> 0 records found - comparisons: b1753 n250 s250
1301/18 LINCOLN SQUARE N CARLTON 3053 --> 0 records found - comparisons: b2231 n250 s250
109A/640 SWANSTON STREET CARLTON 3053 --> 0 records found - comparisons: b2275 n250 s250
808A/640 SWANSTON STREET CARLTON 3053 --> 0 records found - comparisons: b1327 n250 s250
102/18 LINCOLN SQUARE N CARLTON 3053 --> 0 records found - comparisons: b2279 n250 s250
801A/640 SWANSTON STREET CARLTON 3053 --> 0 records found - comparisons: b1330 n250 s250
600B/640 SWANSTON STREET CARLTON 3053 --> 0 records found - comparisons: b1866 n250 s250
502/668 SWANSTON STREET CARLTON 3053 --> 0 records found - comparisons: b1623 n250 s250
918/668 SWANSTON STREET CARLTON 3053 --> 0 records found - comparisons: b1363 n250 s250
1027/640 SWANSTON STREET CARLTON 3053 --> 0 records found - comparisons: b2279 n250 s250
208/223 BERKELEY STREET MELBOURNE 3000 --> 0 records found - comparisons: b2187 n250 s250
100 ROYAL PARADE PARKVILLE 3052 --> 0 records found - comparisons: b2293 n250 s250
1094/640 SWANSTON STREET CARLTON 3053 --> 0 records found - comparisons: b2275 n250 s250
1099/640 SWANSTON STREET CARLTON 3053 --> 0 records found - comparisons: b2275 n250 s250
1077/640 SWANSTON STREET CARLTON 3053 --> 0 records found - comparisons: b2283 n250 s250
2/743-751 SWANSTON STREET CARLTON 3053 --> 0 records found - comparisons: b1931 n250 s250
3 UNION ROAD PARKVILLE 3052 --> 0 records found - comparisons: b1867 n250 s250
1098/640 SWANSTON STREET CARLTON 3053 --> 0 records found - comparisons: b2275 n250 s250
2019/640 SWANSTON STREET CARLTON 3053 --> 0 records found - comparisons: b2206 n250 s250
156 BOUVERIE STREET CARLTON 3053 --> 0 records found - comparisons: b2174 n250 s250
102A/640 SWANSTON STREET CARLTON 3053 --> 0 records found - comparisons: b2279 n250 s250
171-173 GRATTAN STREET CARLTON 3053 --> 0 records found - comparisons: b2172 n250 s250
1005A/640 SWANSTON STREET CARLTON 3053 --> 0 records found - comparisons: b2297 n250 s250
912A/640 SWANSTON STREET CARLTON 3053 --> 0 records found - comparisons: b1368 n250 s250
197-235 BOUVERIE STREET CARLTON 3053 --> 0 records found - comparisons: b2085 n250 s250
305/223 BERKELEY STREET MELBOURNE 3000 --> 0 records found - comparisons: b2134 n250 s250
804/668 SWANSTON STREET CARLTON 3053 --> 0 records found - comparisons: b1330 n250 s250
903/668 SWANSTON STREET CARLTON 3053 --> 0 records found - comparisons: b1391 n250 s250
1506/151 BERKELEY STREET MELBOURNE 3000 --> 0 records found - comparisons: b2167 n250 s250
1507/151 BERKELEY STREET MELBOURNE 3000 --> 0 records found - comparisons: b2167 n250 s250
1508/151 BERKELEY STREET MELBOURNE 3000 --> 0 records found - comparisons: b2167 n250 s250
1601/151 BERKELEY STREET MELBOURNE 3000 --> 0 records found - comparisons: b2154 n250 s250
1602/151 BERKELEY STREET MELBOURNE 3000 --> 0 records found - comparisons: b2154 n250 s250
1603/151 BERKELEY STREET MELBOURNE 3000 --> 0 records found - comparisons: b2154 n250 s250
1604/151 BERKELEY STREET MELBOURNE 3000 --> 0 records found - comparisons: b2154 n250 s250
1605/151 BERKELEY STREET MELBOURNE 3000 --> 0 records found - comparisons: b2154 n250 s250
1606/151 BERKELEY STREET MELBOURNE 3000 --> 0 records found - comparisons: b2154 n250 s250
1608/151 BERKELEY STREET MELBOURNE 3000 --> 0 records found - comparisons: b2154 n250 s250
1701/151 BERKELEY STREET MELBOURNE 3000 --> 0 records found - comparisons: b2187 n250 s250
1078/640 SWANSTON STREET CARLTON 3053 --> 0 records found - comparisons: b2283 n250 s250
2043/640 SWANSTON STREET CARLTON 3053 --> 0 records found - comparisons: b2188 n250 s250
1703/151 BERKELEY STREET MELBOURNE 3000 --> 0 records found - comparisons: b2188 n250 s250
503A/640 SWANSTON STREET CARLTON 3053 --> 0 records found - comparisons: b1625 n250 s250
153-163 BARRY STREET CARLTON 3053 --> 0 records found - comparisons: b2173 n250 s250
923/668 SWANSTON STREET CARLTON 3053 --> 0 records found - comparisons: b1360 n250 s250
168-172 LEICESTER STREET CARLTON 3053 --> 0 records found - comparisons: b2153 n250 s250
193-195 BOUVERIE STREET CARLTON 3053 --> 0 records found - comparisons: b2085 n250 s250
2/650 SWANSTON STREET CARLTON 3053 --> 0 records found - comparisons: b1931 n250 s250
242 GRATTAN STREET PARKVILLE 3052 --> 0 records found - comparisons: b2041 n250 s250
802/668 SWANSTON STREET CARLTON 3053 --> 0 records found - comparisons: b1333 n250 s250
909/668 SWANSTON STREET CARLTON 3053 --> 0 records found - comparisons: b1388 n250 s250
169 GRATTAN STREET CARLTON 3053 --> 0 records found - comparisons: b2153 n250 s250
47C/151 BERKELEY STREET MELBOURNE 3000 --> 0 records found - comparisons: b1667 n250 s250
4S/151 BERKELEY STREET MELBOURNE 3000 --> 0 records found - comparisons: b1599 n250 s250
5S/151 BERKELEY STREET MELBOURNE 3000 --> 0 records found - comparisons: b1569 n250 s250
407A/640 SWANSTON STREET CARLTON 3053 --> 0 records found - comparisons: b1750 n250 s250
6S/151 BERKELEY STREET MELBOURNE 3000 --> 0 records found - comparisons: b1637 n250 s250
7S/151 BERKELEY STREET MELBOURNE 3000 --> 0 records found - comparisons: b1613 n250 s250
233 PELHAM STREET MELBOURNE 3000 --> 0 records found - comparisons: b2159 n250 s250
1007/151 BERKELEY STREET MELBOURNE 3000 --> 0 records found - comparisons: b2300 n250 s250
1008/151 BERKELEY STREET MELBOURNE 3000 --> 0 records found - comparisons: b2298 n250 s250
1101/151 BERKELEY STREET MELBOURNE 3000 --> 0 records found - comparisons: b2248 n250 s250
268 GRATTAN STREET PARKVILLE 3052 --> 0 records found - comparisons: b2037 n250 s250
402A/640 SWANSTON STREET CARLTON 3053 --> 0 records found - comparisons: b1751 n250 s250
1102/151 BERKELEY STREET MELBOURNE 3000 --> 0 records found - comparisons: b2249 n250 s250
105/18 LINCOLN SQUARE N CARLTON 3053 --> 0 records found - comparisons: b2281 n250 s250
203/18 LINCOLN SQUARE N CARLTON 3053 --> 0 records found - comparisons: b2208 n250 s250
302A/640 SWANSTON STREET CARLTON 3053 --> 0 records found - comparisons: b2086 n250 s250
610/223 BERKELEY STREET MELBOURNE 3000 --> 0 records found - comparisons: b1807 n250 s250
605A/640 SWANSTON STREET CARLTON 3053 --> 0 records found - comparisons: b1872 n250 s250
1002A/640 SWANSTON STREET CARLTON 3053 --> 0 records found - comparisons: b2296 n250 s250
401/18 LINCOLN SQUARE N CARLTON 3053 --> 0 records found - comparisons: b1770 n250 s250
213/640 SWANSTON STREET CARLTON 3053 --> 0 records found - comparisons: b2136 n250 s250
216-228 LEICESTER STREET CARLTON 3053 --> 0 records found - comparisons: b2116 n250 s250
183 PELHAM STREET CARLTON 3053 --> 0 records found - comparisons: b2108 n250 s250
502/223 BERKELEY STREET MELBOURNE 3000 --> 0 records found - comparisons: b1623 n250 s250
154 BOUVERIE STREET CARLTON 3053 --> 0 records found - comparisons: b2169 n250 s250
506/18 LINCOLN SQUARE N CARLTON 3053 --> 0 records found - comparisons: b1627 n250 s250
603/668 SWANSTON STREET CARLTON 3053 --> 0 records found - comparisons: b1867 n250 s250
603/18 LINCOLN SQUARE N CARLTON 3053 --> 0 records found - comparisons: b1867 n250 s250
501/223 BERKELEY STREET MELBOURNE 3000 --> 0 records found - comparisons: b1622 n250 s250
503/223 BERKELEY STREET MELBOURNE 3000 --> 0 records found - comparisons: b1638 n250 s250
504/223 BERKELEY STREET MELBOURNE 3000 --> 0 records found - comparisons: b1640 n250 s250
506/223 BERKELEY STREET MELBOURNE 3000 --> 0 records found - comparisons: b1627 n250 s250
508/223 BERKELEY STREET MELBOURNE 3000 --> 0 records found - comparisons: b1617 n250 s250
601/223 BERKELEY STREET MELBOURNE 3000 --> 0 records found - comparisons: b1884 n250 s250
604/223 BERKELEY STREET MELBOURNE 3000 --> 0 records found - comparisons: b1894 n250 s250
605/223 BERKELEY STREET MELBOURNE 3000 --> 0 records found - comparisons: b1885 n250 s250
606/223 BERKELEY STREET MELBOURNE 3000 --> 0 records found - comparisons: b1899 n250 s250
607/223 BERKELEY STREET MELBOURNE 3000 --> 0 records found - comparisons: b1899 n250 s250
608/223 BERKELEY STREET MELBOURNE 3000 --> 0 records found - comparisons: b1866 n250 s250
705/18 LINCOLN SQUARE N CARLTON 3053 --> 0 records found - comparisons: b1762 n250 s250
835-871 SWANSTON STREET PARKVILLE 3052 --> 0 records found - comparisons: b1315 n250 s250
247-253 BOUVERIE STREET CARLTON 3053 --> 0 records found - comparisons: b2067 n250 s250
8-14 MALVINA PLACE CARLTON 3053 --> 0 records found - comparisons: b1313 n250 s250
609/223 BERKELEY STREET MELBOURNE 3000 --> 0 records found - comparisons: b1865 n250 s250
703/223 BERKELEY STREET MELBOURNE 3000 --> 0 records found - comparisons: b1729 n250 s250
706/223 BERKELEY STREET MELBOURNE 3000 --> 0 records found - comparisons: b1748 n250 s250
707/223 BERKELEY STREET MELBOURNE 3000 --> 0 records found - comparisons: b1747 n250 s250
709/223 BERKELEY STREET MELBOURNE 3000 --> 0 records found - comparisons: b1741 n250 s250
710/223 BERKELEY STREET MELBOURNE 3000 --> 0 records found - comparisons: b1681 n250 s250
83 BARRY STREET CARLTON 3053 --> 0 records found - comparisons: b1315 n250 s250
792 ELIZABETH STREET MELBOURNE 3000 --> 0 records found - comparisons: b1663 n250 s250
5/201 GRATTAN STREET CARLTON 3053 --> 0 records found - comparisons: b1579 n250 s250
176-180 LEICESTER STREET CARLTON 3053 --> 0 records found - comparisons: b2166 n250 s250
119 ROYAL PARADE PARKVILLE 3052 --> 0 records found - comparisons: b2218 n250 s250
16S/151 BERKELEY STREET MELBOURNE 3000 --> 0 records found - comparisons: b2150 n250 s250
17S/151 BERKELEY STREET MELBOURNE 3000 --> 0 records found - comparisons: b2154 n250 s250
19S/151 BERKELEY STREET MELBOURNE 3000 --> 0 records found - comparisons: b2084 n250 s250
20S/151 BERKELEY STREET MELBOURNE 3000 --> 0 records found - comparisons: b2121 n250 s250
21S/151 BERKELEY STREET MELBOURNE 3000 --> 0 records found - comparisons: b2097 n250 s250
22S/151 BERKELEY STREET MELBOURNE 3000 --> 0 records found - comparisons: b2081 n250 s250
24S/151 BERKELEY STREET MELBOURNE 3000 --> 0 records found - comparisons: b2035 n250 s250
25S/151 BERKELEY STREET MELBOURNE 3000 --> 0 records found - comparisons: b2037 n250 s250
57-63 COLLEGE CRESCENT PARKVILLE 3052 --> 0 records found - comparisons: b1591 n250 s250
26S/151 BERKELEY STREET MELBOURNE 3000 --> 0 records found - comparisons: b2037 n250 s250
1207/151 BERKELEY STREET MELBOURNE 3000 --> 0 records found - comparisons: b2326 n250 s250
1301/151 BERKELEY STREET MELBOURNE 3000 --> 0 records found - comparisons: b2231 n250 s250
1302/151 BERKELEY STREET MELBOURNE 3000 --> 0 records found - comparisons: b2253 n250 s250
1303/151 BERKELEY STREET MELBOURNE 3000 --> 0 records found - comparisons: b2232 n250 s250
1304/151 BERKELEY STREET MELBOURNE 3000 --> 0 records found - comparisons: b2232 n250 s250
1306/151 BERKELEY STREET MELBOURNE 3000 --> 0 records found - comparisons: b2231 n250 s250
1103/151 BERKELEY STREET MELBOURNE 3000 --> 0 records found - comparisons: b2270 n250 s250
1104/151 BERKELEY STREET MELBOURNE 3000 --> 0 records found - comparisons: b2270 n250 s250
1105/151 BERKELEY STREET MELBOURNE 3000 --> 0 records found - comparisons: b2249 n250 s250
1106/151 BERKELEY STREET MELBOURNE 3000 --> 0 records found - comparisons: b2248 n250 s250
1108/151 BERKELEY STREET MELBOURNE 3000 --> 0 records found - comparisons: b2245 n250 s250
603/223 BERKELEY STREET MELBOURNE 3000 --> 0 records found - comparisons: b1867 n250 s250
609/151 BERKELEY STREET MELBOURNE 3000 --> 0 records found - comparisons: b1865 n250 s250
20/650 SWANSTON STREET CARLTON 3053 --> 0 records found - comparisons: b2154 n250 s250
313A/640 SWANSTON STREET CARLTON 3053 --> 0 records found - comparisons: b2006 n250 s250
140 BERKELEY STREET CARLTON 3053 --> 0 records found - comparisons: b2179 n250 s250
408B/640 SWANSTON STREET CARLTON 3053 --> 0 records found - comparisons: b1739 n250 s250
407/151 BERKELEY STREET MELBOURNE 3000 --> 0 records found - comparisons: b1750 n250 s250
409/151 BERKELEY STREET MELBOURNE 3000 --> 0 records found - comparisons: b1737 n250 s250
501/151 BERKELEY STREET MELBOURNE 3000 --> 0 records found - comparisons: b1622 n250 s250
502/151 BERKELEY STREET MELBOURNE 3000 --> 0 records found - comparisons: b1623 n250 s250
504/151 BERKELEY STREET MELBOURNE 3000 --> 0 records found - comparisons: b1640 n250 s250
505/151 BERKELEY STREET MELBOURNE 3000 --> 0 records found - comparisons: b1640 n250 s250
506/151 BERKELEY STREET MELBOURNE 3000 --> 0 records found - comparisons: b1627 n250 s250
507/151 BERKELEY STREET MELBOURNE 3000 --> 0 records found - comparisons: b1625 n250 s250
508/151 BERKELEY STREET MELBOURNE 3000 --> 0 records found - comparisons: b1617 n250 s250
509/151 BERKELEY STREET MELBOURNE 3000 --> 0 records found - comparisons: b1617 n250 s250
601/151 BERKELEY STREET MELBOURNE 3000 --> 0 records found - comparisons: b1884 n250 s250
602/151 BERKELEY STREET MELBOURNE 3000 --> 0 records found - comparisons: b1880 n250 s250
1307/151 BERKELEY STREET MELBOURNE 3000 --> 0 records found - comparisons: b2231 n250 s250
1308/151 BERKELEY STREET MELBOURNE 3000 --> 0 records found - comparisons: b2228 n250 s250
205 GRATTAN STREET CARLTON 3053 --> 0 records found - comparisons: b2190 n250 s250
1403/151 BERKELEY STREET MELBOURNE 3000 --> 0 records found - comparisons: b2185 n250 s250
1404/151 BERKELEY STREET MELBOURNE 3000 --> 0 records found - comparisons: b2184 n250 s250
1405/151 BERKELEY STREET MELBOURNE 3000 --> 0 records found - comparisons: b2184 n250 s250
1406/151 BERKELEY STREET MELBOURNE 3000 --> 0 records found - comparisons: b2185 n250 s250
1408/151 BERKELEY STREET MELBOURNE 3000 --> 0 records found - comparisons: b2181 n250 s250
1501/151 BERKELEY STREET MELBOURNE 3000 --> 0 records found - comparisons: b2167 n250 s250
1705/151 BERKELEY STREET MELBOURNE 3000 --> 0 records found - comparisons: b2186 n250 s250
1707/151 BERKELEY STREET MELBOURNE 3000 --> 0 records found - comparisons: b2186 n250 s250
1708/151 BERKELEY STREET MELBOURNE 3000 --> 0 records found - comparisons: b2185 n250 s250
1801/151 BERKELEY STREET MELBOURNE 3000 --> 0 records found - comparisons: b2121 n250 s250
696-708 ELIZABETH STREET MELBOURNE 3000 --> 0 records found - comparisons: b1721 n250 s250
1804/151 BERKELEY STREET MELBOURNE 3000 --> 0 records found - comparisons: b2122 n250 s250
1704/151 BERKELEY STREET MELBOURNE 3000 --> 0 records found - comparisons: b2186 n250 s250
308/223 BERKELEY STREET MELBOURNE 3000 --> 0 records found - comparisons: b2101 n250 s250
602/18 LINCOLN SQUARE N CARLTON 3053 --> 0 records found - comparisons: b1880 n250 s250
402/223 BERKELEY STREET MELBOURNE 3000 --> 0 records found - comparisons: b1764 n250 s250
604/18 LINCOLN SQUARE N CARLTON 3053 --> 0 records found - comparisons: b1900 n250 s250
605/18 LINCOLN SQUARE N CARLTON 3053 --> 0 records found - comparisons: b1891 n250 s250
702/151 BERKELEY STREET MELBOURNE 3000 --> 0 records found - comparisons: b1729 n250 s250
703/151 BERKELEY STREET MELBOURNE 3000 --> 0 records found - comparisons: b1729 n250 s250
704/151 BERKELEY STREET MELBOURNE 3000 --> 0 records found - comparisons: b1733 n250 s250
705/151 BERKELEY STREET MELBOURNE 3000 --> 0 records found - comparisons: b1762 n250 s250
707/151 BERKELEY STREET MELBOURNE 3000 --> 0 records found - comparisons: b1747 n250 s250
708/151 BERKELEY STREET MELBOURNE 3000 --> 0 records found - comparisons: b1742 n250 s250
709/151 BERKELEY STREET MELBOURNE 3000 --> 0 records found - comparisons: b1741 n250 s250
801/151 BERKELEY STREET MELBOURNE 3000 --> 0 records found - comparisons: b1330 n250 s250
803/151 BERKELEY STREET MELBOURNE 3000 --> 0 records found - comparisons: b1331 n250 s250
804/151 BERKELEY STREET MELBOURNE 3000 --> 0 records found - comparisons: b1330 n250 s250
805/151 BERKELEY STREET MELBOURNE 3000 --> 0 records found - comparisons: b1330 n250 s250
303B/640 SWANSTON STREET CARLTON 3053 --> 0 records found - comparisons: b2095 n250 s250
508B/640 SWANSTON STREET CARLTON 3053 --> 0 records found - comparisons: b1617 n250 s250
201B/640 SWANSTON STREET CARLTON 3053 --> 0 records found - comparisons: b2200 n250 s250
806/151 BERKELEY STREET MELBOURNE 3000 --> 0 records found - comparisons: b1331 n250 s250
808/151 BERKELEY STREET MELBOURNE 3000 --> 0 records found - comparisons: b1327 n250 s250
901/151 BERKELEY STREET MELBOURNE 3000 --> 0 records found - comparisons: b1388 n250 s250
507B/640 SWANSTON STREET CARLTON 3053 --> 0 records found - comparisons: b1625 n250 s250
506B/640 SWANSTON STREET CARLTON 3053 --> 0 records found - comparisons: b1632 n250 s250
501B/640 SWANSTON STREET CARLTON 3053 --> 0 records found - comparisons: b1622 n250 s250
608B/640 SWANSTON STREET CARLTON 3053 --> 0 records found - comparisons: b1853 n250 s250
606B/640 SWANSTON STREET CARLTON 3053 --> 0 records found - comparisons: b1874 n250 s250
605B/640 SWANSTON STREET CARLTON 3053 --> 0 records found - comparisons: b1872 n250 s250
602B/640 SWANSTON STREET CARLTON 3053 --> 0 records found - comparisons: b1867 n250 s250
3-4/230 GRATTAN STREET PARKVILLE 3052 --> 0 records found - comparisons: b1871 n250 s250
108/223 BERKELEY STREET MELBOURNE 3000 --> 0 records found - comparisons: b2300 n250 s250
403/223 BERKELEY STREET MELBOURNE 3000 --> 0 records found - comparisons: b1751 n250 s250
305B/640 SWANSTON STREET CARLTON 3053 --> 0 records found - comparisons: b2096 n250 s250
191-197 GRATTAN STREET CARLTON 3053 --> 0 records found - comparisons: b2085 n250 s250
702/223 BERKELEY STREET MELBOURNE 3000 --> 0 records found - comparisons: b1729 n250 s250
18S/151 BERKELEY STREET MELBOURNE 3000 --> 0 records found - comparisons: b2092 n250 s250
23S/151 BERKELEY STREET MELBOURNE 3000 --> 0 records found - comparisons: b2105 n250 s250
27S/151 BERKELEY STREET MELBOURNE 3000 --> 0 records found - comparisons: b2037 n250 s250
32S/151 BERKELEY STREET MELBOURNE 3000 --> 0 records found - comparisons: b1960 n250 s250
906/668 SWANSTON STREET CARLTON 3053 --> 0 records found - comparisons: b1391 n250 s250
40C/151 BERKELEY STREET MELBOURNE 3000 --> 0 records found - comparisons: b1704 n250 s250
41C/151 BERKELEY STREET MELBOURNE 3000 --> 0 records found - comparisons: b1686 n250 s250
196-198 PELHAM STREET CARLTON 3053 --> 0 records found - comparisons: b2085 n250 s250
201/668 SWANSTON STREET CARLTON 3053 --> 0 records found - comparisons: b2227 n250 s250
42C/151 BERKELEY STREET MELBOURNE 3000 --> 0 records found - comparisons: b1673 n250 s250
44C/151 BERKELEY STREET MELBOURNE 3000 --> 0 records found - comparisons: b1667 n250 s250
45C/151 BERKELEY STREET MELBOURNE 3000 --> 0 records found - comparisons: b1665 n250 s250
48C/151 BERKELEY STREET MELBOURNE 3000 --> 0 records found - comparisons: b1662 n250 s250
50C/151 BERKELEY STREET MELBOURNE 3000 --> 0 records found - comparisons: b1605 n250 s250
51C/151 BERKELEY STREET MELBOURNE 3000 --> 0 records found - comparisons: b1597 n250 s250
52C/151 BERKELEY STREET MELBOURNE 3000 --> 0 records found - comparisons: b1593 n250 s250
53C/151 BERKELEY STREET MELBOURNE 3000 --> 0 records found - comparisons: b1593 n250 s250
1S/151 BERKELEY STREET MELBOURNE 3000 --> 0 records found - comparisons: b1848 n250 s250
