18 PROFESSORS WALK PARKVILLE 3052 --> 0 records found - comparisons: b897 n100 s100
783 SWANSTON STREET PARKVILLE 3052 --> 0 records found - comparisons: b637 n100 s100
230 GRATTAN STREET PARKVILLE 3052 --> 2 records found - comparisons: b1313 n100 s100
28S/151 BERKELEY STREET MELBOURNE 3000 --> 1 records found - comparisons: b1068 n100 s100
44 PROFESSORS WALK PARKVILLE 3052 --> 1 records found - comparisons: b913 n100 s100
170 GRATTAN STREET PARKVILLE 3052 --> 2 records found - comparisons: b1441 n100 s100
3/650 SWANSTON STREET CARLTON 3053 --> 1 records found - comparisons: b997 n100 s100
6/650 SWANSTON STREET CARLTON 3053 --> 1 records found - comparisons: b967 n100 s100
7/650 SWANSTON STREET CARLTON 3053 --> 1 records found - comparisons: b905 n100 s100
48 ROYAL PARADE PARKVILLE 3052 --> 2 records found - comparisons: b1126 n100 s100
26/650 SWANSTON STREET CARLTON 3053 --> 1 records found - comparisons: b1059 n100 s100
644 SWANSTON STREET CARLTON 3053 --> 1 records found - comparisons: b965 n100 s100
8/650 SWANSTON STREET CARLTON 3053 --> 1 records found - comparisons: b794 n100 s100
30S/151 BERKELEY STREET MELBOURNE 3000 --> 1 records found - comparisons: b1066 n100 s100
31S/151 BERKELEY STREET MELBOURNE 3000 --> 1 records found - comparisons: b1060 n100 s100
33S/151 BERKELEY STREET MELBOURNE 3000 --> 1 records found - comparisons: b1052 n100 s100
34S/151 BERKELEY STREET MELBOURNE 3000 --> 1 records found - comparisons: b1045 n100 s100
650 SWANSTON STREET CARLTON 3053 --> 1 records found - comparisons: b965 n100 s100
6/201 GRATTAN STREET CARLTON 3053 --> 1 records found - comparisons: b959 n100 s100
1807/151 BERKELEY STREET MELBOURNE 3000 --> 1 records found - comparisons: b1206 n100 s100
1808/151 BERKELEY STREET MELBOURNE 3000 --> 1 records found - comparisons: b1206 n100 s100
1M/151 BERKELEY STREET MELBOURNE 3000 --> 1 records found - comparisons: b1067 n100 s100
3M/151 BERKELEY STREET MELBOURNE 3000 --> 1 records found - comparisons: b1006 n100 s100
1C/151 BERKELEY STREET MELBOURNE 3000 --> 1 records found - comparisons: b1067 n100 s100
3C/151 BERKELEY STREET MELBOURNE 3000 --> 1 records found - comparisons: b1006 n100 s100
4C/151 BERKELEY STREET MELBOURNE 3000 --> 1 records found - comparisons: b930 n100 s100
6C/151 BERKELEY STREET MELBOURNE 3000 --> 1 records found - comparisons: b955 n100 s100
7C/151 BERKELEY STREET MELBOURNE 3000 --> 1 records found - comparisons: b929 n100 s100
8C/151 BERKELEY STREET MELBOURNE 3000 --> 1 records found - comparisons: b820 n100 s100
9C/151 BERKELEY STREET MELBOURNE 3000 --> 1 records found - comparisons: b822 n100 s100
10C/151 BERKELEY STREET MELBOURNE 3000 --> 1 records found - comparisons: b1249 n100 s100
11C/151 BERKELEY STREET MELBOURNE 3000 --> 1 records found - comparisons: b1249 n100 s100
12C/151 BERKELEY STREET MELBOURNE 3000 --> 1 records found - comparisons: b1255 n100 s100
13C/151 BERKELEY STREET MELBOURNE 3000 --> 1 records found - comparisons: b1249 n100 s100
14C/151 BERKELEY STREET MELBOURNE 3000 --> 1 records found - comparisons: b1230 n100 s100
604-640 SWANSTON STREET CARLTON 3053 --> 1 records found - comparisons: b1083 n100 s100
506A/640 SWANSTON STREET CARLTON 3053 --> 1 records found - comparisons: b918 n100 s100
210A/640 SWANSTON STREET CARLTON 3053 --> 1 records found - comparisons: b1114 n100 s100
2/224 PELHAM STREET MELBOURNE 3000 --> 1 records found - comparisons: b1021 n100 s100
15C/151 BERKELEY STREET MELBOURNE 3000 --> 1 records found - comparisons: b1230 n100 s100
16C/151 BERKELEY STREET MELBOURNE 3000 --> 1 records found - comparisons: b1225 n100 s100
8S/151 BERKELEY STREET MELBOURNE 3000 --> 1 records found - comparisons: b820 n100 s100
9S/151 BERKELEY STREET MELBOURNE 3000 --> 1 records found - comparisons: b822 n100 s100
10S/151 BERKELEY STREET MELBOURNE 3000 --> 1 records found - comparisons: b1249 n100 s100
11S/151 BERKELEY STREET MELBOURNE 3000 --> 1 records found - comparisons: b1249 n100 s100
12S/151 BERKELEY STREET MELBOURNE 3000 --> 1 records found - comparisons: b1255 n100 s100
14S/151 BERKELEY STREET MELBOURNE 3000 --> 1 records found - comparisons: b1230 n100 s100
15S/151 BERKELEY STREET MELBOURNE 3000 --> 1 records found - comparisons: b1230 n100 s100
95-129 BARRY STREET CARLTON 3053 --> 1 records found - comparisons: b784 n100 s100
139 BARRY STREET CARLTON 3053 --> 1 records found - comparisons: b1185 n100 s100
213-221 BERKELEY STREET MELBOURNE 3000 --> 1 records found - comparisons: b1128 n100 s100
214 BERKELEY STREET CARLTON 3053 --> 1 records found - comparisons: b1072 n100 s100
208-210 BERKELEY STREET CARLTON 3053 --> 1 records found - comparisons: b1106 n100 s100
1103/18 LINCOLN SQUARE N CARLTON 3053 --> 1 records found - comparisons: b1247 n100 s100
247-249 BOUVERIE STREET CARLTON 3053 --> 1 records found - comparisons: b1067 n100 s100
1203/18 LINCOLN SQUARE N CARLTON 3053 --> 1 records found - comparisons: b1296 n100 s100
30 ROYAL PARADE PARKVILLE 3052 --> 2 records found - comparisons: b1236 n100 s100
201/223 BERKELEY STREET MELBOURNE 3000 --> 1 records found - comparisons: b1126 n100 s100
1302/18 LINCOLN SQUARE N CARLTON 3053 --> 1 records found - comparisons: b1252 n100 s100
305/18 LINCOLN SQUARE N CARLTON 3053 --> 1 records found - comparisons: b1058 n100 s100
202-206 BERKELEY STREET CARLTON 3053 --> 1 records found - comparisons: b1110 n100 s100
604/151 BERKELEY STREET MELBOURNE 3000 --> 1 records found - comparisons: b1099 n100 s100
605/151 BERKELEY STREET MELBOURNE 3000 --> 1 records found - comparisons: b1090 n100 s100
606/151 BERKELEY STREET MELBOURNE 3000 --> 1 records found - comparisons: b1088 n100 s100
607/151 BERKELEY STREET MELBOURNE 3000 --> 1 records found - comparisons: b1088 n100 s100
608/151 BERKELEY STREET MELBOURNE 3000 --> 1 records found - comparisons: b1074 n100 s100
903A/640 SWANSTON STREET CARLTON 3053 --> 1 records found - comparisons: b824 n100 s100
604A/640 SWANSTON STREET CARLTON 3053 --> 1 records found - comparisons: b1086 n100 s100
131-137 BARRY STREET CARLTON 3053 --> 1 records found - comparisons: b1220 n100 s100
601A/640 SWANSTON STREET CARLTON 3053 --> 1 records found - comparisons: b1084 n100 s100
206B/640 SWANSTON STREET CARLTON 3053 --> 1 records found - comparisons: b1118 n100 s100
303A/640 SWANSTON STREET CARLTON 3053 --> 1 records found - comparisons: b1066 n100 s100
205A/640 SWANSTON STREET CARLTON 3053 --> 1 records found - comparisons: b1118 n100 s100
213 BERKELEY STREET MELBOURNE 3000 --> 1 records found - comparisons: b1096 n100 s100
11 PROFESSORS WALK PARKVILLE 3052 --> 1 records found - comparisons: b1211 n100 s100
13/650 SWANSTON STREET CARLTON 3053 --> 1 records found - comparisons: b1231 n100 s100
400B/640 SWANSTON STREET CARLTON 3053 --> 1 records found - comparisons: b945 n100 s100
16 WILSON AVENUE PARKVILLE 3052 --> 1 records found - comparisons: b1169 n100 s100
1110/640 SWANSTON STREET CARLTON 3053 --> 1 records found - comparisons: b1247 n100 s100
1082/640 SWANSTON STREET CARLTON 3053 --> 1 records found - comparisons: b1260 n100 s100
108A/640 SWANSTON STREET CARLTON 3053 --> 1 records found - comparisons: b1255 n100 s100
143-151 BARRY STREET CARLTON 3053 --> 1 records found - comparisons: b1188 n100 s100
1080/640 SWANSTON STREET CARLTON 3053 --> 1 records found - comparisons: b1260 n100 s100
4/133 ROYAL PARADE PARKVILLE 3052 --> 1 records found - comparisons: b908 n100 s100
ROYAL PARADE PARKVILLE 3052 --> 1 records found - comparisons: b422 n100 s100
22C/151 BERKELEY STREET MELBOURNE 3000 --> 1 records found - comparisons: b1099 n100 s100
49 COLLEGE CRESCENT PARKVILLE 3052 --> 1 records found - comparisons: b926 n100 s100
156-180 BERKELEY STREET CARLTON 3053 --> 1 records found - comparisons: b1212 n100 s100
224 PELHAM STREET MELBOURNE 3000 --> 1 records found - comparisons: b1051 n100 s100
601B/640 SWANSTON STREET CARLTON 3053 --> 1 records found - comparisons: b1084 n100 s100
312/668 SWANSTON STREET CARLTON 3053 --> 1 records found - comparisons: b1044 n100 s100
1201/151 BERKELEY STREET MELBOURNE 3000 --> 1 records found - comparisons: b1311 n100 s100
1202/151 BERKELEY STREET MELBOURNE 3000 --> 1 records found - comparisons: b1312 n100 s100
1204/151 BERKELEY STREET MELBOURNE 3000 --> 1 records found - comparisons: b1311 n100 s100
1205/151 BERKELEY STREET MELBOURNE 3000 --> 1 records found - comparisons: b1311 n100 s100
17C/151 BERKELEY STREET MELBOURNE 3000 --> 1 records found - comparisons: b1227 n100 s100
18C/151 BERKELEY STREET MELBOURNE 3000 --> 1 records found - comparisons: b1187 n100 s100
602/223 BERKELEY STREET MELBOURNE 3000 --> 1 records found - comparisons: b1084 n100 s100
701/223 BERKELEY STREET MELBOURNE 3000 --> 0 records found - comparisons: b637 n100 s100
19C/151 BERKELEY STREET MELBOURNE 3000 --> 0 records found - comparisons: b887 n100 s100
20C/151 BERKELEY STREET MELBOURNE 3000 --> 0 records found - comparisons: b816 n100 s100
21C/151 BERKELEY STREET MELBOURNE 3000 --> 0 records found - comparisons: b814 n100 s100
G4-G5/230 GRATTAN STREET PARKVILLE 3052 --> 0 records found - comparisons: b202 n100 s100
25C/151 BERKELEY STREET MELBOURNE 3000 --> 0 records found - comparisons: b787 n100 s100
209/223 BERKELEY STREET MELBOURNE 3000 --> 0 records found - comparisons: b834 n100 s100
206/223 BERKELEY STREET MELBOURNE 3000 --> 0 records found - comparisons: b840 n100 s100
107/151 BERKELEY STREET MELBOURNE 3000 --> 0 records found - comparisons: b962 n100 s100
912/668 SWANSTON STREET CARLTON 3053 --> 0 records found - comparisons: b536 n100 s100
780-782 ELIZABETH STREET MELBOURNE 3000 --> 0 records found - comparisons: b637 n100 s100
203/668 SWANSTON STREET CARLTON 3053 --> 0 records found - comparisons: b838 n100 s100
23/650 SWANSTON STREET CARLTON 3053 --> 0 records found - comparisons: b809 n100 s100
BERKELEY STREET MELBOURNE 3000 --> 0 records found - comparisons: b202 n100 s100
301B/640 SWANSTON STREET CARLTON 3053 --> 0 records found - comparisons: b785 n100 s100
206A/640 SWANSTON STREET CARLTON 3053 --> 0 records found - comparisons: b845 n100 s100
505/668 SWANSTON STREET CARLTON 3053 --> 0 records found - comparisons: b637 n100 s100
201 GRATTAN STREET CARLTON 3053 --> 0 records found - comparisons: b843 n100 s100
108/151 BERKELEY STREET MELBOURNE 3000 --> 0 records found - comparisons: b981 n100 s100
690 ELIZABETH STREET MELBOURNE 3000 --> 0 records found - comparisons: b701 n100 s100
201/151 BERKELEY STREET MELBOURNE 3000 --> 0 records found - comparisons: b853 n100 s100
909A/640 SWANSTON STREET CARLTON 3053 --> 0 records found - comparisons: b541 n100 s100
802A/640 SWANSTON STREET CARLTON 3053 --> 0 records found - comparisons: b526 n100 s100
202/151 BERKELEY STREET MELBOURNE 3000 --> 0 records found - comparisons: b845 n100 s100
311A/640 SWANSTON STREET CARLTON 3053 --> 0 records found - comparisons: b771 n100 s100
202/668 SWANSTON STREET CARLTON 3053 --> 0 records found - comparisons: b845 n100 s100
411/668 SWANSTON STREET CARLTON 3053 --> 0 records found - comparisons: b657 n100 s100
504/668 SWANSTON STREET CARLTON 3053 --> 0 records found - comparisons: b637 n100 s100
601/668 SWANSTON STREET CARLTON 3053 --> 0 records found - comparisons: b801 n100 s100
920/668 SWANSTON STREET CARLTON 3053 --> 0 records found - comparisons: b535 n100 s100
611/668 SWANSTON STREET CARLTON 3053 --> 0 records found - comparisons: b733 n100 s100
907A/640 SWANSTON STREET CARLTON 3053 --> 0 records found - comparisons: b542 n100 s100
603B/640 SWANSTON STREET CARLTON 3053 --> 0 records found - comparisons: b796 n100 s100
403B/640 SWANSTON STREET CARLTON 3053 --> 0 records found - comparisons: b664 n100 s100
905A/640 SWANSTON STREET CARLTON 3053 --> 0 records found - comparisons: b542 n100 s100
306A/640 SWANSTON STREET CARLTON 3053 --> 0 records found - comparisons: b785 n100 s100
185 PELHAM STREET CARLTON 3053 --> 0 records found - comparisons: b901 n100 s100
709/668 SWANSTON STREET CARLTON 3053 --> 0 records found - comparisons: b637 n100 s100
18/650 SWANSTON STREET CARLTON 3053 --> 0 records found - comparisons: b897 n100 s100
23C/151 BERKELEY STREET MELBOURNE 3000 --> 0 records found - comparisons: b805 n100 s100
308/151 BERKELEY STREET MELBOURNE 3000 --> 0 records found - comparisons: b782 n100 s100
26C/151 BERKELEY STREET MELBOURNE 3000 --> 0 records found - comparisons: b789 n100 s100
408/151 BERKELEY STREET MELBOURNE 3000 --> 0 records found - comparisons: b662 n100 s100
208A/640 SWANSTON STREET CARLTON 3053 --> 0 records found - comparisons: b836 n100 s100
706/151 BERKELEY STREET MELBOURNE 3000 --> 0 records found - comparisons: b637 n100 s100
807/151 BERKELEY STREET MELBOURNE 3000 --> 0 records found - comparisons: b526 n100 s100
904/151 BERKELEY STREET MELBOURNE 3000 --> 0 records found - comparisons: b542 n100 s100
27C/151 BERKELEY STREET MELBOURNE 3000 --> 0 records found - comparisons: b787 n100 s100
LYGON STREET CARLTON NORTH 3054 --> 0 records found - comparisons: b202 n100 s100
28C/151 BERKELEY STREET MELBOURNE 3000 --> 0 records found - comparisons: b776 n100 s100
30C/151 BERKELEY STREET MELBOURNE 3000 --> 0 records found - comparisons: b774 n100 s100
676 SWANSTON STREET CARLTON 3053 --> 0 records found - comparisons: b715 n100 s100
1104/18 LINCOLN SQUARE N CARLTON 3053 --> 0 records found - comparisons: b973 n100 s100
1201/18 LINCOLN SQUARE N CARLTON 3053 --> 0 records found - comparisons: b1044 n100 s100
31C/151 BERKELEY STREET MELBOURNE 3000 --> 0 records found - comparisons: b768 n100 s100
1202/18 LINCOLN SQUARE N CARLTON 3053 --> 0 records found - comparisons: b1045 n100 s100
111A/640 SWANSTON STREET CARLTON 3053 --> 0 records found - comparisons: b969 n100 s100
110A/640 SWANSTON STREET CARLTON 3053 --> 0 records found - comparisons: b969 n100 s100
106A/640 SWANSTON STREET CARLTON 3053 --> 0 records found - comparisons: b962 n100 s100
105A/640 SWANSTON STREET CARLTON 3053 --> 0 records found - comparisons: b962 n100 s100
104A/640 SWANSTON STREET CARLTON 3053 --> 0 records found - comparisons: b962 n100 s100
101A/640 SWANSTON STREET CARLTON 3053 --> 0 records found - comparisons: b962 n100 s100
1012A/640 SWANSTON STREET CARLTON 3053 --> 0 records found - comparisons: b962 n100 s100
1010A/640 SWANSTON STREET CARLTON 3053 --> 0 records found - comparisons: b962 n100 s100
1009A/640 SWANSTON STREET CARLTON 3053 --> 0 records found - comparisons: b962 n100 s100
1007A/640 SWANSTON STREET CARLTON 3053 --> 0 records found - comparisons: b962 n100 s100
705/223 BERKELEY STREET MELBOURNE 3000 --> 0 records found - comparisons: b637 n100 s100
708/223 BERKELEY STREET MELBOURNE 3000 --> 0 records found - comparisons: b637 n100 s100
309/668 SWANSTON STREET CARLTON 3053 --> 0 records found - comparisons: b782 n100 s100
206/18 LINCOLN SQUARE N CARLTON 3053 --> 0 records found - comparisons: b840 n100 s100
303/18 LINCOLN SQUARE N CARLTON 3053 --> 0 records found - comparisons: b788 n100 s100
308B/640 SWANSTON STREET CARLTON 3053 --> 0 records found - comparisons: b782 n100 s100
404/18 LINCOLN SQUARE N CARLTON 3053 --> 0 records found - comparisons: b663 n100 s100
406/18 LINCOLN SQUARE N CARLTON 3053 --> 0 records found - comparisons: b663 n100 s100
503/18 LINCOLN SQUARE N CARLTON 3053 --> 0 records found - comparisons: b636 n100 s100
305/151 BERKELEY STREET MELBOURNE 3000 --> 0 records found - comparisons: b807 n100 s100
306/151 BERKELEY STREET MELBOURNE 3000 --> 0 records found - comparisons: b785 n100 s100
771 SWANSTON STREET PARKVILLE 3052 --> 0 records found - comparisons: b637 n100 s100
720 SWANSTON STREET CARLTON 3053 --> 0 records found - comparisons: b637 n100 s100
24 WILSON AVENUE PARKVILLE 3052 --> 0 records found - comparisons: b791 n100 s100
270 GRATTAN STREET PARKVILLE 3052 --> 0 records found - comparisons: b787 n100 s100
165 BERKELEY STREET MELBOURNE 3000 --> 0 records found - comparisons: b933 n100 s100
307/151 BERKELEY STREET MELBOURNE 3000 --> 0 records found - comparisons: b785 n100 s100
9/650 SWANSTON STREET CARLTON 3053 --> 0 records found - comparisons: b530 n100 s100
309/151 BERKELEY STREET MELBOURNE 3000 --> 0 records found - comparisons: b782 n100 s100
401/151 BERKELEY STREET MELBOURNE 3000 --> 0 records found - comparisons: b665 n100 s100
402/151 BERKELEY STREET MELBOURNE 3000 --> 0 records found - comparisons: b664 n100 s100
404/151 BERKELEY STREET MELBOURNE 3000 --> 0 records found - comparisons: b663 n100 s100
405/151 BERKELEY STREET MELBOURNE 3000 --> 0 records found - comparisons: b663 n100 s100
406/151 BERKELEY STREET MELBOURNE 3000 --> 0 records found - comparisons: b663 n100 s100
606/668 SWANSTON STREET CARLTON 3053 --> 0 records found - comparisons: b814 n100 s100
607/668 SWANSTON STREET CARLTON 3053 --> 0 records found - comparisons: b814 n100 s100
609/668 SWANSTON STREET CARLTON 3053 --> 0 records found - comparisons: b786 n100 s100
610/668 SWANSTON STREET CARLTON 3053 --> 0 records found - comparisons: b733 n100 s100
612/668 SWANSTON STREET CARLTON 3053 --> 0 records found - comparisons: b733 n100 s100
705/668 SWANSTON STREET CARLTON 3053 --> 0 records found - comparisons: b637 n100 s100
707/668 SWANSTON STREET CARLTON 3053 --> 0 records found - comparisons: b637 n100 s100
200B/640 SWANSTON STREET CARLTON 3053 --> 0 records found - comparisons: b838 n100 s100
36C/151 BERKELEY STREET MELBOURNE 3000 --> 0 records found - comparisons: b748 n100 s100
37C/151 BERKELEY STREET MELBOURNE 3000 --> 0 records found - comparisons: b748 n100 s100
39C/151 BERKELEY STREET MELBOURNE 3000 --> 0 records found - comparisons: b738 n100 s100
7 UNION ROAD PARKVILLE 3052 --> 0 records found - comparisons: b638 n100 s100
4 WILSON AVENUE PARKVILLE 3052 --> 0 records found - comparisons: b649 n100 s100
23 PROFESSORS WALK PARKVILLE 3052 --> 0 records found - comparisons: b809 n100 s100
6/135 ROYAL PARADE PARKVILLE 3052 --> 0 records found - comparisons: b710 n100 s100
101B/640 SWANSTON STREET CARLTON 3053 --> 0 records found - comparisons: b962 n100 s100
3/201 GRATTAN STREET CARLTON 3053 --> 0 records found - comparisons: b739 n100 s100
13 WILSON AVENUE PARKVILLE 3052 --> 0 records found - comparisons: b964 n100 s100
1206/151 BERKELEY STREET MELBOURNE 3000 --> 0 records found - comparisons: b1021 n100 s100
305/668 SWANSTON STREET CARLTON 3053 --> 0 records found - comparisons: b800 n100 s100
35 WILSON AVENUE PARKVILLE 3052 --> 0 records found - comparisons: b749 n100 s100
35 MASSON ROAD PARKVILLE 3052 --> 0 records found - comparisons: b749 n100 s100
31 MASSON ROAD PARKVILLE 3052 --> 0 records found - comparisons: b768 n100 s100
23 MASSON ROAD PARKVILLE 3052 --> 0 records found - comparisons: b809 n100 s100
8 SPENCER ROAD PARKVILLE 3052 --> 0 records found - comparisons: b527 n100 s100
17 SPENCER ROAD PARKVILLE 3052 --> 0 records found - comparisons: b937 n100 s100
20 UNION ROAD PARKVILLE 3052 --> 0 records found - comparisons: b826 n100 s100
47 PROFESSORS WALK PARKVILLE 3052 --> 0 records found - comparisons: b656 n100 s100
56 ROYAL PARADE PARKVILLE 3052 --> 0 records found - comparisons: b628 n100 s100
33 MEDICAL ROAD PARKVILLE 3052 --> 0 records found - comparisons: b758 n100 s100
38 ROYAL PARADE PARKVILLE 3052 --> 0 records found - comparisons: b738 n100 s100
25 MEDICAL ROAD PARKVILLE 3052 --> 0 records found - comparisons: b787 n100 s100
6 MEDICAL ROAD PARKVILLE 3052 --> 0 records found - comparisons: b691 n100 s100
66 TIN ALLEY PARKVILLE 3052 --> 0 records found - comparisons: b715 n100 s100
155 BARRY STREET CARLTON 3053 --> 0 records found - comparisons: b939 n100 s100
213A/640 SWANSTON STREET CARLTON 3053 --> 0 records found - comparisons: b839 n100 s100
153 BARRY STREET CARLTON 3053 --> 0 records found - comparisons: b938 n100 s100
701-713 SWANSTON STREET CARLTON 3053 --> 0 records found - comparisons: b637 n100 s100
1203/151 BERKELEY STREET MELBOURNE 3000 --> 0 records found - comparisons: b1045 n100 s100
1208/151 BERKELEY STREET MELBOURNE 3000 --> 0 records found - comparisons: b1014 n100 s100
1305/151 BERKELEY STREET MELBOURNE 3000 --> 0 records found - comparisons: b978 n100 s100
1402/151 BERKELEY STREET MELBOURNE 3000 --> 0 records found - comparisons: b939 n100 s100
1407/151 BERKELEY STREET MELBOURNE 3000 --> 0 records found - comparisons: b939 n100 s100
1702/151 BERKELEY STREET MELBOURNE 3000 --> 0 records found - comparisons: b953 n100 s100
199-203 GRATTAN STREET CARLTON 3053 --> 0 records found - comparisons: b887 n100 s100
10/650 SWANSTON STREET CARLTON 3053 --> 0 records found - comparisons: b959 n100 s100
203/151 BERKELEY STREET MELBOURNE 3000 --> 0 records found - comparisons: b838 n100 s100
204/151 BERKELEY STREET MELBOURNE 3000 --> 0 records found - comparisons: b838 n100 s100
205/151 BERKELEY STREET MELBOURNE 3000 --> 0 records found - comparisons: b840 n100 s100
810A/640 SWANSTON STREET CARLTON 3053 --> 0 records found - comparisons: b526 n100 s100
209A/640 SWANSTON STREET CARLTON 3053 --> 0 records found - comparisons: b834 n100 s100
200 LEICESTER STREET CARLTON 3053 --> 0 records found - comparisons: b838 n100 s100
103A/640 SWANSTON STREET CARLTON 3053 --> 0 records found - comparisons: b962 n100 s100
203B/640 SWANSTON STREET CARLTON 3053 --> 0 records found - comparisons: b838 n100 s100
1001A/640 SWANSTON STREET CARLTON 3053 --> 0 records found - comparisons: b962 n100 s100
206/151 BERKELEY STREET MELBOURNE 3000 --> 0 records found - comparisons: b840 n100 s100
208/151 BERKELEY STREET MELBOURNE 3000 --> 0 records found - comparisons: b841 n100 s100
209/151 BERKELEY STREET MELBOURNE 3000 --> 0 records found - comparisons: b834 n100 s100
301/151 BERKELEY STREET MELBOURNE 3000 --> 0 records found - comparisons: b785 n100 s100
302/151 BERKELEY STREET MELBOURNE 3000 --> 0 records found - comparisons: b786 n100 s100
304/151 BERKELEY STREET MELBOURNE 3000 --> 0 records found - comparisons: b786 n100 s100
503/151 BERKELEY STREET MELBOURNE 3000 --> 0 records found - comparisons: b636 n100 s100
603/151 BERKELEY STREET MELBOURNE 3000 --> 0 records found - comparisons: b796 n100 s100
35/230 GRATTAN STREET PARKVILLE 3052 --> 0 records found - comparisons: b749 n100 s100
6/230 GRATTAN STREET PARKVILLE 3052 --> 0 records found - comparisons: b718 n100 s100
45/230 GRATTAN STREET PARKVILLE 3052 --> 0 records found - comparisons: b657 n100 s100
33/230 GRATTAN STREET PARKVILLE 3052 --> 0 records found - comparisons: b758 n100 s100
5/230 GRATTAN STREET PARKVILLE 3052 --> 0 records found - comparisons: b626 n100 s100
1/230 GRATTAN STREET PARKVILLE 3052 --> 0 records found - comparisons: b842 n100 s100
183-195 BOUVERIE STREET CARLTON 3053 --> 0 records found - comparisons: b903 n100 s100
42/230 GRATTAN STREET PARKVILLE 3052 --> 0 records found - comparisons: b656 n100 s100
644-658 SWANSTON STREET CARLTON 3053 --> 0 records found - comparisons: b730 n100 s100
704/223 BERKELEY STREET MELBOURNE 3000 --> 0 records found - comparisons: b637 n100 s100
39/230 GRATTAN STREET PARKVILLE 3052 --> 0 records found - comparisons: b738 n100 s100
7/230 GRATTAN STREET PARKVILLE 3052 --> 0 records found - comparisons: b647 n100 s100
8/230 GRATTAN STREET PARKVILLE 3052 --> 0 records found - comparisons: b536 n100 s100
12/230 GRATTAN STREET PARKVILLE 3052 --> 0 records found - comparisons: b969 n100 s100
34/230 GRATTAN STREET PARKVILLE 3052 --> 0 records found - comparisons: b751 n100 s100
204/668 SWANSTON STREET CARLTON 3053 --> 0 records found - comparisons: b838 n100 s100
801/668 SWANSTON STREET CARLTON 3053 --> 0 records found - comparisons: b526 n100 s100
2B/230 GRATTAN STREET PARKVILLE 3052 --> 0 records found - comparisons: b719 n100 s100
67/230 GRATTAN STREET PARKVILLE 3052 --> 0 records found - comparisons: b715 n100 s100
75/230 GRATTAN STREET PARKVILLE 3052 --> 0 records found - comparisons: b637 n100 s100
2/133 ROYAL PARADE PARKVILLE 3052 --> 0 records found - comparisons: b764 n100 s100
68/230 GRATTAN STREET PARKVILLE 3052 --> 0 records found - comparisons: b701 n100 s100
50/230 GRATTAN STREET PARKVILLE 3052 --> 0 records found - comparisons: b634 n100 s100
51/230 GRATTAN STREET PARKVILLE 3052 --> 0 records found - comparisons: b630 n100 s100
52/230 GRATTAN STREET PARKVILLE 3052 --> 0 records found - comparisons: b629 n100 s100
53/230 GRATTAN STREET PARKVILLE 3052 --> 0 records found - comparisons: b629 n100 s100
9/230 GRATTAN STREET PARKVILLE 3052 --> 0 records found - comparisons: b530 n100 s100
309A/640 SWANSTON STREET CARLTON 3053 --> 0 records found - comparisons: b782 n100 s100
2A/230 GRATTAN STREET PARKVILLE 3052 --> 0 records found - comparisons: b719 n100 s100
69/230 GRATTAN STREET PARKVILLE 3052 --> 0 records found - comparisons: b701 n100 s100
919/668 SWANSTON STREET CARLTON 3053 --> 0 records found - comparisons: b536 n100 s100
40/230 GRATTAN STREET PARKVILLE 3052 --> 0 records found - comparisons: b661 n100 s100
505/223 BERKELEY STREET MELBOURNE 3000 --> 0 records found - comparisons: b637 n100 s100
103/223 BERKELEY STREET MELBOURNE 3000 --> 0 records found - comparisons: b962 n100 s100
165 GRATTAN STREET CARLTON 3053 --> 0 records found - comparisons: b933 n100 s100
139 ROYAL PARADE PARKVILLE 3052 --> 0 records found - comparisons: b981 n100 s100
179 GRATTAN STREET CARLTON 3053 --> 0 records found - comparisons: b939 n100 s100
601/18 LINCOLN SQUARE N CARLTON 3053 --> 0 records found - comparisons: b801 n100 s100
505/18 LINCOLN SQUARE N CARLTON 3053 --> 0 records found - comparisons: b637 n100 s100
ELIZABETH STREET MELBOURNE 3000 --> 0 records found - comparisons: b202 n100 s100
815 SWANSTON STREET PARKVILLE 3052 --> 0 records found - comparisons: b526 n100 s100
222-224 PELHAM STREET MELBOURNE 3000 --> 0 records found - comparisons: b809 n100 s100
678 SWANSTON STREET CARLTON 3053 --> 0 records found - comparisons: b715 n100 s100
141 BARRY STREET CARLTON 3053 --> 0 records found - comparisons: b939 n100 s100
1/743-751 SWANSTON STREET CARLTON 3053 --> 0 records found - comparisons: b842 n100 s100
14 KERNOT ROAD PARKVILLE 3052 --> 0 records found - comparisons: b936 n100 s100
7 SPENCER ROAD PARKVILLE 3052 --> 0 records found - comparisons: b638 n100 s100
5C/151 BERKELEY STREET MELBOURNE 3000 --> 0 records found - comparisons: b624 n100 s100
24C/151 BERKELEY STREET MELBOURNE 3000 --> 0 records found - comparisons: b789 n100 s100
15/650 SWANSTON STREET CARLTON 3053 --> 0 records found - comparisons: b936 n100 s100
8/201 GRATTAN STREET CARLTON 3053 --> 0 records found - comparisons: b536 n100 s100
18 SPENCER ROAD PARKVILLE 3052 --> 0 records found - comparisons: b897 n100 s100
199 GRATTAN STREET CARLTON 3053 --> 0 records found - comparisons: b887 n100 s100
202A/640 SWANSTON STREET CARLTON 3053 --> 0 records found - comparisons: b840 n100 s100
201A/640 SWANSTON STREET CARLTON 3053 --> 0 records found - comparisons: b840 n100 s100
1706/151 BERKELEY STREET MELBOURNE 3000 --> 0 records found - comparisons: b953 n100 s100
1805/151 BERKELEY STREET MELBOURNE 3000 --> 0 records found - comparisons: b917 n100 s100
2M/151 BERKELEY STREET MELBOURNE 3000 --> 0 records found - comparisons: b719 n100 s100
805/668 SWANSTON STREET CARLTON 3053 --> 0 records found - comparisons: b526 n100 s100
802/151 BERKELEY STREET MELBOURNE 3000 --> 0 records found - comparisons: b526 n100 s100
18-20 LINCOLN SQUARE N CARLTON 3053 --> 0 records found - comparisons: b897 n100 s100
303/151 BERKELEY STREET MELBOURNE 3000 --> 0 records found - comparisons: b788 n100 s100
163 GRATTAN STREET CARLTON 3053 --> 0 records found - comparisons: b933 n100 s100
672 SWANSTON STREET CARLTON 3053 --> 0 records found - comparisons: b715 n100 s100
205/668 SWANSTON STREET CARLTON 3053 --> 0 records found - comparisons: b840 n100 s100
301/668 SWANSTON STREET CARLTON 3053 --> 0 records found - comparisons: b785 n100 s100
302/668 SWANSTON STREET CARLTON 3053 --> 0 records found - comparisons: b786 n100 s100
303/668 SWANSTON STREET CARLTON 3053 --> 0 records found - comparisons: b788 n100 s100
922/668 SWANSTON STREET CARLTON 3053 --> 0 records found - comparisons: b535 n100 s100
402B/640 SWANSTON STREET CARLTON 3053 --> 0 records found - comparisons: b664 n100 s100
403/151 BERKELEY STREET MELBOURNE 3000 --> 0 records found - comparisons: b664 n100 s100
502B/640 SWANSTON STREET CARLTON 3053 --> 0 records found - comparisons: b636 n100 s100
307/223 BERKELEY STREET MELBOURNE 3000 --> 0 records found - comparisons: b785 n100 s100
701/151 BERKELEY STREET MELBOURNE 3000 --> 0 records found - comparisons: b637 n100 s100
101/151 BERKELEY STREET MELBOURNE 3000 --> 0 records found - comparisons: b962 n100 s100
102/151 BERKELEY STREET MELBOURNE 3000 --> 0 records found - comparisons: b962 n100 s100
103/151 BERKELEY STREET MELBOURNE 3000 --> 0 records found - comparisons: b962 n100 s100
104/151 BERKELEY STREET MELBOURNE 3000 --> 0 records found - comparisons: b962 n100 s100
105/151 BERKELEY STREET MELBOURNE 3000 --> 0 records found - comparisons: b962 n100 s100
106/151 BERKELEY STREET MELBOURNE 3000 --> 0 records found - comparisons: b962 n100 s100
1107/151 BERKELEY STREET MELBOURNE 3000 --> 0 records found - comparisons: b973 n100 s100
1096/640 SWANSTON STREET CARLTON 3053 --> 0 records found - comparisons: b971 n100 s100
1075/640 SWANSTON STREET CARLTON 3053 --> 0 records found - comparisons: b962 n100 s100
29C/151 BERKELEY STREET MELBOURNE 3000 --> 0 records found - comparisons: b772 n100 s100
33C/151 BERKELEY STREET MELBOURNE 3000 --> 0 records found - comparisons: b760 n100 s100
38C/151 BERKELEY STREET MELBOURNE 3000 --> 0 records found - comparisons: b738 n100 s100
43C/151 BERKELEY STREET MELBOURNE 3000 --> 0 records found - comparisons: b656 n100 s100
304/223 BERKELEY STREET MELBOURNE 3000 --> 0 records found - comparisons: b786 n100 s100
205-211 GRATTAN STREET CARLTON 3053 --> 0 records found - comparisons: b840 n100 s100
8 MONASH ROAD PARKVILLE 3052 --> 0 records found - comparisons: b527 n100 s100
49C/151 BERKELEY STREET MELBOURNE 3000 --> 0 records found - comparisons: b664 n100 s100
13S/151 BERKELEY STREET MELBOURNE 3000 --> 0 records found - comparisons: b957 n100 s100
1/224 PELHAM STREET MELBOURNE 3000 --> 0 records found - comparisons: b842 n100 s100
1/650 SWANSTON STREET CARLTON 3053 --> 0 records found - comparisons: b842 n100 s100
409A/640 SWANSTON STREET CARLTON 3053 --> 0 records found - comparisons: b662 n100 s100
408/223 BERKELEY STREET MELBOURNE 3000 --> 0 records found - comparisons: b662 n100 s100
112A/640 SWANSTON STREET CARLTON 3053 --> 0 records found - comparisons: b965 n100 s100
196 PELHAM STREET CARLTON 3053 --> 0 records found - comparisons: b887 n100 s100
15 MONASH ROAD PARKVILLE 3052 --> 0 records found - comparisons: b936 n100 s100
1806/151 BERKELEY STREET MELBOURNE 3000 --> 0 records found - comparisons: b918 n100 s100
100A/640 SWANSTON STREET CARLTON 3053 --> 0 records found - comparisons: b962 n100 s100
11 MONASH ROAD PARKVILLE 3052 --> 0 records found - comparisons: b967 n100 s100
8 PORTERS LANE PARKVILLE 3052 --> 0 records found - comparisons: b527 n100 s100
2 PORTERS LANE PARKVILLE 3052 --> 0 records found - comparisons: b754 n100 s100
709A/640 SWANSTON STREET CARLTON 3053 --> 0 records found - comparisons: b637 n100 s100
203A/640 SWANSTON STREET CARLTON 3053 --> 0 records found - comparisons: b838 n100 s100
212 BERKELEY STREET CARLTON 3053 --> 0 records found - comparisons: b835 n100 s100
17/650 SWANSTON STREET CARLTON 3053 --> 0 records found - comparisons: b937 n100 s100
40 COLLEGE CRESCENT PARKVILLE 3052 --> 0 records found - comparisons: b661 n100 s100
910A/640 SWANSTON STREET CARLTON 3053 --> 0 records found - comparisons: b536 n100 s100
12/650 SWANSTON STREET CARLTON 3053 --> 0 records found - comparisons: b969 n100 s100
406B/640 SWANSTON STREET CARLTON 3053 --> 0 records found - comparisons: b663 n100 s100
19/650 SWANSTON STREET CARLTON 3053 --> 0 records found - comparisons: b887 n100 s100
202B/640 SWANSTON STREET CARLTON 3053 --> 0 records found - comparisons: b840 n100 s100
29-55 COLLEGE CRESCENT PARKVILLE 3052 --> 0 records found - comparisons: b772 n100 s100
226 PELHAM STREET MELBOURNE 3000 --> 0 records found - comparisons: b810 n100 s100
20 LINCOLN SQUARE N CARLTON 3053 --> 0 records found - comparisons: b826 n100 s100
101/18 LINCOLN SQUARE N CARLTON 3053 --> 0 records found - comparisons: b962 n100 s100
103/18 LINCOLN SQUARE N CARLTON 3053 --> 0 records found - comparisons: b962 n100 s100
104/18 LINCOLN SQUARE N CARLTON 3053 --> 0 records found - comparisons: b962 n100 s100
106/18 LINCOLN SQUARE N CARLTON 3053 --> 0 records found - comparisons: b962 n100 s100
201/18 LINCOLN SQUARE N CARLTON 3053 --> 0 records found - comparisons: b853 n100 s100
304/668 SWANSTON STREET CARLTON 3053 --> 0 records found - comparisons: b786 n100 s100
307/668 SWANSTON STREET CARLTON 3053 --> 0 records found - comparisons: b785 n100 s100
310/668 SWANSTON STREET CARLTON 3053 --> 0 records found - comparisons: b771 n100 s100
402/668 SWANSTON STREET CARLTON 3053 --> 0 records found - comparisons: b664 n100 s100
403/668 SWANSTON STREET CARLTON 3053 --> 0 records found - comparisons: b664 n100 s100
408/668 SWANSTON STREET CARLTON 3053 --> 0 records found - comparisons: b662 n100 s100
409/668 SWANSTON STREET CARLTON 3053 --> 0 records found - comparisons: b662 n100 s100
149-155 BERKELEY STREET MELBOURNE 3000 --> 0 records found - comparisons: b937 n100 s100
202/18 LINCOLN SQUARE N CARLTON 3053 --> 0 records found - comparisons: b845 n100 s100
204/18 LINCOLN SQUARE N CARLTON 3053 --> 0 records found - comparisons: b838 n100 s100
205/18 LINCOLN SQUARE N CARLTON 3053 --> 0 records found - comparisons: b840 n100 s100
243-245 BOUVERIE STREET CARLTON 3053 --> 0 records found - comparisons: b793 n100 s100
19-27 COLLEGE CRESCENT PARKVILLE 3052 --> 0 records found - comparisons: b887 n100 s100
900A/640 SWANSTON STREET CARLTON 3053 --> 0 records found - comparisons: b543 n100 s100
640 SWANSTON STREET CARLTON 3053 --> 0 records found - comparisons: b723 n100 s100
908A/640 SWANSTON STREET CARLTON 3053 --> 0 records found - comparisons: b541 n100 s100
901A/640 SWANSTON STREET CARLTON 3053 --> 0 records found - comparisons: b543 n100 s100
812A/640 SWANSTON STREET CARLTON 3053 --> 0 records found - comparisons: b526 n100 s100
811A/640 SWANSTON STREET CARLTON 3053 --> 0 records found - comparisons: b526 n100 s100
147-149 BARRY STREET CARLTON 3053 --> 0 records found - comparisons: b938 n100 s100
809A/640 SWANSTON STREET CARLTON 3053 --> 0 records found - comparisons: b526 n100 s100
410/668 SWANSTON STREET CARLTON 3053 --> 0 records found - comparisons: b657 n100 s100
412/668 SWANSTON STREET CARLTON 3053 --> 0 records found - comparisons: b657 n100 s100
503/668 SWANSTON STREET CARLTON 3053 --> 0 records found - comparisons: b636 n100 s100
506/668 SWANSTON STREET CARLTON 3053 --> 0 records found - comparisons: b640 n100 s100
509/668 SWANSTON STREET CARLTON 3053 --> 0 records found - comparisons: b635 n100 s100
510/668 SWANSTON STREET CARLTON 3053 --> 0 records found - comparisons: b630 n100 s100
101/223 BERKELEY STREET MELBOURNE 3000 --> 0 records found - comparisons: b962 n100 s100
603A/640 SWANSTON STREET CARLTON 3053 --> 0 records found - comparisons: b796 n100 s100
602A/640 SWANSTON STREET CARLTON 3053 --> 0 records found - comparisons: b798 n100 s100
514A/640 SWANSTON STREET CARLTON 3053 --> 0 records found - comparisons: b630 n100 s100
511A/640 SWANSTON STREET CARLTON 3053 --> 0 records found - comparisons: b630 n100 s100
509A/640 SWANSTON STREET CARLTON 3053 --> 0 records found - comparisons: b635 n100 s100
710/668 SWANSTON STREET CARLTON 3053 --> 0 records found - comparisons: b637 n100 s100
803/668 SWANSTON STREET CARLTON 3053 --> 0 records found - comparisons: b526 n100 s100
508A/640 SWANSTON STREET CARLTON 3053 --> 0 records found - comparisons: b635 n100 s100
507A/640 SWANSTON STREET CARLTON 3053 --> 0 records found - comparisons: b638 n100 s100
505A/640 SWANSTON STREET CARLTON 3053 --> 0 records found - comparisons: b637 n100 s100
504A/640 SWANSTON STREET CARLTON 3053 --> 0 records found - comparisons: b637 n100 s100
308/668 SWANSTON STREET CARLTON 3053 --> 0 records found - comparisons: b782 n100 s100
311/668 SWANSTON STREET CARLTON 3053 --> 0 records found - comparisons: b771 n100 s100
502A/640 SWANSTON STREET CARLTON 3053 --> 0 records found - comparisons: b636 n100 s100
301/18 LINCOLN SQUARE N CARLTON 3053 --> 0 records found - comparisons: b785 n100 s100
302/18 LINCOLN SQUARE N CARLTON 3053 --> 0 records found - comparisons: b786 n100 s100
304/18 LINCOLN SQUARE N CARLTON 3053 --> 0 records found - comparisons: b786 n100 s100
306/18 LINCOLN SQUARE N CARLTON 3053 --> 0 records found - comparisons: b785 n100 s100
402/18 LINCOLN SQUARE N CARLTON 3053 --> 0 records found - comparisons: b664 n100 s100
403/18 LINCOLN SQUARE N CARLTON 3053 --> 0 records found - comparisons: b664 n100 s100
405/18 LINCOLN SQUARE N CARLTON 3053 --> 0 records found - comparisons: b663 n100 s100
501/18 LINCOLN SQUARE N CARLTON 3053 --> 0 records found - comparisons: b636 n100 s100
502/18 LINCOLN SQUARE N CARLTON 3053 --> 0 records found - comparisons: b636 n100 s100
806A/640 SWANSTON STREET CARLTON 3053 --> 0 records found - comparisons: b526 n100 s100
803A/640 SWANSTON STREET CARLTON 3053 --> 0 records found - comparisons: b526 n100 s100
504/18 LINCOLN SQUARE N CARLTON 3053 --> 0 records found - comparisons: b637 n100 s100
203/223 BERKELEY STREET MELBOURNE 3000 --> 0 records found - comparisons: b838 n100 s100
204/223 BERKELEY STREET MELBOURNE 3000 --> 0 records found - comparisons: b838 n100 s100
911A/640 SWANSTON STREET CARLTON 3053 --> 0 records found - comparisons: b536 n100 s100
800A/640 SWANSTON STREET CARLTON 3053 --> 0 records found - comparisons: b526 n100 s100
710A/640 SWANSTON STREET CARLTON 3053 --> 0 records found - comparisons: b637 n100 s100
708A/640 SWANSTON STREET CARLTON 3053 --> 0 records found - comparisons: b637 n100 s100
707A/640 SWANSTON STREET CARLTON 3053 --> 0 records found - comparisons: b637 n100 s100
705A/640 SWANSTON STREET CARLTON 3053 --> 0 records found - comparisons: b637 n100 s100
63 MORRISON CLOSE PARKVILLE 3052 --> 0 records found - comparisons: b723 n100 s100
702A/640 SWANSTON STREET CARLTON 3053 --> 0 records found - comparisons: b637 n100 s100
701A/640 SWANSTON STREET CARLTON 3053 --> 0 records found - comparisons: b637 n100 s100
501/668 SWANSTON STREET CARLTON 3053 --> 0 records found - comparisons: b636 n100 s100
223 BERKELEY STREET MELBOURNE 3000 --> 0 records found - comparisons: b809 n100 s100
702/668 SWANSTON STREET CARLTON 3053 --> 0 records found - comparisons: b637 n100 s100
612A/640 SWANSTON STREET CARLTON 3053 --> 0 records found - comparisons: b733 n100 s100
609A/640 SWANSTON STREET CARLTON 3053 --> 0 records found - comparisons: b786 n100 s100
418A/640 SWANSTON STREET CARLTON 3053 --> 0 records found - comparisons: b657 n100 s100
411A/640 SWANSTON STREET CARLTON 3053 --> 0 records found - comparisons: b657 n100 s100
3/743-751 SWANSTON STREET CARLTON 3053 --> 0 records found - comparisons: b741 n100 s100
702/18 LINCOLN SQUARE N CARLTON 3053 --> 0 records found - comparisons: b637 n100 s100
703/18 LINCOLN SQUARE N CARLTON 3053 --> 0 records found - comparisons: b637 n100 s100
704/18 LINCOLN SQUARE N CARLTON 3053 --> 0 records found - comparisons: b637 n100 s100
801/18 LINCOLN SQUARE N CARLTON 3053 --> 0 records found - comparisons: b526 n100 s100
802/18 LINCOLN SQUARE N CARLTON 3053 --> 0 records found - comparisons: b526 n100 s100
206/668 SWANSTON STREET CARLTON 3053 --> 0 records found - comparisons: b840 n100 s100
804/18 LINCOLN SQUARE N CARLTON 3053 --> 0 records found - comparisons: b526 n100 s100
901/18 LINCOLN SQUARE N CARLTON 3053 --> 0 records found - comparisons: b543 n100 s100
1/143 ROYAL PARADE PARKVILLE 3052 --> 0 records found - comparisons: b842 n100 s100
903/18 LINCOLN SQUARE N CARLTON 3053 --> 0 records found - comparisons: b546 n100 s100
904/18 LINCOLN SQUARE N CARLTON 3053 --> 0 records found - comparisons: b542 n100 s100
1002/18 LINCOLN SQUARE N CARLTON 3053 --> 0 records found - comparisons: b962 n100 s100
1003/18 LINCOLN SQUARE N CARLTON 3053 --> 0 records found - comparisons: b962 n100 s100
1101/18 LINCOLN SQUARE N CARLTON 3053 --> 0 records found - comparisons: b974 n100 s100
1102/18 LINCOLN SQUARE N CARLTON 3053 --> 0 records found - comparisons: b975 n100 s100
304A/640 SWANSTON STREET CARLTON 3053 --> 0 records found - comparisons: b786 n100 s100
406A/640 SWANSTON STREET CARLTON 3053 --> 0 records found - comparisons: b663 n100 s100
403A/640 SWANSTON STREET CARLTON 3053 --> 0 records found - comparisons: b664 n100 s100
414A/640 SWANSTON STREET CARLTON 3053 --> 0 records found - comparisons: b657 n100 s100
314A/640 SWANSTON STREET CARLTON 3053 --> 0 records found - comparisons: b770 n100 s100
312A/640 SWANSTON STREET CARLTON 3053 --> 0 records found - comparisons: b774 n100 s100
239-241 BOUVERIE STREET CARLTON 3053 --> 0 records found - comparisons: b811 n100 s100
30 KERNOT ROAD PARKVILLE 3052 --> 0 records found - comparisons: b796 n100 s100
310A/640 SWANSTON STREET CARLTON 3053 --> 0 records found - comparisons: b771 n100 s100
308A/640 SWANSTON STREET CARLTON 3053 --> 0 records found - comparisons: b782 n100 s100
307A/640 SWANSTON STREET CARLTON 3053 --> 0 records found - comparisons: b785 n100 s100
305A/640 SWANSTON STREET CARLTON 3053 --> 0 records found - comparisons: b788 n100 s100
161 BARRY STREET CARLTON 3053 --> 0 records found - comparisons: b933 n100 s100
1/133 ROYAL PARADE PARKVILLE 3052 --> 0 records found - comparisons: b842 n100 s100
156-290 GRATTAN STREET PARKVILLE 3052 --> 0 records found - comparisons: b955 n100 s100
32 LINCOLN SQUARE N CARLTON 3053 --> 0 records found - comparisons: b756 n100 s100
5/135 ROYAL PARADE PARKVILLE 3052 --> 0 records found - comparisons: b626 n100 s100
512A/640 SWANSTON STREET CARLTON 3053 --> 0 records found - comparisons: b630 n100 s100
924/668 SWANSTON STREET CARLTON 3053 --> 0 records found - comparisons: b535 n100 s100
46 TIN ALLEY PARKVILLE 3052 --> 0 records found - comparisons: b656 n100 s100
24/650 SWANSTON STREET CARLTON 3053 --> 0 records found - comparisons: b791 n100 s100
509/223 BERKELEY STREET MELBOURNE 3000 --> 0 records found - comparisons: b635 n100 s100
129-133 ROYAL PARADE PARKVILLE 3052 --> 0 records found - comparisons: b974 n100 s100
3/133 ROYAL PARADE PARKVILLE 3052 --> 0 records found - comparisons: b739 n100 s100
33 MONASH ROAD PARKVILLE 3052 --> 0 records found - comparisons: b758 n100 s100
5/650 SWANSTON STREET CARLTON 3053 --> 0 records found - comparisons: b626 n100 s100
21/650 SWANSTON STREET CARLTON 3053 --> 0 records found - comparisons: b822 n100 s100
216 BERKELEY STREET CARLTON 3053 --> 0 records found - comparisons: b831 n100 s100
608/668 SWANSTON STREET CARLTON 3053 --> 0 records found - comparisons: b800 n100 s100
32C/151 BERKELEY STREET MELBOURNE 3000 --> 0 records found - comparisons: b756 n100 s100
34C/151 BERKELEY STREET MELBOURNE 3000 --> 0 records found - comparisons: b753 n100 s100
35C/151 BERKELEY STREET MELBOURNE 3000 --> 0 records found - comparisons: b749 n100 s100
706/668 SWANSTON STREET CARLTON 3053 --> 0 records found - comparisons: b637 n100 s100
715-721 SWANSTON STREET CARLTON 3053 --> 0 records found - comparisons: b637 n100 s100
11/230 GRATTAN STREET PARKVILLE 3052 --> 0 records found - comparisons: b960 n100 s100
2/701 SWANSTON STREET CARLTON 3053 --> 0 records found - comparisons: b763 n100 s100
102B/640 SWANSTON STREET CARLTON 3053 --> 0 records found - comparisons: b962 n100 s100
11/650 SWANSTON STREET CARLTON 3053 --> 0 records found - comparisons: b960 n100 s100
8 MEDICAL ROAD PARKVILLE 3052 --> 0 records found - comparisons: b527 n100 s100
13 PORTERS LANE PARKVILLE 3052 --> 0 records found - comparisons: b964 n100 s100
404/668 SWANSTON STREET CARLTON 3053 --> 0 records found - comparisons: b663 n100 s100
25/650 SWANSTON STREET CARLTON 3053 --> 0 records found - comparisons: b787 n100 s100
511/668 SWANSTON STREET CARLTON 3053 --> 0 records found - comparisons: b630 n100 s100
207/668 SWANSTON STREET CARLTON 3053 --> 0 records found - comparisons: b838 n100 s100
306/668 SWANSTON STREET CARLTON 3053 --> 0 records found - comparisons: b785 n100 s100
604/668 SWANSTON STREET CARLTON 3053 --> 0 records found - comparisons: b825 n100 s100
605/668 SWANSTON STREET CARLTON 3053 --> 0 records found - comparisons: b816 n100 s100
210-214 LEICESTER STREET CARLTON 3053 --> 0 records found - comparisons: b836 n100 s100
127 ROYAL PARADE PARKVILLE 3052 --> 0 records found - comparisons: b979 n100 s100
306/223 BERKELEY STREET MELBOURNE 3000 --> 0 records found - comparisons: b785 n100 s100
51 MASSON ROAD PARKVILLE 3052 --> 0 records found - comparisons: b630 n100 s100
905/668 SWANSTON STREET CARLTON 3053 --> 0 records found - comparisons: b542 n100 s100
916/668 SWANSTON STREET CARLTON 3053 --> 0 records found - comparisons: b536 n100 s100
1 UNION ROAD PARKVILLE 3052 --> 0 records found - comparisons: b842 n100 s100
917/668 SWANSTON STREET CARLTON 3053 --> 0 records found - comparisons: b536 n100 s100
1011A/640 SWANSTON STREET CARLTON 3053 --> 0 records found - comparisons: b962 n100 s100
20 MONASH ROAD PARKVILLE 3052 --> 0 records found - comparisons: b826 n100 s100
157-159 BARRY STREET CARLTON 3053 --> 0 records found - comparisons: b940 n100 s100
85 BARRY STREET CARLTON 3053 --> 0 records found - comparisons: b526 n100 s100
1102/640 SWANSTON STREET CARLTON 3053 --> 0 records found - comparisons: b975 n100 s100
1073/640 SWANSTON STREET CARLTON 3053 --> 0 records found - comparisons: b962 n100 s100
1135/640 SWANSTON STREET CARLTON 3053 --> 0 records found - comparisons: b965 n100 s100
1083/640 SWANSTON STREET CARLTON 3053 --> 0 records found - comparisons: b988 n100 s100
2033/640 SWANSTON STREET CARLTON 3053 --> 0 records found - comparisons: b838 n100 s100
1081/640 SWANSTON STREET CARLTON 3053 --> 0 records found - comparisons: b988 n100 s100
302B/640 SWANSTON STREET CARLTON 3053 --> 0 records found - comparisons: b786 n100 s100
902/668 SWANSTON STREET CARLTON 3053 --> 0 records found - comparisons: b544 n100 s100
135-137 ROYAL PARADE PARKVILLE 3052 --> 0 records found - comparisons: b968 n100 s100
29 COLLEGE CRESCENT PARKVILLE 3052 --> 0 records found - comparisons: b772 n100 s100
2 ROYAL PARADE PARKVILLE 3052 --> 0 records found - comparisons: b754 n100 s100
81-87 BARRY STREET CARLTON 3053 --> 0 records found - comparisons: b526 n100 s100
908/151 BERKELEY STREET MELBOURNE 3000 --> 0 records found - comparisons: b541 n100 s100
914/668 SWANSTON STREET CARLTON 3053 --> 0 records found - comparisons: b536 n100 s100
907/668 SWANSTON STREET CARLTON 3053 --> 0 records found - comparisons: b542 n100 s100
911/668 SWANSTON STREET CARLTON 3053 --> 0 records found - comparisons: b536 n100 s100
913/668 SWANSTON STREET CARLTON 3053 --> 0 records found - comparisons: b536 n100 s100
703/668 SWANSTON STREET CARLTON 3053 --> 0 records found - comparisons: b637 n100 s100
774-782 ELIZABETH STREET MELBOURNE 3000 --> 0 records found - comparisons: b637 n100 s100
708/668 SWANSTON STREET CARLTON 3053 --> 0 records found - comparisons: b637 n100 s100
660-674 SWANSTON STREET CARLTON 3053 --> 0 records found - comparisons: b715 n100 s100
1005/151 BERKELEY STREET MELBOURNE 3000 --> 0 records found - comparisons: b962 n100 s100
9/201 GRATTAN STREET CARLTON 3053 --> 0 records found - comparisons: b530 n100 s100
7/201 GRATTAN STREET CARLTON 3053 --> 0 records found - comparisons: b647 n100 s100
4/201 GRATTAN STREET CARLTON 3053 --> 0 records found - comparisons: b659 n100 s100
158-164 BOUVERIE STREET CARLTON 3053 --> 0 records found - comparisons: b937 n100 s100
715 SWANSTON STREET CARLTON 3053 --> 0 records found - comparisons: b637 n100 s100
292 GRATTAN STREET PARKVILLE 3052 --> 0 records found - comparisons: b772 n100 s100
107 TIN ALLEY PARKVILLE 3052 --> 0 records found - comparisons: b962 n100 s100
786-798 ELIZABETH STREET MELBOURNE 3000 --> 0 records found - comparisons: b637 n100 s100
141 ROYAL PARADE PARKVILLE 3052 --> 0 records found - comparisons: b939 n100 s100
921/668 SWANSTON STREET CARLTON 3053 --> 0 records found - comparisons: b535 n100 s100
757 SWANSTON STREET PARKVILLE 3052 --> 0 records found - comparisons: b637 n100 s100
407/668 SWANSTON STREET CARLTON 3053 --> 0 records found - comparisons: b663 n100 s100
107/223 BERKELEY STREET MELBOURNE 3000 --> 0 records found - comparisons: b962 n100 s100
405A/640 SWANSTON STREET CARLTON 3053 --> 0 records found - comparisons: b663 n100 s100
902A/640 SWANSTON STREET CARLTON 3053 --> 0 records found - comparisons: b544 n100 s100
197-203 BOUVERIE STREET CARLTON 3053 --> 0 records found - comparisons: b887 n100 s100
225-235 BOUVERIE STREET CARLTON 3053 --> 0 records found - comparisons: b811 n100 s100
207-223 BOUVERIE STREET CARLTON 3053 --> 0 records found - comparisons: b838 n100 s100
8/135 ROYAL PARADE PARKVILLE 3052 --> 0 records found - comparisons: b536 n100 s100
228 PELHAM STREET MELBOURNE 3000 --> 0 records found - comparisons: b808 n100 s100
803/18 LINCOLN SQUARE N CARLTON 3053 --> 0 records found - comparisons: b526 n100 s100
706A/640 SWANSTON STREET CARLTON 3053 --> 0 records found - comparisons: b637 n100 s100
704A/640 SWANSTON STREET CARLTON 3053 --> 0 records found - comparisons: b637 n100 s100
212A/640 SWANSTON STREET CARLTON 3053 --> 0 records found - comparisons: b835 n100 s100
213-217 GRATTAN STREET CARLTON 3053 --> 0 records found - comparisons: b863 n100 s100
902/18 LINCOLN SQUARE N CARLTON 3053 --> 0 records found - comparisons: b544 n100 s100
1000A/640 SWANSTON STREET CARLTON 3053 --> 0 records found - comparisons: b962 n100 s100
87 TIN ALLEY PARKVILLE 3052 --> 0 records found - comparisons: b526 n100 s100
41 MEDICAL ROAD PARKVILLE 3052 --> 0 records found - comparisons: b657 n100 s100
9 MEDICAL ROAD PARKVILLE 3052 --> 0 records found - comparisons: b530 n100 s100
1/196 PELHAM STREET CARLTON 3053 --> 0 records found - comparisons: b842 n100 s100
1S/650 SWANSTON STREET CARLTON 3053 --> 0 records found - comparisons: b774 n100 s100
1001/18 LINCOLN SQUARE N CARLTON 3053 --> 0 records found - comparisons: b962 n100 s100
7/135 ROYAL PARADE PARKVILLE 3052 --> 0 records found - comparisons: b647 n100 s100
2/196 PELHAM STREET CARLTON 3053 --> 0 records found - comparisons: b764 n100 s100
680-682 SWANSTON STREET CARLTON 3053 --> 0 records found - comparisons: b701 n100 s100
904/668 SWANSTON STREET CARLTON 3053 --> 0 records found - comparisons: b542 n100 s100
121-125 ROYAL PARADE PARKVILLE 3052 --> 0 records found - comparisons: b989 n100 s100
167 GRATTAN STREET CARLTON 3053 --> 0 records found - comparisons: b933 n100 s100
1004/18 LINCOLN SQUARE N CARLTON 3053 --> 0 records found - comparisons: b962 n100 s100
22-40 LINCOLN SQUARE N CARLTON 3053 --> 0 records found - comparisons: b807 n100 s100
703A/640 SWANSTON STREET CARLTON 3053 --> 0 records found - comparisons: b637 n100 s100
1008A/640 SWANSTON STREET CARLTON 3053 --> 0 records found - comparisons: b962 n100 s100
164-170 PELHAM STREET CARLTON 3053 --> 0 records found - comparisons: b933 n100 s100
53 PROFESSORS WALK PARKVILLE 3052 --> 0 records found - comparisons: b629 n100 s100
175 GRATTAN STREET CARLTON 3053 --> 0 records found - comparisons: b941 n100 s100
22/650 SWANSTON STREET CARLTON 3053 --> 0 records found - comparisons: b807 n100 s100
110/223 BERKELEY STREET MELBOURNE 3000 --> 0 records found - comparisons: b971 n100 s100
915/668 SWANSTON STREET CARLTON 3053 --> 0 records found - comparisons: b536 n100 s100
908/668 SWANSTON STREET CARLTON 3053 --> 0 records found - comparisons: b541 n100 s100
906A/640 SWANSTON STREET CARLTON 3053 --> 0 records found - comparisons: b542 n100 s100
610A/640 SWANSTON STREET CARLTON 3053 --> 0 records found - comparisons: b733 n100 s100
207A/640 SWANSTON STREET CARLTON 3053 --> 0 records found - comparisons: b838 n100 s100
107A/640 SWANSTON STREET CARLTON 3053 --> 0 records found - comparisons: b962 n100 s100
1003A/640 SWANSTON STREET CARLTON 3053 --> 0 records found - comparisons: b962 n100 s100
510/223 BERKELEY STREET MELBOURNE 3000 --> 0 records found - comparisons: b630 n100 s100
714-736 SWANSTON STREET CARLTON 3053 --> 0 records found - comparisons: b637 n100 s100
167-171 BERKELEY STREET MELBOURNE 3000 --> 0 records found - comparisons: b933 n100 s100
1/701 SWANSTON STREET CARLTON 3053 --> 0 records found - comparisons: b842 n100 s100
807A/640 SWANSTON STREET CARLTON 3053 --> 0 records found - comparisons: b526 n100 s100
805A/640 SWANSTON STREET CARLTON 3053 --> 0 records found - comparisons: b526 n100 s100
501A/640 SWANSTON STREET CARLTON 3053 --> 0 records found - comparisons: b636 n100 s100
410A/640 SWANSTON STREET CARLTON 3053 --> 0 records found - comparisons: b657 n100 s100
20-24 CHURCH STREET CARLTON 3053 --> 0 records found - comparisons: b826 n100 s100
211A/640 SWANSTON STREET CARLTON 3053 --> 0 records found - comparisons: b834 n100 s100
190-192 PELHAM STREET CARLTON 3053 --> 0 records found - comparisons: b887 n100 s100
607A/640 SWANSTON STREET CARLTON 3053 --> 0 records found - comparisons: b802 n100 s100
401/668 SWANSTON STREET CARLTON 3053 --> 0 records found - comparisons: b665 n100 s100
405/668 SWANSTON STREET CARLTON 3053 --> 0 records found - comparisons: b663 n100 s100
723-741 SWANSTON STREET CARLTON 3053 --> 0 records found - comparisons: b637 n100 s100
608A/640 SWANSTON STREET CARLTON 3053 --> 0 records found - comparisons: b788 n100 s100
102/223 BERKELEY STREET MELBOURNE 3000 --> 0 records found - comparisons: b962 n100 s100
405/223 BERKELEY STREET MELBOURNE 3000 --> 0 records found - comparisons: b663 n100 s100
202/223 BERKELEY STREET MELBOURNE 3000 --> 0 records found - comparisons: b845 n100 s100
205/223 BERKELEY STREET MELBOURNE 3000 --> 0 records found - comparisons: b840 n100 s100
207/223 BERKELEY STREET MELBOURNE 3000 --> 0 records found - comparisons: b838 n100 s100
210/223 BERKELEY STREET MELBOURNE 3000 --> 0 records found - comparisons: b836 n100 s100
301/223 BERKELEY STREET MELBOURNE 3000 --> 0 records found - comparisons: b785 n100 s100
302/223 BERKELEY STREET MELBOURNE 3000 --> 0 records found - comparisons: b786 n100 s100
309/223 BERKELEY STREET MELBOURNE 3000 --> 0 records found - comparisons: b782 n100 s100
401/223 BERKELEY STREET MELBOURNE 3000 --> 0 records found - comparisons: b665 n100 s100
404/223 BERKELEY STREET MELBOURNE 3000 --> 0 records found - comparisons: b663 n100 s100
406/223 BERKELEY STREET MELBOURNE 3000 --> 0 records found - comparisons: b663 n100 s100
407/223 BERKELEY STREET MELBOURNE 3000 --> 0 records found - comparisons: b663 n100 s100
409/223 BERKELEY STREET MELBOURNE 3000 --> 0 records found - comparisons: b662 n100 s100
410/223 BERKELEY STREET MELBOURNE 3000 --> 0 records found - comparisons: b657 n100 s100
14/650 SWANSTON STREET CARLTON 3053 --> 0 records found - comparisons: b936 n100 s100
151 BARRY STREET CARLTON 3053 --> 0 records found - comparisons: b938 n100 s100
701B/640 SWANSTON STREET CARLTON 3053 --> 0 records found - comparisons: b637 n100 s100
505B/640 SWANSTON STREET CARLTON 3053 --> 0 records found - comparisons: b637 n100 s100
503B/640 SWANSTON STREET CARLTON 3053 --> 0 records found - comparisons: b636 n100 s100
500B/640 SWANSTON STREET CARLTON 3053 --> 0 records found - comparisons: b636 n100 s100
407B/640 SWANSTON STREET CARLTON 3053 --> 0 records found - comparisons: b663 n100 s100
408A/640 SWANSTON STREET CARLTON 3053 --> 0 records found - comparisons: b662 n100 s100
301A/640 SWANSTON STREET CARLTON 3053 --> 0 records found - comparisons: b785 n100 s100
404A/640 SWANSTON STREET CARLTON 3053 --> 0 records found - comparisons: b663 n100 s100
174 LEICESTER STREET CARLTON 3053 --> 0 records found - comparisons: b941 n100 s100
910/668 SWANSTON STREET CARLTON 3053 --> 0 records found - comparisons: b536 n100 s100
300B/640 SWANSTON STREET CARLTON 3053 --> 0 records found - comparisons: b785 n100 s100
105B/640 SWANSTON STREET CARLTON 3053 --> 0 records found - comparisons: b962 n100 s100
405B/640 SWANSTON STREET CARLTON 3053 --> 0 records found - comparisons: b663 n100 s100
712A/640 SWANSTON STREET CARLTON 3053 --> 0 records found - comparisons: b637 n100 s100
711A/640 SWANSTON STREET CARLTON 3053 --> 0 records found - comparisons: b637 n100 s100
611A/640 SWANSTON STREET CARLTON 3053 --> 0 records found - comparisons: b733 n100 s100
513A/640 SWANSTON STREET CARLTON 3053 --> 0 records found - comparisons: b630 n100 s100
510A/640 SWANSTON STREET CARLTON 3053 --> 0 records found - comparisons: b630 n100 s100
103B/640 SWANSTON STREET CARLTON 3053 --> 0 records found - comparisons: b962 n100 s100
100B/640 SWANSTON STREET CARLTON 3053 --> 0 records found - comparisons: b962 n100 s100
205B/640 SWANSTON STREET CARLTON 3053 --> 0 records found - comparisons: b845 n100 s100
179-201 PELHAM STREET CARLTON 3053 --> 0 records found - comparisons: b939 n100 s100
105/223 BERKELEY STREET MELBOURNE 3000 --> 0 records found - comparisons: b962 n100 s100
16/650 SWANSTON STREET CARLTON 3053 --> 0 records found - comparisons: b934 n100 s100
106/223 BERKELEY STREET MELBOURNE 3000 --> 0 records found - comparisons: b962 n100 s100
109/223 BERKELEY STREET MELBOURNE 3000 --> 0 records found - comparisons: b971 n100 s100
177 GRATTAN STREET CARLTON 3053 --> 0 records found - comparisons: b941 n100 s100
150-154 PELHAM STREET CARLTON 3053 --> 0 records found - comparisons: b938 n100 s100
1/223 BERKELEY STREET MELBOURNE 3000 --> 0 records found - comparisons: b842 n100 s100
17 KERNOT ROAD PARKVILLE 3052 --> 0 records found - comparisons: b937 n100 s100
401B/640 SWANSTON STREET CARLTON 3053 --> 0 records found - comparisons: b665 n100 s100
307B/640 SWANSTON STREET CARLTON 3053 --> 0 records found - comparisons: b785 n100 s100
743-751 SWANSTON STREET CARLTON 3053 --> 0 records found - comparisons: b637 n100 s100
306B/640 SWANSTON STREET CARLTON 3053 --> 0 records found - comparisons: b785 n100 s100
208B/640 SWANSTON STREET CARLTON 3053 --> 0 records found - comparisons: b836 n100 s100
207B/640 SWANSTON STREET CARLTON 3053 --> 0 records found - comparisons: b838 n100 s100
106B/640 SWANSTON STREET CARLTON 3053 --> 0 records found - comparisons: b962 n100 s100
166-186 BOUVERIE STREET CARLTON 3053 --> 0 records found - comparisons: b933 n100 s100
2S/151 BERKELEY STREET MELBOURNE 3000 --> 0 records found - comparisons: b719 n100 s100
3S/151 BERKELEY STREET MELBOURNE 3000 --> 0 records found - comparisons: b713 n100 s100
901/668 SWANSTON STREET CARLTON 3053 --> 0 records found - comparisons: b543 n100 s100
1095/640 SWANSTON STREET CARLTON 3053 --> 0 records found - comparisons: b971 n100 s100
1134/640 SWANSTON STREET CARLTON 3053 --> 0 records found - comparisons: b965 n100 s100
1072/640 SWANSTON STREET CARLTON 3053 --> 0 records found - comparisons: b962 n100 s100
1111/640 SWANSTON STREET CARLTON 3053 --> 0 records found - comparisons: b975 n100 s100
303/223 BERKELEY STREET MELBOURNE 3000 --> 0 records found - comparisons: b788 n100 s100
507/668 SWANSTON STREET CARLTON 3053 --> 0 records found - comparisons: b638 n100 s100
156-162 PELHAM STREET CARLTON 3053 --> 0 records found - comparisons: b961 n100 s100
1109/640 SWANSTON STREET CARLTON 3053 --> 0 records found - comparisons: b972 n100 s100
1086/640 SWANSTON STREET CARLTON 3053 --> 0 records found - comparisons: b985 n100 s100
1101/640 SWANSTON STREET CARLTON 3053 --> 0 records found - comparisons: b974 n100 s100
182-200 BERKELEY STREET CARLTON 3053 --> 0 records found - comparisons: b903 n100 s100
207/151 BERKELEY STREET MELBOURNE 3000 --> 0 records found - comparisons: b838 n100 s100
4/650 SWANSTON STREET CARLTON 3053 --> 0 records found - comparisons: b658 n100 s100
1085/640 SWANSTON STREET CARLTON 3053 --> 0 records found - comparisons: b985 n100 s100
507/223 BERKELEY STREET MELBOURNE 3000 --> 0 records found - comparisons: b638 n100 s100
1079/640 SWANSTON STREET CARLTON 3053 --> 0 records found - comparisons: b962 n100 s100
29S/151 BERKELEY STREET MELBOURNE 3000 --> 0 records found - comparisons: b772 n100 s100
1112/640 SWANSTON STREET CARLTON 3053 --> 0 records found - comparisons: b974 n100 s100
508/668 SWANSTON STREET CARLTON 3053 --> 0 records found - comparisons: b635 n100 s100
660 SWANSTON STREET CARLTON 3053 --> 0 records found - comparisons: b715 n100 s100
701/668 SWANSTON STREET CARLTON 3053 --> 0 records found - comparisons: b637 n100 s100
1006A/640 SWANSTON STREET CARLTON 3053 --> 0 records found - comparisons: b962 n100 s100
602/668 SWANSTON STREET CARLTON 3053 --> 0 records found - comparisons: b810 n100 s100
207-211 GRATTAN STREET CARLTON 3053 --> 0 records found - comparisons: b838 n100 s100
27G/723 SWANSTON STREET CARLTON 3053 --> 0 records found - comparisons: b787 n100 s100
723 SWANSTON STREET CARLTON 3053 --> 0 records found - comparisons: b637 n100 s100
182-208 LEICESTER STREET CARLTON 3053 --> 0 records found - comparisons: b903 n100 s100
512/668 SWANSTON STREET CARLTON 3053 --> 0 records found - comparisons: b630 n100 s100
670 SWANSTON STREET CARLTON 3053 --> 0 records found - comparisons: b715 n100 s100
1121/640 SWANSTON STREET CARLTON 3053 --> 0 records found - comparisons: b965 n100 s100
1241/640 SWANSTON STREET CARLTON 3053 --> 0 records found - comparisons: b979 n100 s100
27/650 SWANSTON STREET CARLTON 3053 --> 0 records found - comparisons: b787 n100 s100
1106/640 SWANSTON STREET CARLTON 3053 --> 0 records found - comparisons: b973 n100 s100
1097/640 SWANSTON STREET CARLTON 3053 --> 0 records found - comparisons: b971 n100 s100
606A/640 SWANSTON STREET CARLTON 3053 --> 0 records found - comparisons: b802 n100 s100
412A/640 SWANSTON STREET CARLTON 3053 --> 0 records found - comparisons: b657 n100 s100
401A/640 SWANSTON STREET CARLTON 3053 --> 0 records found - comparisons: b665 n100 s100
1244/640 SWANSTON STREET CARLTON 3053 --> 0 records found - comparisons: b979 n100 s100
1100/640 SWANSTON STREET CARLTON 3053 --> 0 records found - comparisons: b974 n100 s100
1076/640 SWANSTON STREET CARLTON 3053 --> 0 records found - comparisons: b962 n100 s100
2032/640 SWANSTON STREET CARLTON 3053 --> 0 records found - comparisons: b838 n100 s100
1084/640 SWANSTON STREET CARLTON 3053 --> 0 records found - comparisons: b985 n100 s100
1242/640 SWANSTON STREET CARLTON 3053 --> 0 records found - comparisons: b979 n100 s100
204A/640 SWANSTON STREET CARLTON 3053 --> 0 records found - comparisons: b838 n100 s100
182-200 LEICESTER STREET CARLTON 3053 --> 0 records found - comparisons: b903 n100 s100
1505/151 BERKELEY STREET MELBOURNE 3000 --> 0 records found - comparisons: b938 n100 s100
905/151 BERKELEY STREET MELBOURNE 3000 --> 0 records found - comparisons: b542 n100 s100
104/223 BERKELEY STREET MELBOURNE 3000 --> 0 records found - comparisons: b962 n100 s100
906/151 BERKELEY STREET MELBOURNE 3000 --> 0 records found - comparisons: b542 n100 s100
907/151 BERKELEY STREET MELBOURNE 3000 --> 0 records found - comparisons: b542 n100 s100
607B/640 SWANSTON STREET CARLTON 3053 --> 0 records found - comparisons: b802 n100 s100
1001/151 BERKELEY STREET MELBOURNE 3000 --> 0 records found - comparisons: b962 n100 s100
1002/151 BERKELEY STREET MELBOURNE 3000 --> 0 records found - comparisons: b962 n100 s100
1003/151 BERKELEY STREET MELBOURNE 3000 --> 0 records found - comparisons: b962 n100 s100
1004/151 BERKELEY STREET MELBOURNE 3000 --> 0 records found - comparisons: b962 n100 s100
310/223 BERKELEY STREET MELBOURNE 3000 --> 0 records found - comparisons: b771 n100 s100
1006/151 BERKELEY STREET MELBOURNE 3000 --> 0 records found - comparisons: b962 n100 s100
1502/151 BERKELEY STREET MELBOURNE 3000 --> 0 records found - comparisons: b938 n100 s100
1503/151 BERKELEY STREET MELBOURNE 3000 --> 0 records found - comparisons: b938 n100 s100
1504/151 BERKELEY STREET MELBOURNE 3000 --> 0 records found - comparisons: b938 n100 s100
1401/151 BERKELEY STREET MELBOURNE 3000 --> 0 records found - comparisons: b939 n100 s100
902/151 BERKELEY STREET MELBOURNE 3000 --> 0 records found - comparisons: b544 n100 s100
903/151 BERKELEY STREET MELBOURNE 3000 --> 0 records found - comparisons: b546 n100 s100
806/668 SWANSTON STREET CARLTON 3053 --> 0 records found - comparisons: b526 n100 s100
807/668 SWANSTON STREET CARLTON 3053 --> 0 records found - comparisons: b526 n100 s100
808/668 SWANSTON STREET CARLTON 3053 --> 0 records found - comparisons: b526 n100 s100
809/668 SWANSTON STREET CARLTON 3053 --> 0 records found - comparisons: b526 n100 s100
810/668 SWANSTON STREET CARLTON 3053 --> 0 records found - comparisons: b526 n100 s100
704/668 SWANSTON STREET CARLTON 3053 --> 0 records found - comparisons: b637 n100 s100
1-17 COLLEGE CRESCENT PARKVILLE 3052 --> 0 records found - comparisons: b842 n100 s100
406/668 SWANSTON STREET CARLTON 3053 --> 0 records found - comparisons: b663 n100 s100
220 BERKELEY STREET CARLTON 3053 --> 0 records found - comparisons: b809 n100 s100
183-189 BOUVERIE STREET CARLTON 3053 --> 0 records found - comparisons: b903 n100 s100
1204/18 LINCOLN SQUARE N CARLTON 3053 --> 0 records found - comparisons: b1044 n100 s100
701/18 LINCOLN SQUARE N CARLTON 3053 --> 0 records found - comparisons: b637 n100 s100
1301/18 LINCOLN SQUARE N CARLTON 3053 --> 0 records found - comparisons: b979 n100 s100
109A/640 SWANSTON STREET CARLTON 3053 --> 0 records found - comparisons: b971 n100 s100
808A/640 SWANSTON STREET CARLTON 3053 --> 0 records found - comparisons: b526 n100 s100
102/18 LINCOLN SQUARE N CARLTON 3053 --> 0 records found - comparisons: b962 n100 s100
801A/640 SWANSTON STREET CARLTON 3053 --> 0 records found - comparisons: b526 n100 s100
600B/640 SWANSTON STREET CARLTON 3053 --> 0 records found - comparisons: b797 n100 s100
502/668 SWANSTON STREET CARLTON 3053 --> 0 records found - comparisons: b636 n100 s100
918/668 SWANSTON STREET CARLTON 3053 --> 0 records found - comparisons: b536 n100 s100
1027/640 SWANSTON STREET CARLTON 3053 --> 0 records found - comparisons: b962 n100 s100
208/223 BERKELEY STREET MELBOURNE 3000 --> 0 records found - comparisons: b841 n100 s100
100 ROYAL PARADE PARKVILLE 3052 --> 0 records found - comparisons: b962 n100 s100
1094/640 SWANSTON STREET CARLTON 3053 --> 0 records found - comparisons: b971 n100 s100
1099/640 SWANSTON STREET CARLTON 3053 --> 0 records found - comparisons: b971 n100 s100
1077/640 SWANSTON STREET CARLTON 3053 --> 0 records found - comparisons: b962 n100 s100
2/743-751 SWANSTON STREET CARLTON 3053 --> 0 records found - comparisons: b763 n100 s100
3 UNION ROAD PARKVILLE 3052 --> 0 records found - comparisons: b730 n100 s100
1098/640 SWANSTON STREET CARLTON 3053 --> 0 records found - comparisons: b971 n100 s100
2019/640 SWANSTON STREET CARLTON 3053 --> 0 records found - comparisons: b842 n100 s100
156 BOUVERIE STREET CARLTON 3053 --> 0 records found - comparisons: b945 n100 s100
102A/640 SWANSTON STREET CARLTON 3053 --> 0 records found - comparisons: b962 n100 s100
171-173 GRATTAN STREET CARLTON 3053 --> 0 records found - comparisons: b945 n100 s100
1005A/640 SWANSTON STREET CARLTON 3053 --> 0 records found - comparisons: b962 n100 s100
912A/640 SWANSTON STREET CARLTON 3053 --> 0 records found - comparisons: b536 n100 s100
197-235 BOUVERIE STREET CARLTON 3053 --> 0 records found - comparisons: b887 n100 s100
305/223 BERKELEY STREET MELBOURNE 3000 --> 0 records found - comparisons: b801 n100 s100
804/668 SWANSTON STREET CARLTON 3053 --> 0 records found - comparisons: b526 n100 s100
903/668 SWANSTON STREET CARLTON 3053 --> 0 records found - comparisons: b546 n100 s100
1506/151 BERKELEY STREET MELBOURNE 3000 --> 0 records found - comparisons: b938 n100 s100
1507/151 BERKELEY STREET MELBOURNE 3000 --> 0 records found - comparisons: b938 n100 s100
1508/151 BERKELEY STREET MELBOURNE 3000 --> 0 records found - comparisons: b938 n100 s100
1601/151 BERKELEY STREET MELBOURNE 3000 --> 0 records found - comparisons: b933 n100 s100
1602/151 BERKELEY STREET MELBOURNE 3000 --> 0 records found - comparisons: b933 n100 s100
1603/151 BERKELEY STREET MELBOURNE 3000 --> 0 records found - comparisons: b933 n100 s100
1604/151 BERKELEY STREET MELBOURNE 3000 --> 0 records found - comparisons: b933 n100 s100
1605/151 BERKELEY STREET MELBOURNE 3000 --> 0 records found - comparisons: b933 n100 s100
1606/151 BERKELEY STREET MELBOURNE 3000 --> 0 records found - comparisons: b933 n100 s100
1608/151 BERKELEY STREET MELBOURNE 3000 --> 0 records found - comparisons: b933 n100 s100
1701/151 BERKELEY STREET MELBOURNE 3000 --> 0 records found - comparisons: b953 n100 s100
1078/640 SWANSTON STREET CARLTON 3053 --> 0 records found - comparisons: b962 n100 s100
2043/640 SWANSTON STREET CARLTON 3053 --> 0 records found - comparisons: b838 n100 s100
1703/151 BERKELEY STREET MELBOURNE 3000 --> 0 records found - comparisons: b953 n100 s100
503A/640 SWANSTON STREET CARLTON 3053 --> 0 records found - comparisons: b636 n100 s100
153-163 BARRY STREET CARLTON 3053 --> 0 records found - comparisons: b938 n100 s100
923/668 SWANSTON STREET CARLTON 3053 --> 0 records found - comparisons: b535 n100 s100
168-172 LEICESTER STREET CARLTON 3053 --> 0 records found - comparisons: b933 n100 s100
193-195 BOUVERIE STREET CARLTON 3053 --> 0 records found - comparisons: b887 n100 s100
2/650 SWANSTON STREET CARLTON 3053 --> 0 records found - comparisons: b763 n100 s100
242 GRATTAN STREET PARKVILLE 3052 --> 0 records found - comparisons: b793 n100 s100
802/668 SWANSTON STREET CARLTON 3053 --> 0 records found - comparisons: b526 n100 s100
909/668 SWANSTON STREET CARLTON 3053 --> 0 records found - comparisons: b541 n100 s100
169 GRATTAN STREET CARLTON 3053 --> 0 records found - comparisons: b933 n100 s100
47C/151 BERKELEY STREET MELBOURNE 3000 --> 0 records found - comparisons: b656 n100 s100
4S/151 BERKELEY STREET MELBOURNE 3000 --> 0 records found - comparisons: b638 n100 s100
5S/151 BERKELEY STREET MELBOURNE 3000 --> 0 records found - comparisons: b624 n100 s100
407A/640 SWANSTON STREET CARLTON 3053 --> 0 records found - comparisons: b663 n100 s100
6S/151 BERKELEY STREET MELBOURNE 3000 --> 0 records found - comparisons: b663 n100 s100
7S/151 BERKELEY STREET MELBOURNE 3000 --> 0 records found - comparisons: b637 n100 s100
233 PELHAM STREET MELBOURNE 3000 --> 0 records found - comparisons: b815 n100 s100
1007/151 BERKELEY STREET MELBOURNE 3000 --> 0 records found - comparisons: b962 n100 s100
1008/151 BERKELEY STREET MELBOURNE 3000 --> 0 records found - comparisons: b962 n100 s100
1101/151 BERKELEY STREET MELBOURNE 3000 --> 0 records found - comparisons: b974 n100 s100
268 GRATTAN STREET PARKVILLE 3052 --> 0 records found - comparisons: b791 n100 s100
402A/640 SWANSTON STREET CARLTON 3053 --> 0 records found - comparisons: b664 n100 s100
1102/151 BERKELEY STREET MELBOURNE 3000 --> 0 records found - comparisons: b975 n100 s100
105/18 LINCOLN SQUARE N CARLTON 3053 --> 0 records found - comparisons: b962 n100 s100
203/18 LINCOLN SQUARE N CARLTON 3053 --> 0 records found - comparisons: b838 n100 s100
302A/640 SWANSTON STREET CARLTON 3053 --> 0 records found - comparisons: b786 n100 s100
610/223 BERKELEY STREET MELBOURNE 3000 --> 0 records found - comparisons: b733 n100 s100
605A/640 SWANSTON STREET CARLTON 3053 --> 0 records found - comparisons: b804 n100 s100
1002A/640 SWANSTON STREET CARLTON 3053 --> 0 records found - comparisons: b962 n100 s100
401/18 LINCOLN SQUARE N CARLTON 3053 --> 0 records found - comparisons: b665 n100 s100
213/640 SWANSTON STREET CARLTON 3053 --> 0 records found - comparisons: b847 n100 s100
216-228 LEICESTER STREET CARLTON 3053 --> 0 records found - comparisons: b831 n100 s100
183 PELHAM STREET CARLTON 3053 --> 0 records found - comparisons: b903 n100 s100
502/223 BERKELEY STREET MELBOURNE 3000 --> 0 records found - comparisons: b636 n100 s100
154 BOUVERIE STREET CARLTON 3053 --> 0 records found - comparisons: b939 n100 s100
506/18 LINCOLN SQUARE N CARLTON 3053 --> 0 records found - comparisons: b640 n100 s100
603/668 SWANSTON STREET CARLTON 3053 --> 0 records found - comparisons: b796 n100 s100
603/18 LINCOLN SQUARE N CARLTON 3053 --> 0 records found - comparisons: b796 n100 s100
501/223 BERKELEY STREET MELBOURNE 3000 --> 0 records found - comparisons: b636 n100 s100
503/223 BERKELEY STREET MELBOURNE 3000 --> 0 records found - comparisons: b636 n100 s100
504/223 BERKELEY STREET MELBOURNE 3000 --> 0 records found - comparisons: b637 n100 s100
506/223 BERKELEY STREET MELBOURNE 3000 --> 0 records found - comparisons: b640 n100 s100
508/223 BERKELEY STREET MELBOURNE 3000 --> 0 records found - comparisons: b635 n100 s100
601/223 BERKELEY STREET MELBOURNE 3000 --> 0 records found - comparisons: b801 n100 s100
604/223 BERKELEY STREET MELBOURNE 3000 --> 0 records found - comparisons: b826 n100 s100
605/223 BERKELEY STREET MELBOURNE 3000 --> 0 records found - comparisons: b817 n100 s100
606/223 BERKELEY STREET MELBOURNE 3000 --> 0 records found - comparisons: b815 n100 s100
607/223 BERKELEY STREET MELBOURNE 3000 --> 0 records found - comparisons: b815 n100 s100
608/223 BERKELEY STREET MELBOURNE 3000 --> 0 records found - comparisons: b801 n100 s100
705/18 LINCOLN SQUARE N CARLTON 3053 --> 0 records found - comparisons: b637 n100 s100
835-871 SWANSTON STREET PARKVILLE 3052 --> 0 records found - comparisons: b526 n100 s100
247-253 BOUVERIE STREET CARLTON 3053 --> 0 records found - comparisons: b819 n100 s100
8-14 MALVINA PLACE CARLTON 3053 --> 0 records found - comparisons: b529 n100 s100
609/223 BERKELEY STREET MELBOURNE 3000 --> 0 records found - comparisons: b786 n100 s100
703/223 BERKELEY STREET MELBOURNE 3000 --> 0 records found - comparisons: b637 n100 s100
706/223 BERKELEY STREET MELBOURNE 3000 --> 0 records found - comparisons: b637 n100 s100
707/223 BERKELEY STREET MELBOURNE 3000 --> 0 records found - comparisons: b637 n100 s100
709/223 BERKELEY STREET MELBOURNE 3000 --> 0 records found - comparisons: b637 n100 s100
710/223 BERKELEY STREET MELBOURNE 3000 --> 0 records found - comparisons: b637 n100 s100
83 BARRY STREET CARLTON 3053 --> 0 records found - comparisons: b526 n100 s100
792 ELIZABETH STREET MELBOURNE 3000 --> 0 records found - comparisons: b637 n100 s100
5/201 GRATTAN STREET CARLTON 3053 --> 0 records found - comparisons: b626 n100 s100
176-180 LEICESTER STREET CARLTON 3053 --> 0 records found - comparisons: b941 n100 s100
119 ROYAL PARADE PARKVILLE 3052 --> 0 records found - comparisons: b961 n100 s100
16S/151 BERKELEY STREET MELBOURNE 3000 --> 0 records found - comparisons: b933 n100 s100
17S/151 BERKELEY STREET MELBOURNE 3000 --> 0 records found - comparisons: b935 n100 s100
19S/151 BERKELEY STREET MELBOURNE 3000 --> 0 records found - comparisons: b887 n100 s100
20S/151 BERKELEY STREET MELBOURNE 3000 --> 0 records found - comparisons: b816 n100 s100
21S/151 BERKELEY STREET MELBOURNE 3000 --> 0 records found - comparisons: b814 n100 s100
22S/151 BERKELEY STREET MELBOURNE 3000 --> 0 records found - comparisons: b807 n100 s100
24S/151 BERKELEY STREET MELBOURNE 3000 --> 0 records found - comparisons: b789 n100 s100
25S/151 BERKELEY STREET MELBOURNE 3000 --> 0 records found - comparisons: b787 n100 s100
57-63 COLLEGE CRESCENT PARKVILLE 3052 --> 0 records found - comparisons: b628 n100 s100
26S/151 BERKELEY STREET MELBOURNE 3000 --> 0 records found - comparisons: b789 n100 s100
1207/151 BERKELEY STREET MELBOURNE 3000 --> 0 records found - comparisons: b1021 n100 s100
1301/151 BERKELEY STREET MELBOURNE 3000 --> 0 records found - comparisons: b979 n100 s100
1302/151 BERKELEY STREET MELBOURNE 3000 --> 0 records found - comparisons: b1001 n100 s100
1303/151 BERKELEY STREET MELBOURNE 3000 --> 0 records found - comparisons: b980 n100 s100
1304/151 BERKELEY STREET MELBOURNE 3000 --> 0 records found - comparisons: b978 n100 s100
1306/151 BERKELEY STREET MELBOURNE 3000 --> 0 records found - comparisons: b978 n100 s100
1103/151 BERKELEY STREET MELBOURNE 3000 --> 0 records found - comparisons: b996 n100 s100
1104/151 BERKELEY STREET MELBOURNE 3000 --> 0 records found - comparisons: b973 n100 s100
1105/151 BERKELEY STREET MELBOURNE 3000 --> 0 records found - comparisons: b973 n100 s100
1106/151 BERKELEY STREET MELBOURNE 3000 --> 0 records found - comparisons: b973 n100 s100
1108/151 BERKELEY STREET MELBOURNE 3000 --> 0 records found - comparisons: b972 n100 s100
603/223 BERKELEY STREET MELBOURNE 3000 --> 0 records found - comparisons: b796 n100 s100
609/151 BERKELEY STREET MELBOURNE 3000 --> 0 records found - comparisons: b786 n100 s100
20/650 SWANSTON STREET CARLTON 3053 --> 0 records found - comparisons: b826 n100 s100
313A/640 SWANSTON STREET CARLTON 3053 --> 0 records found - comparisons: b772 n100 s100
140 BERKELEY STREET CARLTON 3053 --> 0 records found - comparisons: b939 n100 s100
408B/640 SWANSTON STREET CARLTON 3053 --> 0 records found - comparisons: b662 n100 s100
407/151 BERKELEY STREET MELBOURNE 3000 --> 0 records found - comparisons: b663 n100 s100
409/151 BERKELEY STREET MELBOURNE 3000 --> 0 records found - comparisons: b662 n100 s100
501/151 BERKELEY STREET MELBOURNE 3000 --> 0 records found - comparisons: b636 n100 s100
502/151 BERKELEY STREET MELBOURNE 3000 --> 0 records found - comparisons: b636 n100 s100
504/151 BERKELEY STREET MELBOURNE 3000 --> 0 records found - comparisons: b637 n100 s100
505/151 BERKELEY STREET MELBOURNE 3000 --> 0 records found - comparisons: b637 n100 s100
506/151 BERKELEY STREET MELBOURNE 3000 --> 0 records found - comparisons: b640 n100 s100
507/151 BERKELEY STREET MELBOURNE 3000 --> 0 records found - comparisons: b638 n100 s100
508/151 BERKELEY STREET MELBOURNE 3000 --> 0 records found - comparisons: b635 n100 s100
509/151 BERKELEY STREET MELBOURNE 3000 --> 0 records found - comparisons: b635 n100 s100
601/151 BERKELEY STREET MELBOURNE 3000 --> 0 records found - comparisons: b801 n100 s100
602/151 BERKELEY STREET MELBOURNE 3000 --> 0 records found - comparisons: b811 n100 s100
1307/151 BERKELEY STREET MELBOURNE 3000 --> 0 records found - comparisons: b978 n100 s100
1308/151 BERKELEY STREET MELBOURNE 3000 --> 0 records found - comparisons: b977 n100 s100
205 GRATTAN STREET CARLTON 3053 --> 0 records found - comparisons: b840 n100 s100
1403/151 BERKELEY STREET MELBOURNE 3000 --> 0 records found - comparisons: b939 n100 s100
1404/151 BERKELEY STREET MELBOURNE 3000 --> 0 records found - comparisons: b939 n100 s100
1405/151 BERKELEY STREET MELBOURNE 3000 --> 0 records found - comparisons: b939 n100 s100
1406/151 BERKELEY STREET MELBOURNE 3000 --> 0 records found - comparisons: b939 n100 s100
1408/151 BERKELEY STREET MELBOURNE 3000 --> 0 records found - comparisons: b939 n100 s100
1501/151 BERKELEY STREET MELBOURNE 3000 --> 0 records found - comparisons: b938 n100 s100
1705/151 BERKELEY STREET MELBOURNE 3000 --> 0 records found - comparisons: b953 n100 s100
1707/151 BERKELEY STREET MELBOURNE 3000 --> 0 records found - comparisons: b953 n100 s100
1708/151 BERKELEY STREET MELBOURNE 3000 --> 0 records found - comparisons: b953 n100 s100
1801/151 BERKELEY STREET MELBOURNE 3000 --> 0 records found - comparisons: b916 n100 s100
696-708 ELIZABETH STREET MELBOURNE 3000 --> 0 records found - comparisons: b701 n100 s100
1804/151 BERKELEY STREET MELBOURNE 3000 --> 0 records found - comparisons: b917 n100 s100
1704/151 BERKELEY STREET MELBOURNE 3000 --> 0 records found - comparisons: b953 n100 s100
308/223 BERKELEY STREET MELBOURNE 3000 --> 0 records found - comparisons: b782 n100 s100
602/18 LINCOLN SQUARE N CARLTON 3053 --> 0 records found - comparisons: b811 n100 s100
402/223 BERKELEY STREET MELBOURNE 3000 --> 0 records found - comparisons: b664 n100 s100
604/18 LINCOLN SQUARE N CARLTON 3053 --> 0 records found - comparisons: b832 n100 s100
605/18 LINCOLN SQUARE N CARLTON 3053 --> 0 records found - comparisons: b823 n100 s100
702/151 BERKELEY STREET MELBOURNE 3000 --> 0 records found - comparisons: b637 n100 s100
703/151 BERKELEY STREET MELBOURNE 3000 --> 0 records found - comparisons: b637 n100 s100
704/151 BERKELEY STREET MELBOURNE 3000 --> 0 records found - comparisons: b637 n100 s100
705/151 BERKELEY STREET MELBOURNE 3000 --> 0 records found - comparisons: b637 n100 s100
707/151 BERKELEY STREET MELBOURNE 3000 --> 0 records found - comparisons: b637 n100 s100
708/151 BERKELEY STREET MELBOURNE 3000 --> 0 records found - comparisons: b637 n100 s100
709/151 BERKELEY STREET MELBOURNE 3000 --> 0 records found - comparisons: b637 n100 s100
801/151 BERKELEY STREET MELBOURNE 3000 --> 0 records found - comparisons: b526 n100 s100
803/151 BERKELEY STREET MELBOURNE 3000 --> 0 records found - comparisons: b526 n100 s100
804/151 BERKELEY STREET MELBOURNE 3000 --> 0 records found - comparisons: b526 n100 s100
805/151 BERKELEY STREET MELBOURNE 3000 --> 0 records found - comparisons: b526 n100 s100
303B/640 SWANSTON STREET CARLTON 3053 --> 0 records found - comparisons: b793 n100 s100
508B/640 SWANSTON STREET CARLTON 3053 --> 0 records found - comparisons: b635 n100 s100
201B/640 SWANSTON STREET CARLTON 3053 --> 0 records found - comparisons: b840 n100 s100
806/151 BERKELEY STREET MELBOURNE 3000 --> 0 records found - comparisons: b526 n100 s100
808/151 BERKELEY STREET MELBOURNE 3000 --> 0 records found - comparisons: b526 n100 s100
901/151 BERKELEY STREET MELBOURNE 3000 --> 0 records found - comparisons: b543 n100 s100
507B/640 SWANSTON STREET CARLTON 3053 --> 0 records found - comparisons: b638 n100 s100
506B/640 SWANSTON STREET CARLTON 3053 --> 0 records found - comparisons: b645 n100 s100
501B/640 SWANSTON STREET CARLTON 3053 --> 0 records found - comparisons: b636 n100 s100
608B/640 SWANSTON STREET CARLTON 3053 --> 0 records found - comparisons: b788 n100 s100
606B/640 SWANSTON STREET CARLTON 3053 --> 0 records found - comparisons: b802 n100 s100
605B/640 SWANSTON STREET CARLTON 3053 --> 0 records found - comparisons: b804 n100 s100
602B/640 SWANSTON STREET CARLTON 3053 --> 0 records found - comparisons: b798 n100 s100
3-4/230 GRATTAN STREET PARKVILLE 3052 --> 0 records found - comparisons: b732 n100 s100
108/223 BERKELEY STREET MELBOURNE 3000 --> 0 records found - comparisons: b981 n100 s100
403/223 BERKELEY STREET MELBOURNE 3000 --> 0 records found - comparisons: b664 n100 s100
305B/640 SWANSTON STREET CARLTON 3053 --> 0 records found - comparisons: b788 n100 s100
191-197 GRATTAN STREET CARLTON 3053 --> 0 records found - comparisons: b887 n100 s100
702/223 BERKELEY STREET MELBOURNE 3000 --> 0 records found - comparisons: b637 n100 s100
18S/151 BERKELEY STREET MELBOURNE 3000 --> 0 records found - comparisons: b895 n100 s100
23S/151 BERKELEY STREET MELBOURNE 3000 --> 0 records found - comparisons: b805 n100 s100
27S/151 BERKELEY STREET MELBOURNE 3000 --> 0 records found - comparisons: b787 n100 s100
32S/151 BERKELEY STREET MELBOURNE 3000 --> 0 records found - comparisons: b756 n100 s100
906/668 SWANSTON STREET CARLTON 3053 --> 0 records found - comparisons: b542 n100 s100
40C/151 BERKELEY STREET MELBOURNE 3000 --> 0 records found - comparisons: b659 n100 s100
41C/151 BERKELEY STREET MELBOURNE 3000 --> 0 records found - comparisons: b657 n100 s100
196-198 PELHAM STREET CARLTON 3053 --> 0 records found - comparisons: b887 n100 s100
201/668 SWANSTON STREET CARLTON 3053 --> 0 records found - comparisons: b852 n100 s100
42C/151 BERKELEY STREET MELBOURNE 3000 --> 0 records found - comparisons: b656 n100 s100
44C/151 BERKELEY STREET MELBOURNE 3000 --> 0 records found - comparisons: b659 n100 s100
45C/151 BERKELEY STREET MELBOURNE 3000 --> 0 records found - comparisons: b657 n100 s100
48C/151 BERKELEY STREET MELBOURNE 3000 --> 0 records found - comparisons: b666 n100 s100
50C/151 BERKELEY STREET MELBOURNE 3000 --> 0 records found - comparisons: b632 n100 s100
51C/151 BERKELEY STREET MELBOURNE 3000 --> 0 records found - comparisons: b630 n100 s100
52C/151 BERKELEY STREET MELBOURNE 3000 --> 0 records found - comparisons: b629 n100 s100
53C/151 BERKELEY STREET MELBOURNE 3000 --> 0 records found - comparisons: b629 n100 s100
1S/151 BERKELEY STREET MELBOURNE 3000 --> 0 records found - comparisons: b774 n100 s100
