18 PROFESSORS WALK PARKVILLE 3052 --> 1 records found - comparisons: b6951 n800 s800
783 SWANSTON STREET PARKVILLE 3052 --> 1 records found - comparisons: b5669 n800 s800
230 GRATTAN STREET PARKVILLE 3052 --> 15 records found - comparisons: b10200 n800 s800
28S/151 BERKELEY STREET MELBOURNE 3000 --> 1 records found - comparisons: b6412 n800 s800
44 PROFESSORS WALK PARKVILLE 3052 --> 3 records found - comparisons: b6267 n800 s800
170 GRATTAN STREET PARKVILLE 3052 --> 4 records found - comparisons: b7911 n800 s800
3/650 SWANSTON STREET CARLTON 3053 --> 1 records found - comparisons: b6070 n800 s800
6/650 SWANSTON STREET CARLTON 3053 --> 1 records found - comparisons: b5609 n800 s800
7/650 SWANSTON STREET CARLTON 3053 --> 1 records found - comparisons: b5619 n800 s800
48 ROYAL PARADE PARKVILLE 3052 --> 3 records found - comparisons: b6135 n800 s800
26/650 SWANSTON STREET CARLTON 3053 --> 1 records found - comparisons: b6500 n800 s800
644 SWANSTON STREET CARLTON 3053 --> 1 records found - comparisons: b5717 n800 s800
8/650 SWANSTON STREET CARLTON 3053 --> 1 records found - comparisons: b4676 n800 s800
30S/151 BERKELEY STREET MELBOURNE 3000 --> 1 records found - comparisons: b6483 n800 s800
31S/151 BERKELEY STREET MELBOURNE 3000 --> 1 records found - comparisons: b6397 n800 s800
33S/151 BERKELEY STREET MELBOURNE 3000 --> 1 records found - comparisons: b6331 n800 s800
34S/151 BERKELEY STREET MELBOURNE 3000 --> 1 records found - comparisons: b6258 n800 s800
650 SWANSTON STREET CARLTON 3053 --> 1 records found - comparisons: b5686 n800 s800
6/201 GRATTAN STREET CARLTON 3053 --> 1 records found - comparisons: b5611 n800 s800
1807/151 BERKELEY STREET MELBOURNE 3000 --> 1 records found - comparisons: b7023 n800 s800
1808/151 BERKELEY STREET MELBOURNE 3000 --> 1 records found - comparisons: b7018 n800 s800
1M/151 BERKELEY STREET MELBOURNE 3000 --> 1 records found - comparisons: b6160 n800 s800
3M/151 BERKELEY STREET MELBOURNE 3000 --> 1 records found - comparisons: b5887 n800 s800
1C/151 BERKELEY STREET MELBOURNE 3000 --> 1 records found - comparisons: b6160 n800 s800
3C/151 BERKELEY STREET MELBOURNE 3000 --> 1 records found - comparisons: b5887 n800 s800
4C/151 BERKELEY STREET MELBOURNE 3000 --> 1 records found - comparisons: b5506 n800 s800
6C/151 BERKELEY STREET MELBOURNE 3000 --> 1 records found - comparisons: b5484 n800 s800
7C/151 BERKELEY STREET MELBOURNE 3000 --> 1 records found - comparisons: b5488 n800 s800
8C/151 BERKELEY STREET MELBOURNE 3000 --> 1 records found - comparisons: b4599 n800 s800
9C/151 BERKELEY STREET MELBOURNE 3000 --> 1 records found - comparisons: b4619 n800 s800
10C/151 BERKELEY STREET MELBOURNE 3000 --> 1 records found - comparisons: b7413 n800 s800
11C/151 BERKELEY STREET MELBOURNE 3000 --> 1 records found - comparisons: b7323 n800 s800
12C/151 BERKELEY STREET MELBOURNE 3000 --> 1 records found - comparisons: b7233 n800 s800
13C/151 BERKELEY STREET MELBOURNE 3000 --> 1 records found - comparisons: b7215 n800 s800
14C/151 BERKELEY STREET MELBOURNE 3000 --> 1 records found - comparisons: b7147 n800 s800
604-640 SWANSTON STREET CARLTON 3053 --> 1 records found - comparisons: b5955 n800 s800
506A/640 SWANSTON STREET CARLTON 3053 --> 1 records found - comparisons: b5908 n800 s800
210A/640 SWANSTON STREET CARLTON 3053 --> 1 records found - comparisons: b6780 n800 s800
2/224 PELHAM STREET MELBOURNE 3000 --> 1 records found - comparisons: b6260 n800 s800
15C/151 BERKELEY STREET MELBOURNE 3000 --> 1 records found - comparisons: b7153 n800 s800
16C/151 BERKELEY STREET MELBOURNE 3000 --> 1 records found - comparisons: b7143 n800 s800
8S/151 BERKELEY STREET MELBOURNE 3000 --> 1 records found - comparisons: b4599 n800 s800
9S/151 BERKELEY STREET MELBOURNE 3000 --> 1 records found - comparisons: b4619 n800 s800
10S/151 BERKELEY STREET MELBOURNE 3000 --> 1 records found - comparisons: b7413 n800 s800
11S/151 BERKELEY STREET MELBOURNE 3000 --> 1 records found - comparisons: b7323 n800 s800
12S/151 BERKELEY STREET MELBOURNE 3000 --> 1 records found - comparisons: b7233 n800 s800
14S/151 BERKELEY STREET MELBOURNE 3000 --> 1 records found - comparisons: b7147 n800 s800
15S/151 BERKELEY STREET MELBOURNE 3000 --> 1 records found - comparisons: b7153 n800 s800
95-129 BARRY STREET CARLTON 3053 --> 1 records found - comparisons: b4741 n800 s800
139 BARRY STREET CARLTON 3053 --> 1 records found - comparisons: b7177 n800 s800
213-221 BERKELEY STREET MELBOURNE 3000 --> 1 records found - comparisons: b6810 n800 s800
214 BERKELEY STREET CARLTON 3053 --> 1 records found - comparisons: b6717 n800 s800
208-210 BERKELEY STREET CARLTON 3053 --> 1 records found - comparisons: b6971 n800 s800
1103/18 LINCOLN SQUARE N CARLTON 3053 --> 1 records found - comparisons: b7503 n800 s800
247-249 BOUVERIE STREET CARLTON 3053 --> 2 records found - comparisons: b6805 n800 s800
1203/18 LINCOLN SQUARE N CARLTON 3053 --> 1 records found - comparisons: b7388 n800 s800
30 ROYAL PARADE PARKVILLE 3052 --> 6 records found - comparisons: b7667 n800 s800
201/223 BERKELEY STREET MELBOURNE 3000 --> 1 records found - comparisons: b7066 n800 s800
1302/18 LINCOLN SQUARE N CARLTON 3053 --> 1 records found - comparisons: b7239 n800 s800
305/18 LINCOLN SQUARE N CARLTON 3053 --> 1 records found - comparisons: b6711 n800 s800
202-206 BERKELEY STREET CARLTON 3053 --> 1 records found - comparisons: b7052 n800 s800
604/151 BERKELEY STREET MELBOURNE 3000 --> 1 records found - comparisons: b5978 n800 s800
605/151 BERKELEY STREET MELBOURNE 3000 --> 1 records found - comparisons: b5969 n800 s800
606/151 BERKELEY STREET MELBOURNE 3000 --> 1 records found - comparisons: b5972 n800 s800
607/151 BERKELEY STREET MELBOURNE 3000 --> 1 records found - comparisons: b5974 n800 s800
608/151 BERKELEY STREET MELBOURNE 3000 --> 1 records found - comparisons: b5944 n800 s800
903A/640 SWANSTON STREET CARLTON 3053 --> 1 records found - comparisons: b5001 n800 s800
604A/640 SWANSTON STREET CARLTON 3053 --> 1 records found - comparisons: b5953 n800 s800
131-137 BARRY STREET CARLTON 3053 --> 1 records found - comparisons: b7201 n800 s800
601A/640 SWANSTON STREET CARLTON 3053 --> 1 records found - comparisons: b5953 n800 s800
206B/640 SWANSTON STREET CARLTON 3053 --> 1 records found - comparisons: b7046 n800 s800
303A/640 SWANSTON STREET CARLTON 3053 --> 1 records found - comparisons: b6688 n800 s800
205A/640 SWANSTON STREET CARLTON 3053 --> 1 records found - comparisons: b7047 n800 s800
213 BERKELEY STREET MELBOURNE 3000 --> 1 records found - comparisons: b6760 n800 s800
11 PROFESSORS WALK PARKVILLE 3052 --> 3 records found - comparisons: b7855 n800 s800
13/650 SWANSTON STREET CARLTON 3053 --> 1 records found - comparisons: b7207 n800 s800
400B/640 SWANSTON STREET CARLTON 3053 --> 1 records found - comparisons: b6143 n800 s800
16 WILSON AVENUE PARKVILLE 3052 --> 3 records found - comparisons: b7584 n800 s800
1110/640 SWANSTON STREET CARLTON 3053 --> 1 records found - comparisons: b7454 n800 s800
1082/640 SWANSTON STREET CARLTON 3053 --> 1 records found - comparisons: b7697 n800 s800
108A/640 SWANSTON STREET CARLTON 3053 --> 1 records found - comparisons: b7667 n800 s800
143-151 BARRY STREET CARLTON 3053 --> 1 records found - comparisons: b7143 n800 s800
1080/640 SWANSTON STREET CARLTON 3053 --> 1 records found - comparisons: b7697 n800 s800
4/133 ROYAL PARADE PARKVILLE 3052 --> 1 records found - comparisons: b5638 n800 s800
ROYAL PARADE PARKVILLE 3052 --> 1 records found - comparisons: b1830 n800 s800
22C/151 BERKELEY STREET MELBOURNE 3000 --> 1 records found - comparisons: b6657 n800 s800
49 COLLEGE CRESCENT PARKVILLE 3052 --> 1 records found - comparisons: b5705 n800 s800
156-180 BERKELEY STREET CARLTON 3053 --> 1 records found - comparisons: b7223 n800 s800
224 PELHAM STREET MELBOURNE 3000 --> 1 records found - comparisons: b6642 n800 s800
601B/640 SWANSTON STREET CARLTON 3053 --> 1 records found - comparisons: b5953 n800 s800
312/668 SWANSTON STREET CARLTON 3053 --> 1 records found - comparisons: b6418 n800 s800
1201/151 BERKELEY STREET MELBOURNE 3000 --> 1 records found - comparisons: b7402 n800 s800
1202/151 BERKELEY STREET MELBOURNE 3000 --> 1 records found - comparisons: b7404 n800 s800
1204/151 BERKELEY STREET MELBOURNE 3000 --> 1 records found - comparisons: b7378 n800 s800
1205/151 BERKELEY STREET MELBOURNE 3000 --> 1 records found - comparisons: b7378 n800 s800
17C/151 BERKELEY STREET MELBOURNE 3000 --> 1 records found - comparisons: b7145 n800 s800
18C/151 BERKELEY STREET MELBOURNE 3000 --> 1 records found - comparisons: b6939 n800 s800
602/223 BERKELEY STREET MELBOURNE 3000 --> 1 records found - comparisons: b5968 n800 s800
701/223 BERKELEY STREET MELBOURNE 3000 --> 1 records found - comparisons: b6015 n800 s800
19C/151 BERKELEY STREET MELBOURNE 3000 --> 1 records found - comparisons: b6925 n800 s800
20C/151 BERKELEY STREET MELBOURNE 3000 --> 1 records found - comparisons: b6794 n800 s800
21C/151 BERKELEY STREET MELBOURNE 3000 --> 1 records found - comparisons: b6710 n800 s800
G4-G5/230 GRATTAN STREET PARKVILLE 3052 --> 1 records found - comparisons: b1932 n800 s800
25C/151 BERKELEY STREET MELBOURNE 3000 --> 1 records found - comparisons: b6529 n800 s800
209/223 BERKELEY STREET MELBOURNE 3000 --> 1 records found - comparisons: b6993 n800 s800
206/223 BERKELEY STREET MELBOURNE 3000 --> 1 records found - comparisons: b7087 n800 s800
107/151 BERKELEY STREET MELBOURNE 3000 --> 1 records found - comparisons: b7770 n800 s800
912/668 SWANSTON STREET CARLTON 3053 --> 1 records found - comparisons: b4910 n800 s800
780-782 ELIZABETH STREET MELBOURNE 3000 --> 2 records found - comparisons: b6006 n800 s800
203/668 SWANSTON STREET CARLTON 3053 --> 1 records found - comparisons: b7060 n800 s800
23/650 SWANSTON STREET CARLTON 3053 --> 1 records found - comparisons: b6689 n800 s800
BERKELEY STREET MELBOURNE 3000 --> 1 records found - comparisons: b1859 n800 s800
301B/640 SWANSTON STREET CARLTON 3053 --> 1 records found - comparisons: b6692 n800 s800
206A/640 SWANSTON STREET CARLTON 3053 --> 1 records found - comparisons: b7046 n800 s800
505/668 SWANSTON STREET CARLTON 3053 --> 1 records found - comparisons: b5933 n800 s800
201 GRATTAN STREET CARLTON 3053 --> 1 records found - comparisons: b6990 n800 s800
108/151 BERKELEY STREET MELBOURNE 3000 --> 1 records found - comparisons: b7689 n800 s800
690 ELIZABETH STREET MELBOURNE 3000 --> 1 records found - comparisons: b5653 n800 s800
201/151 BERKELEY STREET MELBOURNE 3000 --> 1 records found - comparisons: b7072 n800 s800
909A/640 SWANSTON STREET CARLTON 3053 --> 1 records found - comparisons: b4977 n800 s800
802A/640 SWANSTON STREET CARLTON 3053 --> 1 records found - comparisons: b4853 n800 s800
202/151 BERKELEY STREET MELBOURNE 3000 --> 1 records found - comparisons: b7097 n800 s800
311A/640 SWANSTON STREET CARLTON 3053 --> 1 records found - comparisons: b6429 n800 s800
202/668 SWANSTON STREET CARLTON 3053 --> 1 records found - comparisons: b7073 n800 s800
411/668 SWANSTON STREET CARLTON 3053 --> 1 records found - comparisons: b5938 n800 s800
504/668 SWANSTON STREET CARLTON 3053 --> 1 records found - comparisons: b5917 n800 s800
601/668 SWANSTON STREET CARLTON 3053 --> 1 records found - comparisons: b5952 n800 s800
920/668 SWANSTON STREET CARLTON 3053 --> 1 records found - comparisons: b4835 n800 s800
611/668 SWANSTON STREET CARLTON 3053 --> 1 records found - comparisons: b5805 n800 s800
907A/640 SWANSTON STREET CARLTON 3053 --> 1 records found - comparisons: b5005 n800 s800
603B/640 SWANSTON STREET CARLTON 3053 --> 1 records found - comparisons: b5953 n800 s800
403B/640 SWANSTON STREET CARLTON 3053 --> 1 records found - comparisons: b6159 n800 s800
905A/640 SWANSTON STREET CARLTON 3053 --> 1 records found - comparisons: b5006 n800 s800
306A/640 SWANSTON STREET CARLTON 3053 --> 1 records found - comparisons: b6699 n800 s800
185 PELHAM STREET CARLTON 3053 --> 2 records found - comparisons: b7147 n800 s800
709/668 SWANSTON STREET CARLTON 3053 --> 1 records found - comparisons: b5935 n800 s800
18/650 SWANSTON STREET CARLTON 3053 --> 1 records found - comparisons: b6949 n800 s800
23C/151 BERKELEY STREET MELBOURNE 3000 --> 1 records found - comparisons: b6675 n800 s800
308/151 BERKELEY STREET MELBOURNE 3000 --> 1 records found - comparisons: b6666 n800 s800
26C/151 BERKELEY STREET MELBOURNE 3000 --> 1 records found - comparisons: b6524 n800 s800
408/151 BERKELEY STREET MELBOURNE 3000 --> 1 records found - comparisons: b6148 n800 s800
208A/640 SWANSTON STREET CARLTON 3053 --> 1 records found - comparisons: b6979 n800 s800
706/151 BERKELEY STREET MELBOURNE 3000 --> 1 records found - comparisons: b5989 n800 s800
807/151 BERKELEY STREET MELBOURNE 3000 --> 1 records found - comparisons: b4853 n800 s800
904/151 BERKELEY STREET MELBOURNE 3000 --> 1 records found - comparisons: b5045 n800 s800
27C/151 BERKELEY STREET MELBOURNE 3000 --> 1 records found - comparisons: b6532 n800 s800
LYGON STREET CARLTON NORTH 3054 --> 1 records found - comparisons: b1865 n800 s800
28C/151 BERKELEY STREET MELBOURNE 3000 --> 1 records found - comparisons: b6412 n800 s800
30C/151 BERKELEY STREET MELBOURNE 3000 --> 1 records found - comparisons: b6483 n800 s800
676 SWANSTON STREET CARLTON 3053 --> 1 records found - comparisons: b5723 n800 s800
1104/18 LINCOLN SQUARE N CARLTON 3053 --> 1 records found - comparisons: b7498 n800 s800
1201/18 LINCOLN SQUARE N CARLTON 3053 --> 1 records found - comparisons: b7386 n800 s800
31C/151 BERKELEY STREET MELBOURNE 3000 --> 1 records found - comparisons: b6397 n800 s800
1202/18 LINCOLN SQUARE N CARLTON 3053 --> 1 records found - comparisons: b7388 n800 s800
111A/640 SWANSTON STREET CARLTON 3053 --> 1 records found - comparisons: b7443 n800 s800
110A/640 SWANSTON STREET CARLTON 3053 --> 1 records found - comparisons: b7459 n800 s800
106A/640 SWANSTON STREET CARLTON 3053 --> 1 records found - comparisons: b7723 n800 s800
105A/640 SWANSTON STREET CARLTON 3053 --> 1 records found - comparisons: b7713 n800 s800
104A/640 SWANSTON STREET CARLTON 3053 --> 1 records found - comparisons: b7708 n800 s800
101A/640 SWANSTON STREET CARLTON 3053 --> 1 records found - comparisons: b7749 n800 s800
1012A/640 SWANSTON STREET CARLTON 3053 --> 1 records found - comparisons: b7768 n800 s800
1010A/640 SWANSTON STREET CARLTON 3053 --> 1 records found - comparisons: b7769 n800 s800
1009A/640 SWANSTON STREET CARLTON 3053 --> 1 records found - comparisons: b7820 n800 s800
1007A/640 SWANSTON STREET CARLTON 3053 --> 1 records found - comparisons: b7835 n800 s800
705/223 BERKELEY STREET MELBOURNE 3000 --> 1 records found - comparisons: b5990 n800 s800
708/223 BERKELEY STREET MELBOURNE 3000 --> 1 records found - comparisons: b5965 n800 s800
309/668 SWANSTON STREET CARLTON 3053 --> 1 records found - comparisons: b6662 n800 s800
206/18 LINCOLN SQUARE N CARLTON 3053 --> 1 records found - comparisons: b7077 n800 s800
303/18 LINCOLN SQUARE N CARLTON 3053 --> 1 records found - comparisons: b6724 n800 s800
308B/640 SWANSTON STREET CARLTON 3053 --> 1 records found - comparisons: b6651 n800 s800
404/18 LINCOLN SQUARE N CARLTON 3053 --> 1 records found - comparisons: b6196 n800 s800
406/18 LINCOLN SQUARE N CARLTON 3053 --> 1 records found - comparisons: b6181 n800 s800
503/18 LINCOLN SQUARE N CARLTON 3053 --> 1 records found - comparisons: b5935 n800 s800
305/151 BERKELEY STREET MELBOURNE 3000 --> 1 records found - comparisons: b6727 n800 s800
306/151 BERKELEY STREET MELBOURNE 3000 --> 1 records found - comparisons: b6746 n800 s800
771 SWANSTON STREET PARKVILLE 3052 --> 1 records found - comparisons: b5702 n800 s800
720 SWANSTON STREET CARLTON 3053 --> 4 records found - comparisons: b6497 n800 s800
24 WILSON AVENUE PARKVILLE 3052 --> 1 records found - comparisons: b6488 n800 s800
270 GRATTAN STREET PARKVILLE 3052 --> 1 records found - comparisons: b6490 n800 s800
165 BERKELEY STREET MELBOURNE 3000 --> 1 records found - comparisons: b7172 n800 s800
307/151 BERKELEY STREET MELBOURNE 3000 --> 1 records found - comparisons: b6725 n800 s800
9/650 SWANSTON STREET CARLTON 3053 --> 1 records found - comparisons: b4700 n800 s800
309/151 BERKELEY STREET MELBOURNE 3000 --> 1 records found - comparisons: b6679 n800 s800
401/151 BERKELEY STREET MELBOURNE 3000 --> 1 records found - comparisons: b6184 n800 s800
402/151 BERKELEY STREET MELBOURNE 3000 --> 1 records found - comparisons: b6191 n800 s800
404/151 BERKELEY STREET MELBOURNE 3000 --> 1 records found - comparisons: b6212 n800 s800
405/151 BERKELEY STREET MELBOURNE 3000 --> 1 records found - comparisons: b6214 n800 s800
406/151 BERKELEY STREET MELBOURNE 3000 --> 1 records found - comparisons: b6197 n800 s800
606/668 SWANSTON STREET CARLTON 3053 --> 1 records found - comparisons: b5956 n800 s800
607/668 SWANSTON STREET CARLTON 3053 --> 1 records found - comparisons: b5958 n800 s800
609/668 SWANSTON STREET CARLTON 3053 --> 1 records found - comparisons: b5914 n800 s800
610/668 SWANSTON STREET CARLTON 3053 --> 1 records found - comparisons: b5805 n800 s800
612/668 SWANSTON STREET CARLTON 3053 --> 1 records found - comparisons: b5803 n800 s800
705/668 SWANSTON STREET CARLTON 3053 --> 1 records found - comparisons: b5974 n800 s800
707/668 SWANSTON STREET CARLTON 3053 --> 1 records found - comparisons: b5959 n800 s800
200B/640 SWANSTON STREET CARLTON 3053 --> 1 records found - comparisons: b7023 n800 s800
36C/151 BERKELEY STREET MELBOURNE 3000 --> 1 records found - comparisons: b6247 n800 s800
37C/151 BERKELEY STREET MELBOURNE 3000 --> 1 records found - comparisons: b6247 n800 s800
39C/151 BERKELEY STREET MELBOURNE 3000 --> 1 records found - comparisons: b6167 n800 s800
7 UNION ROAD PARKVILLE 3052 --> 1 records found - comparisons: b5554 n800 s800
4 WILSON AVENUE PARKVILLE 3052 --> 1 records found - comparisons: b5595 n800 s800
23 PROFESSORS WALK PARKVILLE 3052 --> 1 records found - comparisons: b6680 n800 s800
6/135 ROYAL PARADE PARKVILLE 3052 --> 1 records found - comparisons: b5603 n800 s800
101B/640 SWANSTON STREET CARLTON 3053 --> 1 records found - comparisons: b7749 n800 s800
3/201 GRATTAN STREET CARLTON 3053 --> 1 records found - comparisons: b6061 n800 s800
13 WILSON AVENUE PARKVILLE 3052 --> 1 records found - comparisons: b7184 n800 s800
1206/151 BERKELEY STREET MELBOURNE 3000 --> 1 records found - comparisons: b7377 n800 s800
305/668 SWANSTON STREET CARLTON 3053 --> 1 records found - comparisons: b6704 n800 s800
35 WILSON AVENUE PARKVILLE 3052 --> 1 records found - comparisons: b6215 n800 s800
35 MASSON ROAD PARKVILLE 3052 --> 1 records found - comparisons: b6199 n800 s800
31 MASSON ROAD PARKVILLE 3052 --> 1 records found - comparisons: b6339 n800 s800
23 MASSON ROAD PARKVILLE 3052 --> 1 records found - comparisons: b6648 n800 s800
8 SPENCER ROAD PARKVILLE 3052 --> 1 records found - comparisons: b4660 n800 s800
17 SPENCER ROAD PARKVILLE 3052 --> 1 records found - comparisons: b7116 n800 s800
20 UNION ROAD PARKVILLE 3052 --> 1 records found - comparisons: b6843 n800 s800
47 PROFESSORS WALK PARKVILLE 3052 --> 1 records found - comparisons: b5755 n800 s800
56 ROYAL PARADE PARKVILLE 3052 --> 1 records found - comparisons: b5584 n800 s800
33 MEDICAL ROAD PARKVILLE 3052 --> 1 records found - comparisons: b6306 n800 s800
38 ROYAL PARADE PARKVILLE 3052 --> 1 records found - comparisons: b6103 n800 s800
25 MEDICAL ROAD PARKVILLE 3052 --> 1 records found - comparisons: b6468 n800 s800
6 MEDICAL ROAD PARKVILLE 3052 --> 1 records found - comparisons: b5542 n800 s800
66 TIN ALLEY PARKVILLE 3052 --> 1 records found - comparisons: b5658 n800 s800
155 BARRY STREET CARLTON 3053 --> 1 records found - comparisons: b7128 n800 s800
213A/640 SWANSTON STREET CARLTON 3053 --> 1 records found - comparisons: b6778 n800 s800
153 BARRY STREET CARLTON 3053 --> 1 records found - comparisons: b7127 n800 s800
701-713 SWANSTON STREET CARLTON 3053 --> 1 records found - comparisons: b5984 n800 s800
1203/151 BERKELEY STREET MELBOURNE 3000 --> 1 records found - comparisons: b7404 n800 s800
1208/151 BERKELEY STREET MELBOURNE 3000 --> 1 records found - comparisons: b7367 n800 s800
1305/151 BERKELEY STREET MELBOURNE 3000 --> 1 records found - comparisons: b7255 n800 s800
1402/151 BERKELEY STREET MELBOURNE 3000 --> 1 records found - comparisons: b7200 n800 s800
1407/151 BERKELEY STREET MELBOURNE 3000 --> 1 records found - comparisons: b7200 n800 s800
1702/151 BERKELEY STREET MELBOURNE 3000 --> 1 records found - comparisons: b7229 n800 s800
199-203 GRATTAN STREET CARLTON 3053 --> 2 records found - comparisons: b7195 n800 s800
10/650 SWANSTON STREET CARLTON 3053 --> 1 records found - comparisons: b7529 n800 s800
203/151 BERKELEY STREET MELBOURNE 3000 --> 1 records found - comparisons: b7077 n800 s800
204/151 BERKELEY STREET MELBOURNE 3000 --> 1 records found - comparisons: b7090 n800 s800
205/151 BERKELEY STREET MELBOURNE 3000 --> 1 records found - comparisons: b7099 n800 s800
810A/640 SWANSTON STREET CARLTON 3053 --> 1 records found - comparisons: b4772 n800 s800
209A/640 SWANSTON STREET CARLTON 3053 --> 1 records found - comparisons: b6972 n800 s800
200 LEICESTER STREET CARLTON 3053 --> 1 records found - comparisons: b6991 n800 s800
103A/640 SWANSTON STREET CARLTON 3053 --> 1 records found - comparisons: b7725 n800 s800
203B/640 SWANSTON STREET CARLTON 3053 --> 1 records found - comparisons: b7045 n800 s800
1001A/640 SWANSTON STREET CARLTON 3053 --> 1 records found - comparisons: b7845 n800 s800
206/151 BERKELEY STREET MELBOURNE 3000 --> 1 records found - comparisons: b7093 n800 s800
208/151 BERKELEY STREET MELBOURNE 3000 --> 1 records found - comparisons: b6987 n800 s800
209/151 BERKELEY STREET MELBOURNE 3000 --> 1 records found - comparisons: b6993 n800 s800
301/151 BERKELEY STREET MELBOURNE 3000 --> 1 records found - comparisons: b6739 n800 s800
302/151 BERKELEY STREET MELBOURNE 3000 --> 1 records found - comparisons: b6740 n800 s800
304/151 BERKELEY STREET MELBOURNE 3000 --> 1 records found - comparisons: b6742 n800 s800
503/151 BERKELEY STREET MELBOURNE 3000 --> 1 records found - comparisons: b5951 n800 s800
603/151 BERKELEY STREET MELBOURNE 3000 --> 1 records found - comparisons: b5956 n800 s800
35/230 GRATTAN STREET PARKVILLE 3052 --> 1 records found - comparisons: b6248 n800 s800
6/230 GRATTAN STREET PARKVILLE 3052 --> 1 records found - comparisons: b5627 n800 s800
45/230 GRATTAN STREET PARKVILLE 3052 --> 1 records found - comparisons: b5779 n800 s800
33/230 GRATTAN STREET PARKVILLE 3052 --> 1 records found - comparisons: b6322 n800 s800
5/230 GRATTAN STREET PARKVILLE 3052 --> 1 records found - comparisons: b5557 n800 s800
1/230 GRATTAN STREET PARKVILLE 3052 --> 1 records found - comparisons: b6699 n800 s800
183-195 BOUVERIE STREET CARLTON 3053 --> 1 records found - comparisons: b6979 n800 s800
42/230 GRATTAN STREET PARKVILLE 3052 --> 1 records found - comparisons: b5824 n800 s800
644-658 SWANSTON STREET CARLTON 3053 --> 1 records found - comparisons: b5749 n800 s800
704/223 BERKELEY STREET MELBOURNE 3000 --> 1 records found - comparisons: b5991 n800 s800
39/230 GRATTAN STREET PARKVILLE 3052 --> 1 records found - comparisons: b6151 n800 s800
7/230 GRATTAN STREET PARKVILLE 3052 --> 1 records found - comparisons: b5637 n800 s800
8/230 GRATTAN STREET PARKVILLE 3052 --> 1 records found - comparisons: b4694 n800 s800
12/230 GRATTAN STREET PARKVILLE 3052 --> 1 records found - comparisons: b7259 n800 s800
34/230 GRATTAN STREET PARKVILLE 3052 --> 1 records found - comparisons: b6240 n800 s800
204/668 SWANSTON STREET CARLTON 3053 --> 1 records found - comparisons: b7066 n800 s800
801/668 SWANSTON STREET CARLTON 3053 --> 1 records found - comparisons: b4852 n800 s800
2B/230 GRATTAN STREET PARKVILLE 3052 --> 1 records found - comparisons: b5978 n800 s800
67/230 GRATTAN STREET PARKVILLE 3052 --> 1 records found - comparisons: b5746 n800 s800
75/230 GRATTAN STREET PARKVILLE 3052 --> 1 records found - comparisons: b5722 n800 s800
2/133 ROYAL PARADE PARKVILLE 3052 --> 1 records found - comparisons: b6258 n800 s800
68/230 GRATTAN STREET PARKVILLE 3052 --> 1 records found - comparisons: b5661 n800 s800
50/230 GRATTAN STREET PARKVILLE 3052 --> 1 records found - comparisons: b5831 n800 s800
51/230 GRATTAN STREET PARKVILLE 3052 --> 1 records found - comparisons: b5756 n800 s800
52/230 GRATTAN STREET PARKVILLE 3052 --> 1 records found - comparisons: b5677 n800 s800
53/230 GRATTAN STREET PARKVILLE 3052 --> 1 records found - comparisons: b5682 n800 s800
9/230 GRATTAN STREET PARKVILLE 3052 --> 1 records found - comparisons: b4717 n800 s800
309A/640 SWANSTON STREET CARLTON 3053 --> 1 records found - comparisons: b6646 n800 s800
2A/230 GRATTAN STREET PARKVILLE 3052 --> 1 records found - comparisons: b5978 n800 s800
69/230 GRATTAN STREET PARKVILLE 3052 --> 1 records found - comparisons: b5661 n800 s800
919/668 SWANSTON STREET CARLTON 3053 --> 1 records found - comparisons: b4895 n800 s800
40/230 GRATTAN STREET PARKVILLE 3052 --> 1 records found - comparisons: b6044 n800 s800
505/223 BERKELEY STREET MELBOURNE 3000 --> 1 records found - comparisons: b5950 n800 s800
103/223 BERKELEY STREET MELBOURNE 3000 --> 1 records found - comparisons: b7754 n800 s800
165 GRATTAN STREET CARLTON 3053 --> 1 records found - comparisons: b7148 n800 s800
139 ROYAL PARADE PARKVILLE 3052 --> 1 records found - comparisons: b7193 n800 s800
179 GRATTAN STREET CARLTON 3053 --> 1 records found - comparisons: b7133 n800 s800
601/18 LINCOLN SQUARE N CARLTON 3053 --> 1 records found - comparisons: b5952 n800 s800
505/18 LINCOLN SQUARE N CARLTON 3053 --> 1 records found - comparisons: b5934 n800 s800
ELIZABETH STREET MELBOURNE 3000 --> 1 records found - comparisons: b1868 n800 s800
815 SWANSTON STREET PARKVILLE 3052 --> 1 records found - comparisons: b4745 n800 s800
222-224 PELHAM STREET MELBOURNE 3000 --> 1 records found - comparisons: b6672 n800 s800
678 SWANSTON STREET CARLTON 3053 --> 1 records found - comparisons: b5719 n800 s800
141 BARRY STREET CARLTON 3053 --> 1 records found - comparisons: b7126 n800 s800
1/743-751 SWANSTON STREET CARLTON 3053 --> 1 records found - comparisons: b6710 n800 s800
14 KERNOT ROAD PARKVILLE 3052 --> 3 records found - comparisons: b7536 n800 s800
7 SPENCER ROAD PARKVILLE 3052 --> 2 records found - comparisons: b5788 n800 s800
5C/151 BERKELEY STREET MELBOURNE 3000 --> 1 records found - comparisons: b5458 n800 s800
24C/151 BERKELEY STREET MELBOURNE 3000 --> 1 records found - comparisons: b6535 n800 s800
15/650 SWANSTON STREET CARLTON 3053 --> 1 records found - comparisons: b7159 n800 s800
8/201 GRATTAN STREET CARLTON 3053 --> 1 records found - comparisons: b4678 n800 s800
18 SPENCER ROAD PARKVILLE 3052 --> 2 records found - comparisons: b7144 n800 s800
199 GRATTAN STREET CARLTON 3053 --> 1 records found - comparisons: b6904 n800 s800
202A/640 SWANSTON STREET CARLTON 3053 --> 1 records found - comparisons: b7045 n800 s800
201A/640 SWANSTON STREET CARLTON 3053 --> 1 records found - comparisons: b7029 n800 s800
1706/151 BERKELEY STREET MELBOURNE 3000 --> 1 records found - comparisons: b7229 n800 s800
1805/151 BERKELEY STREET MELBOURNE 3000 --> 1 records found - comparisons: b7022 n800 s800
2M/151 BERKELEY STREET MELBOURNE 3000 --> 1 records found - comparisons: b5984 n800 s800
805/668 SWANSTON STREET CARLTON 3053 --> 1 records found - comparisons: b4837 n800 s800
802/151 BERKELEY STREET MELBOURNE 3000 --> 1 records found - comparisons: b4880 n800 s800
18-20 LINCOLN SQUARE N CARLTON 3053 --> 1 records found - comparisons: b6949 n800 s800
303/151 BERKELEY STREET MELBOURNE 3000 --> 1 records found - comparisons: b6740 n800 s800
163 GRATTAN STREET CARLTON 3053 --> 1 records found - comparisons: b7129 n800 s800
672 SWANSTON STREET CARLTON 3053 --> 3 records found - comparisons: b6208 n800 s800
205/668 SWANSTON STREET CARLTON 3053 --> 1 records found - comparisons: b7075 n800 s800
301/668 SWANSTON STREET CARLTON 3053 --> 1 records found - comparisons: b6715 n800 s800
302/668 SWANSTON STREET CARLTON 3053 --> 1 records found - comparisons: b6716 n800 s800
303/668 SWANSTON STREET CARLTON 3053 --> 1 records found - comparisons: b6716 n800 s800
922/668 SWANSTON STREET CARLTON 3053 --> 1 records found - comparisons: b4834 n800 s800
402B/640 SWANSTON STREET CARLTON 3053 --> 1 records found - comparisons: b6152 n800 s800
403/151 BERKELEY STREET MELBOURNE 3000 --> 1 records found - comparisons: b6193 n800 s800
502B/640 SWANSTON STREET CARLTON 3053 --> 1 records found - comparisons: b5915 n800 s800
307/223 BERKELEY STREET MELBOURNE 3000 --> 1 records found - comparisons: b6725 n800 s800
701/151 BERKELEY STREET MELBOURNE 3000 --> 1 records found - comparisons: b6015 n800 s800
101/151 BERKELEY STREET MELBOURNE 3000 --> 1 records found - comparisons: b7790 n800 s800
102/151 BERKELEY STREET MELBOURNE 3000 --> 1 records found - comparisons: b7737 n800 s800
103/151 BERKELEY STREET MELBOURNE 3000 --> 1 records found - comparisons: b7760 n800 s800
104/151 BERKELEY STREET MELBOURNE 3000 --> 1 records found - comparisons: b7748 n800 s800
105/151 BERKELEY STREET MELBOURNE 3000 --> 1 records found - comparisons: b7729 n800 s800
106/151 BERKELEY STREET MELBOURNE 3000 --> 1 records found - comparisons: b7758 n800 s800
1107/151 BERKELEY STREET MELBOURNE 3000 --> 1 records found - comparisons: b7515 n800 s800
1096/640 SWANSTON STREET CARLTON 3053 --> 1 records found - comparisons: b7670 n800 s800
1075/640 SWANSTON STREET CARLTON 3053 --> 1 records found - comparisons: b7756 n800 s800
29C/151 BERKELEY STREET MELBOURNE 3000 --> 1 records found - comparisons: b6422 n800 s800
33C/151 BERKELEY STREET MELBOURNE 3000 --> 1 records found - comparisons: b6331 n800 s800
38C/151 BERKELEY STREET MELBOURNE 3000 --> 1 records found - comparisons: b6167 n800 s800
43C/151 BERKELEY STREET MELBOURNE 3000 --> 1 records found - comparisons: b5840 n800 s800
304/223 BERKELEY STREET MELBOURNE 3000 --> 1 records found - comparisons: b6736 n800 s800
205-211 GRATTAN STREET CARLTON 3053 --> 1 records found - comparisons: b7046 n800 s800
8 MONASH ROAD PARKVILLE 3052 --> 2 records found - comparisons: b4864 n800 s800
49C/151 BERKELEY STREET MELBOURNE 3000 --> 1 records found - comparisons: b5737 n800 s800
13S/151 BERKELEY STREET MELBOURNE 3000 --> 1 records found - comparisons: b7215 n800 s800
1/224 PELHAM STREET MELBOURNE 3000 --> 1 records found - comparisons: b6697 n800 s800
1/650 SWANSTON STREET CARLTON 3053 --> 1 records found - comparisons: b6672 n800 s800
409A/640 SWANSTON STREET CARLTON 3053 --> 1 records found - comparisons: b6113 n800 s800
408/223 BERKELEY STREET MELBOURNE 3000 --> 1 records found - comparisons: b6148 n800 s800
112A/640 SWANSTON STREET CARLTON 3053 --> 1 records found - comparisons: b7427 n800 s800
196 PELHAM STREET CARLTON 3053 --> 1 records found - comparisons: b6884 n800 s800
15 MONASH ROAD PARKVILLE 3052 --> 4 records found - comparisons: b7768 n800 s800
1806/151 BERKELEY STREET MELBOURNE 3000 --> 1 records found - comparisons: b7023 n800 s800
100A/640 SWANSTON STREET CARLTON 3053 --> 1 records found - comparisons: b7769 n800 s800
11 MONASH ROAD PARKVILLE 3052 --> 2 records found - comparisons: b7547 n800 s800
8 PORTERS LANE PARKVILLE 3052 --> 3 records found - comparisons: b5094 n800 s800
2 PORTERS LANE PARKVILLE 3052 --> 3 records found - comparisons: b6655 n800 s800
709A/640 SWANSTON STREET CARLTON 3053 --> 1 records found - comparisons: b5943 n800 s800
203A/640 SWANSTON STREET CARLTON 3053 --> 1 records found - comparisons: b7045 n800 s800
212 BERKELEY STREET CARLTON 3053 --> 1 records found - comparisons: b6734 n800 s800
17/650 SWANSTON STREET CARLTON 3053 --> 1 records found - comparisons: b7149 n800 s800
40 COLLEGE CRESCENT PARKVILLE 3052 --> 1 records found - comparisons: b6028 n800 s800
910A/640 SWANSTON STREET CARLTON 3053 --> 1 records found - comparisons: b4922 n800 s800
12/650 SWANSTON STREET CARLTON 3053 --> 1 records found - comparisons: b7251 n800 s800
406B/640 SWANSTON STREET CARLTON 3053 --> 1 records found - comparisons: b6162 n800 s800
19/650 SWANSTON STREET CARLTON 3053 --> 1 records found - comparisons: b6918 n800 s800
202B/640 SWANSTON STREET CARLTON 3053 --> 1 records found - comparisons: b7045 n800 s800
29-55 COLLEGE CRESCENT PARKVILLE 3052 --> 1 records found - comparisons: b6422 n800 s800
226 PELHAM STREET MELBOURNE 3000 --> 2 records found - comparisons: b6882 n800 s800
20 LINCOLN SQUARE N CARLTON 3053 --> 1 records found - comparisons: b6879 n800 s800
101/18 LINCOLN SQUARE N CARLTON 3053 --> 1 records found - comparisons: b7774 n800 s800
103/18 LINCOLN SQUARE N CARLTON 3053 --> 1 records found - comparisons: b7744 n800 s800
104/18 LINCOLN SQUARE N CARLTON 3053 --> 1 records found - comparisons: b7732 n800 s800
106/18 LINCOLN SQUARE N CARLTON 3053 --> 1 records found - comparisons: b7742 n800 s800
201/18 LINCOLN SQUARE N CARLTON 3053 --> 1 records found - comparisons: b7056 n800 s800
304/668 SWANSTON STREET CARLTON 3053 --> 1 records found - comparisons: b6718 n800 s800
307/668 SWANSTON STREET CARLTON 3053 --> 1 records found - comparisons: b6708 n800 s800
310/668 SWANSTON STREET CARLTON 3053 --> 1 records found - comparisons: b6435 n800 s800
402/668 SWANSTON STREET CARLTON 3053 --> 1 records found - comparisons: b6168 n800 s800
403/668 SWANSTON STREET CARLTON 3053 --> 1 records found - comparisons: b6170 n800 s800
408/668 SWANSTON STREET CARLTON 3053 --> 1 records found - comparisons: b6131 n800 s800
409/668 SWANSTON STREET CARLTON 3053 --> 1 records found - comparisons: b6117 n800 s800
149-155 BERKELEY STREET MELBOURNE 3000 --> 2 records found - comparisons: b7465 n800 s800
202/18 LINCOLN SQUARE N CARLTON 3053 --> 1 records found - comparisons: b7081 n800 s800
204/18 LINCOLN SQUARE N CARLTON 3053 --> 1 records found - comparisons: b7074 n800 s800
205/18 LINCOLN SQUARE N CARLTON 3053 --> 1 records found - comparisons: b7083 n800 s800
243-245 BOUVERIE STREET CARLTON 3053 --> 1 records found - comparisons: b6531 n800 s800
19-27 COLLEGE CRESCENT PARKVILLE 3052 --> 1 records found - comparisons: b6934 n800 s800
900A/640 SWANSTON STREET CARLTON 3053 --> 1 records found - comparisons: b4998 n800 s800
640 SWANSTON STREET CARLTON 3053 --> 3 records found - comparisons: b6194 n800 s800
908A/640 SWANSTON STREET CARLTON 3053 --> 1 records found - comparisons: b4981 n800 s800
901A/640 SWANSTON STREET CARLTON 3053 --> 1 records found - comparisons: b5002 n800 s800
812A/640 SWANSTON STREET CARLTON 3053 --> 1 records found - comparisons: b4771 n800 s800
811A/640 SWANSTON STREET CARLTON 3053 --> 1 records found - comparisons: b4772 n800 s800
147-149 BARRY STREET CARLTON 3053 --> 1 records found - comparisons: b7139 n800 s800
809A/640 SWANSTON STREET CARLTON 3053 --> 1 records found - comparisons: b4822 n800 s800
410/668 SWANSTON STREET CARLTON 3053 --> 1 records found - comparisons: b5952 n800 s800
412/668 SWANSTON STREET CARLTON 3053 --> 1 records found - comparisons: b5935 n800 s800
503/668 SWANSTON STREET CARLTON 3053 --> 1 records found - comparisons: b5928 n800 s800
506/668 SWANSTON STREET CARLTON 3053 --> 1 records found - comparisons: b5900 n800 s800
509/668 SWANSTON STREET CARLTON 3053 --> 1 records found - comparisons: b5887 n800 s800
510/668 SWANSTON STREET CARLTON 3053 --> 1 records found - comparisons: b5798 n800 s800
101/223 BERKELEY STREET MELBOURNE 3000 --> 1 records found - comparisons: b7784 n800 s800
603A/640 SWANSTON STREET CARLTON 3053 --> 1 records found - comparisons: b5953 n800 s800
602A/640 SWANSTON STREET CARLTON 3053 --> 1 records found - comparisons: b5948 n800 s800
514A/640 SWANSTON STREET CARLTON 3053 --> 1 records found - comparisons: b5779 n800 s800
511A/640 SWANSTON STREET CARLTON 3053 --> 1 records found - comparisons: b5792 n800 s800
509A/640 SWANSTON STREET CARLTON 3053 --> 1 records found - comparisons: b5883 n800 s800
710/668 SWANSTON STREET CARLTON 3053 --> 1 records found - comparisons: b5841 n800 s800
803/668 SWANSTON STREET CARLTON 3053 --> 1 records found - comparisons: b4857 n800 s800
508A/640 SWANSTON STREET CARLTON 3053 --> 1 records found - comparisons: b5881 n800 s800
507A/640 SWANSTON STREET CARLTON 3053 --> 1 records found - comparisons: b5910 n800 s800
505A/640 SWANSTON STREET CARLTON 3053 --> 1 records found - comparisons: b5922 n800 s800
504A/640 SWANSTON STREET CARLTON 3053 --> 1 records found - comparisons: b5913 n800 s800
308/668 SWANSTON STREET CARLTON 3053 --> 1 records found - comparisons: b6650 n800 s800
311/668 SWANSTON STREET CARLTON 3053 --> 1 records found - comparisons: b6421 n800 s800
502A/640 SWANSTON STREET CARLTON 3053 --> 1 records found - comparisons: b5915 n800 s800
301/18 LINCOLN SQUARE N CARLTON 3053 --> 1 records found - comparisons: b6723 n800 s800
302/18 LINCOLN SQUARE N CARLTON 3053 --> 1 records found - comparisons: b6724 n800 s800
304/18 LINCOLN SQUARE N CARLTON 3053 --> 1 records found - comparisons: b6726 n800 s800
306/18 LINCOLN SQUARE N CARLTON 3053 --> 1 records found - comparisons: b6730 n800 s800
402/18 LINCOLN SQUARE N CARLTON 3053 --> 1 records found - comparisons: b6175 n800 s800
403/18 LINCOLN SQUARE N CARLTON 3053 --> 1 records found - comparisons: b6177 n800 s800
405/18 LINCOLN SQUARE N CARLTON 3053 --> 1 records found - comparisons: b6198 n800 s800
501/18 LINCOLN SQUARE N CARLTON 3053 --> 1 records found - comparisons: b5911 n800 s800
502/18 LINCOLN SQUARE N CARLTON 3053 --> 1 records found - comparisons: b5902 n800 s800
806A/640 SWANSTON STREET CARLTON 3053 --> 1 records found - comparisons: b4843 n800 s800
803A/640 SWANSTON STREET CARLTON 3053 --> 1 records found - comparisons: b4853 n800 s800
504/18 LINCOLN SQUARE N CARLTON 3053 --> 1 records found - comparisons: b5917 n800 s800
203/223 BERKELEY STREET MELBOURNE 3000 --> 1 records found - comparisons: b7077 n800 s800
204/223 BERKELEY STREET MELBOURNE 3000 --> 1 records found - comparisons: b7084 n800 s800
911A/640 SWANSTON STREET CARLTON 3053 --> 1 records found - comparisons: b4922 n800 s800
800A/640 SWANSTON STREET CARLTON 3053 --> 1 records found - comparisons: b4846 n800 s800
710A/640 SWANSTON STREET CARLTON 3053 --> 1 records found - comparisons: b5849 n800 s800
708A/640 SWANSTON STREET CARLTON 3053 --> 1 records found - comparisons: b5945 n800 s800
707A/640 SWANSTON STREET CARLTON 3053 --> 1 records found - comparisons: b5967 n800 s800
705A/640 SWANSTON STREET CARLTON 3053 --> 1 records found - comparisons: b5970 n800 s800
63 MORRISON CLOSE PARKVILLE 3052 --> 1 records found - comparisons: b5700 n800 s800
702A/640 SWANSTON STREET CARLTON 3053 --> 1 records found - comparisons: b5971 n800 s800
701A/640 SWANSTON STREET CARLTON 3053 --> 1 records found - comparisons: b5982 n800 s800
501/668 SWANSTON STREET CARLTON 3053 --> 1 records found - comparisons: b5911 n800 s800
223 BERKELEY STREET MELBOURNE 3000 --> 1 records found - comparisons: b6656 n800 s800
702/668 SWANSTON STREET CARLTON 3053 --> 1 records found - comparisons: b5975 n800 s800
612A/640 SWANSTON STREET CARLTON 3053 --> 1 records found - comparisons: b5811 n800 s800
609A/640 SWANSTON STREET CARLTON 3053 --> 1 records found - comparisons: b5922 n800 s800
418A/640 SWANSTON STREET CARLTON 3053 --> 1 records found - comparisons: b5927 n800 s800
411A/640 SWANSTON STREET CARLTON 3053 --> 1 records found - comparisons: b5946 n800 s800
3/743-751 SWANSTON STREET CARLTON 3053 --> 1 records found - comparisons: b6102 n800 s800
702/18 LINCOLN SQUARE N CARLTON 3053 --> 1 records found - comparisons: b5975 n800 s800
703/18 LINCOLN SQUARE N CARLTON 3053 --> 1 records found - comparisons: b5975 n800 s800
704/18 LINCOLN SQUARE N CARLTON 3053 --> 1 records found - comparisons: b5975 n800 s800
801/18 LINCOLN SQUARE N CARLTON 3053 --> 1 records found - comparisons: b4852 n800 s800
802/18 LINCOLN SQUARE N CARLTON 3053 --> 1 records found - comparisons: b4864 n800 s800
206/668 SWANSTON STREET CARLTON 3053 --> 1 records found - comparisons: b7069 n800 s800
804/18 LINCOLN SQUARE N CARLTON 3053 --> 1 records found - comparisons: b4835 n800 s800
901/18 LINCOLN SQUARE N CARLTON 3053 --> 1 records found - comparisons: b5006 n800 s800
1/143 ROYAL PARADE PARKVILLE 3052 --> 1 records found - comparisons: b6678 n800 s800
903/18 LINCOLN SQUARE N CARLTON 3053 --> 1 records found - comparisons: b4993 n800 s800
904/18 LINCOLN SQUARE N CARLTON 3053 --> 1 records found - comparisons: b5029 n800 s800
1002/18 LINCOLN SQUARE N CARLTON 3053 --> 1 records found - comparisons: b7855 n800 s800
1003/18 LINCOLN SQUARE N CARLTON 3053 --> 1 records found - comparisons: b7857 n800 s800
1101/18 LINCOLN SQUARE N CARLTON 3053 --> 1 records found - comparisons: b7517 n800 s800
1102/18 LINCOLN SQUARE N CARLTON 3053 --> 1 records found - comparisons: b7517 n800 s800
304A/640 SWANSTON STREET CARLTON 3053 --> 1 records found - comparisons: b6690 n800 s800
406A/640 SWANSTON STREET CARLTON 3053 --> 1 records found - comparisons: b6162 n800 s800
403A/640 SWANSTON STREET CARLTON 3053 --> 1 records found - comparisons: b6159 n800 s800
414A/640 SWANSTON STREET CARLTON 3053 --> 1 records found - comparisons: b5934 n800 s800
314A/640 SWANSTON STREET CARLTON 3053 --> 1 records found - comparisons: b6417 n800 s800
312A/640 SWANSTON STREET CARLTON 3053 --> 1 records found - comparisons: b6426 n800 s800
239-241 BOUVERIE STREET CARLTON 3053 --> 1 records found - comparisons: b6710 n800 s800
30 KERNOT ROAD PARKVILLE 3052 --> 1 records found - comparisons: b6559 n800 s800
310A/640 SWANSTON STREET CARLTON 3053 --> 1 records found - comparisons: b6431 n800 s800
308A/640 SWANSTON STREET CARLTON 3053 --> 1 records found - comparisons: b6651 n800 s800
307A/640 SWANSTON STREET CARLTON 3053 --> 1 records found - comparisons: b6697 n800 s800
305A/640 SWANSTON STREET CARLTON 3053 --> 1 records found - comparisons: b6688 n800 s800
161 BARRY STREET CARLTON 3053 --> 2 records found - comparisons: b7330 n800 s800
1/133 ROYAL PARADE PARKVILLE 3052 --> 1 records found - comparisons: b6678 n800 s800
156-290 GRATTAN STREET PARKVILLE 3052 --> 1 records found - comparisons: b7225 n800 s800
32 LINCOLN SQUARE N CARLTON 3053 --> 2 records found - comparisons: b6521 n800 s800
5/135 ROYAL PARADE PARKVILLE 3052 --> 1 records found - comparisons: b5541 n800 s800
512A/640 SWANSTON STREET CARLTON 3053 --> 1 records found - comparisons: b5790 n800 s800
924/668 SWANSTON STREET CARLTON 3053 --> 1 records found - comparisons: b4832 n800 s800
46 TIN ALLEY PARKVILLE 3052 --> 3 records found - comparisons: b6123 n800 s800
24/650 SWANSTON STREET CARLTON 3053 --> 1 records found - comparisons: b6520 n800 s800
509/223 BERKELEY STREET MELBOURNE 3000 --> 1 records found - comparisons: b5903 n800 s800
129-133 ROYAL PARADE PARKVILLE 3052 --> 1 records found - comparisons: b7256 n800 s800
3/133 ROYAL PARADE PARKVILLE 3052 --> 1 records found - comparisons: b6061 n800 s800
33 MONASH ROAD PARKVILLE 3052 --> 2 records found - comparisons: b6501 n800 s800
5/650 SWANSTON STREET CARLTON 3053 --> 1 records found - comparisons: b5548 n800 s800
21/650 SWANSTON STREET CARLTON 3053 --> 1 records found - comparisons: b6714 n800 s800
216 BERKELEY STREET CARLTON 3053 --> 1 records found - comparisons: b6717 n800 s800
608/668 SWANSTON STREET CARLTON 3053 --> 1 records found - comparisons: b5928 n800 s800
32C/151 BERKELEY STREET MELBOURNE 3000 --> 1 records found - comparisons: b6323 n800 s800
34C/151 BERKELEY STREET MELBOURNE 3000 --> 1 records found - comparisons: b6258 n800 s800
35C/151 BERKELEY STREET MELBOURNE 3000 --> 1 records found - comparisons: b6258 n800 s800
706/668 SWANSTON STREET CARLTON 3053 --> 1 records found - comparisons: b5973 n800 s800
715-721 SWANSTON STREET CARLTON 3053 --> 2 records found - comparisons: b6124 n800 s800
11/230 GRATTAN STREET PARKVILLE 3052 --> 1 records found - comparisons: b7372 n800 s800
2/701 SWANSTON STREET CARLTON 3053 --> 1 records found - comparisons: b6258 n800 s800
102B/640 SWANSTON STREET CARLTON 3053 --> 1 records found - comparisons: b7716 n800 s800
11/650 SWANSTON STREET CARLTON 3053 --> 1 records found - comparisons: b7364 n800 s800
8 MEDICAL ROAD PARKVILLE 3052 --> 1 records found - comparisons: b4669 n800 s800
13 PORTERS LANE PARKVILLE 3052 --> 1 records found - comparisons: b7176 n800 s800
404/668 SWANSTON STREET CARLTON 3053 --> 1 records found - comparisons: b6188 n800 s800
25/650 SWANSTON STREET CARLTON 3053 --> 1 records found - comparisons: b6508 n800 s800
511/668 SWANSTON STREET CARLTON 3053 --> 1 records found - comparisons: b5784 n800 s800
207/668 SWANSTON STREET CARLTON 3053 --> 1 records found - comparisons: b7069 n800 s800
306/668 SWANSTON STREET CARLTON 3053 --> 1 records found - comparisons: b6722 n800 s800
604/668 SWANSTON STREET CARLTON 3053 --> 1 records found - comparisons: b5962 n800 s800
605/668 SWANSTON STREET CARLTON 3053 --> 1 records found - comparisons: b5953 n800 s800
210-214 LEICESTER STREET CARLTON 3053 --> 3 records found - comparisons: b7341 n800 s800
127 ROYAL PARADE PARKVILLE 3052 --> 1 records found - comparisons: b7241 n800 s800
306/223 BERKELEY STREET MELBOURNE 3000 --> 1 records found - comparisons: b6740 n800 s800
51 MASSON ROAD PARKVILLE 3052 --> 1 records found - comparisons: b5700 n800 s800
905/668 SWANSTON STREET CARLTON 3053 --> 1 records found - comparisons: b5010 n800 s800
916/668 SWANSTON STREET CARLTON 3053 --> 1 records found - comparisons: b4908 n800 s800
1 UNION ROAD PARKVILLE 3052 --> 1 records found - comparisons: b6540 n800 s800
917/668 SWANSTON STREET CARLTON 3053 --> 1 records found - comparisons: b4908 n800 s800
1011A/640 SWANSTON STREET CARLTON 3053 --> 1 records found - comparisons: b7769 n800 s800
20 MONASH ROAD PARKVILLE 3052 --> 1 records found - comparisons: b6855 n800 s800
157-159 BARRY STREET CARLTON 3053 --> 1 records found - comparisons: b7163 n800 s800
85 BARRY STREET CARLTON 3053 --> 1 records found - comparisons: b4636 n800 s800
1102/640 SWANSTON STREET CARLTON 3053 --> 1 records found - comparisons: b7517 n800 s800
1073/640 SWANSTON STREET CARLTON 3053 --> 1 records found - comparisons: b7757 n800 s800
1135/640 SWANSTON STREET CARLTON 3053 --> 1 records found - comparisons: b7433 n800 s800
1083/640 SWANSTON STREET CARLTON 3053 --> 1 records found - comparisons: b7697 n800 s800
2033/640 SWANSTON STREET CARLTON 3053 --> 1 records found - comparisons: b7052 n800 s800
1081/640 SWANSTON STREET CARLTON 3053 --> 1 records found - comparisons: b7697 n800 s800
302B/640 SWANSTON STREET CARLTON 3053 --> 1 records found - comparisons: b6688 n800 s800
902/668 SWANSTON STREET CARLTON 3053 --> 1 records found - comparisons: b5007 n800 s800
135-137 ROYAL PARADE PARKVILLE 3052 --> 1 records found - comparisons: b7213 n800 s800
29 COLLEGE CRESCENT PARKVILLE 3052 --> 2 records found - comparisons: b6657 n800 s800
2 ROYAL PARADE PARKVILLE 3052 --> 1 records found - comparisons: b6221 n800 s800
81-87 BARRY STREET CARLTON 3053 --> 1 records found - comparisons: b4715 n800 s800
908/151 BERKELEY STREET MELBOURNE 3000 --> 1 records found - comparisons: b5001 n800 s800
914/668 SWANSTON STREET CARLTON 3053 --> 1 records found - comparisons: b4908 n800 s800
907/668 SWANSTON STREET CARLTON 3053 --> 1 records found - comparisons: b5009 n800 s800
911/668 SWANSTON STREET CARLTON 3053 --> 1 records found - comparisons: b4914 n800 s800
913/668 SWANSTON STREET CARLTON 3053 --> 1 records found - comparisons: b4910 n800 s800
703/668 SWANSTON STREET CARLTON 3053 --> 1 records found - comparisons: b5975 n800 s800
774-782 ELIZABETH STREET MELBOURNE 3000 --> 1 records found - comparisons: b5742 n800 s800
708/668 SWANSTON STREET CARLTON 3053 --> 1 records found - comparisons: b5949 n800 s800
660-674 SWANSTON STREET CARLTON 3053 --> 1 records found - comparisons: b5739 n800 s800
1005/151 BERKELEY STREET MELBOURNE 3000 --> 1 records found - comparisons: b7844 n800 s800
9/201 GRATTAN STREET CARLTON 3053 --> 1 records found - comparisons: b4701 n800 s800
7/201 GRATTAN STREET CARLTON 3053 --> 1 records found - comparisons: b5621 n800 s800
4/201 GRATTAN STREET CARLTON 3053 --> 1 records found - comparisons: b5638 n800 s800
158-164 BOUVERIE STREET CARLTON 3053 --> 1 records found - comparisons: b7172 n800 s800
715 SWANSTON STREET CARLTON 3053 --> 2 records found - comparisons: b6060 n800 s800
292 GRATTAN STREET PARKVILLE 3052 --> 2 records found - comparisons: b6640 n800 s800
107 TIN ALLEY PARKVILLE 3052 --> 3 records found - comparisons: b8086 n800 s800
786-798 ELIZABETH STREET MELBOURNE 3000 --> 1 records found - comparisons: b5707 n800 s800
141 ROYAL PARADE PARKVILLE 3052 --> 1 records found - comparisons: b7142 n800 s800
921/668 SWANSTON STREET CARLTON 3053 --> 1 records found - comparisons: b4835 n800 s800
757 SWANSTON STREET PARKVILLE 3052 --> 2 records found - comparisons: b5966 n800 s800
407/668 SWANSTON STREET CARLTON 3053 --> 1 records found - comparisons: b6157 n800 s800
107/223 BERKELEY STREET MELBOURNE 3000 --> 1 records found - comparisons: b7770 n800 s800
405A/640 SWANSTON STREET CARLTON 3053 --> 1 records found - comparisons: b6167 n800 s800
902A/640 SWANSTON STREET CARLTON 3053 --> 1 records found - comparisons: b5003 n800 s800
197-203 BOUVERIE STREET CARLTON 3053 --> 1 records found - comparisons: b6932 n800 s800
225-235 BOUVERIE STREET CARLTON 3053 --> 1 records found - comparisons: b6674 n800 s800
207-223 BOUVERIE STREET CARLTON 3053 --> 1 records found - comparisons: b7071 n800 s800
8/135 ROYAL PARADE PARKVILLE 3052 --> 1 records found - comparisons: b4670 n800 s800
228 PELHAM STREET MELBOURNE 3000 --> 1 records found - comparisons: b6633 n800 s800
803/18 LINCOLN SQUARE N CARLTON 3053 --> 1 records found - comparisons: b4857 n800 s800
706A/640 SWANSTON STREET CARLTON 3053 --> 1 records found - comparisons: b5969 n800 s800
704A/640 SWANSTON STREET CARLTON 3053 --> 1 records found - comparisons: b5970 n800 s800
212A/640 SWANSTON STREET CARLTON 3053 --> 1 records found - comparisons: b6774 n800 s800
213-217 GRATTAN STREET CARLTON 3053 --> 1 records found - comparisons: b6786 n800 s800
902/18 LINCOLN SQUARE N CARLTON 3053 --> 1 records found - comparisons: b5007 n800 s800
1000A/640 SWANSTON STREET CARLTON 3053 --> 1 records found - comparisons: b7841 n800 s800
87 TIN ALLEY PARKVILLE 3052 --> 1 records found - comparisons: b4628 n800 s800
41 MEDICAL ROAD PARKVILLE 3052 --> 1 records found - comparisons: b5863 n800 s800
9 MEDICAL ROAD PARKVILLE 3052 --> 1 records found - comparisons: b4642 n800 s800
1/196 PELHAM STREET CARLTON 3053 --> 1 records found - comparisons: b6669 n800 s800
1S/650 SWANSTON STREET CARLTON 3053 --> 1 records found - comparisons: b6143 n800 s800
1001/18 LINCOLN SQUARE N CARLTON 3053 --> 1 records found - comparisons: b7856 n800 s800
7/135 ROYAL PARADE PARKVILLE 3052 --> 1 records found - comparisons: b5613 n800 s800
2/196 PELHAM STREET CARLTON 3053 --> 1 records found - comparisons: b6250 n800 s800
680-682 SWANSTON STREET CARLTON 3053 --> 1 records found - comparisons: b5661 n800 s800
904/668 SWANSTON STREET CARLTON 3053 --> 1 records found - comparisons: b5022 n800 s800
121-125 ROYAL PARADE PARKVILLE 3052 --> 1 records found - comparisons: b7290 n800 s800
167 GRATTAN STREET CARLTON 3053 --> 1 records found - comparisons: b7139 n800 s800
1004/18 LINCOLN SQUARE N CARLTON 3053 --> 1 records found - comparisons: b7849 n800 s800
22-40 LINCOLN SQUARE N CARLTON 3053 --> 2 records found - comparisons: b6922 n800 s800
703A/640 SWANSTON STREET CARLTON 3053 --> 1 records found - comparisons: b5971 n800 s800
1008A/640 SWANSTON STREET CARLTON 3053 --> 1 records found - comparisons: b7820 n800 s800
164-170 PELHAM STREET CARLTON 3053 --> 1 records found - comparisons: b7158 n800 s800
53 PROFESSORS WALK PARKVILLE 3052 --> 1 records found - comparisons: b5658 n800 s800
175 GRATTAN STREET CARLTON 3053 --> 1 records found - comparisons: b7136 n800 s800
22/650 SWANSTON STREET CARLTON 3053 --> 1 records found - comparisons: b6657 n800 s800
110/223 BERKELEY STREET MELBOURNE 3000 --> 1 records found - comparisons: b7487 n800 s800
915/668 SWANSTON STREET CARLTON 3053 --> 1 records found - comparisons: b4908 n800 s800
908/668 SWANSTON STREET CARLTON 3053 --> 1 records found - comparisons: b4985 n800 s800
906A/640 SWANSTON STREET CARLTON 3053 --> 1 records found - comparisons: b5003 n800 s800
610A/640 SWANSTON STREET CARLTON 3053 --> 1 records found - comparisons: b5813 n800 s800
207A/640 SWANSTON STREET CARLTON 3053 --> 1 records found - comparisons: b7048 n800 s800
107A/640 SWANSTON STREET CARLTON 3053 --> 1 records found - comparisons: b7730 n800 s800
1003A/640 SWANSTON STREET CARLTON 3053 --> 1 records found - comparisons: b7846 n800 s800
510/223 BERKELEY STREET MELBOURNE 3000 --> 1 records found - comparisons: b5814 n800 s800
714-736 SWANSTON STREET CARLTON 3053 --> 1 records found - comparisons: b5842 n800 s800
167-171 BERKELEY STREET MELBOURNE 3000 --> 1 records found - comparisons: b7195 n800 s800
1/701 SWANSTON STREET CARLTON 3053 --> 1 records found - comparisons: b6678 n800 s800
807A/640 SWANSTON STREET CARLTON 3053 --> 1 records found - comparisons: b4845 n800 s800
805A/640 SWANSTON STREET CARLTON 3053 --> 1 records found - comparisons: b4845 n800 s800
501A/640 SWANSTON STREET CARLTON 3053 --> 1 records found - comparisons: b5907 n800 s800
410A/640 SWANSTON STREET CARLTON 3053 --> 1 records found - comparisons: b5948 n800 s800
20-24 CHURCH STREET CARLTON 3053 --> 1 records found - comparisons: b6861 n800 s800
211A/640 SWANSTON STREET CARLTON 3053 --> 1 records found - comparisons: b6772 n800 s800
190-192 PELHAM STREET CARLTON 3053 --> 1 records found - comparisons: b6914 n800 s800
607A/640 SWANSTON STREET CARLTON 3053 --> 1 records found - comparisons: b5959 n800 s800
401/668 SWANSTON STREET CARLTON 3053 --> 1 records found - comparisons: b6167 n800 s800
405/668 SWANSTON STREET CARLTON 3053 --> 1 records found - comparisons: b6190 n800 s800
723-741 SWANSTON STREET CARLTON 3053 --> 2 records found - comparisons: b6091 n800 s800
608A/640 SWANSTON STREET CARLTON 3053 --> 1 records found - comparisons: b5924 n800 s800
102/223 BERKELEY STREET MELBOURNE 3000 --> 1 records found - comparisons: b7737 n800 s800
405/223 BERKELEY STREET MELBOURNE 3000 --> 1 records found - comparisons: b6208 n800 s800
202/223 BERKELEY STREET MELBOURNE 3000 --> 1 records found - comparisons: b7091 n800 s800
205/223 BERKELEY STREET MELBOURNE 3000 --> 1 records found - comparisons: b7093 n800 s800
207/223 BERKELEY STREET MELBOURNE 3000 --> 1 records found - comparisons: b7086 n800 s800
210/223 BERKELEY STREET MELBOURNE 3000 --> 1 records found - comparisons: b6803 n800 s800
301/223 BERKELEY STREET MELBOURNE 3000 --> 1 records found - comparisons: b6733 n800 s800
302/223 BERKELEY STREET MELBOURNE 3000 --> 1 records found - comparisons: b6734 n800 s800
309/223 BERKELEY STREET MELBOURNE 3000 --> 1 records found - comparisons: b6679 n800 s800
401/223 BERKELEY STREET MELBOURNE 3000 --> 1 records found - comparisons: b6184 n800 s800
404/223 BERKELEY STREET MELBOURNE 3000 --> 1 records found - comparisons: b6206 n800 s800
406/223 BERKELEY STREET MELBOURNE 3000 --> 1 records found - comparisons: b6191 n800 s800
407/223 BERKELEY STREET MELBOURNE 3000 --> 1 records found - comparisons: b6173 n800 s800
409/223 BERKELEY STREET MELBOURNE 3000 --> 1 records found - comparisons: b6133 n800 s800
410/223 BERKELEY STREET MELBOURNE 3000 --> 1 records found - comparisons: b5968 n800 s800
14/650 SWANSTON STREET CARLTON 3053 --> 1 records found - comparisons: b7146 n800 s800
151 BARRY STREET CARLTON 3053 --> 1 records found - comparisons: b7129 n800 s800
701B/640 SWANSTON STREET CARLTON 3053 --> 1 records found - comparisons: b5982 n800 s800
505B/640 SWANSTON STREET CARLTON 3053 --> 1 records found - comparisons: b5922 n800 s800
503B/640 SWANSTON STREET CARLTON 3053 --> 1 records found - comparisons: b5912 n800 s800
500B/640 SWANSTON STREET CARLTON 3053 --> 1 records found - comparisons: b5903 n800 s800
407B/640 SWANSTON STREET CARLTON 3053 --> 1 records found - comparisons: b6153 n800 s800
408A/640 SWANSTON STREET CARLTON 3053 --> 1 records found - comparisons: b6115 n800 s800
301A/640 SWANSTON STREET CARLTON 3053 --> 1 records found - comparisons: b6692 n800 s800
404A/640 SWANSTON STREET CARLTON 3053 --> 1 records found - comparisons: b6160 n800 s800
174 LEICESTER STREET CARLTON 3053 --> 1 records found - comparisons: b7152 n800 s800
910/668 SWANSTON STREET CARLTON 3053 --> 1 records found - comparisons: b4914 n800 s800
300B/640 SWANSTON STREET CARLTON 3053 --> 1 records found - comparisons: b6677 n800 s800
105B/640 SWANSTON STREET CARLTON 3053 --> 1 records found - comparisons: b7713 n800 s800
405B/640 SWANSTON STREET CARLTON 3053 --> 1 records found - comparisons: b6167 n800 s800
712A/640 SWANSTON STREET CARLTON 3053 --> 1 records found - comparisons: b5845 n800 s800
711A/640 SWANSTON STREET CARLTON 3053 --> 1 records found - comparisons: b5847 n800 s800
611A/640 SWANSTON STREET CARLTON 3053 --> 1 records found - comparisons: b5813 n800 s800
513A/640 SWANSTON STREET CARLTON 3053 --> 1 records found - comparisons: b5788 n800 s800
510A/640 SWANSTON STREET CARLTON 3053 --> 1 records found - comparisons: b5794 n800 s800
103B/640 SWANSTON STREET CARLTON 3053 --> 1 records found - comparisons: b7725 n800 s800
100B/640 SWANSTON STREET CARLTON 3053 --> 1 records found - comparisons: b7769 n800 s800
205B/640 SWANSTON STREET CARLTON 3053 --> 1 records found - comparisons: b7047 n800 s800
179-201 PELHAM STREET CARLTON 3053 --> 1 records found - comparisons: b7157 n800 s800
105/223 BERKELEY STREET MELBOURNE 3000 --> 1 records found - comparisons: b7729 n800 s800
16/650 SWANSTON STREET CARLTON 3053 --> 1 records found - comparisons: b7146 n800 s800
106/223 BERKELEY STREET MELBOURNE 3000 --> 1 records found - comparisons: b7752 n800 s800
109/223 BERKELEY STREET MELBOURNE 3000 --> 1 records found - comparisons: b7671 n800 s800
177 GRATTAN STREET CARLTON 3053 --> 1 records found - comparisons: b7135 n800 s800
150-154 PELHAM STREET CARLTON 3053 --> 1 records found - comparisons: b7173 n800 s800
1/223 BERKELEY STREET MELBOURNE 3000 --> 1 records found - comparisons: b6713 n800 s800
17 KERNOT ROAD PARKVILLE 3052 --> 1 records found - comparisons: b7108 n800 s800
401B/640 SWANSTON STREET CARLTON 3053 --> 1 records found - comparisons: b6156 n800 s800
307B/640 SWANSTON STREET CARLTON 3053 --> 1 records found - comparisons: b6697 n800 s800
743-751 SWANSTON STREET CARLTON 3053 --> 1 records found - comparisons: b5714 n800 s800
306B/640 SWANSTON STREET CARLTON 3053 --> 1 records found - comparisons: b6699 n800 s800
208B/640 SWANSTON STREET CARLTON 3053 --> 1 records found - comparisons: b6979 n800 s800
207B/640 SWANSTON STREET CARLTON 3053 --> 1 records found - comparisons: b7048 n800 s800
106B/640 SWANSTON STREET CARLTON 3053 --> 1 records found - comparisons: b7723 n800 s800
166-186 BOUVERIE STREET CARLTON 3053 --> 1 records found - comparisons: b7174 n800 s800
2S/151 BERKELEY STREET MELBOURNE 3000 --> 1 records found - comparisons: b5982 n800 s800
3S/151 BERKELEY STREET MELBOURNE 3000 --> 1 records found - comparisons: b5886 n800 s800
901/668 SWANSTON STREET CARLTON 3053 --> 1 records found - comparisons: b5006 n800 s800
1095/640 SWANSTON STREET CARLTON 3053 --> 1 records found - comparisons: b7669 n800 s800
1134/640 SWANSTON STREET CARLTON 3053 --> 1 records found - comparisons: b7433 n800 s800
1072/640 SWANSTON STREET CARLTON 3053 --> 1 records found - comparisons: b7757 n800 s800
1111/640 SWANSTON STREET CARLTON 3053 --> 1 records found - comparisons: b7454 n800 s800
303/223 BERKELEY STREET MELBOURNE 3000 --> 1 records found - comparisons: b6734 n800 s800
507/668 SWANSTON STREET CARLTON 3053 --> 1 records found - comparisons: b5914 n800 s800
156-162 PELHAM STREET CARLTON 3053 --> 1 records found - comparisons: b7207 n800 s800
1109/640 SWANSTON STREET CARLTON 3053 --> 1 records found - comparisons: b7488 n800 s800
1086/640 SWANSTON STREET CARLTON 3053 --> 1 records found - comparisons: b7695 n800 s800
1101/640 SWANSTON STREET CARLTON 3053 --> 1 records found - comparisons: b7517 n800 s800
182-200 BERKELEY STREET CARLTON 3053 --> 1 records found - comparisons: b7053 n800 s800
207/151 BERKELEY STREET MELBOURNE 3000 --> 1 records found - comparisons: b7086 n800 s800
4/650 SWANSTON STREET CARLTON 3053 --> 1 records found - comparisons: b5645 n800 s800
1085/640 SWANSTON STREET CARLTON 3053 --> 1 records found - comparisons: b7696 n800 s800
507/223 BERKELEY STREET MELBOURNE 3000 --> 1 records found - comparisons: b5930 n800 s800
1079/640 SWANSTON STREET CARLTON 3053 --> 1 records found - comparisons: b7752 n800 s800
29S/151 BERKELEY STREET MELBOURNE 3000 --> 1 records found - comparisons: b6422 n800 s800
1112/640 SWANSTON STREET CARLTON 3053 --> 1 records found - comparisons: b7453 n800 s800
508/668 SWANSTON STREET CARLTON 3053 --> 1 records found - comparisons: b5873 n800 s800
660 SWANSTON STREET CARLTON 3053 --> 1 records found - comparisons: b5707 n800 s800
701/668 SWANSTON STREET CARLTON 3053 --> 1 records found - comparisons: b5998 n800 s800
1006A/640 SWANSTON STREET CARLTON 3053 --> 1 records found - comparisons: b7835 n800 s800
602/668 SWANSTON STREET CARLTON 3053 --> 1 records found - comparisons: b5952 n800 s800
207-211 GRATTAN STREET CARLTON 3053 --> 1 records found - comparisons: b7063 n800 s800
27G/723 SWANSTON STREET CARLTON 3053 --> 1 records found - comparisons: b6516 n800 s800
723 SWANSTON STREET CARLTON 3053 --> 2 records found - comparisons: b6027 n800 s800
182-208 LEICESTER STREET CARLTON 3053 --> 1 records found - comparisons: b7045 n800 s800
512/668 SWANSTON STREET CARLTON 3053 --> 1 records found - comparisons: b5782 n800 s800
670 SWANSTON STREET CARLTON 3053 --> 1 records found - comparisons: b5726 n800 s800
1121/640 SWANSTON STREET CARLTON 3053 --> 1 records found - comparisons: b7427 n800 s800
1241/640 SWANSTON STREET CARLTON 3053 --> 1 records found - comparisons: b7304 n800 s800
27/650 SWANSTON STREET CARLTON 3053 --> 1 records found - comparisons: b6506 n800 s800
1106/640 SWANSTON STREET CARLTON 3053 --> 1 records found - comparisons: b7499 n800 s800
1097/640 SWANSTON STREET CARLTON 3053 --> 1 records found - comparisons: b7670 n800 s800
606A/640 SWANSTON STREET CARLTON 3053 --> 1 records found - comparisons: b5952 n800 s800
412A/640 SWANSTON STREET CARLTON 3053 --> 1 records found - comparisons: b5943 n800 s800
401A/640 SWANSTON STREET CARLTON 3053 --> 1 records found - comparisons: b6156 n800 s800
1244/640 SWANSTON STREET CARLTON 3053 --> 1 records found - comparisons: b7303 n800 s800
1100/640 SWANSTON STREET CARLTON 3053 --> 1 records found - comparisons: b7503 n800 s800
1076/640 SWANSTON STREET CARLTON 3053 --> 1 records found - comparisons: b7756 n800 s800
2032/640 SWANSTON STREET CARLTON 3053 --> 1 records found - comparisons: b7052 n800 s800
1084/640 SWANSTON STREET CARLTON 3053 --> 1 records found - comparisons: b7696 n800 s800
1242/640 SWANSTON STREET CARLTON 3053 --> 1 records found - comparisons: b7304 n800 s800
204A/640 SWANSTON STREET CARLTON 3053 --> 1 records found - comparisons: b7038 n800 s800
182-200 LEICESTER STREET CARLTON 3053 --> 1 records found - comparisons: b7061 n800 s800
1505/151 BERKELEY STREET MELBOURNE 3000 --> 1 records found - comparisons: b7213 n800 s800
905/151 BERKELEY STREET MELBOURNE 3000 --> 1 records found - comparisons: b5026 n800 s800
104/223 BERKELEY STREET MELBOURNE 3000 --> 1 records found - comparisons: b7742 n800 s800
906/151 BERKELEY STREET MELBOURNE 3000 --> 1 records found - comparisons: b5011 n800 s800
907/151 BERKELEY STREET MELBOURNE 3000 --> 1 records found - comparisons: b5025 n800 s800
607B/640 SWANSTON STREET CARLTON 3053 --> 1 records found - comparisons: b5959 n800 s800
1001/151 BERKELEY STREET MELBOURNE 3000 --> 1 records found - comparisons: b7872 n800 s800
1002/151 BERKELEY STREET MELBOURNE 3000 --> 1 records found - comparisons: b7871 n800 s800
1003/151 BERKELEY STREET MELBOURNE 3000 --> 1 records found - comparisons: b7873 n800 s800
1004/151 BERKELEY STREET MELBOURNE 3000 --> 1 records found - comparisons: b7865 n800 s800
310/223 BERKELEY STREET MELBOURNE 3000 --> 1 records found - comparisons: b6451 n800 s800
1006/151 BERKELEY STREET MELBOURNE 3000 --> 0 records found - comparisons: b7557 n800 s800
1502/151 BERKELEY STREET MELBOURNE 3000 --> 0 records found - comparisons: b6923 n800 s800
1503/151 BERKELEY STREET MELBOURNE 3000 --> 0 records found - comparisons: b6923 n800 s800
1504/151 BERKELEY STREET MELBOURNE 3000 --> 0 records found - comparisons: b6925 n800 s800
1401/151 BERKELEY STREET MELBOURNE 3000 --> 0 records found - comparisons: b6911 n800 s800
902/151 BERKELEY STREET MELBOURNE 3000 --> 0 records found - comparisons: b4756 n800 s800
903/151 BERKELEY STREET MELBOURNE 3000 --> 0 records found - comparisons: b4742 n800 s800
806/668 SWANSTON STREET CARLTON 3053 --> 0 records found - comparisons: b4565 n800 s800
807/668 SWANSTON STREET CARLTON 3053 --> 0 records found - comparisons: b4579 n800 s800
808/668 SWANSTON STREET CARLTON 3053 --> 0 records found - comparisons: b4542 n800 s800
809/668 SWANSTON STREET CARLTON 3053 --> 0 records found - comparisons: b4544 n800 s800
810/668 SWANSTON STREET CARLTON 3053 --> 0 records found - comparisons: b4494 n800 s800
704/668 SWANSTON STREET CARLTON 3053 --> 0 records found - comparisons: b5716 n800 s800
1-17 COLLEGE CRESCENT PARKVILLE 3052 --> 0 records found - comparisons: b6347 n800 s800
406/668 SWANSTON STREET CARLTON 3053 --> 0 records found - comparisons: b5915 n800 s800
220 BERKELEY STREET CARLTON 3053 --> 0 records found - comparisons: b6398 n800 s800
183-189 BOUVERIE STREET CARLTON 3053 --> 0 records found - comparisons: b6731 n800 s800
1204/18 LINCOLN SQUARE N CARLTON 3053 --> 0 records found - comparisons: b7111 n800 s800
701/18 LINCOLN SQUARE N CARLTON 3053 --> 0 records found - comparisons: b5748 n800 s800
1301/18 LINCOLN SQUARE N CARLTON 3053 --> 0 records found - comparisons: b6966 n800 s800
109A/640 SWANSTON STREET CARLTON 3053 --> 0 records found - comparisons: b7379 n800 s800
808A/640 SWANSTON STREET CARLTON 3053 --> 0 records found - comparisons: b4542 n800 s800
102/18 LINCOLN SQUARE N CARLTON 3053 --> 0 records found - comparisons: b7470 n800 s800
801A/640 SWANSTON STREET CARLTON 3053 --> 0 records found - comparisons: b4570 n800 s800
600B/640 SWANSTON STREET CARLTON 3053 --> 0 records found - comparisons: b5662 n800 s800
502/668 SWANSTON STREET CARLTON 3053 --> 0 records found - comparisons: b5644 n800 s800
918/668 SWANSTON STREET CARLTON 3053 --> 0 records found - comparisons: b4623 n800 s800
1027/640 SWANSTON STREET CARLTON 3053 --> 0 records found - comparisons: b7442 n800 s800
208/223 BERKELEY STREET MELBOURNE 3000 --> 0 records found - comparisons: b6714 n800 s800
100 ROYAL PARADE PARKVILLE 3052 --> 0 records found - comparisons: b7518 n800 s800
1094/640 SWANSTON STREET CARLTON 3053 --> 0 records found - comparisons: b7397 n800 s800
1099/640 SWANSTON STREET CARLTON 3053 --> 0 records found - comparisons: b7390 n800 s800
1077/640 SWANSTON STREET CARLTON 3053 --> 0 records found - comparisons: b7484 n800 s800
2/743-751 SWANSTON STREET CARLTON 3053 --> 0 records found - comparisons: b6008 n800 s800
3 UNION ROAD PARKVILLE 3052 --> 0 records found - comparisons: b5774 n800 s800
1098/640 SWANSTON STREET CARLTON 3053 --> 0 records found - comparisons: b7390 n800 s800
2019/640 SWANSTON STREET CARLTON 3053 --> 0 records found - comparisons: b6759 n800 s800
156 BOUVERIE STREET CARLTON 3053 --> 0 records found - comparisons: b6930 n800 s800
102A/640 SWANSTON STREET CARLTON 3053 --> 0 records found - comparisons: b7443 n800 s800
171-173 GRATTAN STREET CARLTON 3053 --> 0 records found - comparisons: b6911 n800 s800
1005A/640 SWANSTON STREET CARLTON 3053 --> 0 records found - comparisons: b7558 n800 s800
912A/640 SWANSTON STREET CARLTON 3053 --> 0 records found - comparisons: b4640 n800 s800
197-235 BOUVERIE STREET CARLTON 3053 --> 0 records found - comparisons: b6683 n800 s800
305/223 BERKELEY STREET MELBOURNE 3000 --> 0 records found - comparisons: b6448 n800 s800
804/668 SWANSTON STREET CARLTON 3053 --> 0 records found - comparisons: b4577 n800 s800
903/668 SWANSTON STREET CARLTON 3053 --> 0 records found - comparisons: b4735 n800 s800
1506/151 BERKELEY STREET MELBOURNE 3000 --> 0 records found - comparisons: b6924 n800 s800
1507/151 BERKELEY STREET MELBOURNE 3000 --> 0 records found - comparisons: b6924 n800 s800
1508/151 BERKELEY STREET MELBOURNE 3000 --> 0 records found - comparisons: b6922 n800 s800
1601/151 BERKELEY STREET MELBOURNE 3000 --> 0 records found - comparisons: b6898 n800 s800
1602/151 BERKELEY STREET MELBOURNE 3000 --> 0 records found - comparisons: b6898 n800 s800
1603/151 BERKELEY STREET MELBOURNE 3000 --> 0 records found - comparisons: b6898 n800 s800
1604/151 BERKELEY STREET MELBOURNE 3000 --> 0 records found - comparisons: b6898 n800 s800
1605/151 BERKELEY STREET MELBOURNE 3000 --> 0 records found - comparisons: b6898 n800 s800
1606/151 BERKELEY STREET MELBOURNE 3000 --> 0 records found - comparisons: b6898 n800 s800
1608/151 BERKELEY STREET MELBOURNE 3000 --> 0 records found - comparisons: b6898 n800 s800
1701/151 BERKELEY STREET MELBOURNE 3000 --> 0 records found - comparisons: b6940 n800 s800
1078/640 SWANSTON STREET CARLTON 3053 --> 0 records found - comparisons: b7480 n800 s800
2043/640 SWANSTON STREET CARLTON 3053 --> 0 records found - comparisons: b6768 n800 s800
1703/151 BERKELEY STREET MELBOURNE 3000 --> 0 records found - comparisons: b6941 n800 s800
503A/640 SWANSTON STREET CARLTON 3053 --> 0 records found - comparisons: b5639 n800 s800
153-163 BARRY STREET CARLTON 3053 --> 0 records found - comparisons: b6916 n800 s800
923/668 SWANSTON STREET CARLTON 3053 --> 0 records found - comparisons: b4562 n800 s800
168-172 LEICESTER STREET CARLTON 3053 --> 0 records found - comparisons: b6884 n800 s800
193-195 BOUVERIE STREET CARLTON 3053 --> 0 records found - comparisons: b6657 n800 s800
2/650 SWANSTON STREET CARLTON 3053 --> 0 records found - comparisons: b6002 n800 s800
242 GRATTAN STREET PARKVILLE 3052 --> 0 records found - comparisons: b6259 n800 s800
802/668 SWANSTON STREET CARLTON 3053 --> 0 records found - comparisons: b4599 n800 s800
909/668 SWANSTON STREET CARLTON 3053 --> 0 records found - comparisons: b4699 n800 s800
169 GRATTAN STREET CARLTON 3053 --> 0 records found - comparisons: b6884 n800 s800
47C/151 BERKELEY STREET MELBOURNE 3000 --> 0 records found - comparisons: b5501 n800 s800
4S/151 BERKELEY STREET MELBOURNE 3000 --> 0 records found - comparisons: b5214 n800 s800
5S/151 BERKELEY STREET MELBOURNE 3000 --> 0 records found - comparisons: b5166 n800 s800
407A/640 SWANSTON STREET CARLTON 3053 --> 0 records found - comparisons: b5880 n800 s800
6S/151 BERKELEY STREET MELBOURNE 3000 --> 0 records found - comparisons: b5192 n800 s800
7S/151 BERKELEY STREET MELBOURNE 3000 --> 0 records found - comparisons: b5196 n800 s800
233 PELHAM STREET MELBOURNE 3000 --> 0 records found - comparisons: b6465 n800 s800
1007/151 BERKELEY STREET MELBOURNE 3000 --> 0 records found - comparisons: b7557 n800 s800
1008/151 BERKELEY STREET MELBOURNE 3000 --> 0 records found - comparisons: b7542 n800 s800
1101/151 BERKELEY STREET MELBOURNE 3000 --> 0 records found - comparisons: b7266 n800 s800
268 GRATTAN STREET PARKVILLE 3052 --> 0 records found - comparisons: b6232 n800 s800
402A/640 SWANSTON STREET CARLTON 3053 --> 0 records found - comparisons: b5879 n800 s800
1102/151 BERKELEY STREET MELBOURNE 3000 --> 0 records found - comparisons: b7266 n800 s800
105/18 LINCOLN SQUARE N CARLTON 3053 --> 0 records found - comparisons: b7462 n800 s800
203/18 LINCOLN SQUARE N CARLTON 3053 --> 0 records found - comparisons: b6810 n800 s800
302A/640 SWANSTON STREET CARLTON 3053 --> 0 records found - comparisons: b6415 n800 s800
610/223 BERKELEY STREET MELBOURNE 3000 --> 0 records found - comparisons: b5547 n800 s800
605A/640 SWANSTON STREET CARLTON 3053 --> 0 records found - comparisons: b5671 n800 s800
1002A/640 SWANSTON STREET CARLTON 3053 --> 0 records found - comparisons: b7566 n800 s800
401/18 LINCOLN SQUARE N CARLTON 3053 --> 0 records found - comparisons: b5917 n800 s800
213/640 SWANSTON STREET CARLTON 3053 --> 0 records found - comparisons: b6513 n800 s800
216-228 LEICESTER STREET CARLTON 3053 --> 0 records found - comparisons: b6482 n800 s800
183 PELHAM STREET CARLTON 3053 --> 0 records found - comparisons: b6712 n800 s800
502/223 BERKELEY STREET MELBOURNE 3000 --> 0 records found - comparisons: b5645 n800 s800
154 BOUVERIE STREET CARLTON 3053 --> 0 records found - comparisons: b6912 n800 s800
506/18 LINCOLN SQUARE N CARLTON 3053 --> 0 records found - comparisons: b5642 n800 s800
603/668 SWANSTON STREET CARLTON 3053 --> 0 records found - comparisons: b5682 n800 s800
603/18 LINCOLN SQUARE N CARLTON 3053 --> 0 records found - comparisons: b5689 n800 s800
501/223 BERKELEY STREET MELBOURNE 3000 --> 0 records found - comparisons: b5654 n800 s800
503/223 BERKELEY STREET MELBOURNE 3000 --> 0 records found - comparisons: b5672 n800 s800
504/223 BERKELEY STREET MELBOURNE 3000 --> 0 records found - comparisons: b5660 n800 s800
506/223 BERKELEY STREET MELBOURNE 3000 --> 0 records found - comparisons: b5642 n800 s800
508/223 BERKELEY STREET MELBOURNE 3000 --> 0 records found - comparisons: b5615 n800 s800
601/223 BERKELEY STREET MELBOURNE 3000 --> 0 records found - comparisons: b5695 n800 s800
604/223 BERKELEY STREET MELBOURNE 3000 --> 0 records found - comparisons: b5705 n800 s800
605/223 BERKELEY STREET MELBOURNE 3000 --> 0 records found - comparisons: b5696 n800 s800
606/223 BERKELEY STREET MELBOURNE 3000 --> 0 records found - comparisons: b5699 n800 s800
607/223 BERKELEY STREET MELBOURNE 3000 --> 0 records found - comparisons: b5701 n800 s800
608/223 BERKELEY STREET MELBOURNE 3000 --> 0 records found - comparisons: b5671 n800 s800
705/18 LINCOLN SQUARE N CARLTON 3053 --> 0 records found - comparisons: b5717 n800 s800
835-871 SWANSTON STREET PARKVILLE 3052 --> 0 records found - comparisons: b4438 n800 s800
247-253 BOUVERIE STREET CARLTON 3053 --> 0 records found - comparisons: b6309 n800 s800
8-14 MALVINA PLACE CARLTON 3053 --> 0 records found - comparisons: b4390 n800 s800
609/223 BERKELEY STREET MELBOURNE 3000 --> 0 records found - comparisons: b5656 n800 s800
703/223 BERKELEY STREET MELBOURNE 3000 --> 0 records found - comparisons: b5718 n800 s800
706/223 BERKELEY STREET MELBOURNE 3000 --> 0 records found - comparisons: b5716 n800 s800
707/223 BERKELEY STREET MELBOURNE 3000 --> 0 records found - comparisons: b5701 n800 s800
709/223 BERKELEY STREET MELBOURNE 3000 --> 0 records found - comparisons: b5677 n800 s800
710/223 BERKELEY STREET MELBOURNE 3000 --> 0 records found - comparisons: b5583 n800 s800
83 BARRY STREET CARLTON 3053 --> 0 records found - comparisons: b4438 n800 s800
792 ELIZABETH STREET MELBOURNE 3000 --> 0 records found - comparisons: b5385 n800 s800
5/201 GRATTAN STREET CARLTON 3053 --> 0 records found - comparisons: b5300 n800 s800
176-180 LEICESTER STREET CARLTON 3053 --> 0 records found - comparisons: b6903 n800 s800
119 ROYAL PARADE PARKVILLE 3052 --> 0 records found - comparisons: b7101 n800 s800
16S/151 BERKELEY STREET MELBOURNE 3000 --> 0 records found - comparisons: b6851 n800 s800
17S/151 BERKELEY STREET MELBOURNE 3000 --> 0 records found - comparisons: b6853 n800 s800
19S/151 BERKELEY STREET MELBOURNE 3000 --> 0 records found - comparisons: b6633 n800 s800
20S/151 BERKELEY STREET MELBOURNE 3000 --> 0 records found - comparisons: b6502 n800 s800
21S/151 BERKELEY STREET MELBOURNE 3000 --> 0 records found - comparisons: b6418 n800 s800
22S/151 BERKELEY STREET MELBOURNE 3000 --> 0 records found - comparisons: b6365 n800 s800
24S/151 BERKELEY STREET MELBOURNE 3000 --> 0 records found - comparisons: b6243 n800 s800
25S/151 BERKELEY STREET MELBOURNE 3000 --> 0 records found - comparisons: b6237 n800 s800
57-63 COLLEGE CRESCENT PARKVILLE 3052 --> 0 records found - comparisons: b5352 n800 s800
26S/151 BERKELEY STREET MELBOURNE 3000 --> 0 records found - comparisons: b6232 n800 s800
1207/151 BERKELEY STREET MELBOURNE 3000 --> 0 records found - comparisons: b7089 n800 s800
1301/151 BERKELEY STREET MELBOURNE 3000 --> 0 records found - comparisons: b6966 n800 s800
1302/151 BERKELEY STREET MELBOURNE 3000 --> 0 records found - comparisons: b6988 n800 s800
1303/151 BERKELEY STREET MELBOURNE 3000 --> 0 records found - comparisons: b6967 n800 s800
1304/151 BERKELEY STREET MELBOURNE 3000 --> 0 records found - comparisons: b6967 n800 s800
1306/151 BERKELEY STREET MELBOURNE 3000 --> 0 records found - comparisons: b6966 n800 s800
1103/151 BERKELEY STREET MELBOURNE 3000 --> 0 records found - comparisons: b7252 n800 s800
1104/151 BERKELEY STREET MELBOURNE 3000 --> 0 records found - comparisons: b7247 n800 s800
1105/151 BERKELEY STREET MELBOURNE 3000 --> 0 records found - comparisons: b7226 n800 s800
1106/151 BERKELEY STREET MELBOURNE 3000 --> 0 records found - comparisons: b7241 n800 s800
1108/151 BERKELEY STREET MELBOURNE 3000 --> 0 records found - comparisons: b7216 n800 s800
603/223 BERKELEY STREET MELBOURNE 3000 --> 0 records found - comparisons: b5683 n800 s800
609/151 BERKELEY STREET MELBOURNE 3000 --> 0 records found - comparisons: b5656 n800 s800
20/650 SWANSTON STREET CARLTON 3053 --> 0 records found - comparisons: b6620 n800 s800
313A/640 SWANSTON STREET CARLTON 3053 --> 0 records found - comparisons: b6144 n800 s800
140 BERKELEY STREET CARLTON 3053 --> 0 records found - comparisons: b6906 n800 s800
408B/640 SWANSTON STREET CARLTON 3053 --> 0 records found - comparisons: b5842 n800 s800
407/151 BERKELEY STREET MELBOURNE 3000 --> 0 records found - comparisons: b5900 n800 s800
409/151 BERKELEY STREET MELBOURNE 3000 --> 0 records found - comparisons: b5860 n800 s800
501/151 BERKELEY STREET MELBOURNE 3000 --> 0 records found - comparisons: b5660 n800 s800
502/151 BERKELEY STREET MELBOURNE 3000 --> 0 records found - comparisons: b5651 n800 s800
504/151 BERKELEY STREET MELBOURNE 3000 --> 0 records found - comparisons: b5666 n800 s800
505/151 BERKELEY STREET MELBOURNE 3000 --> 0 records found - comparisons: b5683 n800 s800
506/151 BERKELEY STREET MELBOURNE 3000 --> 0 records found - comparisons: b5642 n800 s800
507/151 BERKELEY STREET MELBOURNE 3000 --> 0 records found - comparisons: b5657 n800 s800
508/151 BERKELEY STREET MELBOURNE 3000 --> 0 records found - comparisons: b5615 n800 s800
509/151 BERKELEY STREET MELBOURNE 3000 --> 0 records found - comparisons: b5630 n800 s800
601/151 BERKELEY STREET MELBOURNE 3000 --> 0 records found - comparisons: b5701 n800 s800
602/151 BERKELEY STREET MELBOURNE 3000 --> 0 records found - comparisons: b5695 n800 s800
1307/151 BERKELEY STREET MELBOURNE 3000 --> 0 records found - comparisons: b6966 n800 s800
1308/151 BERKELEY STREET MELBOURNE 3000 --> 0 records found - comparisons: b6963 n800 s800
205 GRATTAN STREET CARLTON 3053 --> 0 records found - comparisons: b6779 n800 s800
1403/151 BERKELEY STREET MELBOURNE 3000 --> 0 records found - comparisons: b6912 n800 s800
1404/151 BERKELEY STREET MELBOURNE 3000 --> 0 records found - comparisons: b6911 n800 s800
1405/151 BERKELEY STREET MELBOURNE 3000 --> 0 records found - comparisons: b6911 n800 s800
1406/151 BERKELEY STREET MELBOURNE 3000 --> 0 records found - comparisons: b6912 n800 s800
1408/151 BERKELEY STREET MELBOURNE 3000 --> 0 records found - comparisons: b6908 n800 s800
1501/151 BERKELEY STREET MELBOURNE 3000 --> 0 records found - comparisons: b6923 n800 s800
1705/151 BERKELEY STREET MELBOURNE 3000 --> 0 records found - comparisons: b6940 n800 s800
1707/151 BERKELEY STREET MELBOURNE 3000 --> 0 records found - comparisons: b6941 n800 s800
1708/151 BERKELEY STREET MELBOURNE 3000 --> 0 records found - comparisons: b6937 n800 s800
1801/151 BERKELEY STREET MELBOURNE 3000 --> 0 records found - comparisons: b6730 n800 s800
696-708 ELIZABETH STREET MELBOURNE 3000 --> 0 records found - comparisons: b5387 n800 s800
1804/151 BERKELEY STREET MELBOURNE 3000 --> 0 records found - comparisons: b6734 n800 s800
1704/151 BERKELEY STREET MELBOURNE 3000 --> 0 records found - comparisons: b6940 n800 s800
308/223 BERKELEY STREET MELBOURNE 3000 --> 0 records found - comparisons: b6393 n800 s800
602/18 LINCOLN SQUARE N CARLTON 3053 --> 0 records found - comparisons: b5695 n800 s800
402/223 BERKELEY STREET MELBOURNE 3000 --> 0 records found - comparisons: b5912 n800 s800
604/18 LINCOLN SQUARE N CARLTON 3053 --> 0 records found - comparisons: b5711 n800 s800
605/18 LINCOLN SQUARE N CARLTON 3053 --> 0 records found - comparisons: b5702 n800 s800
702/151 BERKELEY STREET MELBOURNE 3000 --> 0 records found - comparisons: b5724 n800 s800
703/151 BERKELEY STREET MELBOURNE 3000 --> 0 records found - comparisons: b5724 n800 s800
704/151 BERKELEY STREET MELBOURNE 3000 --> 0 records found - comparisons: b5724 n800 s800
705/151 BERKELEY STREET MELBOURNE 3000 --> 0 records found - comparisons: b5717 n800 s800
707/151 BERKELEY STREET MELBOURNE 3000 --> 0 records found - comparisons: b5701 n800 s800
708/151 BERKELEY STREET MELBOURNE 3000 --> 0 records found - comparisons: b5692 n800 s800
709/151 BERKELEY STREET MELBOURNE 3000 --> 0 records found - comparisons: b5677 n800 s800
801/151 BERKELEY STREET MELBOURNE 3000 --> 0 records found - comparisons: b4601 n800 s800
803/151 BERKELEY STREET MELBOURNE 3000 --> 0 records found - comparisons: b4606 n800 s800
804/151 BERKELEY STREET MELBOURNE 3000 --> 0 records found - comparisons: b4584 n800 s800
805/151 BERKELEY STREET MELBOURNE 3000 --> 0 records found - comparisons: b4579 n800 s800
303B/640 SWANSTON STREET CARLTON 3053 --> 0 records found - comparisons: b6415 n800 s800
508B/640 SWANSTON STREET CARLTON 3053 --> 0 records found - comparisons: b5608 n800 s800
201B/640 SWANSTON STREET CARLTON 3053 --> 0 records found - comparisons: b6756 n800 s800
806/151 BERKELEY STREET MELBOURNE 3000 --> 0 records found - comparisons: b4565 n800 s800
808/151 BERKELEY STREET MELBOURNE 3000 --> 0 records found - comparisons: b4542 n800 s800
901/151 BERKELEY STREET MELBOURNE 3000 --> 0 records found - comparisons: b4755 n800 s800
507B/640 SWANSTON STREET CARLTON 3053 --> 0 records found - comparisons: b5637 n800 s800
506B/640 SWANSTON STREET CARLTON 3053 --> 0 records found - comparisons: b5635 n800 s800
501B/640 SWANSTON STREET CARLTON 3053 --> 0 records found - comparisons: b5634 n800 s800
608B/640 SWANSTON STREET CARLTON 3053 --> 0 records found - comparisons: b5651 n800 s800
606B/640 SWANSTON STREET CARLTON 3053 --> 0 records found - comparisons: b5679 n800 s800
605B/640 SWANSTON STREET CARLTON 3053 --> 0 records found - comparisons: b5671 n800 s800
602B/640 SWANSTON STREET CARLTON 3053 --> 0 records found - comparisons: b5675 n800 s800
3-4/230 GRATTAN STREET PARKVILLE 3052 --> 0 records found - comparisons: b5782 n800 s800
108/223 BERKELEY STREET MELBOURNE 3000 --> 0 records found - comparisons: b7416 n800 s800
403/223 BERKELEY STREET MELBOURNE 3000 --> 0 records found - comparisons: b5914 n800 s800
305B/640 SWANSTON STREET CARLTON 3053 --> 0 records found - comparisons: b6415 n800 s800
191-197 GRATTAN STREET CARLTON 3053 --> 0 records found - comparisons: b6658 n800 s800
702/223 BERKELEY STREET MELBOURNE 3000 --> 0 records found - comparisons: b5718 n800 s800
18S/151 BERKELEY STREET MELBOURNE 3000 --> 0 records found - comparisons: b6647 n800 s800
23S/151 BERKELEY STREET MELBOURNE 3000 --> 0 records found - comparisons: b6383 n800 s800
27S/151 BERKELEY STREET MELBOURNE 3000 --> 0 records found - comparisons: b6238 n800 s800
32S/151 BERKELEY STREET MELBOURNE 3000 --> 0 records found - comparisons: b6031 n800 s800
906/668 SWANSTON STREET CARLTON 3053 --> 0 records found - comparisons: b4737 n800 s800
40C/151 BERKELEY STREET MELBOURNE 3000 --> 0 records found - comparisons: b5681 n800 s800
41C/151 BERKELEY STREET MELBOURNE 3000 --> 0 records found - comparisons: b5615 n800 s800
196-198 PELHAM STREET CARLTON 3053 --> 0 records found - comparisons: b6665 n800 s800
201/668 SWANSTON STREET CARLTON 3053 --> 0 records found - comparisons: b6790 n800 s800
42C/151 BERKELEY STREET MELBOURNE 3000 --> 0 records found - comparisons: b5546 n800 s800
44C/151 BERKELEY STREET MELBOURNE 3000 --> 0 records found - comparisons: b5505 n800 s800
45C/151 BERKELEY STREET MELBOURNE 3000 --> 0 records found - comparisons: b5501 n800 s800
48C/151 BERKELEY STREET MELBOURNE 3000 --> 0 records found - comparisons: b5445 n800 s800
50C/151 BERKELEY STREET MELBOURNE 3000 --> 0 records found - comparisons: b5495 n800 s800
51C/151 BERKELEY STREET MELBOURNE 3000 --> 0 records found - comparisons: b5457 n800 s800
52C/151 BERKELEY STREET MELBOURNE 3000 --> 0 records found - comparisons: b5399 n800 s800
53C/151 BERKELEY STREET MELBOURNE 3000 --> 0 records found - comparisons: b5401 n800 s800
1S/151 BERKELEY STREET MELBOURNE 3000 --> 0 records found - comparisons: b5885 n800 s800
