18 PROFESSORS WALK PARKVILLE 3052 --> 1 records found - comparisons: b7890 n900 s900
783 SWANSTON STREET PARKVILLE 3052 --> 1 records found - comparisons: b6288 n900 s900
230 GRATTAN STREET PARKVILLE 3052 --> 19 records found - comparisons: b12004 n900 s900
28S/151 BERKELEY STREET MELBOURNE 3000 --> 1 records found - comparisons: b7152 n900 s900
44 PROFESSORS WALK PARKVILLE 3052 --> 4 records found - comparisons: b7155 n900 s900
170 GRATTAN STREET PARKVILLE 3052 --> 4 records found - comparisons: b8948 n900 s900
3/650 SWANSTON STREET CARLTON 3053 --> 1 records found - comparisons: b6742 n900 s900
6/650 SWANSTON STREET CARLTON 3053 --> 1 records found - comparisons: b6221 n900 s900
7/650 SWANSTON STREET CARLTON 3053 --> 1 records found - comparisons: b6235 n900 s900
48 ROYAL PARADE PARKVILLE 3052 --> 3 records found - comparisons: b6760 n900 s900
26/650 SWANSTON STREET CARLTON 3053 --> 1 records found - comparisons: b7254 n900 s900
644 SWANSTON STREET CARLTON 3053 --> 1 records found - comparisons: b6335 n900 s900
8/650 SWANSTON STREET CARLTON 3053 --> 1 records found - comparisons: b5292 n900 s900
30S/151 BERKELEY STREET MELBOURNE 3000 --> 1 records found - comparisons: b7160 n900 s900
31S/151 BERKELEY STREET MELBOURNE 3000 --> 1 records found - comparisons: b7072 n900 s900
33S/151 BERKELEY STREET MELBOURNE 3000 --> 1 records found - comparisons: b7005 n900 s900
34S/151 BERKELEY STREET MELBOURNE 3000 --> 1 records found - comparisons: b6931 n900 s900
650 SWANSTON STREET CARLTON 3053 --> 2 records found - comparisons: b6552 n900 s900
6/201 GRATTAN STREET CARLTON 3053 --> 1 records found - comparisons: b6223 n900 s900
1807/151 BERKELEY STREET MELBOURNE 3000 --> 1 records found - comparisons: b7965 n900 s900
1808/151 BERKELEY STREET MELBOURNE 3000 --> 1 records found - comparisons: b7960 n900 s900
1M/151 BERKELEY STREET MELBOURNE 3000 --> 1 records found - comparisons: b6946 n900 s900
3M/151 BERKELEY STREET MELBOURNE 3000 --> 1 records found - comparisons: b6554 n900 s900
1C/151 BERKELEY STREET MELBOURNE 3000 --> 1 records found - comparisons: b6946 n900 s900
3C/151 BERKELEY STREET MELBOURNE 3000 --> 1 records found - comparisons: b6554 n900 s900
4C/151 BERKELEY STREET MELBOURNE 3000 --> 1 records found - comparisons: b6121 n900 s900
6C/151 BERKELEY STREET MELBOURNE 3000 --> 1 records found - comparisons: b6094 n900 s900
7C/151 BERKELEY STREET MELBOURNE 3000 --> 1 records found - comparisons: b6100 n900 s900
8C/151 BERKELEY STREET MELBOURNE 3000 --> 1 records found - comparisons: b5185 n900 s900
9C/151 BERKELEY STREET MELBOURNE 3000 --> 1 records found - comparisons: b5193 n900 s900
10C/151 BERKELEY STREET MELBOURNE 3000 --> 1 records found - comparisons: b8446 n900 s900
11C/151 BERKELEY STREET MELBOURNE 3000 --> 1 records found - comparisons: b8334 n900 s900
12C/151 BERKELEY STREET MELBOURNE 3000 --> 1 records found - comparisons: b8225 n900 s900
13C/151 BERKELEY STREET MELBOURNE 3000 --> 1 records found - comparisons: b8207 n900 s900
14C/151 BERKELEY STREET MELBOURNE 3000 --> 1 records found - comparisons: b8154 n900 s900
604-640 SWANSTON STREET CARLTON 3053 --> 1 records found - comparisons: b6579 n900 s900
506A/640 SWANSTON STREET CARLTON 3053 --> 1 records found - comparisons: b6541 n900 s900
210A/640 SWANSTON STREET CARLTON 3053 --> 1 records found - comparisons: b7556 n900 s900
2/224 PELHAM STREET MELBOURNE 3000 --> 1 records found - comparisons: b7008 n900 s900
15C/151 BERKELEY STREET MELBOURNE 3000 --> 1 records found - comparisons: b8180 n900 s900
16C/151 BERKELEY STREET MELBOURNE 3000 --> 1 records found - comparisons: b8166 n900 s900
8S/151 BERKELEY STREET MELBOURNE 3000 --> 1 records found - comparisons: b5185 n900 s900
9S/151 BERKELEY STREET MELBOURNE 3000 --> 1 records found - comparisons: b5193 n900 s900
10S/151 BERKELEY STREET MELBOURNE 3000 --> 1 records found - comparisons: b8446 n900 s900
11S/151 BERKELEY STREET MELBOURNE 3000 --> 1 records found - comparisons: b8334 n900 s900
12S/151 BERKELEY STREET MELBOURNE 3000 --> 1 records found - comparisons: b8225 n900 s900
14S/151 BERKELEY STREET MELBOURNE 3000 --> 1 records found - comparisons: b8154 n900 s900
15S/151 BERKELEY STREET MELBOURNE 3000 --> 1 records found - comparisons: b8180 n900 s900
95-129 BARRY STREET CARLTON 3053 --> 1 records found - comparisons: b5343 n900 s900
139 BARRY STREET CARLTON 3053 --> 1 records found - comparisons: b8172 n900 s900
213-221 BERKELEY STREET MELBOURNE 3000 --> 1 records found - comparisons: b7587 n900 s900
214 BERKELEY STREET CARLTON 3053 --> 1 records found - comparisons: b7492 n900 s900
208-210 BERKELEY STREET CARLTON 3053 --> 1 records found - comparisons: b7765 n900 s900
1103/18 LINCOLN SQUARE N CARLTON 3053 --> 1 records found - comparisons: b8531 n900 s900
247-249 BOUVERIE STREET CARLTON 3053 --> 2 records found - comparisons: b7566 n900 s900
1203/18 LINCOLN SQUARE N CARLTON 3053 --> 1 records found - comparisons: b8392 n900 s900
30 ROYAL PARADE PARKVILLE 3052 --> 6 records found - comparisons: b8346 n900 s900
201/223 BERKELEY STREET MELBOURNE 3000 --> 1 records found - comparisons: b7858 n900 s900
1302/18 LINCOLN SQUARE N CARLTON 3053 --> 1 records found - comparisons: b8244 n900 s900
305/18 LINCOLN SQUARE N CARLTON 3053 --> 1 records found - comparisons: b7409 n900 s900
202-206 BERKELEY STREET CARLTON 3053 --> 1 records found - comparisons: b7839 n900 s900
604/151 BERKELEY STREET MELBOURNE 3000 --> 1 records found - comparisons: b6602 n900 s900
605/151 BERKELEY STREET MELBOURNE 3000 --> 1 records found - comparisons: b6593 n900 s900
606/151 BERKELEY STREET MELBOURNE 3000 --> 1 records found - comparisons: b6596 n900 s900
607/151 BERKELEY STREET MELBOURNE 3000 --> 1 records found - comparisons: b6598 n900 s900
608/151 BERKELEY STREET MELBOURNE 3000 --> 1 records found - comparisons: b6567 n900 s900
903A/640 SWANSTON STREET CARLTON 3053 --> 1 records found - comparisons: b5649 n900 s900
604A/640 SWANSTON STREET CARLTON 3053 --> 1 records found - comparisons: b6577 n900 s900
131-137 BARRY STREET CARLTON 3053 --> 1 records found - comparisons: b8199 n900 s900
601A/640 SWANSTON STREET CARLTON 3053 --> 1 records found - comparisons: b6579 n900 s900
206B/640 SWANSTON STREET CARLTON 3053 --> 1 records found - comparisons: b7833 n900 s900
303A/640 SWANSTON STREET CARLTON 3053 --> 1 records found - comparisons: b7369 n900 s900
205A/640 SWANSTON STREET CARLTON 3053 --> 1 records found - comparisons: b7835 n900 s900
213 BERKELEY STREET MELBOURNE 3000 --> 1 records found - comparisons: b7537 n900 s900
11 PROFESSORS WALK PARKVILLE 3052 --> 3 records found - comparisons: b8888 n900 s900
13/650 SWANSTON STREET CARLTON 3053 --> 1 records found - comparisons: b8201 n900 s900
400B/640 SWANSTON STREET CARLTON 3053 --> 1 records found - comparisons: b6788 n900 s900
16 WILSON AVENUE PARKVILLE 3052 --> 3 records found - comparisons: b8625 n900 s900
1110/640 SWANSTON STREET CARLTON 3053 --> 1 records found - comparisons: b8475 n900 s900
1082/640 SWANSTON STREET CARLTON 3053 --> 1 records found - comparisons: b8784 n900 s900
108A/640 SWANSTON STREET CARLTON 3053 --> 1 records found - comparisons: b8754 n900 s900
143-151 BARRY STREET CARLTON 3053 --> 1 records found - comparisons: b8155 n900 s900
1080/640 SWANSTON STREET CARLTON 3053 --> 1 records found - comparisons: b8784 n900 s900
4/133 ROYAL PARADE PARKVILLE 3052 --> 1 records found - comparisons: b6259 n900 s900
ROYAL PARADE PARKVILLE 3052 --> 1 records found - comparisons: b2030 n900 s900
22C/151 BERKELEY STREET MELBOURNE 3000 --> 1 records found - comparisons: b7436 n900 s900
49 COLLEGE CRESCENT PARKVILLE 3052 --> 1 records found - comparisons: b6330 n900 s900
156-180 BERKELEY STREET CARLTON 3053 --> 2 records found - comparisons: b8571 n900 s900
224 PELHAM STREET MELBOURNE 3000 --> 1 records found - comparisons: b7434 n900 s900
601B/640 SWANSTON STREET CARLTON 3053 --> 1 records found - comparisons: b6579 n900 s900
312/668 SWANSTON STREET CARLTON 3053 --> 1 records found - comparisons: b7093 n900 s900
1201/151 BERKELEY STREET MELBOURNE 3000 --> 1 records found - comparisons: b8406 n900 s900
1202/151 BERKELEY STREET MELBOURNE 3000 --> 1 records found - comparisons: b8408 n900 s900
1204/151 BERKELEY STREET MELBOURNE 3000 --> 1 records found - comparisons: b8405 n900 s900
1205/151 BERKELEY STREET MELBOURNE 3000 --> 1 records found - comparisons: b8384 n900 s900
17C/151 BERKELEY STREET MELBOURNE 3000 --> 1 records found - comparisons: b8156 n900 s900
18C/151 BERKELEY STREET MELBOURNE 3000 --> 1 records found - comparisons: b7876 n900 s900
602/223 BERKELEY STREET MELBOURNE 3000 --> 1 records found - comparisons: b6593 n900 s900
701/223 BERKELEY STREET MELBOURNE 3000 --> 1 records found - comparisons: b6670 n900 s900
19C/151 BERKELEY STREET MELBOURNE 3000 --> 1 records found - comparisons: b7864 n900 s900
20C/151 BERKELEY STREET MELBOURNE 3000 --> 1 records found - comparisons: b7569 n900 s900
21C/151 BERKELEY STREET MELBOURNE 3000 --> 1 records found - comparisons: b7481 n900 s900
G4-G5/230 GRATTAN STREET PARKVILLE 3052 --> 1 records found - comparisons: b2132 n900 s900
25C/151 BERKELEY STREET MELBOURNE 3000 --> 1 records found - comparisons: b7284 n900 s900
209/223 BERKELEY STREET MELBOURNE 3000 --> 1 records found - comparisons: b7780 n900 s900
206/223 BERKELEY STREET MELBOURNE 3000 --> 1 records found - comparisons: b7874 n900 s900
107/151 BERKELEY STREET MELBOURNE 3000 --> 1 records found - comparisons: b8867 n900 s900
912/668 SWANSTON STREET CARLTON 3053 --> 1 records found - comparisons: b5540 n900 s900
780-782 ELIZABETH STREET MELBOURNE 3000 --> 2 records found - comparisons: b6625 n900 s900
203/668 SWANSTON STREET CARLTON 3053 --> 1 records found - comparisons: b7847 n900 s900
23/650 SWANSTON STREET CARLTON 3053 --> 1 records found - comparisons: b7482 n900 s900
BERKELEY STREET MELBOURNE 3000 --> 1 records found - comparisons: b2059 n900 s900
301B/640 SWANSTON STREET CARLTON 3053 --> 1 records found - comparisons: b7373 n900 s900
206A/640 SWANSTON STREET CARLTON 3053 --> 1 records found - comparisons: b7833 n900 s900
505/668 SWANSTON STREET CARLTON 3053 --> 1 records found - comparisons: b6566 n900 s900
201 GRATTAN STREET CARLTON 3053 --> 1 records found - comparisons: b7782 n900 s900
108/151 BERKELEY STREET MELBOURNE 3000 --> 1 records found - comparisons: b8776 n900 s900
690 ELIZABETH STREET MELBOURNE 3000 --> 1 records found - comparisons: b6267 n900 s900
201/151 BERKELEY STREET MELBOURNE 3000 --> 1 records found - comparisons: b7864 n900 s900
909A/640 SWANSTON STREET CARLTON 3053 --> 1 records found - comparisons: b5617 n900 s900
802A/640 SWANSTON STREET CARLTON 3053 --> 1 records found - comparisons: b5551 n900 s900
202/151 BERKELEY STREET MELBOURNE 3000 --> 1 records found - comparisons: b7884 n900 s900
311A/640 SWANSTON STREET CARLTON 3053 --> 1 records found - comparisons: b7104 n900 s900
202/668 SWANSTON STREET CARLTON 3053 --> 1 records found - comparisons: b7860 n900 s900
411/668 SWANSTON STREET CARLTON 3053 --> 1 records found - comparisons: b6571 n900 s900
504/668 SWANSTON STREET CARLTON 3053 --> 1 records found - comparisons: b6550 n900 s900
601/668 SWANSTON STREET CARLTON 3053 --> 1 records found - comparisons: b6578 n900 s900
920/668 SWANSTON STREET CARLTON 3053 --> 1 records found - comparisons: b5452 n900 s900
611/668 SWANSTON STREET CARLTON 3053 --> 1 records found - comparisons: b6423 n900 s900
907A/640 SWANSTON STREET CARLTON 3053 --> 1 records found - comparisons: b5643 n900 s900
603B/640 SWANSTON STREET CARLTON 3053 --> 1 records found - comparisons: b6578 n900 s900
403B/640 SWANSTON STREET CARLTON 3053 --> 1 records found - comparisons: b6804 n900 s900
905A/640 SWANSTON STREET CARLTON 3053 --> 1 records found - comparisons: b5644 n900 s900
306A/640 SWANSTON STREET CARLTON 3053 --> 1 records found - comparisons: b7381 n900 s900
185 PELHAM STREET CARLTON 3053 --> 2 records found - comparisons: b8088 n900 s900
709/668 SWANSTON STREET CARLTON 3053 --> 1 records found - comparisons: b6571 n900 s900
18/650 SWANSTON STREET CARLTON 3053 --> 1 records found - comparisons: b7888 n900 s900
23C/151 BERKELEY STREET MELBOURNE 3000 --> 1 records found - comparisons: b7458 n900 s900
308/151 BERKELEY STREET MELBOURNE 3000 --> 1 records found - comparisons: b7346 n900 s900
26C/151 BERKELEY STREET MELBOURNE 3000 --> 1 records found - comparisons: b7278 n900 s900
408/151 BERKELEY STREET MELBOURNE 3000 --> 1 records found - comparisons: b6791 n900 s900
208A/640 SWANSTON STREET CARLTON 3053 --> 1 records found - comparisons: b7768 n900 s900
706/151 BERKELEY STREET MELBOURNE 3000 --> 1 records found - comparisons: b6628 n900 s900
807/151 BERKELEY STREET MELBOURNE 3000 --> 1 records found - comparisons: b5565 n900 s900
904/151 BERKELEY STREET MELBOURNE 3000 --> 1 records found - comparisons: b5683 n900 s900
27C/151 BERKELEY STREET MELBOURNE 3000 --> 1 records found - comparisons: b7286 n900 s900
LYGON STREET CARLTON NORTH 3054 --> 1 records found - comparisons: b2065 n900 s900
28C/151 BERKELEY STREET MELBOURNE 3000 --> 1 records found - comparisons: b7152 n900 s900
30C/151 BERKELEY STREET MELBOURNE 3000 --> 1 records found - comparisons: b7160 n900 s900
676 SWANSTON STREET CARLTON 3053 --> 1 records found - comparisons: b6340 n900 s900
1104/18 LINCOLN SQUARE N CARLTON 3053 --> 1 records found - comparisons: b8525 n900 s900
1201/18 LINCOLN SQUARE N CARLTON 3053 --> 1 records found - comparisons: b8390 n900 s900
31C/151 BERKELEY STREET MELBOURNE 3000 --> 1 records found - comparisons: b7072 n900 s900
1202/18 LINCOLN SQUARE N CARLTON 3053 --> 1 records found - comparisons: b8392 n900 s900
111A/640 SWANSTON STREET CARLTON 3053 --> 1 records found - comparisons: b8464 n900 s900
110A/640 SWANSTON STREET CARLTON 3053 --> 1 records found - comparisons: b8482 n900 s900
106A/640 SWANSTON STREET CARLTON 3053 --> 1 records found - comparisons: b8812 n900 s900
105A/640 SWANSTON STREET CARLTON 3053 --> 1 records found - comparisons: b8800 n900 s900
104A/640 SWANSTON STREET CARLTON 3053 --> 1 records found - comparisons: b8795 n900 s900
101A/640 SWANSTON STREET CARLTON 3053 --> 1 records found - comparisons: b8847 n900 s900
1012A/640 SWANSTON STREET CARLTON 3053 --> 1 records found - comparisons: b8866 n900 s900
1010A/640 SWANSTON STREET CARLTON 3053 --> 1 records found - comparisons: b8867 n900 s900
1009A/640 SWANSTON STREET CARLTON 3053 --> 1 records found - comparisons: b8945 n900 s900
1007A/640 SWANSTON STREET CARLTON 3053 --> 1 records found - comparisons: b8967 n900 s900
705/223 BERKELEY STREET MELBOURNE 3000 --> 1 records found - comparisons: b6630 n900 s900
708/223 BERKELEY STREET MELBOURNE 3000 --> 1 records found - comparisons: b6601 n900 s900
309/668 SWANSTON STREET CARLTON 3053 --> 1 records found - comparisons: b7342 n900 s900
206/18 LINCOLN SQUARE N CARLTON 3053 --> 1 records found - comparisons: b7864 n900 s900
303/18 LINCOLN SQUARE N CARLTON 3053 --> 1 records found - comparisons: b7405 n900 s900
308B/640 SWANSTON STREET CARLTON 3053 --> 1 records found - comparisons: b7331 n900 s900
404/18 LINCOLN SQUARE N CARLTON 3053 --> 1 records found - comparisons: b6843 n900 s900
406/18 LINCOLN SQUARE N CARLTON 3053 --> 1 records found - comparisons: b6844 n900 s900
503/18 LINCOLN SQUARE N CARLTON 3053 --> 1 records found - comparisons: b6574 n900 s900
305/151 BERKELEY STREET MELBOURNE 3000 --> 1 records found - comparisons: b7425 n900 s900
306/151 BERKELEY STREET MELBOURNE 3000 --> 1 records found - comparisons: b7428 n900 s900
771 SWANSTON STREET PARKVILLE 3052 --> 1 records found - comparisons: b6325 n900 s900
720 SWANSTON STREET CARLTON 3053 --> 4 records found - comparisons: b7121 n900 s900
24 WILSON AVENUE PARKVILLE 3052 --> 1 records found - comparisons: b7247 n900 s900
270 GRATTAN STREET PARKVILLE 3052 --> 1 records found - comparisons: b7244 n900 s900
165 BERKELEY STREET MELBOURNE 3000 --> 1 records found - comparisons: b8229 n900 s900
307/151 BERKELEY STREET MELBOURNE 3000 --> 1 records found - comparisons: b7407 n900 s900
9/650 SWANSTON STREET CARLTON 3053 --> 1 records found - comparisons: b5288 n900 s900
309/151 BERKELEY STREET MELBOURNE 3000 --> 1 records found - comparisons: b7359 n900 s900
401/151 BERKELEY STREET MELBOURNE 3000 --> 1 records found - comparisons: b6829 n900 s900
402/151 BERKELEY STREET MELBOURNE 3000 --> 1 records found - comparisons: b6836 n900 s900
404/151 BERKELEY STREET MELBOURNE 3000 --> 1 records found - comparisons: b6859 n900 s900
405/151 BERKELEY STREET MELBOURNE 3000 --> 1 records found - comparisons: b6861 n900 s900
406/151 BERKELEY STREET MELBOURNE 3000 --> 1 records found - comparisons: b6860 n900 s900
606/668 SWANSTON STREET CARLTON 3053 --> 1 records found - comparisons: b6580 n900 s900
607/668 SWANSTON STREET CARLTON 3053 --> 1 records found - comparisons: b6582 n900 s900
609/668 SWANSTON STREET CARLTON 3053 --> 1 records found - comparisons: b6537 n900 s900
610/668 SWANSTON STREET CARLTON 3053 --> 1 records found - comparisons: b6423 n900 s900
612/668 SWANSTON STREET CARLTON 3053 --> 1 records found - comparisons: b6421 n900 s900
705/668 SWANSTON STREET CARLTON 3053 --> 1 records found - comparisons: b6614 n900 s900
707/668 SWANSTON STREET CARLTON 3053 --> 1 records found - comparisons: b6598 n900 s900
200B/640 SWANSTON STREET CARLTON 3053 --> 1 records found - comparisons: b7811 n900 s900
36C/151 BERKELEY STREET MELBOURNE 3000 --> 1 records found - comparisons: b6920 n900 s900
37C/151 BERKELEY STREET MELBOURNE 3000 --> 1 records found - comparisons: b6920 n900 s900
39C/151 BERKELEY STREET MELBOURNE 3000 --> 1 records found - comparisons: b6839 n900 s900
7 UNION ROAD PARKVILLE 3052 --> 1 records found - comparisons: b6170 n900 s900
4 WILSON AVENUE PARKVILLE 3052 --> 1 records found - comparisons: b6216 n900 s900
23 PROFESSORS WALK PARKVILLE 3052 --> 1 records found - comparisons: b7473 n900 s900
6/135 ROYAL PARADE PARKVILLE 3052 --> 1 records found - comparisons: b6215 n900 s900
101B/640 SWANSTON STREET CARLTON 3053 --> 1 records found - comparisons: b8847 n900 s900
3/201 GRATTAN STREET CARLTON 3053 --> 1 records found - comparisons: b6733 n900 s900
13 WILSON AVENUE PARKVILLE 3052 --> 1 records found - comparisons: b8178 n900 s900
1206/151 BERKELEY STREET MELBOURNE 3000 --> 1 records found - comparisons: b8382 n900 s900
305/668 SWANSTON STREET CARLTON 3053 --> 1 records found - comparisons: b7401 n900 s900
35 WILSON AVENUE PARKVILLE 3052 --> 1 records found - comparisons: b6888 n900 s900
35 MASSON ROAD PARKVILLE 3052 --> 1 records found - comparisons: b6872 n900 s900
31 MASSON ROAD PARKVILLE 3052 --> 1 records found - comparisons: b7014 n900 s900
23 MASSON ROAD PARKVILLE 3052 --> 1 records found - comparisons: b7441 n900 s900
8 SPENCER ROAD PARKVILLE 3052 --> 1 records found - comparisons: b5316 n900 s900
17 SPENCER ROAD PARKVILLE 3052 --> 1 records found - comparisons: b8133 n900 s900
20 UNION ROAD PARKVILLE 3052 --> 1 records found - comparisons: b7624 n900 s900
47 PROFESSORS WALK PARKVILLE 3052 --> 1 records found - comparisons: b6389 n900 s900
56 ROYAL PARADE PARKVILLE 3052 --> 1 records found - comparisons: b6201 n900 s900
33 MEDICAL ROAD PARKVILLE 3052 --> 1 records found - comparisons: b6980 n900 s900
38 ROYAL PARADE PARKVILLE 3052 --> 1 records found - comparisons: b6775 n900 s900
25 MEDICAL ROAD PARKVILLE 3052 --> 1 records found - comparisons: b7223 n900 s900
6 MEDICAL ROAD PARKVILLE 3052 --> 1 records found - comparisons: b6154 n900 s900
66 TIN ALLEY PARKVILLE 3052 --> 1 records found - comparisons: b6275 n900 s900
155 BARRY STREET CARLTON 3053 --> 1 records found - comparisons: b8197 n900 s900
213A/640 SWANSTON STREET CARLTON 3053 --> 1 records found - comparisons: b7555 n900 s900
153 BARRY STREET CARLTON 3053 --> 1 records found - comparisons: b8207 n900 s900
701-713 SWANSTON STREET CARLTON 3053 --> 1 records found - comparisons: b6631 n900 s900
1203/151 BERKELEY STREET MELBOURNE 3000 --> 1 records found - comparisons: b8408 n900 s900
1208/151 BERKELEY STREET MELBOURNE 3000 --> 1 records found - comparisons: b8370 n900 s900
1305/151 BERKELEY STREET MELBOURNE 3000 --> 1 records found - comparisons: b8259 n900 s900
1402/151 BERKELEY STREET MELBOURNE 3000 --> 1 records found - comparisons: b8220 n900 s900
1407/151 BERKELEY STREET MELBOURNE 3000 --> 1 records found - comparisons: b8219 n900 s900
1702/151 BERKELEY STREET MELBOURNE 3000 --> 1 records found - comparisons: b8273 n900 s900
199-203 GRATTAN STREET CARLTON 3053 --> 2 records found - comparisons: b8140 n900 s900
10/650 SWANSTON STREET CARLTON 3053 --> 1 records found - comparisons: b8590 n900 s900
203/151 BERKELEY STREET MELBOURNE 3000 --> 1 records found - comparisons: b7864 n900 s900
204/151 BERKELEY STREET MELBOURNE 3000 --> 1 records found - comparisons: b7882 n900 s900
205/151 BERKELEY STREET MELBOURNE 3000 --> 1 records found - comparisons: b7887 n900 s900
810A/640 SWANSTON STREET CARLTON 3053 --> 1 records found - comparisons: b5430 n900 s900
209A/640 SWANSTON STREET CARLTON 3053 --> 1 records found - comparisons: b7759 n900 s900
200 LEICESTER STREET CARLTON 3053 --> 1 records found - comparisons: b7779 n900 s900
103A/640 SWANSTON STREET CARLTON 3053 --> 1 records found - comparisons: b8821 n900 s900
203B/640 SWANSTON STREET CARLTON 3053 --> 1 records found - comparisons: b7832 n900 s900
1001A/640 SWANSTON STREET CARLTON 3053 --> 1 records found - comparisons: b8970 n900 s900
206/151 BERKELEY STREET MELBOURNE 3000 --> 1 records found - comparisons: b7880 n900 s900
208/151 BERKELEY STREET MELBOURNE 3000 --> 1 records found - comparisons: b7789 n900 s900
209/151 BERKELEY STREET MELBOURNE 3000 --> 1 records found - comparisons: b7780 n900 s900
301/151 BERKELEY STREET MELBOURNE 3000 --> 1 records found - comparisons: b7420 n900 s900
302/151 BERKELEY STREET MELBOURNE 3000 --> 1 records found - comparisons: b7421 n900 s900
304/151 BERKELEY STREET MELBOURNE 3000 --> 1 records found - comparisons: b7425 n900 s900
503/151 BERKELEY STREET MELBOURNE 3000 --> 1 records found - comparisons: b6590 n900 s900
603/151 BERKELEY STREET MELBOURNE 3000 --> 1 records found - comparisons: b6581 n900 s900
35/230 GRATTAN STREET PARKVILLE 3052 --> 1 records found - comparisons: b6921 n900 s900
6/230 GRATTAN STREET PARKVILLE 3052 --> 1 records found - comparisons: b6239 n900 s900
45/230 GRATTAN STREET PARKVILLE 3052 --> 1 records found - comparisons: b6411 n900 s900
33/230 GRATTAN STREET PARKVILLE 3052 --> 1 records found - comparisons: b6996 n900 s900
5/230 GRATTAN STREET PARKVILLE 3052 --> 1 records found - comparisons: b6170 n900 s900
1/230 GRATTAN STREET PARKVILLE 3052 --> 1 records found - comparisons: b7582 n900 s900
183-195 BOUVERIE STREET CARLTON 3053 --> 1 records found - comparisons: b7946 n900 s900
42/230 GRATTAN STREET PARKVILLE 3052 --> 1 records found - comparisons: b6455 n900 s900
644-658 SWANSTON STREET CARLTON 3053 --> 1 records found - comparisons: b6367 n900 s900
704/223 BERKELEY STREET MELBOURNE 3000 --> 1 records found - comparisons: b6645 n900 s900
39/230 GRATTAN STREET PARKVILLE 3052 --> 1 records found - comparisons: b6823 n900 s900
7/230 GRATTAN STREET PARKVILLE 3052 --> 1 records found - comparisons: b6253 n900 s900
8/230 GRATTAN STREET PARKVILLE 3052 --> 1 records found - comparisons: b5310 n900 s900
12/230 GRATTAN STREET PARKVILLE 3052 --> 1 records found - comparisons: b8253 n900 s900
34/230 GRATTAN STREET PARKVILLE 3052 --> 1 records found - comparisons: b6913 n900 s900
204/668 SWANSTON STREET CARLTON 3053 --> 1 records found - comparisons: b7858 n900 s900
801/668 SWANSTON STREET CARLTON 3053 --> 1 records found - comparisons: b5550 n900 s900
2B/230 GRATTAN STREET PARKVILLE 3052 --> 1 records found - comparisons: b6673 n900 s900
67/230 GRATTAN STREET PARKVILLE 3052 --> 1 records found - comparisons: b6363 n900 s900
75/230 GRATTAN STREET PARKVILLE 3052 --> 1 records found - comparisons: b6350 n900 s900
2/133 ROYAL PARADE PARKVILLE 3052 --> 1 records found - comparisons: b7006 n900 s900
68/230 GRATTAN STREET PARKVILLE 3052 --> 1 records found - comparisons: b6275 n900 s900
50/230 GRATTAN STREET PARKVILLE 3052 --> 1 records found - comparisons: b6460 n900 s900
51/230 GRATTAN STREET PARKVILLE 3052 --> 1 records found - comparisons: b6377 n900 s900
52/230 GRATTAN STREET PARKVILLE 3052 --> 1 records found - comparisons: b6296 n900 s900
53/230 GRATTAN STREET PARKVILLE 3052 --> 1 records found - comparisons: b6301 n900 s900
9/230 GRATTAN STREET PARKVILLE 3052 --> 1 records found - comparisons: b5305 n900 s900
309A/640 SWANSTON STREET CARLTON 3053 --> 1 records found - comparisons: b7326 n900 s900
2A/230 GRATTAN STREET PARKVILLE 3052 --> 1 records found - comparisons: b6673 n900 s900
69/230 GRATTAN STREET PARKVILLE 3052 --> 1 records found - comparisons: b6275 n900 s900
919/668 SWANSTON STREET CARLTON 3053 --> 1 records found - comparisons: b5523 n900 s900
40/230 GRATTAN STREET PARKVILLE 3052 --> 1 records found - comparisons: b6685 n900 s900
505/223 BERKELEY STREET MELBOURNE 3000 --> 1 records found - comparisons: b6583 n900 s900
103/223 BERKELEY STREET MELBOURNE 3000 --> 1 records found - comparisons: b8850 n900 s900
165 GRATTAN STREET CARLTON 3053 --> 1 records found - comparisons: b8205 n900 s900
139 ROYAL PARADE PARKVILLE 3052 --> 1 records found - comparisons: b8188 n900 s900
179 GRATTAN STREET CARLTON 3053 --> 1 records found - comparisons: b8153 n900 s900
601/18 LINCOLN SQUARE N CARLTON 3053 --> 1 records found - comparisons: b6578 n900 s900
505/18 LINCOLN SQUARE N CARLTON 3053 --> 1 records found - comparisons: b6567 n900 s900
ELIZABETH STREET MELBOURNE 3000 --> 1 records found - comparisons: b2068 n900 s900
815 SWANSTON STREET PARKVILLE 3052 --> 1 records found - comparisons: b5399 n900 s900
222-224 PELHAM STREET MELBOURNE 3000 --> 1 records found - comparisons: b7466 n900 s900
678 SWANSTON STREET CARLTON 3053 --> 1 records found - comparisons: b6336 n900 s900
141 BARRY STREET CARLTON 3053 --> 1 records found - comparisons: b8139 n900 s900
1/743-751 SWANSTON STREET CARLTON 3053 --> 1 records found - comparisons: b7593 n900 s900
14 KERNOT ROAD PARKVILLE 3052 --> 3 records found - comparisons: b8545 n900 s900
7 SPENCER ROAD PARKVILLE 3052 --> 2 records found - comparisons: b6404 n900 s900
5C/151 BERKELEY STREET MELBOURNE 3000 --> 1 records found - comparisons: b6069 n900 s900
24C/151 BERKELEY STREET MELBOURNE 3000 --> 1 records found - comparisons: b7292 n900 s900
15/650 SWANSTON STREET CARLTON 3053 --> 1 records found - comparisons: b8210 n900 s900
8/201 GRATTAN STREET CARLTON 3053 --> 1 records found - comparisons: b5294 n900 s900
18 SPENCER ROAD PARKVILLE 3052 --> 2 records found - comparisons: b8083 n900 s900
199 GRATTAN STREET CARLTON 3053 --> 1 records found - comparisons: b7849 n900 s900
202A/640 SWANSTON STREET CARLTON 3053 --> 1 records found - comparisons: b7832 n900 s900
201A/640 SWANSTON STREET CARLTON 3053 --> 1 records found - comparisons: b7819 n900 s900
1706/151 BERKELEY STREET MELBOURNE 3000 --> 1 records found - comparisons: b8270 n900 s900
1805/151 BERKELEY STREET MELBOURNE 3000 --> 1 records found - comparisons: b7964 n900 s900
2M/151 BERKELEY STREET MELBOURNE 3000 --> 1 records found - comparisons: b6679 n900 s900
805/668 SWANSTON STREET CARLTON 3053 --> 1 records found - comparisons: b5534 n900 s900
802/151 BERKELEY STREET MELBOURNE 3000 --> 1 records found - comparisons: b5590 n900 s900
18-20 LINCOLN SQUARE N CARLTON 3053 --> 1 records found - comparisons: b7888 n900 s900
303/151 BERKELEY STREET MELBOURNE 3000 --> 1 records found - comparisons: b7421 n900 s900
163 GRATTAN STREET CARLTON 3053 --> 1 records found - comparisons: b8193 n900 s900
672 SWANSTON STREET CARLTON 3053 --> 3 records found - comparisons: b6825 n900 s900
205/668 SWANSTON STREET CARLTON 3053 --> 1 records found - comparisons: b7863 n900 s900
301/668 SWANSTON STREET CARLTON 3053 --> 1 records found - comparisons: b7396 n900 s900
302/668 SWANSTON STREET CARLTON 3053 --> 1 records found - comparisons: b7397 n900 s900
303/668 SWANSTON STREET CARLTON 3053 --> 1 records found - comparisons: b7397 n900 s900
922/668 SWANSTON STREET CARLTON 3053 --> 1 records found - comparisons: b5452 n900 s900
402B/640 SWANSTON STREET CARLTON 3053 --> 1 records found - comparisons: b6797 n900 s900
403/151 BERKELEY STREET MELBOURNE 3000 --> 1 records found - comparisons: b6838 n900 s900
502B/640 SWANSTON STREET CARLTON 3053 --> 1 records found - comparisons: b6554 n900 s900
307/223 BERKELEY STREET MELBOURNE 3000 --> 1 records found - comparisons: b7407 n900 s900
701/151 BERKELEY STREET MELBOURNE 3000 --> 1 records found - comparisons: b6676 n900 s900
101/151 BERKELEY STREET MELBOURNE 3000 --> 1 records found - comparisons: b8888 n900 s900
102/151 BERKELEY STREET MELBOURNE 3000 --> 1 records found - comparisons: b8860 n900 s900
103/151 BERKELEY STREET MELBOURNE 3000 --> 1 records found - comparisons: b8856 n900 s900
104/151 BERKELEY STREET MELBOURNE 3000 --> 1 records found - comparisons: b8835 n900 s900
105/151 BERKELEY STREET MELBOURNE 3000 --> 1 records found - comparisons: b8816 n900 s900
106/151 BERKELEY STREET MELBOURNE 3000 --> 1 records found - comparisons: b8847 n900 s900
1107/151 BERKELEY STREET MELBOURNE 3000 --> 1 records found - comparisons: b8542 n900 s900
1096/640 SWANSTON STREET CARLTON 3053 --> 1 records found - comparisons: b8776 n900 s900
1075/640 SWANSTON STREET CARLTON 3053 --> 1 records found - comparisons: b8857 n900 s900
29C/151 BERKELEY STREET MELBOURNE 3000 --> 1 records found - comparisons: b7162 n900 s900
33C/151 BERKELEY STREET MELBOURNE 3000 --> 1 records found - comparisons: b7005 n900 s900
38C/151 BERKELEY STREET MELBOURNE 3000 --> 1 records found - comparisons: b6839 n900 s900
43C/151 BERKELEY STREET MELBOURNE 3000 --> 1 records found - comparisons: b6471 n900 s900
304/223 BERKELEY STREET MELBOURNE 3000 --> 1 records found - comparisons: b7419 n900 s900
205-211 GRATTAN STREET CARLTON 3053 --> 1 records found - comparisons: b7834 n900 s900
8 MONASH ROAD PARKVILLE 3052 --> 2 records found - comparisons: b5508 n900 s900
49C/151 BERKELEY STREET MELBOURNE 3000 --> 1 records found - comparisons: b6362 n900 s900
13S/151 BERKELEY STREET MELBOURNE 3000 --> 1 records found - comparisons: b8207 n900 s900
1/224 PELHAM STREET MELBOURNE 3000 --> 1 records found - comparisons: b7580 n900 s900
1/650 SWANSTON STREET CARLTON 3053 --> 1 records found - comparisons: b7555 n900 s900
409A/640 SWANSTON STREET CARLTON 3053 --> 1 records found - comparisons: b6756 n900 s900
408/223 BERKELEY STREET MELBOURNE 3000 --> 1 records found - comparisons: b6791 n900 s900
112A/640 SWANSTON STREET CARLTON 3053 --> 1 records found - comparisons: b8447 n900 s900
196 PELHAM STREET CARLTON 3053 --> 1 records found - comparisons: b7833 n900 s900
15 MONASH ROAD PARKVILLE 3052 --> 6 records found - comparisons: b9257 n900 s900
1806/151 BERKELEY STREET MELBOURNE 3000 --> 1 records found - comparisons: b7965 n900 s900
100A/640 SWANSTON STREET CARLTON 3053 --> 1 records found - comparisons: b8877 n900 s900
11 MONASH ROAD PARKVILLE 3052 --> 4 records found - comparisons: b9004 n900 s900
8 PORTERS LANE PARKVILLE 3052 --> 7 records found - comparisons: b6618 n900 s900
2 PORTERS LANE PARKVILLE 3052 --> 4 records found - comparisons: b7612 n900 s900
709A/640 SWANSTON STREET CARLTON 3053 --> 1 records found - comparisons: b6579 n900 s900
203A/640 SWANSTON STREET CARLTON 3053 --> 1 records found - comparisons: b7832 n900 s900
212 BERKELEY STREET CARLTON 3053 --> 2 records found - comparisons: b7751 n900 s900
17/650 SWANSTON STREET CARLTON 3053 --> 1 records found - comparisons: b8166 n900 s900
40 COLLEGE CRESCENT PARKVILLE 3052 --> 1 records found - comparisons: b6669 n900 s900
910A/640 SWANSTON STREET CARLTON 3053 --> 1 records found - comparisons: b5549 n900 s900
12/650 SWANSTON STREET CARLTON 3053 --> 1 records found - comparisons: b8245 n900 s900
406B/640 SWANSTON STREET CARLTON 3053 --> 1 records found - comparisons: b6813 n900 s900
19/650 SWANSTON STREET CARLTON 3053 --> 1 records found - comparisons: b7861 n900 s900
202B/640 SWANSTON STREET CARLTON 3053 --> 1 records found - comparisons: b7832 n900 s900
29-55 COLLEGE CRESCENT PARKVILLE 3052 --> 1 records found - comparisons: b7162 n900 s900
226 PELHAM STREET MELBOURNE 3000 --> 3 records found - comparisons: b7915 n900 s900
20 LINCOLN SQUARE N CARLTON 3053 --> 1 records found - comparisons: b7660 n900 s900
101/18 LINCOLN SQUARE N CARLTON 3053 --> 1 records found - comparisons: b8872 n900 s900
103/18 LINCOLN SQUARE N CARLTON 3053 --> 1 records found - comparisons: b8840 n900 s900
104/18 LINCOLN SQUARE N CARLTON 3053 --> 1 records found - comparisons: b8819 n900 s900
106/18 LINCOLN SQUARE N CARLTON 3053 --> 1 records found - comparisons: b8831 n900 s900
201/18 LINCOLN SQUARE N CARLTON 3053 --> 1 records found - comparisons: b7848 n900 s900
304/668 SWANSTON STREET CARLTON 3053 --> 1 records found - comparisons: b7401 n900 s900
307/668 SWANSTON STREET CARLTON 3053 --> 1 records found - comparisons: b7390 n900 s900
310/668 SWANSTON STREET CARLTON 3053 --> 1 records found - comparisons: b7110 n900 s900
402/668 SWANSTON STREET CARLTON 3053 --> 1 records found - comparisons: b6813 n900 s900
403/668 SWANSTON STREET CARLTON 3053 --> 1 records found - comparisons: b6815 n900 s900
408/668 SWANSTON STREET CARLTON 3053 --> 1 records found - comparisons: b6774 n900 s900
409/668 SWANSTON STREET CARLTON 3053 --> 1 records found - comparisons: b6760 n900 s900
149-155 BERKELEY STREET MELBOURNE 3000 --> 2 records found - comparisons: b8475 n900 s900
202/18 LINCOLN SQUARE N CARLTON 3053 --> 1 records found - comparisons: b7868 n900 s900
204/18 LINCOLN SQUARE N CARLTON 3053 --> 1 records found - comparisons: b7866 n900 s900
205/18 LINCOLN SQUARE N CARLTON 3053 --> 1 records found - comparisons: b7871 n900 s900
243-245 BOUVERIE STREET CARLTON 3053 --> 1 records found - comparisons: b7294 n900 s900
19-27 COLLEGE CRESCENT PARKVILLE 3052 --> 1 records found - comparisons: b7877 n900 s900
900A/640 SWANSTON STREET CARLTON 3053 --> 1 records found - comparisons: b5639 n900 s900
640 SWANSTON STREET CARLTON 3053 --> 3 records found - comparisons: b6812 n900 s900
908A/640 SWANSTON STREET CARLTON 3053 --> 1 records found - comparisons: b5619 n900 s900
901A/640 SWANSTON STREET CARLTON 3053 --> 1 records found - comparisons: b5643 n900 s900
812A/640 SWANSTON STREET CARLTON 3053 --> 1 records found - comparisons: b5426 n900 s900
811A/640 SWANSTON STREET CARLTON 3053 --> 1 records found - comparisons: b5428 n900 s900
147-149 BARRY STREET CARLTON 3053 --> 1 records found - comparisons: b8150 n900 s900
809A/640 SWANSTON STREET CARLTON 3053 --> 1 records found - comparisons: b5521 n900 s900
410/668 SWANSTON STREET CARLTON 3053 --> 1 records found - comparisons: b6585 n900 s900
412/668 SWANSTON STREET CARLTON 3053 --> 1 records found - comparisons: b6568 n900 s900
503/668 SWANSTON STREET CARLTON 3053 --> 1 records found - comparisons: b6567 n900 s900
506/668 SWANSTON STREET CARLTON 3053 --> 1 records found - comparisons: b6533 n900 s900
509/668 SWANSTON STREET CARLTON 3053 --> 1 records found - comparisons: b6518 n900 s900
510/668 SWANSTON STREET CARLTON 3053 --> 1 records found - comparisons: b6419 n900 s900
101/223 BERKELEY STREET MELBOURNE 3000 --> 1 records found - comparisons: b8882 n900 s900
603A/640 SWANSTON STREET CARLTON 3053 --> 1 records found - comparisons: b6578 n900 s900
602A/640 SWANSTON STREET CARLTON 3053 --> 1 records found - comparisons: b6573 n900 s900
514A/640 SWANSTON STREET CARLTON 3053 --> 1 records found - comparisons: b6400 n900 s900
511A/640 SWANSTON STREET CARLTON 3053 --> 1 records found - comparisons: b6413 n900 s900
509A/640 SWANSTON STREET CARLTON 3053 --> 1 records found - comparisons: b6514 n900 s900
710/668 SWANSTON STREET CARLTON 3053 --> 1 records found - comparisons: b6467 n900 s900
803/668 SWANSTON STREET CARLTON 3053 --> 1 records found - comparisons: b5553 n900 s900
508A/640 SWANSTON STREET CARLTON 3053 --> 1 records found - comparisons: b6512 n900 s900
507A/640 SWANSTON STREET CARLTON 3053 --> 1 records found - comparisons: b6543 n900 s900
505A/640 SWANSTON STREET CARLTON 3053 --> 1 records found - comparisons: b6555 n900 s900
504A/640 SWANSTON STREET CARLTON 3053 --> 1 records found - comparisons: b6546 n900 s900
308/668 SWANSTON STREET CARLTON 3053 --> 1 records found - comparisons: b7330 n900 s900
311/668 SWANSTON STREET CARLTON 3053 --> 1 records found - comparisons: b7096 n900 s900
502A/640 SWANSTON STREET CARLTON 3053 --> 1 records found - comparisons: b6554 n900 s900
301/18 LINCOLN SQUARE N CARLTON 3053 --> 1 records found - comparisons: b7404 n900 s900
302/18 LINCOLN SQUARE N CARLTON 3053 --> 1 records found - comparisons: b7405 n900 s900
304/18 LINCOLN SQUARE N CARLTON 3053 --> 1 records found - comparisons: b7409 n900 s900
306/18 LINCOLN SQUARE N CARLTON 3053 --> 1 records found - comparisons: b7412 n900 s900
402/18 LINCOLN SQUARE N CARLTON 3053 --> 1 records found - comparisons: b6820 n900 s900
403/18 LINCOLN SQUARE N CARLTON 3053 --> 1 records found - comparisons: b6822 n900 s900
405/18 LINCOLN SQUARE N CARLTON 3053 --> 1 records found - comparisons: b6845 n900 s900
501/18 LINCOLN SQUARE N CARLTON 3053 --> 1 records found - comparisons: b6546 n900 s900
502/18 LINCOLN SQUARE N CARLTON 3053 --> 1 records found - comparisons: b6553 n900 s900
806A/640 SWANSTON STREET CARLTON 3053 --> 1 records found - comparisons: b5543 n900 s900
803A/640 SWANSTON STREET CARLTON 3053 --> 1 records found - comparisons: b5549 n900 s900
504/18 LINCOLN SQUARE N CARLTON 3053 --> 1 records found - comparisons: b6550 n900 s900
203/223 BERKELEY STREET MELBOURNE 3000 --> 1 records found - comparisons: b7864 n900 s900
204/223 BERKELEY STREET MELBOURNE 3000 --> 1 records found - comparisons: b7876 n900 s900
911A/640 SWANSTON STREET CARLTON 3053 --> 1 records found - comparisons: b5549 n900 s900
800A/640 SWANSTON STREET CARLTON 3053 --> 1 records found - comparisons: b5542 n900 s900
710A/640 SWANSTON STREET CARLTON 3053 --> 1 records found - comparisons: b6475 n900 s900
708A/640 SWANSTON STREET CARLTON 3053 --> 1 records found - comparisons: b6581 n900 s900
707A/640 SWANSTON STREET CARLTON 3053 --> 1 records found - comparisons: b6606 n900 s900
705A/640 SWANSTON STREET CARLTON 3053 --> 1 records found - comparisons: b6610 n900 s900
63 MORRISON CLOSE PARKVILLE 3052 --> 1 records found - comparisons: b6317 n900 s900
702A/640 SWANSTON STREET CARLTON 3053 --> 1 records found - comparisons: b6610 n900 s900
701A/640 SWANSTON STREET CARLTON 3053 --> 1 records found - comparisons: b6624 n900 s900
501/668 SWANSTON STREET CARLTON 3053 --> 1 records found - comparisons: b6546 n900 s900
223 BERKELEY STREET MELBOURNE 3000 --> 2 records found - comparisons: b7706 n900 s900
702/668 SWANSTON STREET CARLTON 3053 --> 1 records found - comparisons: b6614 n900 s900
612A/640 SWANSTON STREET CARLTON 3053 --> 1 records found - comparisons: b6429 n900 s900
609A/640 SWANSTON STREET CARLTON 3053 --> 1 records found - comparisons: b6545 n900 s900
418A/640 SWANSTON STREET CARLTON 3053 --> 1 records found - comparisons: b6560 n900 s900
411A/640 SWANSTON STREET CARLTON 3053 --> 1 records found - comparisons: b6579 n900 s900
3/743-751 SWANSTON STREET CARLTON 3053 --> 1 records found - comparisons: b6774 n900 s900
702/18 LINCOLN SQUARE N CARLTON 3053 --> 1 records found - comparisons: b6614 n900 s900
703/18 LINCOLN SQUARE N CARLTON 3053 --> 1 records found - comparisons: b6614 n900 s900
704/18 LINCOLN SQUARE N CARLTON 3053 --> 1 records found - comparisons: b6629 n900 s900
801/18 LINCOLN SQUARE N CARLTON 3053 --> 1 records found - comparisons: b5550 n900 s900
802/18 LINCOLN SQUARE N CARLTON 3053 --> 1 records found - comparisons: b5574 n900 s900
206/668 SWANSTON STREET CARLTON 3053 --> 1 records found - comparisons: b7856 n900 s900
804/18 LINCOLN SQUARE N CARLTON 3053 --> 1 records found - comparisons: b5546 n900 s900
901/18 LINCOLN SQUARE N CARLTON 3053 --> 1 records found - comparisons: b5647 n900 s900
1/143 ROYAL PARADE PARKVILLE 3052 --> 1 records found - comparisons: b7561 n900 s900
903/18 LINCOLN SQUARE N CARLTON 3053 --> 1 records found - comparisons: b5672 n900 s900
904/18 LINCOLN SQUARE N CARLTON 3053 --> 1 records found - comparisons: b5667 n900 s900
1002/18 LINCOLN SQUARE N CARLTON 3053 --> 1 records found - comparisons: b8980 n900 s900
1003/18 LINCOLN SQUARE N CARLTON 3053 --> 1 records found - comparisons: b8982 n900 s900
1101/18 LINCOLN SQUARE N CARLTON 3053 --> 1 records found - comparisons: b8567 n900 s900
1102/18 LINCOLN SQUARE N CARLTON 3053 --> 1 records found - comparisons: b8545 n900 s900
304A/640 SWANSTON STREET CARLTON 3053 --> 1 records found - comparisons: b7373 n900 s900
406A/640 SWANSTON STREET CARLTON 3053 --> 1 records found - comparisons: b6813 n900 s900
403A/640 SWANSTON STREET CARLTON 3053 --> 1 records found - comparisons: b6804 n900 s900
414A/640 SWANSTON STREET CARLTON 3053 --> 1 records found - comparisons: b6567 n900 s900
314A/640 SWANSTON STREET CARLTON 3053 --> 1 records found - comparisons: b7092 n900 s900
312A/640 SWANSTON STREET CARLTON 3053 --> 1 records found - comparisons: b7101 n900 s900
239-241 BOUVERIE STREET CARLTON 3053 --> 1 records found - comparisons: b7508 n900 s900
30 KERNOT ROAD PARKVILLE 3052 --> 1 records found - comparisons: b7238 n900 s900
310A/640 SWANSTON STREET CARLTON 3053 --> 1 records found - comparisons: b7106 n900 s900
308A/640 SWANSTON STREET CARLTON 3053 --> 1 records found - comparisons: b7331 n900 s900
307A/640 SWANSTON STREET CARLTON 3053 --> 1 records found - comparisons: b7379 n900 s900
305A/640 SWANSTON STREET CARLTON 3053 --> 1 records found - comparisons: b7373 n900 s900
161 BARRY STREET CARLTON 3053 --> 2 records found - comparisons: b8401 n900 s900
1/133 ROYAL PARADE PARKVILLE 3052 --> 1 records found - comparisons: b7561 n900 s900
156-290 GRATTAN STREET PARKVILLE 3052 --> 1 records found - comparisons: b8316 n900 s900
32 LINCOLN SQUARE N CARLTON 3053 --> 2 records found - comparisons: b7195 n900 s900
5/135 ROYAL PARADE PARKVILLE 3052 --> 1 records found - comparisons: b6154 n900 s900
512A/640 SWANSTON STREET CARLTON 3053 --> 1 records found - comparisons: b6411 n900 s900
924/668 SWANSTON STREET CARLTON 3053 --> 1 records found - comparisons: b5448 n900 s900
46 TIN ALLEY PARKVILLE 3052 --> 3 records found - comparisons: b6755 n900 s900
24/650 SWANSTON STREET CARLTON 3053 --> 1 records found - comparisons: b7279 n900 s900
509/223 BERKELEY STREET MELBOURNE 3000 --> 1 records found - comparisons: b6534 n900 s900
129-133 ROYAL PARADE PARKVILLE 3052 --> 1 records found - comparisons: b8251 n900 s900
3/133 ROYAL PARADE PARKVILLE 3052 --> 1 records found - comparisons: b6733 n900 s900
33 MONASH ROAD PARKVILLE 3052 --> 2 records found - comparisons: b7175 n900 s900
5/650 SWANSTON STREET CARLTON 3053 --> 1 records found - comparisons: b6161 n900 s900
21/650 SWANSTON STREET CARLTON 3053 --> 1 records found - comparisons: b7487 n900 s900
216 BERKELEY STREET CARLTON 3053 --> 1 records found - comparisons: b7492 n900 s900
608/668 SWANSTON STREET CARLTON 3053 --> 1 records found - comparisons: b6551 n900 s900
32C/151 BERKELEY STREET MELBOURNE 3000 --> 1 records found - comparisons: b6997 n900 s900
34C/151 BERKELEY STREET MELBOURNE 3000 --> 1 records found - comparisons: b6931 n900 s900
35C/151 BERKELEY STREET MELBOURNE 3000 --> 1 records found - comparisons: b6931 n900 s900
706/668 SWANSTON STREET CARLTON 3053 --> 1 records found - comparisons: b6612 n900 s900
715-721 SWANSTON STREET CARLTON 3053 --> 2 records found - comparisons: b6750 n900 s900
11/230 GRATTAN STREET PARKVILLE 3052 --> 1 records found - comparisons: b8391 n900 s900
2/701 SWANSTON STREET CARLTON 3053 --> 1 records found - comparisons: b7016 n900 s900
102B/640 SWANSTON STREET CARLTON 3053 --> 1 records found - comparisons: b8823 n900 s900
11/650 SWANSTON STREET CARLTON 3053 --> 1 records found - comparisons: b8383 n900 s900
8 MEDICAL ROAD PARKVILLE 3052 --> 1 records found - comparisons: b5313 n900 s900
13 PORTERS LANE PARKVILLE 3052 --> 1 records found - comparisons: b8170 n900 s900
404/668 SWANSTON STREET CARLTON 3053 --> 1 records found - comparisons: b6835 n900 s900
25/650 SWANSTON STREET CARLTON 3053 --> 1 records found - comparisons: b7263 n900 s900
511/668 SWANSTON STREET CARLTON 3053 --> 1 records found - comparisons: b6405 n900 s900
207/668 SWANSTON STREET CARLTON 3053 --> 1 records found - comparisons: b7856 n900 s900
306/668 SWANSTON STREET CARLTON 3053 --> 1 records found - comparisons: b7404 n900 s900
604/668 SWANSTON STREET CARLTON 3053 --> 1 records found - comparisons: b6586 n900 s900
605/668 SWANSTON STREET CARLTON 3053 --> 1 records found - comparisons: b6577 n900 s900
210-214 LEICESTER STREET CARLTON 3053 --> 3 records found - comparisons: b8117 n900 s900
127 ROYAL PARADE PARKVILLE 3052 --> 1 records found - comparisons: b8237 n900 s900
306/223 BERKELEY STREET MELBOURNE 3000 --> 1 records found - comparisons: b7422 n900 s900
51 MASSON ROAD PARKVILLE 3052 --> 1 records found - comparisons: b6321 n900 s900
905/668 SWANSTON STREET CARLTON 3053 --> 1 records found - comparisons: b5648 n900 s900
916/668 SWANSTON STREET CARLTON 3053 --> 1 records found - comparisons: b5534 n900 s900
1 UNION ROAD PARKVILLE 3052 --> 1 records found - comparisons: b7421 n900 s900
917/668 SWANSTON STREET CARLTON 3053 --> 1 records found - comparisons: b5534 n900 s900
1011A/640 SWANSTON STREET CARLTON 3053 --> 1 records found - comparisons: b8867 n900 s900
20 MONASH ROAD PARKVILLE 3052 --> 1 records found - comparisons: b7636 n900 s900
157-159 BARRY STREET CARLTON 3053 --> 1 records found - comparisons: b8234 n900 s900
85 BARRY STREET CARLTON 3053 --> 1 records found - comparisons: b5266 n900 s900
1102/640 SWANSTON STREET CARLTON 3053 --> 1 records found - comparisons: b8545 n900 s900
1073/640 SWANSTON STREET CARLTON 3053 --> 1 records found - comparisons: b8857 n900 s900
1135/640 SWANSTON STREET CARLTON 3053 --> 1 records found - comparisons: b8453 n900 s900
1083/640 SWANSTON STREET CARLTON 3053 --> 1 records found - comparisons: b8784 n900 s900
2033/640 SWANSTON STREET CARLTON 3053 --> 1 records found - comparisons: b7839 n900 s900
1081/640 SWANSTON STREET CARLTON 3053 --> 1 records found - comparisons: b8784 n900 s900
302B/640 SWANSTON STREET CARLTON 3053 --> 1 records found - comparisons: b7369 n900 s900
902/668 SWANSTON STREET CARLTON 3053 --> 1 records found - comparisons: b5665 n900 s900
135-137 ROYAL PARADE PARKVILLE 3052 --> 1 records found - comparisons: b8209 n900 s900
29 COLLEGE CRESCENT PARKVILLE 3052 --> 2 records found - comparisons: b7397 n900 s900
2 ROYAL PARADE PARKVILLE 3052 --> 1 records found - comparisons: b6961 n900 s900
81-87 BARRY STREET CARLTON 3053 --> 1 records found - comparisons: b5367 n900 s900
908/151 BERKELEY STREET MELBOURNE 3000 --> 1 records found - comparisons: b5639 n900 s900
914/668 SWANSTON STREET CARLTON 3053 --> 1 records found - comparisons: b5534 n900 s900
907/668 SWANSTON STREET CARLTON 3053 --> 1 records found - comparisons: b5647 n900 s900
911/668 SWANSTON STREET CARLTON 3053 --> 1 records found - comparisons: b5541 n900 s900
913/668 SWANSTON STREET CARLTON 3053 --> 1 records found - comparisons: b5538 n900 s900
703/668 SWANSTON STREET CARLTON 3053 --> 1 records found - comparisons: b6614 n900 s900
774-782 ELIZABETH STREET MELBOURNE 3000 --> 1 records found - comparisons: b6365 n900 s900
708/668 SWANSTON STREET CARLTON 3053 --> 1 records found - comparisons: b6585 n900 s900
660-674 SWANSTON STREET CARLTON 3053 --> 1 records found - comparisons: b6356 n900 s900
1005/151 BERKELEY STREET MELBOURNE 3000 --> 1 records found - comparisons: b8975 n900 s900
9/201 GRATTAN STREET CARLTON 3053 --> 1 records found - comparisons: b5289 n900 s900
7/201 GRATTAN STREET CARLTON 3053 --> 1 records found - comparisons: b6237 n900 s900
4/201 GRATTAN STREET CARLTON 3053 --> 1 records found - comparisons: b6259 n900 s900
158-164 BOUVERIE STREET CARLTON 3053 --> 1 records found - comparisons: b8230 n900 s900
715 SWANSTON STREET CARLTON 3053 --> 2 records found - comparisons: b6686 n900 s900
292 GRATTAN STREET PARKVILLE 3052 --> 2 records found - comparisons: b7380 n900 s900
107 TIN ALLEY PARKVILLE 3052 --> 3 records found - comparisons: b9183 n900 s900
786-798 ELIZABETH STREET MELBOURNE 3000 --> 1 records found - comparisons: b6326 n900 s900
141 ROYAL PARADE PARKVILLE 3052 --> 1 records found - comparisons: b8155 n900 s900
921/668 SWANSTON STREET CARLTON 3053 --> 1 records found - comparisons: b5452 n900 s900
757 SWANSTON STREET PARKVILLE 3052 --> 3 records found - comparisons: b6854 n900 s900
407/668 SWANSTON STREET CARLTON 3053 --> 1 records found - comparisons: b6808 n900 s900
107/223 BERKELEY STREET MELBOURNE 3000 --> 1 records found - comparisons: b8867 n900 s900
405A/640 SWANSTON STREET CARLTON 3053 --> 1 records found - comparisons: b6814 n900 s900
902A/640 SWANSTON STREET CARLTON 3053 --> 1 records found - comparisons: b5649 n900 s900
197-203 BOUVERIE STREET CARLTON 3053 --> 1 records found - comparisons: b7904 n900 s900
225-235 BOUVERIE STREET CARLTON 3053 --> 1 records found - comparisons: b7466 n900 s900
207-223 BOUVERIE STREET CARLTON 3053 --> 1 records found - comparisons: b7858 n900 s900
8/135 ROYAL PARADE PARKVILLE 3052 --> 1 records found - comparisons: b5286 n900 s900
228 PELHAM STREET MELBOURNE 3000 --> 1 records found - comparisons: b7421 n900 s900
803/18 LINCOLN SQUARE N CARLTON 3053 --> 1 records found - comparisons: b5553 n900 s900
706A/640 SWANSTON STREET CARLTON 3053 --> 1 records found - comparisons: b6608 n900 s900
704A/640 SWANSTON STREET CARLTON 3053 --> 1 records found - comparisons: b6612 n900 s900
212A/640 SWANSTON STREET CARLTON 3053 --> 1 records found - comparisons: b7553 n900 s900
213-217 GRATTAN STREET CARLTON 3053 --> 1 records found - comparisons: b7563 n900 s900
902/18 LINCOLN SQUARE N CARLTON 3053 --> 1 records found - comparisons: b5672 n900 s900
1000A/640 SWANSTON STREET CARLTON 3053 --> 1 records found - comparisons: b8966 n900 s900
87 TIN ALLEY PARKVILLE 3052 --> 1 records found - comparisons: b5258 n900 s900
41 MEDICAL ROAD PARKVILLE 3052 --> 1 records found - comparisons: b6496 n900 s900
9 MEDICAL ROAD PARKVILLE 3052 --> 1 records found - comparisons: b5230 n900 s900
1/196 PELHAM STREET CARLTON 3053 --> 1 records found - comparisons: b7552 n900 s900
1S/650 SWANSTON STREET CARLTON 3053 --> 1 records found - comparisons: b6929 n900 s900
1001/18 LINCOLN SQUARE N CARLTON 3053 --> 1 records found - comparisons: b8981 n900 s900
7/135 ROYAL PARADE PARKVILLE 3052 --> 1 records found - comparisons: b6229 n900 s900
2/196 PELHAM STREET CARLTON 3053 --> 1 records found - comparisons: b6998 n900 s900
680-682 SWANSTON STREET CARLTON 3053 --> 1 records found - comparisons: b6275 n900 s900
904/668 SWANSTON STREET CARLTON 3053 --> 1 records found - comparisons: b5660 n900 s900
121-125 ROYAL PARADE PARKVILLE 3052 --> 1 records found - comparisons: b8288 n900 s900
167 GRATTAN STREET CARLTON 3053 --> 1 records found - comparisons: b8196 n900 s900
1004/18 LINCOLN SQUARE N CARLTON 3053 --> 1 records found - comparisons: b8978 n900 s900
22-40 LINCOLN SQUARE N CARLTON 3053 --> 2 records found - comparisons: b7707 n900 s900
703A/640 SWANSTON STREET CARLTON 3053 --> 1 records found - comparisons: b6610 n900 s900
1008A/640 SWANSTON STREET CARLTON 3053 --> 1 records found - comparisons: b8947 n900 s900
164-170 PELHAM STREET CARLTON 3053 --> 1 records found - comparisons: b8215 n900 s900
53 PROFESSORS WALK PARKVILLE 3052 --> 1 records found - comparisons: b6277 n900 s900
175 GRATTAN STREET CARLTON 3053 --> 1 records found - comparisons: b8159 n900 s900
22/650 SWANSTON STREET CARLTON 3053 --> 1 records found - comparisons: b7442 n900 s900
110/223 BERKELEY STREET MELBOURNE 3000 --> 1 records found - comparisons: b8512 n900 s900
915/668 SWANSTON STREET CARLTON 3053 --> 1 records found - comparisons: b5534 n900 s900
908/668 SWANSTON STREET CARLTON 3053 --> 1 records found - comparisons: b5623 n900 s900
906A/640 SWANSTON STREET CARLTON 3053 --> 1 records found - comparisons: b5641 n900 s900
610A/640 SWANSTON STREET CARLTON 3053 --> 1 records found - comparisons: b6431 n900 s900
207A/640 SWANSTON STREET CARLTON 3053 --> 1 records found - comparisons: b7835 n900 s900
107A/640 SWANSTON STREET CARLTON 3053 --> 1 records found - comparisons: b8823 n900 s900
1003A/640 SWANSTON STREET CARLTON 3053 --> 1 records found - comparisons: b8971 n900 s900
510/223 BERKELEY STREET MELBOURNE 3000 --> 1 records found - comparisons: b6435 n900 s900
714-736 SWANSTON STREET CARLTON 3053 --> 1 records found - comparisons: b6468 n900 s900
167-171 BERKELEY STREET MELBOURNE 3000 --> 1 records found - comparisons: b8252 n900 s900
1/701 SWANSTON STREET CARLTON 3053 --> 1 records found - comparisons: b7561 n900 s900
807A/640 SWANSTON STREET CARLTON 3053 --> 1 records found - comparisons: b5545 n900 s900
805A/640 SWANSTON STREET CARLTON 3053 --> 1 records found - comparisons: b5542 n900 s900
501A/640 SWANSTON STREET CARLTON 3053 --> 1 records found - comparisons: b6542 n900 s900
410A/640 SWANSTON STREET CARLTON 3053 --> 1 records found - comparisons: b6581 n900 s900
20-24 CHURCH STREET CARLTON 3053 --> 1 records found - comparisons: b7642 n900 s900
211A/640 SWANSTON STREET CARLTON 3053 --> 1 records found - comparisons: b7548 n900 s900
190-192 PELHAM STREET CARLTON 3053 --> 1 records found - comparisons: b7862 n900 s900
607A/640 SWANSTON STREET CARLTON 3053 --> 1 records found - comparisons: b6583 n900 s900
401/668 SWANSTON STREET CARLTON 3053 --> 1 records found - comparisons: b6812 n900 s900
405/668 SWANSTON STREET CARLTON 3053 --> 1 records found - comparisons: b6837 n900 s900
723-741 SWANSTON STREET CARLTON 3053 --> 2 records found - comparisons: b6715 n900 s900
608A/640 SWANSTON STREET CARLTON 3053 --> 1 records found - comparisons: b6547 n900 s900
102/223 BERKELEY STREET MELBOURNE 3000 --> 1 records found - comparisons: b8854 n900 s900
405/223 BERKELEY STREET MELBOURNE 3000 --> 1 records found - comparisons: b6855 n900 s900
202/223 BERKELEY STREET MELBOURNE 3000 --> 1 records found - comparisons: b7878 n900 s900
205/223 BERKELEY STREET MELBOURNE 3000 --> 1 records found - comparisons: b7881 n900 s900
207/223 BERKELEY STREET MELBOURNE 3000 --> 1 records found - comparisons: b7873 n900 s900
210/223 BERKELEY STREET MELBOURNE 3000 --> 1 records found - comparisons: b7579 n900 s900
301/223 BERKELEY STREET MELBOURNE 3000 --> 1 records found - comparisons: b7414 n900 s900
302/223 BERKELEY STREET MELBOURNE 3000 --> 1 records found - comparisons: b7415 n900 s900
309/223 BERKELEY STREET MELBOURNE 3000 --> 1 records found - comparisons: b7359 n900 s900
401/223 BERKELEY STREET MELBOURNE 3000 --> 1 records found - comparisons: b6829 n900 s900
404/223 BERKELEY STREET MELBOURNE 3000 --> 1 records found - comparisons: b6853 n900 s900
406/223 BERKELEY STREET MELBOURNE 3000 --> 1 records found - comparisons: b6854 n900 s900
407/223 BERKELEY STREET MELBOURNE 3000 --> 1 records found - comparisons: b6824 n900 s900
409/223 BERKELEY STREET MELBOURNE 3000 --> 1 records found - comparisons: b6776 n900 s900
410/223 BERKELEY STREET MELBOURNE 3000 --> 1 records found - comparisons: b6601 n900 s900
14/650 SWANSTON STREET CARLTON 3053 --> 1 records found - comparisons: b8155 n900 s900
151 BARRY STREET CARLTON 3053 --> 1 records found - comparisons: b8209 n900 s900
701B/640 SWANSTON STREET CARLTON 3053 --> 1 records found - comparisons: b6624 n900 s900
505B/640 SWANSTON STREET CARLTON 3053 --> 1 records found - comparisons: b6555 n900 s900
503B/640 SWANSTON STREET CARLTON 3053 --> 1 records found - comparisons: b6556 n900 s900
500B/640 SWANSTON STREET CARLTON 3053 --> 1 records found - comparisons: b6538 n900 s900
407B/640 SWANSTON STREET CARLTON 3053 --> 1 records found - comparisons: b6809 n900 s900
408A/640 SWANSTON STREET CARLTON 3053 --> 1 records found - comparisons: b6758 n900 s900
301A/640 SWANSTON STREET CARLTON 3053 --> 1 records found - comparisons: b7373 n900 s900
404A/640 SWANSTON STREET CARLTON 3053 --> 1 records found - comparisons: b6807 n900 s900
174 LEICESTER STREET CARLTON 3053 --> 1 records found - comparisons: b8175 n900 s900
910/668 SWANSTON STREET CARLTON 3053 --> 1 records found - comparisons: b5541 n900 s900
300B/640 SWANSTON STREET CARLTON 3053 --> 1 records found - comparisons: b7358 n900 s900
105B/640 SWANSTON STREET CARLTON 3053 --> 1 records found - comparisons: b8800 n900 s900
405B/640 SWANSTON STREET CARLTON 3053 --> 1 records found - comparisons: b6814 n900 s900
712A/640 SWANSTON STREET CARLTON 3053 --> 1 records found - comparisons: b6471 n900 s900
711A/640 SWANSTON STREET CARLTON 3053 --> 1 records found - comparisons: b6473 n900 s900
611A/640 SWANSTON STREET CARLTON 3053 --> 1 records found - comparisons: b6431 n900 s900
513A/640 SWANSTON STREET CARLTON 3053 --> 1 records found - comparisons: b6409 n900 s900
510A/640 SWANSTON STREET CARLTON 3053 --> 1 records found - comparisons: b6415 n900 s900
103B/640 SWANSTON STREET CARLTON 3053 --> 1 records found - comparisons: b8821 n900 s900
100B/640 SWANSTON STREET CARLTON 3053 --> 1 records found - comparisons: b8877 n900 s900
205B/640 SWANSTON STREET CARLTON 3053 --> 1 records found - comparisons: b7835 n900 s900
179-201 PELHAM STREET CARLTON 3053 --> 1 records found - comparisons: b8177 n900 s900
105/223 BERKELEY STREET MELBOURNE 3000 --> 1 records found - comparisons: b8816 n900 s900
16/650 SWANSTON STREET CARLTON 3053 --> 1 records found - comparisons: b8187 n900 s900
106/223 BERKELEY STREET MELBOURNE 3000 --> 1 records found - comparisons: b8841 n900 s900
109/223 BERKELEY STREET MELBOURNE 3000 --> 1 records found - comparisons: b8772 n900 s900
177 GRATTAN STREET CARLTON 3053 --> 1 records found - comparisons: b8158 n900 s900
150-154 PELHAM STREET CARLTON 3053 --> 1 records found - comparisons: b8277 n900 s900
1/223 BERKELEY STREET MELBOURNE 3000 --> 1 records found - comparisons: b7596 n900 s900
17 KERNOT ROAD PARKVILLE 3052 --> 1 records found - comparisons: b8125 n900 s900
401B/640 SWANSTON STREET CARLTON 3053 --> 1 records found - comparisons: b6801 n900 s900
307B/640 SWANSTON STREET CARLTON 3053 --> 1 records found - comparisons: b7379 n900 s900
743-751 SWANSTON STREET CARLTON 3053 --> 1 records found - comparisons: b6338 n900 s900
306B/640 SWANSTON STREET CARLTON 3053 --> 1 records found - comparisons: b7381 n900 s900
208B/640 SWANSTON STREET CARLTON 3053 --> 1 records found - comparisons: b7768 n900 s900
207B/640 SWANSTON STREET CARLTON 3053 --> 1 records found - comparisons: b7835 n900 s900
106B/640 SWANSTON STREET CARLTON 3053 --> 1 records found - comparisons: b8812 n900 s900
166-186 BOUVERIE STREET CARLTON 3053 --> 1 records found - comparisons: b8231 n900 s900
2S/151 BERKELEY STREET MELBOURNE 3000 --> 1 records found - comparisons: b6677 n900 s900
3S/151 BERKELEY STREET MELBOURNE 3000 --> 1 records found - comparisons: b6553 n900 s900
901/668 SWANSTON STREET CARLTON 3053 --> 1 records found - comparisons: b5647 n900 s900
1095/640 SWANSTON STREET CARLTON 3053 --> 1 records found - comparisons: b8776 n900 s900
1134/640 SWANSTON STREET CARLTON 3053 --> 1 records found - comparisons: b8453 n900 s900
1072/640 SWANSTON STREET CARLTON 3053 --> 1 records found - comparisons: b8857 n900 s900
1111/640 SWANSTON STREET CARLTON 3053 --> 1 records found - comparisons: b8475 n900 s900
303/223 BERKELEY STREET MELBOURNE 3000 --> 1 records found - comparisons: b7415 n900 s900
507/668 SWANSTON STREET CARLTON 3053 --> 1 records found - comparisons: b6547 n900 s900
156-162 PELHAM STREET CARLTON 3053 --> 1 records found - comparisons: b8304 n900 s900
1109/640 SWANSTON STREET CARLTON 3053 --> 1 records found - comparisons: b8514 n900 s900
1086/640 SWANSTON STREET CARLTON 3053 --> 1 records found - comparisons: b8782 n900 s900
1101/640 SWANSTON STREET CARLTON 3053 --> 1 records found - comparisons: b8560 n900 s900
182-200 BERKELEY STREET CARLTON 3053 --> 1 records found - comparisons: b7996 n900 s900
207/151 BERKELEY STREET MELBOURNE 3000 --> 1 records found - comparisons: b7873 n900 s900
4/650 SWANSTON STREET CARLTON 3053 --> 1 records found - comparisons: b6266 n900 s900
1085/640 SWANSTON STREET CARLTON 3053 --> 1 records found - comparisons: b8783 n900 s900
507/223 BERKELEY STREET MELBOURNE 3000 --> 1 records found - comparisons: b6563 n900 s900
1079/640 SWANSTON STREET CARLTON 3053 --> 1 records found - comparisons: b8854 n900 s900
29S/151 BERKELEY STREET MELBOURNE 3000 --> 1 records found - comparisons: b7162 n900 s900
1112/640 SWANSTON STREET CARLTON 3053 --> 1 records found - comparisons: b8474 n900 s900
508/668 SWANSTON STREET CARLTON 3053 --> 1 records found - comparisons: b6504 n900 s900
660 SWANSTON STREET CARLTON 3053 --> 1 records found - comparisons: b6324 n900 s900
701/668 SWANSTON STREET CARLTON 3053 --> 1 records found - comparisons: b6652 n900 s900
1006A/640 SWANSTON STREET CARLTON 3053 --> 1 records found - comparisons: b8967 n900 s900
602/668 SWANSTON STREET CARLTON 3053 --> 1 records found - comparisons: b6577 n900 s900
207-211 GRATTAN STREET CARLTON 3053 --> 1 records found - comparisons: b7850 n900 s900
27G/723 SWANSTON STREET CARLTON 3053 --> 1 records found - comparisons: b7270 n900 s900
723 SWANSTON STREET CARLTON 3053 --> 2 records found - comparisons: b6651 n900 s900
182-208 LEICESTER STREET CARLTON 3053 --> 1 records found - comparisons: b7988 n900 s900
512/668 SWANSTON STREET CARLTON 3053 --> 1 records found - comparisons: b6403 n900 s900
670 SWANSTON STREET CARLTON 3053 --> 1 records found - comparisons: b6343 n900 s900
1121/640 SWANSTON STREET CARLTON 3053 --> 1 records found - comparisons: b8447 n900 s900
1241/640 SWANSTON STREET CARLTON 3053 --> 1 records found - comparisons: b8300 n900 s900
27/650 SWANSTON STREET CARLTON 3053 --> 1 records found - comparisons: b7260 n900 s900
1106/640 SWANSTON STREET CARLTON 3053 --> 1 records found - comparisons: b8526 n900 s900
1097/640 SWANSTON STREET CARLTON 3053 --> 1 records found - comparisons: b8776 n900 s900
606A/640 SWANSTON STREET CARLTON 3053 --> 1 records found - comparisons: b6576 n900 s900
412A/640 SWANSTON STREET CARLTON 3053 --> 1 records found - comparisons: b6576 n900 s900
401A/640 SWANSTON STREET CARLTON 3053 --> 1 records found - comparisons: b6801 n900 s900
1244/640 SWANSTON STREET CARLTON 3053 --> 1 records found - comparisons: b8299 n900 s900
1100/640 SWANSTON STREET CARLTON 3053 --> 1 records found - comparisons: b8532 n900 s900
1076/640 SWANSTON STREET CARLTON 3053 --> 1 records found - comparisons: b8858 n900 s900
2032/640 SWANSTON STREET CARLTON 3053 --> 1 records found - comparisons: b7839 n900 s900
1084/640 SWANSTON STREET CARLTON 3053 --> 1 records found - comparisons: b8783 n900 s900
1242/640 SWANSTON STREET CARLTON 3053 --> 1 records found - comparisons: b8300 n900 s900
204A/640 SWANSTON STREET CARLTON 3053 --> 1 records found - comparisons: b7828 n900 s900
182-200 LEICESTER STREET CARLTON 3053 --> 1 records found - comparisons: b8004 n900 s900
1505/151 BERKELEY STREET MELBOURNE 3000 --> 1 records found - comparisons: b8332 n900 s900
905/151 BERKELEY STREET MELBOURNE 3000 --> 1 records found - comparisons: b5664 n900 s900
104/223 BERKELEY STREET MELBOURNE 3000 --> 1 records found - comparisons: b8829 n900 s900
906/151 BERKELEY STREET MELBOURNE 3000 --> 1 records found - comparisons: b5649 n900 s900
907/151 BERKELEY STREET MELBOURNE 3000 --> 1 records found - comparisons: b5663 n900 s900
607B/640 SWANSTON STREET CARLTON 3053 --> 1 records found - comparisons: b6583 n900 s900
1001/151 BERKELEY STREET MELBOURNE 3000 --> 1 records found - comparisons: b8997 n900 s900
1002/151 BERKELEY STREET MELBOURNE 3000 --> 1 records found - comparisons: b8996 n900 s900
1003/151 BERKELEY STREET MELBOURNE 3000 --> 1 records found - comparisons: b8998 n900 s900
1004/151 BERKELEY STREET MELBOURNE 3000 --> 1 records found - comparisons: b8994 n900 s900
310/223 BERKELEY STREET MELBOURNE 3000 --> 1 records found - comparisons: b7126 n900 s900
1006/151 BERKELEY STREET MELBOURNE 3000 --> 1 records found - comparisons: b8975 n900 s900
1502/151 BERKELEY STREET MELBOURNE 3000 --> 1 records found - comparisons: b8330 n900 s900
1503/151 BERKELEY STREET MELBOURNE 3000 --> 1 records found - comparisons: b8330 n900 s900
1504/151 BERKELEY STREET MELBOURNE 3000 --> 1 records found - comparisons: b8332 n900 s900
1401/151 BERKELEY STREET MELBOURNE 3000 --> 1 records found - comparisons: b8220 n900 s900
902/151 BERKELEY STREET MELBOURNE 3000 --> 1 records found - comparisons: b5688 n900 s900
903/151 BERKELEY STREET MELBOURNE 3000 --> 1 records found - comparisons: b5688 n900 s900
806/668 SWANSTON STREET CARLTON 3053 --> 1 records found - comparisons: b5535 n900 s900
807/668 SWANSTON STREET CARLTON 3053 --> 1 records found - comparisons: b5549 n900 s900
808/668 SWANSTON STREET CARLTON 3053 --> 1 records found - comparisons: b5513 n900 s900
809/668 SWANSTON STREET CARLTON 3053 --> 1 records found - comparisons: b5513 n900 s900
810/668 SWANSTON STREET CARLTON 3053 --> 1 records found - comparisons: b5422 n900 s900
704/668 SWANSTON STREET CARLTON 3053 --> 1 records found - comparisons: b6628 n900 s900
1-17 COLLEGE CRESCENT PARKVILLE 3052 --> 1 records found - comparisons: b7511 n900 s900
406/668 SWANSTON STREET CARLTON 3053 --> 1 records found - comparisons: b6836 n900 s900
220 BERKELEY STREET CARLTON 3053 --> 1 records found - comparisons: b7432 n900 s900
183-189 BOUVERIE STREET CARLTON 3053 --> 1 records found - comparisons: b7946 n900 s900
1204/18 LINCOLN SQUARE N CARLTON 3053 --> 1 records found - comparisons: b8389 n900 s900
701/18 LINCOLN SQUARE N CARLTON 3053 --> 1 records found - comparisons: b6660 n900 s900
1301/18 LINCOLN SQUARE N CARLTON 3053 --> 1 records found - comparisons: b8244 n900 s900
109A/640 SWANSTON STREET CARLTON 3053 --> 1 records found - comparisons: b8752 n900 s900
808A/640 SWANSTON STREET CARLTON 3053 --> 1 records found - comparisons: b5521 n900 s900
102/18 LINCOLN SQUARE N CARLTON 3053 --> 1 records found - comparisons: b8844 n900 s900
801A/640 SWANSTON STREET CARLTON 3053 --> 1 records found - comparisons: b5546 n900 s900
600B/640 SWANSTON STREET CARLTON 3053 --> 1 records found - comparisons: b6568 n900 s900
502/668 SWANSTON STREET CARLTON 3053 --> 1 records found - comparisons: b6553 n900 s900
918/668 SWANSTON STREET CARLTON 3053 --> 1 records found - comparisons: b5523 n900 s900
1027/640 SWANSTON STREET CARLTON 3053 --> 1 records found - comparisons: b8824 n900 s900
208/223 BERKELEY STREET MELBOURNE 3000 --> 1 records found - comparisons: b7789 n900 s900
100 ROYAL PARADE PARKVILLE 3052 --> 1 records found - comparisons: b8864 n900 s900
1094/640 SWANSTON STREET CARLTON 3053 --> 1 records found - comparisons: b8776 n900 s900
1099/640 SWANSTON STREET CARLTON 3053 --> 1 records found - comparisons: b8772 n900 s900
1077/640 SWANSTON STREET CARLTON 3053 --> 1 records found - comparisons: b8858 n900 s900
2/743-751 SWANSTON STREET CARLTON 3053 --> 1 records found - comparisons: b7048 n900 s900
3 UNION ROAD PARKVILLE 3052 --> 1 records found - comparisons: b6657 n900 s900
1098/640 SWANSTON STREET CARLTON 3053 --> 1 records found - comparisons: b8772 n900 s900
2019/640 SWANSTON STREET CARLTON 3053 --> 1 records found - comparisons: b7827 n900 s900
156 BOUVERIE STREET CARLTON 3053 --> 1 records found - comparisons: b8246 n900 s900
102A/640 SWANSTON STREET CARLTON 3053 --> 1 records found - comparisons: b8823 n900 s900
171-173 GRATTAN STREET CARLTON 3053 --> 1 records found - comparisons: b8204 n900 s900
1005A/640 SWANSTON STREET CARLTON 3053 --> 1 records found - comparisons: b8967 n900 s900
912A/640 SWANSTON STREET CARLTON 3053 --> 1 records found - comparisons: b5548 n900 s900
197-235 BOUVERIE STREET CARLTON 3053 --> 1 records found - comparisons: b7904 n900 s900
305/223 BERKELEY STREET MELBOURNE 3000 --> 1 records found - comparisons: b7419 n900 s900
804/668 SWANSTON STREET CARLTON 3053 --> 1 records found - comparisons: b5546 n900 s900
903/668 SWANSTON STREET CARLTON 3053 --> 1 records found - comparisons: b5665 n900 s900
1506/151 BERKELEY STREET MELBOURNE 3000 --> 1 records found - comparisons: b8332 n900 s900
1507/151 BERKELEY STREET MELBOURNE 3000 --> 1 records found - comparisons: b8332 n900 s900
1508/151 BERKELEY STREET MELBOURNE 3000 --> 1 records found - comparisons: b8323 n900 s900
1601/151 BERKELEY STREET MELBOURNE 3000 --> 1 records found - comparisons: b8302 n900 s900
1602/151 BERKELEY STREET MELBOURNE 3000 --> 1 records found - comparisons: b8303 n900 s900
1603/151 BERKELEY STREET MELBOURNE 3000 --> 1 records found - comparisons: b8303 n900 s900
1604/151 BERKELEY STREET MELBOURNE 3000 --> 1 records found - comparisons: b8303 n900 s900
1605/151 BERKELEY STREET MELBOURNE 3000 --> 1 records found - comparisons: b8303 n900 s900
1606/151 BERKELEY STREET MELBOURNE 3000 --> 1 records found - comparisons: b8302 n900 s900
1608/151 BERKELEY STREET MELBOURNE 3000 --> 1 records found - comparisons: b8295 n900 s900
1701/151 BERKELEY STREET MELBOURNE 3000 --> 1 records found - comparisons: b8272 n900 s900
1078/640 SWANSTON STREET CARLTON 3053 --> 1 records found - comparisons: b8854 n900 s900
2043/640 SWANSTON STREET CARLTON 3053 --> 1 records found - comparisons: b7836 n900 s900
1703/151 BERKELEY STREET MELBOURNE 3000 --> 1 records found - comparisons: b8273 n900 s900
503A/640 SWANSTON STREET CARLTON 3053 --> 1 records found - comparisons: b6556 n900 s900
153-163 BARRY STREET CARLTON 3053 --> 1 records found - comparisons: b8239 n900 s900
923/668 SWANSTON STREET CARLTON 3053 --> 1 records found - comparisons: b5452 n900 s900
168-172 LEICESTER STREET CARLTON 3053 --> 1 records found - comparisons: b8220 n900 s900
193-195 BOUVERIE STREET CARLTON 3053 --> 1 records found - comparisons: b7878 n900 s900
2/650 SWANSTON STREET CARLTON 3053 --> 1 records found - comparisons: b7010 n900 s900
242 GRATTAN STREET PARKVILLE 3052 --> 1 records found - comparisons: b7270 n900 s900
802/668 SWANSTON STREET CARLTON 3053 --> 1 records found - comparisons: b5567 n900 s900
909/668 SWANSTON STREET CARLTON 3053 --> 1 records found - comparisons: b5609 n900 s900
169 GRATTAN STREET CARLTON 3053 --> 1 records found - comparisons: b8172 n900 s900
47C/151 BERKELEY STREET MELBOURNE 3000 --> 1 records found - comparisons: b6429 n900 s900
4S/151 BERKELEY STREET MELBOURNE 3000 --> 1 records found - comparisons: b6121 n900 s900
5S/151 BERKELEY STREET MELBOURNE 3000 --> 1 records found - comparisons: b6069 n900 s900
407A/640 SWANSTON STREET CARLTON 3053 --> 1 records found - comparisons: b6809 n900 s900
6S/151 BERKELEY STREET MELBOURNE 3000 --> 1 records found - comparisons: b6094 n900 s900
7S/151 BERKELEY STREET MELBOURNE 3000 --> 1 records found - comparisons: b6100 n900 s900
233 PELHAM STREET MELBOURNE 3000 --> 1 records found - comparisons: b7514 n900 s900
1007/151 BERKELEY STREET MELBOURNE 3000 --> 1 records found - comparisons: b8975 n900 s900
1008/151 BERKELEY STREET MELBOURNE 3000 --> 1 records found - comparisons: b8955 n900 s900
1101/151 BERKELEY STREET MELBOURNE 3000 --> 1 records found - comparisons: b8583 n900 s900
268 GRATTAN STREET PARKVILLE 3052 --> 0 records found - comparisons: b6986 n900 s900
402A/640 SWANSTON STREET CARLTON 3053 --> 0 records found - comparisons: b6524 n900 s900
1102/151 BERKELEY STREET MELBOURNE 3000 --> 0 records found - comparisons: b8294 n900 s900
105/18 LINCOLN SQUARE N CARLTON 3053 --> 0 records found - comparisons: b8549 n900 s900
203/18 LINCOLN SQUARE N CARLTON 3053 --> 0 records found - comparisons: b7597 n900 s900
302A/640 SWANSTON STREET CARLTON 3053 --> 0 records found - comparisons: b7096 n900 s900
610/223 BERKELEY STREET MELBOURNE 3000 --> 0 records found - comparisons: b6165 n900 s900
605A/640 SWANSTON STREET CARLTON 3053 --> 0 records found - comparisons: b6295 n900 s900
1002A/640 SWANSTON STREET CARLTON 3053 --> 0 records found - comparisons: b8691 n900 s900
401/18 LINCOLN SQUARE N CARLTON 3053 --> 0 records found - comparisons: b6562 n900 s900
213/640 SWANSTON STREET CARLTON 3053 --> 0 records found - comparisons: b7290 n900 s900
216-228 LEICESTER STREET CARLTON 3053 --> 0 records found - comparisons: b7257 n900 s900
183 PELHAM STREET CARLTON 3053 --> 0 records found - comparisons: b7660 n900 s900
502/223 BERKELEY STREET MELBOURNE 3000 --> 0 records found - comparisons: b6296 n900 s900
154 BOUVERIE STREET CARLTON 3053 --> 0 records found - comparisons: b7981 n900 s900
506/18 LINCOLN SQUARE N CARLTON 3053 --> 0 records found - comparisons: b6275 n900 s900
603/668 SWANSTON STREET CARLTON 3053 --> 0 records found - comparisons: b6307 n900 s900
603/18 LINCOLN SQUARE N CARLTON 3053 --> 0 records found - comparisons: b6314 n900 s900
501/223 BERKELEY STREET MELBOURNE 3000 --> 0 records found - comparisons: b6289 n900 s900
503/223 BERKELEY STREET MELBOURNE 3000 --> 0 records found - comparisons: b6311 n900 s900
504/223 BERKELEY STREET MELBOURNE 3000 --> 0 records found - comparisons: b6293 n900 s900
506/223 BERKELEY STREET MELBOURNE 3000 --> 0 records found - comparisons: b6275 n900 s900
508/223 BERKELEY STREET MELBOURNE 3000 --> 0 records found - comparisons: b6246 n900 s900
601/223 BERKELEY STREET MELBOURNE 3000 --> 0 records found - comparisons: b6321 n900 s900
604/223 BERKELEY STREET MELBOURNE 3000 --> 0 records found - comparisons: b6329 n900 s900
605/223 BERKELEY STREET MELBOURNE 3000 --> 0 records found - comparisons: b6320 n900 s900
606/223 BERKELEY STREET MELBOURNE 3000 --> 0 records found - comparisons: b6323 n900 s900
607/223 BERKELEY STREET MELBOURNE 3000 --> 0 records found - comparisons: b6325 n900 s900
608/223 BERKELEY STREET MELBOURNE 3000 --> 0 records found - comparisons: b6294 n900 s900
705/18 LINCOLN SQUARE N CARLTON 3053 --> 0 records found - comparisons: b6357 n900 s900
835-871 SWANSTON STREET PARKVILLE 3052 --> 0 records found - comparisons: b5077 n900 s900
247-253 BOUVERIE STREET CARLTON 3053 --> 0 records found - comparisons: b7070 n900 s900
8-14 MALVINA PLACE CARLTON 3053 --> 0 records found - comparisons: b5006 n900 s900
609/223 BERKELEY STREET MELBOURNE 3000 --> 0 records found - comparisons: b6279 n900 s900
703/223 BERKELEY STREET MELBOURNE 3000 --> 0 records found - comparisons: b6357 n900 s900
706/223 BERKELEY STREET MELBOURNE 3000 --> 0 records found - comparisons: b6355 n900 s900
707/223 BERKELEY STREET MELBOURNE 3000 --> 0 records found - comparisons: b6340 n900 s900
709/223 BERKELEY STREET MELBOURNE 3000 --> 0 records found - comparisons: b6313 n900 s900
710/223 BERKELEY STREET MELBOURNE 3000 --> 0 records found - comparisons: b6209 n900 s900
83 BARRY STREET CARLTON 3053 --> 0 records found - comparisons: b5077 n900 s900
792 ELIZABETH STREET MELBOURNE 3000 --> 0 records found - comparisons: b6004 n900 s900
5/201 GRATTAN STREET CARLTON 3053 --> 0 records found - comparisons: b5913 n900 s900
176-180 LEICESTER STREET CARLTON 3053 --> 0 records found - comparisons: b7926 n900 s900
119 ROYAL PARADE PARKVILLE 3052 --> 0 records found - comparisons: b8119 n900 s900
16S/151 BERKELEY STREET MELBOURNE 3000 --> 0 records found - comparisons: b7874 n900 s900
17S/151 BERKELEY STREET MELBOURNE 3000 --> 0 records found - comparisons: b7864 n900 s900
19S/151 BERKELEY STREET MELBOURNE 3000 --> 0 records found - comparisons: b7572 n900 s900
20S/151 BERKELEY STREET MELBOURNE 3000 --> 0 records found - comparisons: b7277 n900 s900
21S/151 BERKELEY STREET MELBOURNE 3000 --> 0 records found - comparisons: b7189 n900 s900
22S/151 BERKELEY STREET MELBOURNE 3000 --> 0 records found - comparisons: b7144 n900 s900
24S/151 BERKELEY STREET MELBOURNE 3000 --> 0 records found - comparisons: b7000 n900 s900
25S/151 BERKELEY STREET MELBOURNE 3000 --> 0 records found - comparisons: b6992 n900 s900
57-63 COLLEGE CRESCENT PARKVILLE 3052 --> 0 records found - comparisons: b5969 n900 s900
26S/151 BERKELEY STREET MELBOURNE 3000 --> 0 records found - comparisons: b6986 n900 s900
1207/151 BERKELEY STREET MELBOURNE 3000 --> 0 records found - comparisons: b8094 n900 s900
1301/151 BERKELEY STREET MELBOURNE 3000 --> 0 records found - comparisons: b7993 n900 s900
1302/151 BERKELEY STREET MELBOURNE 3000 --> 0 records found - comparisons: b7993 n900 s900
1303/151 BERKELEY STREET MELBOURNE 3000 --> 0 records found - comparisons: b7972 n900 s900
1304/151 BERKELEY STREET MELBOURNE 3000 --> 0 records found - comparisons: b7971 n900 s900
1306/151 BERKELEY STREET MELBOURNE 3000 --> 0 records found - comparisons: b7970 n900 s900
1103/151 BERKELEY STREET MELBOURNE 3000 --> 0 records found - comparisons: b8280 n900 s900
1104/151 BERKELEY STREET MELBOURNE 3000 --> 0 records found - comparisons: b8274 n900 s900
1105/151 BERKELEY STREET MELBOURNE 3000 --> 0 records found - comparisons: b8253 n900 s900
1106/151 BERKELEY STREET MELBOURNE 3000 --> 0 records found - comparisons: b8268 n900 s900
1108/151 BERKELEY STREET MELBOURNE 3000 --> 0 records found - comparisons: b8242 n900 s900
603/223 BERKELEY STREET MELBOURNE 3000 --> 0 records found - comparisons: b6308 n900 s900
609/151 BERKELEY STREET MELBOURNE 3000 --> 0 records found - comparisons: b6279 n900 s900
20/650 SWANSTON STREET CARLTON 3053 --> 0 records found - comparisons: b7401 n900 s900
313A/640 SWANSTON STREET CARLTON 3053 --> 0 records found - comparisons: b6819 n900 s900
140 BERKELEY STREET CARLTON 3053 --> 0 records found - comparisons: b7923 n900 s900
408B/640 SWANSTON STREET CARLTON 3053 --> 0 records found - comparisons: b6485 n900 s900
407/151 BERKELEY STREET MELBOURNE 3000 --> 0 records found - comparisons: b6551 n900 s900
409/151 BERKELEY STREET MELBOURNE 3000 --> 0 records found - comparisons: b6503 n900 s900
501/151 BERKELEY STREET MELBOURNE 3000 --> 0 records found - comparisons: b6295 n900 s900
502/151 BERKELEY STREET MELBOURNE 3000 --> 0 records found - comparisons: b6302 n900 s900
504/151 BERKELEY STREET MELBOURNE 3000 --> 0 records found - comparisons: b6299 n900 s900
505/151 BERKELEY STREET MELBOURNE 3000 --> 0 records found - comparisons: b6316 n900 s900
506/151 BERKELEY STREET MELBOURNE 3000 --> 0 records found - comparisons: b6275 n900 s900
507/151 BERKELEY STREET MELBOURNE 3000 --> 0 records found - comparisons: b6290 n900 s900
508/151 BERKELEY STREET MELBOURNE 3000 --> 0 records found - comparisons: b6246 n900 s900
509/151 BERKELEY STREET MELBOURNE 3000 --> 0 records found - comparisons: b6261 n900 s900
601/151 BERKELEY STREET MELBOURNE 3000 --> 0 records found - comparisons: b6327 n900 s900
602/151 BERKELEY STREET MELBOURNE 3000 --> 0 records found - comparisons: b6320 n900 s900
1307/151 BERKELEY STREET MELBOURNE 3000 --> 0 records found - comparisons: b7970 n900 s900
1308/151 BERKELEY STREET MELBOURNE 3000 --> 0 records found - comparisons: b7966 n900 s900
205 GRATTAN STREET CARLTON 3053 --> 0 records found - comparisons: b7567 n900 s900
1403/151 BERKELEY STREET MELBOURNE 3000 --> 0 records found - comparisons: b7932 n900 s900
1404/151 BERKELEY STREET MELBOURNE 3000 --> 0 records found - comparisons: b7930 n900 s900
1405/151 BERKELEY STREET MELBOURNE 3000 --> 0 records found - comparisons: b7930 n900 s900
1406/151 BERKELEY STREET MELBOURNE 3000 --> 0 records found - comparisons: b7931 n900 s900
1408/151 BERKELEY STREET MELBOURNE 3000 --> 0 records found - comparisons: b7926 n900 s900
1501/151 BERKELEY STREET MELBOURNE 3000 --> 0 records found - comparisons: b8040 n900 s900
1705/151 BERKELEY STREET MELBOURNE 3000 --> 0 records found - comparisons: b7981 n900 s900
1707/151 BERKELEY STREET MELBOURNE 3000 --> 0 records found - comparisons: b7982 n900 s900
1708/151 BERKELEY STREET MELBOURNE 3000 --> 0 records found - comparisons: b7976 n900 s900
1801/151 BERKELEY STREET MELBOURNE 3000 --> 0 records found - comparisons: b7672 n900 s900
696-708 ELIZABETH STREET MELBOURNE 3000 --> 0 records found - comparisons: b6001 n900 s900
1804/151 BERKELEY STREET MELBOURNE 3000 --> 0 records found - comparisons: b7676 n900 s900
1704/151 BERKELEY STREET MELBOURNE 3000 --> 0 records found - comparisons: b7981 n900 s900
308/223 BERKELEY STREET MELBOURNE 3000 --> 0 records found - comparisons: b7073 n900 s900
602/18 LINCOLN SQUARE N CARLTON 3053 --> 0 records found - comparisons: b6320 n900 s900
402/223 BERKELEY STREET MELBOURNE 3000 --> 0 records found - comparisons: b6557 n900 s900
604/18 LINCOLN SQUARE N CARLTON 3053 --> 0 records found - comparisons: b6335 n900 s900
605/18 LINCOLN SQUARE N CARLTON 3053 --> 0 records found - comparisons: b6326 n900 s900
702/151 BERKELEY STREET MELBOURNE 3000 --> 0 records found - comparisons: b6363 n900 s900
703/151 BERKELEY STREET MELBOURNE 3000 --> 0 records found - comparisons: b6363 n900 s900
704/151 BERKELEY STREET MELBOURNE 3000 --> 0 records found - comparisons: b6378 n900 s900
705/151 BERKELEY STREET MELBOURNE 3000 --> 0 records found - comparisons: b6357 n900 s900
707/151 BERKELEY STREET MELBOURNE 3000 --> 0 records found - comparisons: b6340 n900 s900
708/151 BERKELEY STREET MELBOURNE 3000 --> 0 records found - comparisons: b6328 n900 s900
709/151 BERKELEY STREET MELBOURNE 3000 --> 0 records found - comparisons: b6313 n900 s900
801/151 BERKELEY STREET MELBOURNE 3000 --> 0 records found - comparisons: b5299 n900 s900
803/151 BERKELEY STREET MELBOURNE 3000 --> 0 records found - comparisons: b5302 n900 s900
804/151 BERKELEY STREET MELBOURNE 3000 --> 0 records found - comparisons: b5295 n900 s900
805/151 BERKELEY STREET MELBOURNE 3000 --> 0 records found - comparisons: b5276 n900 s900
303B/640 SWANSTON STREET CARLTON 3053 --> 0 records found - comparisons: b7096 n900 s900
508B/640 SWANSTON STREET CARLTON 3053 --> 0 records found - comparisons: b6239 n900 s900
201B/640 SWANSTON STREET CARLTON 3053 --> 0 records found - comparisons: b7546 n900 s900
806/151 BERKELEY STREET MELBOURNE 3000 --> 0 records found - comparisons: b5277 n900 s900
808/151 BERKELEY STREET MELBOURNE 3000 --> 0 records found - comparisons: b5255 n900 s900
901/151 BERKELEY STREET MELBOURNE 3000 --> 0 records found - comparisons: b5396 n900 s900
507B/640 SWANSTON STREET CARLTON 3053 --> 0 records found - comparisons: b6270 n900 s900
506B/640 SWANSTON STREET CARLTON 3053 --> 0 records found - comparisons: b6268 n900 s900
501B/640 SWANSTON STREET CARLTON 3053 --> 0 records found - comparisons: b6269 n900 s900
608B/640 SWANSTON STREET CARLTON 3053 --> 0 records found - comparisons: b6274 n900 s900
606B/640 SWANSTON STREET CARLTON 3053 --> 0 records found - comparisons: b6303 n900 s900
605B/640 SWANSTON STREET CARLTON 3053 --> 0 records found - comparisons: b6295 n900 s900
602B/640 SWANSTON STREET CARLTON 3053 --> 0 records found - comparisons: b6300 n900 s900
3-4/230 GRATTAN STREET PARKVILLE 3052 --> 0 records found - comparisons: b6454 n900 s900
108/223 BERKELEY STREET MELBOURNE 3000 --> 0 records found - comparisons: b8503 n900 s900
403/223 BERKELEY STREET MELBOURNE 3000 --> 0 records found - comparisons: b6559 n900 s900
305B/640 SWANSTON STREET CARLTON 3053 --> 0 records found - comparisons: b7100 n900 s900
191-197 GRATTAN STREET CARLTON 3053 --> 0 records found - comparisons: b7606 n900 s900
702/223 BERKELEY STREET MELBOURNE 3000 --> 0 records found - comparisons: b6357 n900 s900
18S/151 BERKELEY STREET MELBOURNE 3000 --> 0 records found - comparisons: b7584 n900 s900
23S/151 BERKELEY STREET MELBOURNE 3000 --> 0 records found - comparisons: b7166 n900 s900
27S/151 BERKELEY STREET MELBOURNE 3000 --> 0 records found - comparisons: b6992 n900 s900
32S/151 BERKELEY STREET MELBOURNE 3000 --> 0 records found - comparisons: b6705 n900 s900
906/668 SWANSTON STREET CARLTON 3053 --> 0 records found - comparisons: b5375 n900 s900
40C/151 BERKELEY STREET MELBOURNE 3000 --> 0 records found - comparisons: b6318 n900 s900
41C/151 BERKELEY STREET MELBOURNE 3000 --> 0 records found - comparisons: b6248 n900 s900
196-198 PELHAM STREET CARLTON 3053 --> 0 records found - comparisons: b7614 n900 s900
201/668 SWANSTON STREET CARLTON 3053 --> 0 records found - comparisons: b7582 n900 s900
42C/151 BERKELEY STREET MELBOURNE 3000 --> 0 records found - comparisons: b6177 n900 s900
44C/151 BERKELEY STREET MELBOURNE 3000 --> 0 records found - comparisons: b6139 n900 s900
45C/151 BERKELEY STREET MELBOURNE 3000 --> 0 records found - comparisons: b6133 n900 s900
48C/151 BERKELEY STREET MELBOURNE 3000 --> 0 records found - comparisons: b6070 n900 s900
50C/151 BERKELEY STREET MELBOURNE 3000 --> 0 records found - comparisons: b6120 n900 s900
51C/151 BERKELEY STREET MELBOURNE 3000 --> 0 records found - comparisons: b6078 n900 s900
52C/151 BERKELEY STREET MELBOURNE 3000 --> 0 records found - comparisons: b6018 n900 s900
53C/151 BERKELEY STREET MELBOURNE 3000 --> 0 records found - comparisons: b6020 n900 s900
1S/151 BERKELEY STREET MELBOURNE 3000 --> 0 records found - comparisons: b6671 n900 s900
