18 PROFESSORS WALK PARKVILLE 3052 --> 1 records found - comparisons: b9288 n1067 s1067
783 SWANSTON STREET PARKVILLE 3052 --> 1 records found - comparisons: b7483 n1067 s1067
230 GRATTAN STREET PARKVILLE 3052 --> 20 records found - comparisons: b13500 n1067 s1067
28S/151 BERKELEY STREET MELBOURNE 3000 --> 1 records found - comparisons: b8358 n1067 s1067
44 PROFESSORS WALK PARKVILLE 3052 --> 4 records found - comparisons: b8343 n1067 s1067
170 GRATTAN STREET PARKVILLE 3052 --> 4 records found - comparisons: b10401 n1067 s1067
3/650 SWANSTON STREET CARLTON 3053 --> 1 records found - comparisons: b7872 n1067 s1067
6/650 SWANSTON STREET CARLTON 3053 --> 1 records found - comparisons: b7420 n1067 s1067
7/650 SWANSTON STREET CARLTON 3053 --> 1 records found - comparisons: b7410 n1067 s1067
48 ROYAL PARADE PARKVILLE 3052 --> 3 records found - comparisons: b7935 n1067 s1067
26/650 SWANSTON STREET CARLTON 3053 --> 1 records found - comparisons: b8491 n1067 s1067
644 SWANSTON STREET CARLTON 3053 --> 1 records found - comparisons: b7579 n1067 s1067
8/650 SWANSTON STREET CARLTON 3053 --> 1 records found - comparisons: b6213 n1067 s1067
30S/151 BERKELEY STREET MELBOURNE 3000 --> 1 records found - comparisons: b8321 n1067 s1067
31S/151 BERKELEY STREET MELBOURNE 3000 --> 1 records found - comparisons: b8227 n1067 s1067
33S/151 BERKELEY STREET MELBOURNE 3000 --> 1 records found - comparisons: b8155 n1067 s1067
34S/151 BERKELEY STREET MELBOURNE 3000 --> 1 records found - comparisons: b8072 n1067 s1067
650 SWANSTON STREET CARLTON 3053 --> 2 records found - comparisons: b7796 n1067 s1067
6/201 GRATTAN STREET CARLTON 3053 --> 1 records found - comparisons: b7422 n1067 s1067
1807/151 BERKELEY STREET MELBOURNE 3000 --> 1 records found - comparisons: b9379 n1067 s1067
1808/151 BERKELEY STREET MELBOURNE 3000 --> 1 records found - comparisons: b9371 n1067 s1067
1M/151 BERKELEY STREET MELBOURNE 3000 --> 1 records found - comparisons: b8151 n1067 s1067
3M/151 BERKELEY STREET MELBOURNE 3000 --> 1 records found - comparisons: b7665 n1067 s1067
1C/151 BERKELEY STREET MELBOURNE 3000 --> 1 records found - comparisons: b8151 n1067 s1067
3C/151 BERKELEY STREET MELBOURNE 3000 --> 1 records found - comparisons: b7665 n1067 s1067
4C/151 BERKELEY STREET MELBOURNE 3000 --> 1 records found - comparisons: b7252 n1067 s1067
6C/151 BERKELEY STREET MELBOURNE 3000 --> 1 records found - comparisons: b7247 n1067 s1067
7C/151 BERKELEY STREET MELBOURNE 3000 --> 1 records found - comparisons: b7241 n1067 s1067
8C/151 BERKELEY STREET MELBOURNE 3000 --> 1 records found - comparisons: b6081 n1067 s1067
9C/151 BERKELEY STREET MELBOURNE 3000 --> 1 records found - comparisons: b6071 n1067 s1067
10C/151 BERKELEY STREET MELBOURNE 3000 --> 1 records found - comparisons: b9858 n1067 s1067
11C/151 BERKELEY STREET MELBOURNE 3000 --> 1 records found - comparisons: b9758 n1067 s1067
12C/151 BERKELEY STREET MELBOURNE 3000 --> 1 records found - comparisons: b9629 n1067 s1067
13C/151 BERKELEY STREET MELBOURNE 3000 --> 1 records found - comparisons: b9623 n1067 s1067
14C/151 BERKELEY STREET MELBOURNE 3000 --> 1 records found - comparisons: b9565 n1067 s1067
604-640 SWANSTON STREET CARLTON 3053 --> 1 records found - comparisons: b8018 n1067 s1067
506A/640 SWANSTON STREET CARLTON 3053 --> 1 records found - comparisons: b7978 n1067 s1067
210A/640 SWANSTON STREET CARLTON 3053 --> 1 records found - comparisons: b8823 n1067 s1067
2/224 PELHAM STREET MELBOURNE 3000 --> 1 records found - comparisons: b8193 n1067 s1067
15C/151 BERKELEY STREET MELBOURNE 3000 --> 1 records found - comparisons: b9585 n1067 s1067
16C/151 BERKELEY STREET MELBOURNE 3000 --> 1 records found - comparisons: b9567 n1067 s1067
8S/151 BERKELEY STREET MELBOURNE 3000 --> 1 records found - comparisons: b6081 n1067 s1067
9S/151 BERKELEY STREET MELBOURNE 3000 --> 1 records found - comparisons: b6071 n1067 s1067
10S/151 BERKELEY STREET MELBOURNE 3000 --> 1 records found - comparisons: b9858 n1067 s1067
11S/151 BERKELEY STREET MELBOURNE 3000 --> 1 records found - comparisons: b9758 n1067 s1067
12S/151 BERKELEY STREET MELBOURNE 3000 --> 1 records found - comparisons: b9629 n1067 s1067
14S/151 BERKELEY STREET MELBOURNE 3000 --> 1 records found - comparisons: b9565 n1067 s1067
15S/151 BERKELEY STREET MELBOURNE 3000 --> 1 records found - comparisons: b9585 n1067 s1067
95-129 BARRY STREET CARLTON 3053 --> 1 records found - comparisons: b6229 n1067 s1067
139 BARRY STREET CARLTON 3053 --> 1 records found - comparisons: b9609 n1067 s1067
213-221 BERKELEY STREET MELBOURNE 3000 --> 1 records found - comparisons: b8863 n1067 s1067
214 BERKELEY STREET CARLTON 3053 --> 1 records found - comparisons: b8758 n1067 s1067
208-210 BERKELEY STREET CARLTON 3053 --> 1 records found - comparisons: b9036 n1067 s1067
1103/18 LINCOLN SQUARE N CARLTON 3053 --> 1 records found - comparisons: b10058 n1067 s1067
247-249 BOUVERIE STREET CARLTON 3053 --> 2 records found - comparisons: b8831 n1067 s1067
1203/18 LINCOLN SQUARE N CARLTON 3053 --> 1 records found - comparisons: b9808 n1067 s1067
30 ROYAL PARADE PARKVILLE 3052 --> 6 records found - comparisons: b9515 n1067 s1067
201/223 BERKELEY STREET MELBOURNE 3000 --> 1 records found - comparisons: b9154 n1067 s1067
1302/18 LINCOLN SQUARE N CARLTON 3053 --> 1 records found - comparisons: b9769 n1067 s1067
305/18 LINCOLN SQUARE N CARLTON 3053 --> 1 records found - comparisons: b8589 n1067 s1067
202-206 BERKELEY STREET CARLTON 3053 --> 1 records found - comparisons: b9118 n1067 s1067
604/151 BERKELEY STREET MELBOURNE 3000 --> 1 records found - comparisons: b8063 n1067 s1067
605/151 BERKELEY STREET MELBOURNE 3000 --> 1 records found - comparisons: b8058 n1067 s1067
606/151 BERKELEY STREET MELBOURNE 3000 --> 1 records found - comparisons: b8035 n1067 s1067
607/151 BERKELEY STREET MELBOURNE 3000 --> 1 records found - comparisons: b8035 n1067 s1067
608/151 BERKELEY STREET MELBOURNE 3000 --> 1 records found - comparisons: b7989 n1067 s1067
903A/640 SWANSTON STREET CARLTON 3053 --> 1 records found - comparisons: b6552 n1067 s1067
604A/640 SWANSTON STREET CARLTON 3053 --> 1 records found - comparisons: b8006 n1067 s1067
131-137 BARRY STREET CARLTON 3053 --> 1 records found - comparisons: b9657 n1067 s1067
601A/640 SWANSTON STREET CARLTON 3053 --> 1 records found - comparisons: b8003 n1067 s1067
206B/640 SWANSTON STREET CARLTON 3053 --> 1 records found - comparisons: b9109 n1067 s1067
303A/640 SWANSTON STREET CARLTON 3053 --> 1 records found - comparisons: b8556 n1067 s1067
205A/640 SWANSTON STREET CARLTON 3053 --> 1 records found - comparisons: b9114 n1067 s1067
213 BERKELEY STREET MELBOURNE 3000 --> 1 records found - comparisons: b8811 n1067 s1067
11 PROFESSORS WALK PARKVILLE 3052 --> 3 records found - comparisons: b10346 n1067 s1067
13/650 SWANSTON STREET CARLTON 3053 --> 1 records found - comparisons: b9631 n1067 s1067
400B/640 SWANSTON STREET CARLTON 3053 --> 1 records found - comparisons: b8036 n1067 s1067
16 WILSON AVENUE PARKVILLE 3052 --> 3 records found - comparisons: b10024 n1067 s1067
1110/640 SWANSTON STREET CARLTON 3053 --> 1 records found - comparisons: b9942 n1067 s1067
1082/640 SWANSTON STREET CARLTON 3053 --> 1 records found - comparisons: b10212 n1067 s1067
108A/640 SWANSTON STREET CARLTON 3053 --> 1 records found - comparisons: b10180 n1067 s1067
143-151 BARRY STREET CARLTON 3053 --> 1 records found - comparisons: b9596 n1067 s1067
1080/640 SWANSTON STREET CARLTON 3053 --> 1 records found - comparisons: b10212 n1067 s1067
4/133 ROYAL PARADE PARKVILLE 3052 --> 1 records found - comparisons: b7416 n1067 s1067
ROYAL PARADE PARKVILLE 3052 --> 1 records found - comparisons: b2364 n1067 s1067
22C/151 BERKELEY STREET MELBOURNE 3000 --> 1 records found - comparisons: b8678 n1067 s1067
49 COLLEGE CRESCENT PARKVILLE 3052 --> 1 records found - comparisons: b7503 n1067 s1067
156-180 BERKELEY STREET CARLTON 3053 --> 3 records found - comparisons: b10263 n1067 s1067
224 PELHAM STREET MELBOURNE 3000 --> 1 records found - comparisons: b8674 n1067 s1067
601B/640 SWANSTON STREET CARLTON 3053 --> 1 records found - comparisons: b8003 n1067 s1067
312/668 SWANSTON STREET CARLTON 3053 --> 1 records found - comparisons: b8254 n1067 s1067
1201/151 BERKELEY STREET MELBOURNE 3000 --> 1 records found - comparisons: b9822 n1067 s1067
1202/151 BERKELEY STREET MELBOURNE 3000 --> 1 records found - comparisons: b9824 n1067 s1067
1204/151 BERKELEY STREET MELBOURNE 3000 --> 1 records found - comparisons: b9822 n1067 s1067
1205/151 BERKELEY STREET MELBOURNE 3000 --> 1 records found - comparisons: b9801 n1067 s1067
17C/151 BERKELEY STREET MELBOURNE 3000 --> 1 records found - comparisons: b9567 n1067 s1067
18C/151 BERKELEY STREET MELBOURNE 3000 --> 1 records found - comparisons: b9255 n1067 s1067
602/223 BERKELEY STREET MELBOURNE 3000 --> 1 records found - comparisons: b8049 n1067 s1067
701/223 BERKELEY STREET MELBOURNE 3000 --> 1 records found - comparisons: b8002 n1067 s1067
19C/151 BERKELEY STREET MELBOURNE 3000 --> 1 records found - comparisons: b9237 n1067 s1067
20C/151 BERKELEY STREET MELBOURNE 3000 --> 1 records found - comparisons: b8828 n1067 s1067
21C/151 BERKELEY STREET MELBOURNE 3000 --> 1 records found - comparisons: b8736 n1067 s1067
G4-G5/230 GRATTAN STREET PARKVILLE 3052 --> 1 records found - comparisons: b2466 n1067 s1067
25C/151 BERKELEY STREET MELBOURNE 3000 --> 1 records found - comparisons: b8519 n1067 s1067
209/223 BERKELEY STREET MELBOURNE 3000 --> 1 records found - comparisons: b9051 n1067 s1067
206/223 BERKELEY STREET MELBOURNE 3000 --> 1 records found - comparisons: b9150 n1067 s1067
107/151 BERKELEY STREET MELBOURNE 3000 --> 1 records found - comparisons: b10291 n1067 s1067
912/668 SWANSTON STREET CARLTON 3053 --> 1 records found - comparisons: b6430 n1067 s1067
780-782 ELIZABETH STREET MELBOURNE 3000 --> 2 records found - comparisons: b7820 n1067 s1067
203/668 SWANSTON STREET CARLTON 3053 --> 1 records found - comparisons: b9140 n1067 s1067
23/650 SWANSTON STREET CARLTON 3053 --> 1 records found - comparisons: b8726 n1067 s1067
BERKELEY STREET MELBOURNE 3000 --> 1 records found - comparisons: b2393 n1067 s1067
301B/640 SWANSTON STREET CARLTON 3053 --> 1 records found - comparisons: b8551 n1067 s1067
206A/640 SWANSTON STREET CARLTON 3053 --> 1 records found - comparisons: b9109 n1067 s1067
505/668 SWANSTON STREET CARLTON 3053 --> 1 records found - comparisons: b8001 n1067 s1067
201 GRATTAN STREET CARLTON 3053 --> 1 records found - comparisons: b9069 n1067 s1067
108/151 BERKELEY STREET MELBOURNE 3000 --> 1 records found - comparisons: b10215 n1067 s1067
690 ELIZABETH STREET MELBOURNE 3000 --> 1 records found - comparisons: b7498 n1067 s1067
201/151 BERKELEY STREET MELBOURNE 3000 --> 1 records found - comparisons: b9160 n1067 s1067
909A/640 SWANSTON STREET CARLTON 3053 --> 1 records found - comparisons: b6517 n1067 s1067
802A/640 SWANSTON STREET CARLTON 3053 --> 1 records found - comparisons: b6545 n1067 s1067
202/151 BERKELEY STREET MELBOURNE 3000 --> 1 records found - comparisons: b9163 n1067 s1067
311A/640 SWANSTON STREET CARLTON 3053 --> 1 records found - comparisons: b8264 n1067 s1067
202/668 SWANSTON STREET CARLTON 3053 --> 1 records found - comparisons: b9139 n1067 s1067
411/668 SWANSTON STREET CARLTON 3053 --> 1 records found - comparisons: b7774 n1067 s1067
504/668 SWANSTON STREET CARLTON 3053 --> 1 records found - comparisons: b7999 n1067 s1067
601/668 SWANSTON STREET CARLTON 3053 --> 1 records found - comparisons: b8026 n1067 s1067
920/668 SWANSTON STREET CARLTON 3053 --> 1 records found - comparisons: b6340 n1067 s1067
611/668 SWANSTON STREET CARLTON 3053 --> 1 records found - comparisons: b7719 n1067 s1067
907A/640 SWANSTON STREET CARLTON 3053 --> 1 records found - comparisons: b6547 n1067 s1067
603B/640 SWANSTON STREET CARLTON 3053 --> 1 records found - comparisons: b8008 n1067 s1067
403B/640 SWANSTON STREET CARLTON 3053 --> 1 records found - comparisons: b8056 n1067 s1067
905A/640 SWANSTON STREET CARLTON 3053 --> 1 records found - comparisons: b6547 n1067 s1067
306A/640 SWANSTON STREET CARLTON 3053 --> 1 records found - comparisons: b8558 n1067 s1067
185 PELHAM STREET CARLTON 3053 --> 2 records found - comparisons: b9483 n1067 s1067
709/668 SWANSTON STREET CARLTON 3053 --> 1 records found - comparisons: b7916 n1067 s1067
18/650 SWANSTON STREET CARLTON 3053 --> 1 records found - comparisons: b9276 n1067 s1067
23C/151 BERKELEY STREET MELBOURNE 3000 --> 1 records found - comparisons: b8702 n1067 s1067
308/151 BERKELEY STREET MELBOURNE 3000 --> 1 records found - comparisons: b8537 n1067 s1067
26C/151 BERKELEY STREET MELBOURNE 3000 --> 1 records found - comparisons: b8515 n1067 s1067
408/151 BERKELEY STREET MELBOURNE 3000 --> 1 records found - comparisons: b8037 n1067 s1067
208A/640 SWANSTON STREET CARLTON 3053 --> 1 records found - comparisons: b9039 n1067 s1067
706/151 BERKELEY STREET MELBOURNE 3000 --> 1 records found - comparisons: b7971 n1067 s1067
807/151 BERKELEY STREET MELBOURNE 3000 --> 1 records found - comparisons: b6560 n1067 s1067
904/151 BERKELEY STREET MELBOURNE 3000 --> 1 records found - comparisons: b6586 n1067 s1067
27C/151 BERKELEY STREET MELBOURNE 3000 --> 1 records found - comparisons: b8521 n1067 s1067
LYGON STREET CARLTON NORTH 3054 --> 1 records found - comparisons: b2399 n1067 s1067
28C/151 BERKELEY STREET MELBOURNE 3000 --> 1 records found - comparisons: b8358 n1067 s1067
30C/151 BERKELEY STREET MELBOURNE 3000 --> 1 records found - comparisons: b8321 n1067 s1067
676 SWANSTON STREET CARLTON 3053 --> 1 records found - comparisons: b7584 n1067 s1067
1104/18 LINCOLN SQUARE N CARLTON 3053 --> 1 records found - comparisons: b10053 n1067 s1067
1201/18 LINCOLN SQUARE N CARLTON 3053 --> 1 records found - comparisons: b9806 n1067 s1067
31C/151 BERKELEY STREET MELBOURNE 3000 --> 1 records found - comparisons: b8227 n1067 s1067
1202/18 LINCOLN SQUARE N CARLTON 3053 --> 1 records found - comparisons: b9808 n1067 s1067
111A/640 SWANSTON STREET CARLTON 3053 --> 1 records found - comparisons: b9931 n1067 s1067
110A/640 SWANSTON STREET CARLTON 3053 --> 1 records found - comparisons: b9961 n1067 s1067
106A/640 SWANSTON STREET CARLTON 3053 --> 1 records found - comparisons: b10236 n1067 s1067
105A/640 SWANSTON STREET CARLTON 3053 --> 1 records found - comparisons: b10227 n1067 s1067
104A/640 SWANSTON STREET CARLTON 3053 --> 1 records found - comparisons: b10220 n1067 s1067
101A/640 SWANSTON STREET CARLTON 3053 --> 1 records found - comparisons: b10272 n1067 s1067
1012A/640 SWANSTON STREET CARLTON 3053 --> 1 records found - comparisons: b10291 n1067 s1067
1010A/640 SWANSTON STREET CARLTON 3053 --> 1 records found - comparisons: b10292 n1067 s1067
1009A/640 SWANSTON STREET CARLTON 3053 --> 1 records found - comparisons: b10375 n1067 s1067
1007A/640 SWANSTON STREET CARLTON 3053 --> 1 records found - comparisons: b10398 n1067 s1067
705/223 BERKELEY STREET MELBOURNE 3000 --> 1 records found - comparisons: b7988 n1067 s1067
708/223 BERKELEY STREET MELBOURNE 3000 --> 1 records found - comparisons: b7933 n1067 s1067
309/668 SWANSTON STREET CARLTON 3053 --> 1 records found - comparisons: b8518 n1067 s1067
206/18 LINCOLN SQUARE N CARLTON 3053 --> 1 records found - comparisons: b9140 n1067 s1067
303/18 LINCOLN SQUARE N CARLTON 3053 --> 1 records found - comparisons: b8587 n1067 s1067
308B/640 SWANSTON STREET CARLTON 3053 --> 1 records found - comparisons: b8509 n1067 s1067
404/18 LINCOLN SQUARE N CARLTON 3053 --> 1 records found - comparisons: b8087 n1067 s1067
406/18 LINCOLN SQUARE N CARLTON 3053 --> 1 records found - comparisons: b8089 n1067 s1067
503/18 LINCOLN SQUARE N CARLTON 3053 --> 1 records found - comparisons: b8007 n1067 s1067
305/151 BERKELEY STREET MELBOURNE 3000 --> 1 records found - comparisons: b8605 n1067 s1067
306/151 BERKELEY STREET MELBOURNE 3000 --> 1 records found - comparisons: b8605 n1067 s1067
771 SWANSTON STREET PARKVILLE 3052 --> 1 records found - comparisons: b7534 n1067 s1067
720 SWANSTON STREET CARLTON 3053 --> 4 records found - comparisons: b8344 n1067 s1067
24 WILSON AVENUE PARKVILLE 3052 --> 1 records found - comparisons: b8484 n1067 s1067
270 GRATTAN STREET PARKVILLE 3052 --> 1 records found - comparisons: b8477 n1067 s1067
165 BERKELEY STREET MELBOURNE 3000 --> 1 records found - comparisons: b9628 n1067 s1067
307/151 BERKELEY STREET MELBOURNE 3000 --> 1 records found - comparisons: b8584 n1067 s1067
9/650 SWANSTON STREET CARLTON 3053 --> 1 records found - comparisons: b6170 n1067 s1067
309/151 BERKELEY STREET MELBOURNE 3000 --> 1 records found - comparisons: b8535 n1067 s1067
401/151 BERKELEY STREET MELBOURNE 3000 --> 1 records found - comparisons: b8098 n1067 s1067
402/151 BERKELEY STREET MELBOURNE 3000 --> 1 records found - comparisons: b8103 n1067 s1067
404/151 BERKELEY STREET MELBOURNE 3000 --> 1 records found - comparisons: b8103 n1067 s1067
405/151 BERKELEY STREET MELBOURNE 3000 --> 1 records found - comparisons: b8105 n1067 s1067
406/151 BERKELEY STREET MELBOURNE 3000 --> 1 records found - comparisons: b8105 n1067 s1067
606/668 SWANSTON STREET CARLTON 3053 --> 1 records found - comparisons: b8018 n1067 s1067
607/668 SWANSTON STREET CARLTON 3053 --> 1 records found - comparisons: b8018 n1067 s1067
609/668 SWANSTON STREET CARLTON 3053 --> 1 records found - comparisons: b7970 n1067 s1067
610/668 SWANSTON STREET CARLTON 3053 --> 1 records found - comparisons: b7733 n1067 s1067
612/668 SWANSTON STREET CARLTON 3053 --> 1 records found - comparisons: b7716 n1067 s1067
705/668 SWANSTON STREET CARLTON 3053 --> 1 records found - comparisons: b7970 n1067 s1067
707/668 SWANSTON STREET CARLTON 3053 --> 1 records found - comparisons: b7954 n1067 s1067
200B/640 SWANSTON STREET CARLTON 3053 --> 1 records found - comparisons: b9091 n1067 s1067
36C/151 BERKELEY STREET MELBOURNE 3000 --> 1 records found - comparisons: b8061 n1067 s1067
37C/151 BERKELEY STREET MELBOURNE 3000 --> 1 records found - comparisons: b8061 n1067 s1067
39C/151 BERKELEY STREET MELBOURNE 3000 --> 1 records found - comparisons: b7973 n1067 s1067
7 UNION ROAD PARKVILLE 3052 --> 1 records found - comparisons: b7345 n1067 s1067
4 WILSON AVENUE PARKVILLE 3052 --> 1 records found - comparisons: b7373 n1067 s1067
23 PROFESSORS WALK PARKVILLE 3052 --> 1 records found - comparisons: b8717 n1067 s1067
6/135 ROYAL PARADE PARKVILLE 3052 --> 1 records found - comparisons: b7414 n1067 s1067
101B/640 SWANSTON STREET CARLTON 3053 --> 1 records found - comparisons: b10272 n1067 s1067
3/201 GRATTAN STREET CARLTON 3053 --> 1 records found - comparisons: b7863 n1067 s1067
13 WILSON AVENUE PARKVILLE 3052 --> 1 records found - comparisons: b9608 n1067 s1067
1206/151 BERKELEY STREET MELBOURNE 3000 --> 1 records found - comparisons: b9800 n1067 s1067
305/668 SWANSTON STREET CARLTON 3053 --> 1 records found - comparisons: b8581 n1067 s1067
35 WILSON AVENUE PARKVILLE 3052 --> 1 records found - comparisons: b8029 n1067 s1067
35 MASSON ROAD PARKVILLE 3052 --> 1 records found - comparisons: b8013 n1067 s1067
31 MASSON ROAD PARKVILLE 3052 --> 1 records found - comparisons: b8171 n1067 s1067
23 MASSON ROAD PARKVILLE 3052 --> 1 records found - comparisons: b8685 n1067 s1067
8 SPENCER ROAD PARKVILLE 3052 --> 1 records found - comparisons: b6235 n1067 s1067
17 SPENCER ROAD PARKVILLE 3052 --> 1 records found - comparisons: b9552 n1067 s1067
20 UNION ROAD PARKVILLE 3052 --> 1 records found - comparisons: b8892 n1067 s1067
47 PROFESSORS WALK PARKVILLE 3052 --> 1 records found - comparisons: b7573 n1067 s1067
56 ROYAL PARADE PARKVILLE 3052 --> 1 records found - comparisons: b7456 n1067 s1067
33 MEDICAL ROAD PARKVILLE 3052 --> 1 records found - comparisons: b8130 n1067 s1067
38 ROYAL PARADE PARKVILLE 3052 --> 1 records found - comparisons: b7909 n1067 s1067
25 MEDICAL ROAD PARKVILLE 3052 --> 1 records found - comparisons: b8456 n1067 s1067
6 MEDICAL ROAD PARKVILLE 3052 --> 1 records found - comparisons: b7353 n1067 s1067
66 TIN ALLEY PARKVILLE 3052 --> 1 records found - comparisons: b7519 n1067 s1067
155 BARRY STREET CARLTON 3053 --> 1 records found - comparisons: b9617 n1067 s1067
213A/640 SWANSTON STREET CARLTON 3053 --> 1 records found - comparisons: b8826 n1067 s1067
153 BARRY STREET CARLTON 3053 --> 1 records found - comparisons: b9625 n1067 s1067
701-713 SWANSTON STREET CARLTON 3053 --> 2 records found - comparisons: b8228 n1067 s1067
1203/151 BERKELEY STREET MELBOURNE 3000 --> 1 records found - comparisons: b9824 n1067 s1067
1208/151 BERKELEY STREET MELBOURNE 3000 --> 1 records found - comparisons: b9785 n1067 s1067
1305/151 BERKELEY STREET MELBOURNE 3000 --> 1 records found - comparisons: b9762 n1067 s1067
1402/151 BERKELEY STREET MELBOURNE 3000 --> 1 records found - comparisons: b9702 n1067 s1067
1407/151 BERKELEY STREET MELBOURNE 3000 --> 1 records found - comparisons: b9703 n1067 s1067
1702/151 BERKELEY STREET MELBOURNE 3000 --> 1 records found - comparisons: b9733 n1067 s1067
199-203 GRATTAN STREET CARLTON 3053 --> 2 records found - comparisons: b9517 n1067 s1067
10/650 SWANSTON STREET CARLTON 3053 --> 1 records found - comparisons: b10008 n1067 s1067
203/151 BERKELEY STREET MELBOURNE 3000 --> 1 records found - comparisons: b9164 n1067 s1067
204/151 BERKELEY STREET MELBOURNE 3000 --> 1 records found - comparisons: b9159 n1067 s1067
205/151 BERKELEY STREET MELBOURNE 3000 --> 1 records found - comparisons: b9169 n1067 s1067
810A/640 SWANSTON STREET CARLTON 3053 --> 1 records found - comparisons: b6398 n1067 s1067
209A/640 SWANSTON STREET CARLTON 3053 --> 1 records found - comparisons: b9030 n1067 s1067
200 LEICESTER STREET CARLTON 3053 --> 1 records found - comparisons: b9059 n1067 s1067
103A/640 SWANSTON STREET CARLTON 3053 --> 1 records found - comparisons: b10245 n1067 s1067
203B/640 SWANSTON STREET CARLTON 3053 --> 1 records found - comparisons: b9113 n1067 s1067
1001A/640 SWANSTON STREET CARLTON 3053 --> 1 records found - comparisons: b10402 n1067 s1067
206/151 BERKELEY STREET MELBOURNE 3000 --> 1 records found - comparisons: b9156 n1067 s1067
208/151 BERKELEY STREET MELBOURNE 3000 --> 1 records found - comparisons: b9060 n1067 s1067
209/151 BERKELEY STREET MELBOURNE 3000 --> 1 records found - comparisons: b9051 n1067 s1067
301/151 BERKELEY STREET MELBOURNE 3000 --> 1 records found - comparisons: b8598 n1067 s1067
302/151 BERKELEY STREET MELBOURNE 3000 --> 1 records found - comparisons: b8603 n1067 s1067
304/151 BERKELEY STREET MELBOURNE 3000 --> 1 records found - comparisons: b8603 n1067 s1067
503/151 BERKELEY STREET MELBOURNE 3000 --> 1 records found - comparisons: b8023 n1067 s1067
603/151 BERKELEY STREET MELBOURNE 3000 --> 1 records found - comparisons: b8055 n1067 s1067
35/230 GRATTAN STREET PARKVILLE 3052 --> 1 records found - comparisons: b8062 n1067 s1067
6/230 GRATTAN STREET PARKVILLE 3052 --> 1 records found - comparisons: b7438 n1067 s1067
45/230 GRATTAN STREET PARKVILLE 3052 --> 1 records found - comparisons: b7599 n1067 s1067
33/230 GRATTAN STREET PARKVILLE 3052 --> 1 records found - comparisons: b8146 n1067 s1067
5/230 GRATTAN STREET PARKVILLE 3052 --> 1 records found - comparisons: b7394 n1067 s1067
1/230 GRATTAN STREET PARKVILLE 3052 --> 1 records found - comparisons: b8875 n1067 s1067
183-195 BOUVERIE STREET CARLTON 3053 --> 1 records found - comparisons: b9376 n1067 s1067
42/230 GRATTAN STREET PARKVILLE 3052 --> 1 records found - comparisons: b7650 n1067 s1067
644-658 SWANSTON STREET CARLTON 3053 --> 1 records found - comparisons: b7611 n1067 s1067
704/223 BERKELEY STREET MELBOURNE 3000 --> 1 records found - comparisons: b7988 n1067 s1067
39/230 GRATTAN STREET PARKVILLE 3052 --> 1 records found - comparisons: b7957 n1067 s1067
7/230 GRATTAN STREET PARKVILLE 3052 --> 1 records found - comparisons: b7428 n1067 s1067
8/230 GRATTAN STREET PARKVILLE 3052 --> 1 records found - comparisons: b6231 n1067 s1067
12/230 GRATTAN STREET PARKVILLE 3052 --> 1 records found - comparisons: b9659 n1067 s1067
34/230 GRATTAN STREET PARKVILLE 3052 --> 1 records found - comparisons: b8054 n1067 s1067
204/668 SWANSTON STREET CARLTON 3053 --> 1 records found - comparisons: b9135 n1067 s1067
801/668 SWANSTON STREET CARLTON 3053 --> 1 records found - comparisons: b6558 n1067 s1067
2B/230 GRATTAN STREET PARKVILLE 3052 --> 1 records found - comparisons: b7812 n1067 s1067
67/230 GRATTAN STREET PARKVILLE 3052 --> 1 records found - comparisons: b7607 n1067 s1067
75/230 GRATTAN STREET PARKVILLE 3052 --> 1 records found - comparisons: b7560 n1067 s1067
2/133 ROYAL PARADE PARKVILLE 3052 --> 1 records found - comparisons: b8191 n1067 s1067
68/230 GRATTAN STREET PARKVILLE 3052 --> 1 records found - comparisons: b7500 n1067 s1067
50/230 GRATTAN STREET PARKVILLE 3052 --> 1 records found - comparisons: b7835 n1067 s1067
51/230 GRATTAN STREET PARKVILLE 3052 --> 1 records found - comparisons: b7676 n1067 s1067
52/230 GRATTAN STREET PARKVILLE 3052 --> 1 records found - comparisons: b7576 n1067 s1067
53/230 GRATTAN STREET PARKVILLE 3052 --> 1 records found - comparisons: b7581 n1067 s1067
9/230 GRATTAN STREET PARKVILLE 3052 --> 1 records found - comparisons: b6187 n1067 s1067
309A/640 SWANSTON STREET CARLTON 3053 --> 1 records found - comparisons: b8502 n1067 s1067
2A/230 GRATTAN STREET PARKVILLE 3052 --> 1 records found - comparisons: b7812 n1067 s1067
69/230 GRATTAN STREET PARKVILLE 3052 --> 1 records found - comparisons: b7504 n1067 s1067
919/668 SWANSTON STREET CARLTON 3053 --> 1 records found - comparisons: b6413 n1067 s1067
40/230 GRATTAN STREET PARKVILLE 3052 --> 1 records found - comparisons: b7916 n1067 s1067
505/223 BERKELEY STREET MELBOURNE 3000 --> 1 records found - comparisons: b8019 n1067 s1067
103/223 BERKELEY STREET MELBOURNE 3000 --> 1 records found - comparisons: b10274 n1067 s1067
165 GRATTAN STREET CARLTON 3053 --> 1 records found - comparisons: b9604 n1067 s1067
139 ROYAL PARADE PARKVILLE 3052 --> 1 records found - comparisons: b9625 n1067 s1067
179 GRATTAN STREET CARLTON 3053 --> 1 records found - comparisons: b9577 n1067 s1067
601/18 LINCOLN SQUARE N CARLTON 3053 --> 1 records found - comparisons: b8034 n1067 s1067
505/18 LINCOLN SQUARE N CARLTON 3053 --> 1 records found - comparisons: b8009 n1067 s1067
ELIZABETH STREET MELBOURNE 3000 --> 1 records found - comparisons: b2402 n1067 s1067
815 SWANSTON STREET PARKVILLE 3052 --> 3 records found - comparisons: b6883 n1067 s1067
222-224 PELHAM STREET MELBOURNE 3000 --> 1 records found - comparisons: b8706 n1067 s1067
678 SWANSTON STREET CARLTON 3053 --> 1 records found - comparisons: b7580 n1067 s1067
141 BARRY STREET CARLTON 3053 --> 1 records found - comparisons: b9586 n1067 s1067
1/743-751 SWANSTON STREET CARLTON 3053 --> 1 records found - comparisons: b8886 n1067 s1067
14 KERNOT ROAD PARKVILLE 3052 --> 3 records found - comparisons: b9968 n1067 s1067
7 SPENCER ROAD PARKVILLE 3052 --> 2 records found - comparisons: b7579 n1067 s1067
5C/151 BERKELEY STREET MELBOURNE 3000 --> 1 records found - comparisons: b7224 n1067 s1067
24C/151 BERKELEY STREET MELBOURNE 3000 --> 1 records found - comparisons: b8529 n1067 s1067
15/650 SWANSTON STREET CARLTON 3053 --> 1 records found - comparisons: b9621 n1067 s1067
8/201 GRATTAN STREET CARLTON 3053 --> 1 records found - comparisons: b6215 n1067 s1067
18 SPENCER ROAD PARKVILLE 3052 --> 3 records found - comparisons: b9698 n1067 s1067
199 GRATTAN STREET CARLTON 3053 --> 1 records found - comparisons: b9226 n1067 s1067
202A/640 SWANSTON STREET CARLTON 3053 --> 1 records found - comparisons: b9111 n1067 s1067
201A/640 SWANSTON STREET CARLTON 3053 --> 1 records found - comparisons: b9108 n1067 s1067
1706/151 BERKELEY STREET MELBOURNE 3000 --> 1 records found - comparisons: b9734 n1067 s1067
1805/151 BERKELEY STREET MELBOURNE 3000 --> 1 records found - comparisons: b9379 n1067 s1067
2M/151 BERKELEY STREET MELBOURNE 3000 --> 1 records found - comparisons: b7818 n1067 s1067
805/668 SWANSTON STREET CARLTON 3053 --> 1 records found - comparisons: b6544 n1067 s1067
802/151 BERKELEY STREET MELBOURNE 3000 --> 1 records found - comparisons: b6584 n1067 s1067
18-20 LINCOLN SQUARE N CARLTON 3053 --> 1 records found - comparisons: b9276 n1067 s1067
303/151 BERKELEY STREET MELBOURNE 3000 --> 1 records found - comparisons: b8603 n1067 s1067
163 GRATTAN STREET CARLTON 3053 --> 1 records found - comparisons: b9592 n1067 s1067
672 SWANSTON STREET CARLTON 3053 --> 3 records found - comparisons: b8069 n1067 s1067
205/668 SWANSTON STREET CARLTON 3053 --> 1 records found - comparisons: b9145 n1067 s1067
301/668 SWANSTON STREET CARLTON 3053 --> 1 records found - comparisons: b8574 n1067 s1067
302/668 SWANSTON STREET CARLTON 3053 --> 1 records found - comparisons: b8579 n1067 s1067
303/668 SWANSTON STREET CARLTON 3053 --> 1 records found - comparisons: b8579 n1067 s1067
922/668 SWANSTON STREET CARLTON 3053 --> 1 records found - comparisons: b6340 n1067 s1067
402B/640 SWANSTON STREET CARLTON 3053 --> 1 records found - comparisons: b8056 n1067 s1067
403/151 BERKELEY STREET MELBOURNE 3000 --> 1 records found - comparisons: b8103 n1067 s1067
502B/640 SWANSTON STREET CARLTON 3053 --> 1 records found - comparisons: b7976 n1067 s1067
307/223 BERKELEY STREET MELBOURNE 3000 --> 1 records found - comparisons: b8584 n1067 s1067
701/151 BERKELEY STREET MELBOURNE 3000 --> 1 records found - comparisons: b8008 n1067 s1067
101/151 BERKELEY STREET MELBOURNE 3000 --> 1 records found - comparisons: b10313 n1067 s1067
102/151 BERKELEY STREET MELBOURNE 3000 --> 1 records found - comparisons: b10284 n1067 s1067
103/151 BERKELEY STREET MELBOURNE 3000 --> 1 records found - comparisons: b10280 n1067 s1067
104/151 BERKELEY STREET MELBOURNE 3000 --> 1 records found - comparisons: b10260 n1067 s1067
105/151 BERKELEY STREET MELBOURNE 3000 --> 1 records found - comparisons: b10262 n1067 s1067
106/151 BERKELEY STREET MELBOURNE 3000 --> 1 records found - comparisons: b10271 n1067 s1067
1107/151 BERKELEY STREET MELBOURNE 3000 --> 1 records found - comparisons: b10048 n1067 s1067
1096/640 SWANSTON STREET CARLTON 3053 --> 1 records found - comparisons: b10200 n1067 s1067
1075/640 SWANSTON STREET CARLTON 3053 --> 1 records found - comparisons: b10281 n1067 s1067
29C/151 BERKELEY STREET MELBOURNE 3000 --> 1 records found - comparisons: b8370 n1067 s1067
33C/151 BERKELEY STREET MELBOURNE 3000 --> 1 records found - comparisons: b8155 n1067 s1067
38C/151 BERKELEY STREET MELBOURNE 3000 --> 1 records found - comparisons: b7973 n1067 s1067
43C/151 BERKELEY STREET MELBOURNE 3000 --> 1 records found - comparisons: b7664 n1067 s1067
304/223 BERKELEY STREET MELBOURNE 3000 --> 1 records found - comparisons: b8597 n1067 s1067
205-211 GRATTAN STREET CARLTON 3053 --> 1 records found - comparisons: b9116 n1067 s1067
8 MONASH ROAD PARKVILLE 3052 --> 2 records found - comparisons: b6427 n1067 s1067
49C/151 BERKELEY STREET MELBOURNE 3000 --> 1 records found - comparisons: b7535 n1067 s1067
13S/151 BERKELEY STREET MELBOURNE 3000 --> 1 records found - comparisons: b9623 n1067 s1067
1/224 PELHAM STREET MELBOURNE 3000 --> 1 records found - comparisons: b8873 n1067 s1067
1/650 SWANSTON STREET CARLTON 3053 --> 1 records found - comparisons: b8848 n1067 s1067
409A/640 SWANSTON STREET CARLTON 3053 --> 1 records found - comparisons: b8002 n1067 s1067
408/223 BERKELEY STREET MELBOURNE 3000 --> 1 records found - comparisons: b8037 n1067 s1067
112A/640 SWANSTON STREET CARLTON 3053 --> 1 records found - comparisons: b9908 n1067 s1067
196 PELHAM STREET CARLTON 3053 --> 1 records found - comparisons: b9219 n1067 s1067
15 MONASH ROAD PARKVILLE 3052 --> 6 records found - comparisons: b10668 n1067 s1067
1806/151 BERKELEY STREET MELBOURNE 3000 --> 1 records found - comparisons: b9379 n1067 s1067
100A/640 SWANSTON STREET CARLTON 3053 --> 1 records found - comparisons: b10304 n1067 s1067
11 MONASH ROAD PARKVILLE 3052 --> 6 records found - comparisons: b10886 n1067 s1067
8 PORTERS LANE PARKVILLE 3052 --> 7 records found - comparisons: b7537 n1067 s1067
2 PORTERS LANE PARKVILLE 3052 --> 5 records found - comparisons: b9034 n1067 s1067
709A/640 SWANSTON STREET CARLTON 3053 --> 1 records found - comparisons: b7900 n1067 s1067
203A/640 SWANSTON STREET CARLTON 3053 --> 1 records found - comparisons: b9113 n1067 s1067
212 BERKELEY STREET CARLTON 3053 --> 3 records found - comparisons: b9260 n1067 s1067
17/650 SWANSTON STREET CARLTON 3053 --> 1 records found - comparisons: b9585 n1067 s1067
40 COLLEGE CRESCENT PARKVILLE 3052 --> 1 records found - comparisons: b7900 n1067 s1067
910A/640 SWANSTON STREET CARLTON 3053 --> 1 records found - comparisons: b6439 n1067 s1067
12/650 SWANSTON STREET CARLTON 3053 --> 1 records found - comparisons: b9651 n1067 s1067
406B/640 SWANSTON STREET CARLTON 3053 --> 1 records found - comparisons: b8058 n1067 s1067
19/650 SWANSTON STREET CARLTON 3053 --> 1 records found - comparisons: b9236 n1067 s1067
202B/640 SWANSTON STREET CARLTON 3053 --> 1 records found - comparisons: b9111 n1067 s1067
29-55 COLLEGE CRESCENT PARKVILLE 3052 --> 1 records found - comparisons: b8372 n1067 s1067
226 PELHAM STREET MELBOURNE 3000 --> 3 records found - comparisons: b9155 n1067 s1067
20 LINCOLN SQUARE N CARLTON 3053 --> 1 records found - comparisons: b8928 n1067 s1067
101/18 LINCOLN SQUARE N CARLTON 3053 --> 1 records found - comparisons: b10297 n1067 s1067
103/18 LINCOLN SQUARE N CARLTON 3053 --> 1 records found - comparisons: b10264 n1067 s1067
104/18 LINCOLN SQUARE N CARLTON 3053 --> 1 records found - comparisons: b10244 n1067 s1067
106/18 LINCOLN SQUARE N CARLTON 3053 --> 1 records found - comparisons: b10255 n1067 s1067
201/18 LINCOLN SQUARE N CARLTON 3053 --> 1 records found - comparisons: b9144 n1067 s1067
304/668 SWANSTON STREET CARLTON 3053 --> 1 records found - comparisons: b8579 n1067 s1067
307/668 SWANSTON STREET CARLTON 3053 --> 1 records found - comparisons: b8567 n1067 s1067
310/668 SWANSTON STREET CARLTON 3053 --> 1 records found - comparisons: b8270 n1067 s1067
402/668 SWANSTON STREET CARLTON 3053 --> 1 records found - comparisons: b8079 n1067 s1067
403/668 SWANSTON STREET CARLTON 3053 --> 1 records found - comparisons: b8079 n1067 s1067
408/668 SWANSTON STREET CARLTON 3053 --> 1 records found - comparisons: b8020 n1067 s1067
409/668 SWANSTON STREET CARLTON 3053 --> 1 records found - comparisons: b8018 n1067 s1067
149-155 BERKELEY STREET MELBOURNE 3000 --> 2 records found - comparisons: b9904 n1067 s1067
202/18 LINCOLN SQUARE N CARLTON 3053 --> 1 records found - comparisons: b9147 n1067 s1067
204/18 LINCOLN SQUARE N CARLTON 3053 --> 1 records found - comparisons: b9143 n1067 s1067
205/18 LINCOLN SQUARE N CARLTON 3053 --> 1 records found - comparisons: b9153 n1067 s1067
243-245 BOUVERIE STREET CARLTON 3053 --> 1 records found - comparisons: b8533 n1067 s1067
19-27 COLLEGE CRESCENT PARKVILLE 3052 --> 1 records found - comparisons: b9252 n1067 s1067
900A/640 SWANSTON STREET CARLTON 3053 --> 1 records found - comparisons: b6543 n1067 s1067
640 SWANSTON STREET CARLTON 3053 --> 3 records found - comparisons: b8056 n1067 s1067
908A/640 SWANSTON STREET CARLTON 3053 --> 1 records found - comparisons: b6519 n1067 s1067
901A/640 SWANSTON STREET CARLTON 3053 --> 1 records found - comparisons: b6549 n1067 s1067
812A/640 SWANSTON STREET CARLTON 3053 --> 1 records found - comparisons: b6394 n1067 s1067
811A/640 SWANSTON STREET CARLTON 3053 --> 1 records found - comparisons: b6396 n1067 s1067
147-149 BARRY STREET CARLTON 3053 --> 1 records found - comparisons: b9585 n1067 s1067
809A/640 SWANSTON STREET CARLTON 3053 --> 1 records found - comparisons: b6510 n1067 s1067
410/668 SWANSTON STREET CARLTON 3053 --> 1 records found - comparisons: b7788 n1067 s1067
412/668 SWANSTON STREET CARLTON 3053 --> 1 records found - comparisons: b7771 n1067 s1067
503/668 SWANSTON STREET CARLTON 3053 --> 1 records found - comparisons: b7999 n1067 s1067
506/668 SWANSTON STREET CARLTON 3053 --> 1 records found - comparisons: b8001 n1067 s1067
509/668 SWANSTON STREET CARLTON 3053 --> 1 records found - comparisons: b7938 n1067 s1067
510/668 SWANSTON STREET CARLTON 3053 --> 1 records found - comparisons: b7718 n1067 s1067
101/223 BERKELEY STREET MELBOURNE 3000 --> 1 records found - comparisons: b10307 n1067 s1067
603A/640 SWANSTON STREET CARLTON 3053 --> 1 records found - comparisons: b8008 n1067 s1067
602A/640 SWANSTON STREET CARLTON 3053 --> 1 records found - comparisons: b8008 n1067 s1067
514A/640 SWANSTON STREET CARLTON 3053 --> 1 records found - comparisons: b7699 n1067 s1067
511A/640 SWANSTON STREET CARLTON 3053 --> 1 records found - comparisons: b7712 n1067 s1067
509A/640 SWANSTON STREET CARLTON 3053 --> 1 records found - comparisons: b7922 n1067 s1067
710/668 SWANSTON STREET CARLTON 3053 --> 1 records found - comparisons: b7727 n1067 s1067
803/668 SWANSTON STREET CARLTON 3053 --> 1 records found - comparisons: b6561 n1067 s1067
508A/640 SWANSTON STREET CARLTON 3053 --> 1 records found - comparisons: b7929 n1067 s1067
507A/640 SWANSTON STREET CARLTON 3053 --> 1 records found - comparisons: b7976 n1067 s1067
505A/640 SWANSTON STREET CARLTON 3053 --> 1 records found - comparisons: b7978 n1067 s1067
504A/640 SWANSTON STREET CARLTON 3053 --> 1 records found - comparisons: b7971 n1067 s1067
308/668 SWANSTON STREET CARLTON 3053 --> 1 records found - comparisons: b8520 n1067 s1067
311/668 SWANSTON STREET CARLTON 3053 --> 1 records found - comparisons: b8256 n1067 s1067
502A/640 SWANSTON STREET CARLTON 3053 --> 1 records found - comparisons: b7976 n1067 s1067
301/18 LINCOLN SQUARE N CARLTON 3053 --> 1 records found - comparisons: b8582 n1067 s1067
302/18 LINCOLN SQUARE N CARLTON 3053 --> 1 records found - comparisons: b8587 n1067 s1067
304/18 LINCOLN SQUARE N CARLTON 3053 --> 1 records found - comparisons: b8587 n1067 s1067
306/18 LINCOLN SQUARE N CARLTON 3053 --> 1 records found - comparisons: b8589 n1067 s1067
402/18 LINCOLN SQUARE N CARLTON 3053 --> 1 records found - comparisons: b8087 n1067 s1067
403/18 LINCOLN SQUARE N CARLTON 3053 --> 1 records found - comparisons: b8087 n1067 s1067
405/18 LINCOLN SQUARE N CARLTON 3053 --> 1 records found - comparisons: b8089 n1067 s1067
501/18 LINCOLN SQUARE N CARLTON 3053 --> 1 records found - comparisons: b8002 n1067 s1067
502/18 LINCOLN SQUARE N CARLTON 3053 --> 1 records found - comparisons: b8007 n1067 s1067
806A/640 SWANSTON STREET CARLTON 3053 --> 1 records found - comparisons: b6540 n1067 s1067
803A/640 SWANSTON STREET CARLTON 3053 --> 1 records found - comparisons: b6545 n1067 s1067
504/18 LINCOLN SQUARE N CARLTON 3053 --> 1 records found - comparisons: b8007 n1067 s1067
203/223 BERKELEY STREET MELBOURNE 3000 --> 1 records found - comparisons: b9158 n1067 s1067
204/223 BERKELEY STREET MELBOURNE 3000 --> 1 records found - comparisons: b9153 n1067 s1067
911A/640 SWANSTON STREET CARLTON 3053 --> 1 records found - comparisons: b6439 n1067 s1067
800A/640 SWANSTON STREET CARLTON 3053 --> 1 records found - comparisons: b6536 n1067 s1067
710A/640 SWANSTON STREET CARLTON 3053 --> 1 records found - comparisons: b7723 n1067 s1067
708A/640 SWANSTON STREET CARLTON 3053 --> 1 records found - comparisons: b7900 n1067 s1067
707A/640 SWANSTON STREET CARLTON 3053 --> 1 records found - comparisons: b7938 n1067 s1067
705A/640 SWANSTON STREET CARLTON 3053 --> 1 records found - comparisons: b7942 n1067 s1067
63 MORRISON CLOSE PARKVILLE 3052 --> 1 records found - comparisons: b7583 n1067 s1067
702A/640 SWANSTON STREET CARLTON 3053 --> 1 records found - comparisons: b7942 n1067 s1067
701A/640 SWANSTON STREET CARLTON 3053 --> 1 records found - comparisons: b7951 n1067 s1067
501/668 SWANSTON STREET CARLTON 3053 --> 1 records found - comparisons: b7994 n1067 s1067
223 BERKELEY STREET MELBOURNE 3000 --> 2 records found - comparisons: b8946 n1067 s1067
702/668 SWANSTON STREET CARLTON 3053 --> 1 records found - comparisons: b7970 n1067 s1067
612A/640 SWANSTON STREET CARLTON 3053 --> 1 records found - comparisons: b7724 n1067 s1067
609A/640 SWANSTON STREET CARLTON 3053 --> 1 records found - comparisons: b7954 n1067 s1067
418A/640 SWANSTON STREET CARLTON 3053 --> 1 records found - comparisons: b7763 n1067 s1067
411A/640 SWANSTON STREET CARLTON 3053 --> 1 records found - comparisons: b7782 n1067 s1067
3/743-751 SWANSTON STREET CARLTON 3053 --> 1 records found - comparisons: b7904 n1067 s1067
702/18 LINCOLN SQUARE N CARLTON 3053 --> 1 records found - comparisons: b7978 n1067 s1067
703/18 LINCOLN SQUARE N CARLTON 3053 --> 1 records found - comparisons: b7978 n1067 s1067
704/18 LINCOLN SQUARE N CARLTON 3053 --> 1 records found - comparisons: b7978 n1067 s1067
801/18 LINCOLN SQUARE N CARLTON 3053 --> 1 records found - comparisons: b6565 n1067 s1067
802/18 LINCOLN SQUARE N CARLTON 3053 --> 1 records found - comparisons: b6568 n1067 s1067
206/668 SWANSTON STREET CARLTON 3053 --> 1 records found - comparisons: b9132 n1067 s1067
804/18 LINCOLN SQUARE N CARLTON 3053 --> 1 records found - comparisons: b6563 n1067 s1067
901/18 LINCOLN SQUARE N CARLTON 3053 --> 1 records found - comparisons: b6572 n1067 s1067
1/143 ROYAL PARADE PARKVILLE 3052 --> 1 records found - comparisons: b8854 n1067 s1067
903/18 LINCOLN SQUARE N CARLTON 3053 --> 1 records found - comparisons: b6575 n1067 s1067
904/18 LINCOLN SQUARE N CARLTON 3053 --> 1 records found - comparisons: b6570 n1067 s1067
1002/18 LINCOLN SQUARE N CARLTON 3053 --> 1 records found - comparisons: b10415 n1067 s1067
1003/18 LINCOLN SQUARE N CARLTON 3053 --> 1 records found - comparisons: b10415 n1067 s1067
1101/18 LINCOLN SQUARE N CARLTON 3053 --> 1 records found - comparisons: b10071 n1067 s1067
1102/18 LINCOLN SQUARE N CARLTON 3053 --> 1 records found - comparisons: b10072 n1067 s1067
304A/640 SWANSTON STREET CARLTON 3053 --> 1 records found - comparisons: b8551 n1067 s1067
406A/640 SWANSTON STREET CARLTON 3053 --> 1 records found - comparisons: b8058 n1067 s1067
403A/640 SWANSTON STREET CARLTON 3053 --> 1 records found - comparisons: b8056 n1067 s1067
414A/640 SWANSTON STREET CARLTON 3053 --> 1 records found - comparisons: b7770 n1067 s1067
314A/640 SWANSTON STREET CARLTON 3053 --> 1 records found - comparisons: b8251 n1067 s1067
312A/640 SWANSTON STREET CARLTON 3053 --> 1 records found - comparisons: b8262 n1067 s1067
239-241 BOUVERIE STREET CARLTON 3053 --> 1 records found - comparisons: b8753 n1067 s1067
30 KERNOT ROAD PARKVILLE 3052 --> 1 records found - comparisons: b8407 n1067 s1067
310A/640 SWANSTON STREET CARLTON 3053 --> 1 records found - comparisons: b8266 n1067 s1067
308A/640 SWANSTON STREET CARLTON 3053 --> 1 records found - comparisons: b8509 n1067 s1067
307A/640 SWANSTON STREET CARLTON 3053 --> 1 records found - comparisons: b8556 n1067 s1067
305A/640 SWANSTON STREET CARLTON 3053 --> 1 records found - comparisons: b8558 n1067 s1067
161 BARRY STREET CARLTON 3053 --> 2 records found - comparisons: b9800 n1067 s1067
1/133 ROYAL PARADE PARKVILLE 3052 --> 1 records found - comparisons: b8854 n1067 s1067
156-290 GRATTAN STREET PARKVILLE 3052 --> 1 records found - comparisons: b9751 n1067 s1067
32 LINCOLN SQUARE N CARLTON 3053 --> 3 records found - comparisons: b8595 n1067 s1067
5/135 ROYAL PARADE PARKVILLE 3052 --> 1 records found - comparisons: b7370 n1067 s1067
512A/640 SWANSTON STREET CARLTON 3053 --> 1 records found - comparisons: b7710 n1067 s1067
924/668 SWANSTON STREET CARLTON 3053 --> 1 records found - comparisons: b6336 n1067 s1067
46 TIN ALLEY PARKVILLE 3052 --> 3 records found - comparisons: b7939 n1067 s1067
24/650 SWANSTON STREET CARLTON 3053 --> 1 records found - comparisons: b8516 n1067 s1067
509/223 BERKELEY STREET MELBOURNE 3000 --> 1 records found - comparisons: b7955 n1067 s1067
129-133 ROYAL PARADE PARKVILLE 3052 --> 1 records found - comparisons: b9658 n1067 s1067
3/133 ROYAL PARADE PARKVILLE 3052 --> 1 records found - comparisons: b7863 n1067 s1067
33 MONASH ROAD PARKVILLE 3052 --> 2 records found - comparisons: b8325 n1067 s1067
5/650 SWANSTON STREET CARLTON 3053 --> 1 records found - comparisons: b7376 n1067 s1067
21/650 SWANSTON STREET CARLTON 3053 --> 1 records found - comparisons: b8746 n1067 s1067
216 BERKELEY STREET CARLTON 3053 --> 1 records found - comparisons: b8764 n1067 s1067
608/668 SWANSTON STREET CARLTON 3053 --> 1 records found - comparisons: b7972 n1067 s1067
32C/151 BERKELEY STREET MELBOURNE 3000 --> 1 records found - comparisons: b8153 n1067 s1067
34C/151 BERKELEY STREET MELBOURNE 3000 --> 1 records found - comparisons: b8072 n1067 s1067
35C/151 BERKELEY STREET MELBOURNE 3000 --> 1 records found - comparisons: b8072 n1067 s1067
706/668 SWANSTON STREET CARLTON 3053 --> 1 records found - comparisons: b7954 n1067 s1067
715-721 SWANSTON STREET CARLTON 3053 --> 2 records found - comparisons: b7994 n1067 s1067
11/230 GRATTAN STREET PARKVILLE 3052 --> 1 records found - comparisons: b9835 n1067 s1067
2/701 SWANSTON STREET CARLTON 3053 --> 1 records found - comparisons: b8201 n1067 s1067
102B/640 SWANSTON STREET CARLTON 3053 --> 1 records found - comparisons: b10247 n1067 s1067
11/650 SWANSTON STREET CARLTON 3053 --> 1 records found - comparisons: b9827 n1067 s1067
8 MEDICAL ROAD PARKVILLE 3052 --> 1 records found - comparisons: b6232 n1067 s1067
13 PORTERS LANE PARKVILLE 3052 --> 1 records found - comparisons: b9600 n1067 s1067
404/668 SWANSTON STREET CARLTON 3053 --> 1 records found - comparisons: b8079 n1067 s1067
25/650 SWANSTON STREET CARLTON 3053 --> 1 records found - comparisons: b8496 n1067 s1067
511/668 SWANSTON STREET CARLTON 3053 --> 1 records found - comparisons: b7704 n1067 s1067
207/668 SWANSTON STREET CARLTON 3053 --> 1 records found - comparisons: b9132 n1067 s1067
306/668 SWANSTON STREET CARLTON 3053 --> 1 records found - comparisons: b8581 n1067 s1067
604/668 SWANSTON STREET CARLTON 3053 --> 1 records found - comparisons: b8039 n1067 s1067
605/668 SWANSTON STREET CARLTON 3053 --> 1 records found - comparisons: b8034 n1067 s1067
210-214 LEICESTER STREET CARLTON 3053 --> 3 records found - comparisons: b9384 n1067 s1067
127 ROYAL PARADE PARKVILLE 3052 --> 1 records found - comparisons: b9645 n1067 s1067
306/223 BERKELEY STREET MELBOURNE 3000 --> 1 records found - comparisons: b8599 n1067 s1067
51 MASSON ROAD PARKVILLE 3052 --> 1 records found - comparisons: b7620 n1067 s1067
905/668 SWANSTON STREET CARLTON 3053 --> 1 records found - comparisons: b6551 n1067 s1067
916/668 SWANSTON STREET CARLTON 3053 --> 1 records found - comparisons: b6424 n1067 s1067
1 UNION ROAD PARKVILLE 3052 --> 1 records found - comparisons: b8714 n1067 s1067
917/668 SWANSTON STREET CARLTON 3053 --> 1 records found - comparisons: b6424 n1067 s1067
1011A/640 SWANSTON STREET CARLTON 3053 --> 1 records found - comparisons: b10292 n1067 s1067
20 MONASH ROAD PARKVILLE 3052 --> 1 records found - comparisons: b8904 n1067 s1067
157-159 BARRY STREET CARLTON 3053 --> 1 records found - comparisons: b9654 n1067 s1067
85 BARRY STREET CARLTON 3053 --> 1 records found - comparisons: b6204 n1067 s1067
1102/640 SWANSTON STREET CARLTON 3053 --> 1 records found - comparisons: b10065 n1067 s1067
1073/640 SWANSTON STREET CARLTON 3053 --> 1 records found - comparisons: b10281 n1067 s1067
1135/640 SWANSTON STREET CARLTON 3053 --> 1 records found - comparisons: b9914 n1067 s1067
1083/640 SWANSTON STREET CARLTON 3053 --> 1 records found - comparisons: b10212 n1067 s1067
2033/640 SWANSTON STREET CARLTON 3053 --> 1 records found - comparisons: b9122 n1067 s1067
1081/640 SWANSTON STREET CARLTON 3053 --> 1 records found - comparisons: b10212 n1067 s1067
302B/640 SWANSTON STREET CARLTON 3053 --> 1 records found - comparisons: b8556 n1067 s1067
902/668 SWANSTON STREET CARLTON 3053 --> 1 records found - comparisons: b6568 n1067 s1067
135-137 ROYAL PARADE PARKVILLE 3052 --> 1 records found - comparisons: b9653 n1067 s1067
29 COLLEGE CRESCENT PARKVILLE 3052 --> 2 records found - comparisons: b8607 n1067 s1067
2 ROYAL PARADE PARKVILLE 3052 --> 2 records found - comparisons: b8383 n1067 s1067
81-87 BARRY STREET CARLTON 3053 --> 1 records found - comparisons: b6331 n1067 s1067
908/151 BERKELEY STREET MELBOURNE 3000 --> 1 records found - comparisons: b6539 n1067 s1067
914/668 SWANSTON STREET CARLTON 3053 --> 1 records found - comparisons: b6424 n1067 s1067
907/668 SWANSTON STREET CARLTON 3053 --> 1 records found - comparisons: b6551 n1067 s1067
911/668 SWANSTON STREET CARLTON 3053 --> 1 records found - comparisons: b6431 n1067 s1067
913/668 SWANSTON STREET CARLTON 3053 --> 1 records found - comparisons: b6428 n1067 s1067
703/668 SWANSTON STREET CARLTON 3053 --> 1 records found - comparisons: b7970 n1067 s1067
774-782 ELIZABETH STREET MELBOURNE 3000 --> 1 records found - comparisons: b7574 n1067 s1067
708/668 SWANSTON STREET CARLTON 3053 --> 1 records found - comparisons: b7916 n1067 s1067
660-674 SWANSTON STREET CARLTON 3053 --> 1 records found - comparisons: b7600 n1067 s1067
1005/151 BERKELEY STREET MELBOURNE 3000 --> 1 records found - comparisons: b10406 n1067 s1067
9/201 GRATTAN STREET CARLTON 3053 --> 1 records found - comparisons: b6171 n1067 s1067
7/201 GRATTAN STREET CARLTON 3053 --> 1 records found - comparisons: b7412 n1067 s1067
4/201 GRATTAN STREET CARLTON 3053 --> 1 records found - comparisons: b7416 n1067 s1067
158-164 BOUVERIE STREET CARLTON 3053 --> 1 records found - comparisons: b9644 n1067 s1067
715 SWANSTON STREET CARLTON 3053 --> 2 records found - comparisons: b7930 n1067 s1067
292 GRATTAN STREET PARKVILLE 3052 --> 3 records found - comparisons: b8842 n1067 s1067
107 TIN ALLEY PARKVILLE 3052 --> 3 records found - comparisons: b10607 n1067 s1067
786-798 ELIZABETH STREET MELBOURNE 3000 --> 1 records found - comparisons: b7521 n1067 s1067
141 ROYAL PARADE PARKVILLE 3052 --> 1 records found - comparisons: b9602 n1067 s1067
921/668 SWANSTON STREET CARLTON 3053 --> 1 records found - comparisons: b6340 n1067 s1067
757 SWANSTON STREET PARKVILLE 3052 --> 3 records found - comparisons: b8064 n1067 s1067
407/668 SWANSTON STREET CARLTON 3053 --> 1 records found - comparisons: b8067 n1067 s1067
107/223 BERKELEY STREET MELBOURNE 3000 --> 1 records found - comparisons: b10291 n1067 s1067
405A/640 SWANSTON STREET CARLTON 3053 --> 1 records found - comparisons: b8058 n1067 s1067
902A/640 SWANSTON STREET CARLTON 3053 --> 1 records found - comparisons: b6552 n1067 s1067
197-203 BOUVERIE STREET CARLTON 3053 --> 1 records found - comparisons: b9285 n1067 s1067
225-235 BOUVERIE STREET CARLTON 3053 --> 1 records found - comparisons: b8706 n1067 s1067
207-223 BOUVERIE STREET CARLTON 3053 --> 1 records found - comparisons: b9134 n1067 s1067
8/135 ROYAL PARADE PARKVILLE 3052 --> 1 records found - comparisons: b6207 n1067 s1067
228 PELHAM STREET MELBOURNE 3000 --> 1 records found - comparisons: b8661 n1067 s1067
803/18 LINCOLN SQUARE N CARLTON 3053 --> 1 records found - comparisons: b6568 n1067 s1067
706A/640 SWANSTON STREET CARLTON 3053 --> 1 records found - comparisons: b7938 n1067 s1067
704A/640 SWANSTON STREET CARLTON 3053 --> 1 records found - comparisons: b7942 n1067 s1067
212A/640 SWANSTON STREET CARLTON 3053 --> 1 records found - comparisons: b8824 n1067 s1067
213-217 GRATTAN STREET CARLTON 3053 --> 1 records found - comparisons: b8839 n1067 s1067
902/18 LINCOLN SQUARE N CARLTON 3053 --> 1 records found - comparisons: b6575 n1067 s1067
1000A/640 SWANSTON STREET CARLTON 3053 --> 1 records found - comparisons: b10398 n1067 s1067
87 TIN ALLEY PARKVILLE 3052 --> 1 records found - comparisons: b6196 n1067 s1067
41 MEDICAL ROAD PARKVILLE 3052 --> 1 records found - comparisons: b7699 n1067 s1067
9 MEDICAL ROAD PARKVILLE 3052 --> 1 records found - comparisons: b6112 n1067 s1067
1/196 PELHAM STREET CARLTON 3053 --> 1 records found - comparisons: b8845 n1067 s1067
1S/650 SWANSTON STREET CARLTON 3053 --> 1 records found - comparisons: b8152 n1067 s1067
1001/18 LINCOLN SQUARE N CARLTON 3053 --> 1 records found - comparisons: b10413 n1067 s1067
7/135 ROYAL PARADE PARKVILLE 3052 --> 1 records found - comparisons: b7404 n1067 s1067
2/196 PELHAM STREET CARLTON 3053 --> 1 records found - comparisons: b8183 n1067 s1067
680-682 SWANSTON STREET CARLTON 3053 --> 1 records found - comparisons: b7500 n1067 s1067
904/668 SWANSTON STREET CARLTON 3053 --> 1 records found - comparisons: b6563 n1067 s1067
121-125 ROYAL PARADE PARKVILLE 3052 --> 1 records found - comparisons: b9698 n1067 s1067
167 GRATTAN STREET CARLTON 3053 --> 1 records found - comparisons: b9595 n1067 s1067
1004/18 LINCOLN SQUARE N CARLTON 3053 --> 1 records found - comparisons: b10409 n1067 s1067
22-40 LINCOLN SQUARE N CARLTON 3053 --> 2 records found - comparisons: b8947 n1067 s1067
703A/640 SWANSTON STREET CARLTON 3053 --> 1 records found - comparisons: b7942 n1067 s1067
1008A/640 SWANSTON STREET CARLTON 3053 --> 1 records found - comparisons: b10377 n1067 s1067
164-170 PELHAM STREET CARLTON 3053 --> 1 records found - comparisons: b9614 n1067 s1067
53 PROFESSORS WALK PARKVILLE 3052 --> 1 records found - comparisons: b7557 n1067 s1067
175 GRATTAN STREET CARLTON 3053 --> 1 records found - comparisons: b9589 n1067 s1067
22/650 SWANSTON STREET CARLTON 3053 --> 1 records found - comparisons: b8682 n1067 s1067
110/223 BERKELEY STREET MELBOURNE 3000 --> 1 records found - comparisons: b10003 n1067 s1067
915/668 SWANSTON STREET CARLTON 3053 --> 1 records found - comparisons: b6424 n1067 s1067
908/668 SWANSTON STREET CARLTON 3053 --> 1 records found - comparisons: b6523 n1067 s1067
906A/640 SWANSTON STREET CARLTON 3053 --> 1 records found - comparisons: b6547 n1067 s1067
610A/640 SWANSTON STREET CARLTON 3053 --> 1 records found - comparisons: b7729 n1067 s1067
207A/640 SWANSTON STREET CARLTON 3053 --> 1 records found - comparisons: b9111 n1067 s1067
107A/640 SWANSTON STREET CARLTON 3053 --> 1 records found - comparisons: b10247 n1067 s1067
1003A/640 SWANSTON STREET CARLTON 3053 --> 1 records found - comparisons: b10404 n1067 s1067
510/223 BERKELEY STREET MELBOURNE 3000 --> 1 records found - comparisons: b7734 n1067 s1067
714-736 SWANSTON STREET CARLTON 3053 --> 1 records found - comparisons: b7712 n1067 s1067
167-171 BERKELEY STREET MELBOURNE 3000 --> 1 records found - comparisons: b9651 n1067 s1067
1/701 SWANSTON STREET CARLTON 3053 --> 1 records found - comparisons: b8854 n1067 s1067
807A/640 SWANSTON STREET CARLTON 3053 --> 1 records found - comparisons: b6540 n1067 s1067
805A/640 SWANSTON STREET CARLTON 3053 --> 1 records found - comparisons: b6540 n1067 s1067
501A/640 SWANSTON STREET CARLTON 3053 --> 1 records found - comparisons: b7971 n1067 s1067
410A/640 SWANSTON STREET CARLTON 3053 --> 1 records found - comparisons: b7784 n1067 s1067
20-24 CHURCH STREET CARLTON 3053 --> 1 records found - comparisons: b8912 n1067 s1067
211A/640 SWANSTON STREET CARLTON 3053 --> 1 records found - comparisons: b8815 n1067 s1067
190-192 PELHAM STREET CARLTON 3053 --> 1 records found - comparisons: b9243 n1067 s1067
607A/640 SWANSTON STREET CARLTON 3053 --> 1 records found - comparisons: b8007 n1067 s1067
401/668 SWANSTON STREET CARLTON 3053 --> 1 records found - comparisons: b8074 n1067 s1067
405/668 SWANSTON STREET CARLTON 3053 --> 1 records found - comparisons: b8081 n1067 s1067
723-741 SWANSTON STREET CARLTON 3053 --> 2 records found - comparisons: b7938 n1067 s1067
608A/640 SWANSTON STREET CARLTON 3053 --> 1 records found - comparisons: b7961 n1067 s1067
102/223 BERKELEY STREET MELBOURNE 3000 --> 1 records found - comparisons: b10278 n1067 s1067
405/223 BERKELEY STREET MELBOURNE 3000 --> 1 records found - comparisons: b8099 n1067 s1067
202/223 BERKELEY STREET MELBOURNE 3000 --> 1 records found - comparisons: b9157 n1067 s1067
205/223 BERKELEY STREET MELBOURNE 3000 --> 1 records found - comparisons: b9163 n1067 s1067
207/223 BERKELEY STREET MELBOURNE 3000 --> 1 records found - comparisons: b9149 n1067 s1067
210/223 BERKELEY STREET MELBOURNE 3000 --> 1 records found - comparisons: b8846 n1067 s1067
301/223 BERKELEY STREET MELBOURNE 3000 --> 1 records found - comparisons: b8592 n1067 s1067
302/223 BERKELEY STREET MELBOURNE 3000 --> 1 records found - comparisons: b8597 n1067 s1067
309/223 BERKELEY STREET MELBOURNE 3000 --> 1 records found - comparisons: b8535 n1067 s1067
401/223 BERKELEY STREET MELBOURNE 3000 --> 1 records found - comparisons: b8092 n1067 s1067
404/223 BERKELEY STREET MELBOURNE 3000 --> 1 records found - comparisons: b8097 n1067 s1067
406/223 BERKELEY STREET MELBOURNE 3000 --> 1 records found - comparisons: b8099 n1067 s1067
407/223 BERKELEY STREET MELBOURNE 3000 --> 1 records found - comparisons: b8084 n1067 s1067
409/223 BERKELEY STREET MELBOURNE 3000 --> 1 records found - comparisons: b8035 n1067 s1067
410/223 BERKELEY STREET MELBOURNE 3000 --> 1 records found - comparisons: b7804 n1067 s1067
14/650 SWANSTON STREET CARLTON 3053 --> 1 records found - comparisons: b9578 n1067 s1067
151 BARRY STREET CARLTON 3053 --> 1 records found - comparisons: b9628 n1067 s1067
701B/640 SWANSTON STREET CARLTON 3053 --> 1 records found - comparisons: b7951 n1067 s1067
505B/640 SWANSTON STREET CARLTON 3053 --> 1 records found - comparisons: b7978 n1067 s1067
503B/640 SWANSTON STREET CARLTON 3053 --> 1 records found - comparisons: b7976 n1067 s1067
500B/640 SWANSTON STREET CARLTON 3053 --> 1 records found - comparisons: b7956 n1067 s1067
407B/640 SWANSTON STREET CARLTON 3053 --> 1 records found - comparisons: b8056 n1067 s1067
408A/640 SWANSTON STREET CARLTON 3053 --> 1 records found - comparisons: b8009 n1067 s1067
301A/640 SWANSTON STREET CARLTON 3053 --> 1 records found - comparisons: b8551 n1067 s1067
404A/640 SWANSTON STREET CARLTON 3053 --> 1 records found - comparisons: b8051 n1067 s1067
174 LEICESTER STREET CARLTON 3053 --> 1 records found - comparisons: b9605 n1067 s1067
910/668 SWANSTON STREET CARLTON 3053 --> 1 records found - comparisons: b6431 n1067 s1067
300B/640 SWANSTON STREET CARLTON 3053 --> 1 records found - comparisons: b8536 n1067 s1067
105B/640 SWANSTON STREET CARLTON 3053 --> 1 records found - comparisons: b10227 n1067 s1067
405B/640 SWANSTON STREET CARLTON 3053 --> 1 records found - comparisons: b8058 n1067 s1067
712A/640 SWANSTON STREET CARLTON 3053 --> 1 records found - comparisons: b7716 n1067 s1067
711A/640 SWANSTON STREET CARLTON 3053 --> 1 records found - comparisons: b7719 n1067 s1067
611A/640 SWANSTON STREET CARLTON 3053 --> 1 records found - comparisons: b7727 n1067 s1067
513A/640 SWANSTON STREET CARLTON 3053 --> 1 records found - comparisons: b7708 n1067 s1067
510A/640 SWANSTON STREET CARLTON 3053 --> 1 records found - comparisons: b7714 n1067 s1067
103B/640 SWANSTON STREET CARLTON 3053 --> 1 records found - comparisons: b10245 n1067 s1067
100B/640 SWANSTON STREET CARLTON 3053 --> 1 records found - comparisons: b10304 n1067 s1067
205B/640 SWANSTON STREET CARLTON 3053 --> 1 records found - comparisons: b9114 n1067 s1067
179-201 PELHAM STREET CARLTON 3053 --> 1 records found - comparisons: b9601 n1067 s1067
105/223 BERKELEY STREET MELBOURNE 3000 --> 1 records found - comparisons: b10256 n1067 s1067
16/650 SWANSTON STREET CARLTON 3053 --> 1 records found - comparisons: b9586 n1067 s1067
106/223 BERKELEY STREET MELBOURNE 3000 --> 1 records found - comparisons: b10265 n1067 s1067
109/223 BERKELEY STREET MELBOURNE 3000 --> 1 records found - comparisons: b10196 n1067 s1067
177 GRATTAN STREET CARLTON 3053 --> 1 records found - comparisons: b9589 n1067 s1067
150-154 PELHAM STREET CARLTON 3053 --> 1 records found - comparisons: b9700 n1067 s1067
1/223 BERKELEY STREET MELBOURNE 3000 --> 1 records found - comparisons: b8889 n1067 s1067
17 KERNOT ROAD PARKVILLE 3052 --> 1 records found - comparisons: b9544 n1067 s1067
401B/640 SWANSTON STREET CARLTON 3053 --> 1 records found - comparisons: b8051 n1067 s1067
307B/640 SWANSTON STREET CARLTON 3053 --> 1 records found - comparisons: b8556 n1067 s1067
743-751 SWANSTON STREET CARLTON 3053 --> 2 records found - comparisons: b7828 n1067 s1067
306B/640 SWANSTON STREET CARLTON 3053 --> 1 records found - comparisons: b8558 n1067 s1067
208B/640 SWANSTON STREET CARLTON 3053 --> 1 records found - comparisons: b9039 n1067 s1067
207B/640 SWANSTON STREET CARLTON 3053 --> 1 records found - comparisons: b9111 n1067 s1067
106B/640 SWANSTON STREET CARLTON 3053 --> 1 records found - comparisons: b10236 n1067 s1067
166-186 BOUVERIE STREET CARLTON 3053 --> 1 records found - comparisons: b9630 n1067 s1067
2S/151 BERKELEY STREET MELBOURNE 3000 --> 1 records found - comparisons: b7816 n1067 s1067
3S/151 BERKELEY STREET MELBOURNE 3000 --> 1 records found - comparisons: b7664 n1067 s1067
901/668 SWANSTON STREET CARLTON 3053 --> 1 records found - comparisons: b6565 n1067 s1067
1095/640 SWANSTON STREET CARLTON 3053 --> 1 records found - comparisons: b10200 n1067 s1067
1134/640 SWANSTON STREET CARLTON 3053 --> 1 records found - comparisons: b9914 n1067 s1067
1072/640 SWANSTON STREET CARLTON 3053 --> 1 records found - comparisons: b10281 n1067 s1067
1111/640 SWANSTON STREET CARLTON 3053 --> 1 records found - comparisons: b9942 n1067 s1067
303/223 BERKELEY STREET MELBOURNE 3000 --> 1 records found - comparisons: b8597 n1067 s1067
507/668 SWANSTON STREET CARLTON 3053 --> 1 records found - comparisons: b7987 n1067 s1067
156-162 PELHAM STREET CARLTON 3053 --> 1 records found - comparisons: b9745 n1067 s1067
1109/640 SWANSTON STREET CARLTON 3053 --> 1 records found - comparisons: b10014 n1067 s1067
1086/640 SWANSTON STREET CARLTON 3053 --> 1 records found - comparisons: b10210 n1067 s1067
1101/640 SWANSTON STREET CARLTON 3053 --> 1 records found - comparisons: b10064 n1067 s1067
182-200 BERKELEY STREET CARLTON 3053 --> 1 records found - comparisons: b9397 n1067 s1067
207/151 BERKELEY STREET MELBOURNE 3000 --> 1 records found - comparisons: b9149 n1067 s1067
4/650 SWANSTON STREET CARLTON 3053 --> 1 records found - comparisons: b7423 n1067 s1067
1085/640 SWANSTON STREET CARLTON 3053 --> 1 records found - comparisons: b10211 n1067 s1067
507/223 BERKELEY STREET MELBOURNE 3000 --> 1 records found - comparisons: b8004 n1067 s1067
1079/640 SWANSTON STREET CARLTON 3053 --> 1 records found - comparisons: b10278 n1067 s1067
29S/151 BERKELEY STREET MELBOURNE 3000 --> 1 records found - comparisons: b8370 n1067 s1067
1112/640 SWANSTON STREET CARLTON 3053 --> 1 records found - comparisons: b9941 n1067 s1067
508/668 SWANSTON STREET CARLTON 3053 --> 1 records found - comparisons: b7940 n1067 s1067
660 SWANSTON STREET CARLTON 3053 --> 1 records found - comparisons: b7568 n1067 s1067
701/668 SWANSTON STREET CARLTON 3053 --> 1 records found - comparisons: b7984 n1067 s1067
1006A/640 SWANSTON STREET CARLTON 3053 --> 1 records found - comparisons: b10398 n1067 s1067
602/668 SWANSTON STREET CARLTON 3053 --> 1 records found - comparisons: b8031 n1067 s1067
207-211 GRATTAN STREET CARLTON 3053 --> 1 records found - comparisons: b9126 n1067 s1067
27G/723 SWANSTON STREET CARLTON 3053 --> 1 records found - comparisons: b8505 n1067 s1067
723 SWANSTON STREET CARLTON 3053 --> 2 records found - comparisons: b7874 n1067 s1067
182-208 LEICESTER STREET CARLTON 3053 --> 1 records found - comparisons: b9389 n1067 s1067
512/668 SWANSTON STREET CARLTON 3053 --> 1 records found - comparisons: b7702 n1067 s1067
670 SWANSTON STREET CARLTON 3053 --> 1 records found - comparisons: b7587 n1067 s1067
1121/640 SWANSTON STREET CARLTON 3053 --> 1 records found - comparisons: b9908 n1067 s1067
1241/640 SWANSTON STREET CARLTON 3053 --> 1 records found - comparisons: b9708 n1067 s1067
27/650 SWANSTON STREET CARLTON 3053 --> 1 records found - comparisons: b8493 n1067 s1067
1106/640 SWANSTON STREET CARLTON 3053 --> 1 records found - comparisons: b10046 n1067 s1067
1097/640 SWANSTON STREET CARLTON 3053 --> 1 records found - comparisons: b10200 n1067 s1067
606A/640 SWANSTON STREET CARLTON 3053 --> 1 records found - comparisons: b8007 n1067 s1067
412A/640 SWANSTON STREET CARLTON 3053 --> 1 records found - comparisons: b7779 n1067 s1067
401A/640 SWANSTON STREET CARLTON 3053 --> 1 records found - comparisons: b8051 n1067 s1067
1244/640 SWANSTON STREET CARLTON 3053 --> 1 records found - comparisons: b9707 n1067 s1067
1100/640 SWANSTON STREET CARLTON 3053 --> 1 records found - comparisons: b10036 n1067 s1067
1076/640 SWANSTON STREET CARLTON 3053 --> 1 records found - comparisons: b10282 n1067 s1067
2032/640 SWANSTON STREET CARLTON 3053 --> 1 records found - comparisons: b9122 n1067 s1067
1084/640 SWANSTON STREET CARLTON 3053 --> 1 records found - comparisons: b10211 n1067 s1067
1242/640 SWANSTON STREET CARLTON 3053 --> 1 records found - comparisons: b9708 n1067 s1067
204A/640 SWANSTON STREET CARLTON 3053 --> 1 records found - comparisons: b9105 n1067 s1067
182-200 LEICESTER STREET CARLTON 3053 --> 1 records found - comparisons: b9405 n1067 s1067
1505/151 BERKELEY STREET MELBOURNE 3000 --> 1 records found - comparisons: b9757 n1067 s1067
905/151 BERKELEY STREET MELBOURNE 3000 --> 1 records found - comparisons: b6567 n1067 s1067
104/223 BERKELEY STREET MELBOURNE 3000 --> 1 records found - comparisons: b10254 n1067 s1067
906/151 BERKELEY STREET MELBOURNE 3000 --> 1 records found - comparisons: b6567 n1067 s1067
907/151 BERKELEY STREET MELBOURNE 3000 --> 1 records found - comparisons: b6567 n1067 s1067
607B/640 SWANSTON STREET CARLTON 3053 --> 1 records found - comparisons: b8007 n1067 s1067
1001/151 BERKELEY STREET MELBOURNE 3000 --> 1 records found - comparisons: b10429 n1067 s1067
1002/151 BERKELEY STREET MELBOURNE 3000 --> 1 records found - comparisons: b10431 n1067 s1067
1003/151 BERKELEY STREET MELBOURNE 3000 --> 1 records found - comparisons: b10431 n1067 s1067
1004/151 BERKELEY STREET MELBOURNE 3000 --> 1 records found - comparisons: b10425 n1067 s1067
310/223 BERKELEY STREET MELBOURNE 3000 --> 1 records found - comparisons: b8286 n1067 s1067
1006/151 BERKELEY STREET MELBOURNE 3000 --> 1 records found - comparisons: b10406 n1067 s1067
1502/151 BERKELEY STREET MELBOURNE 3000 --> 1 records found - comparisons: b9756 n1067 s1067
1503/151 BERKELEY STREET MELBOURNE 3000 --> 1 records found - comparisons: b9756 n1067 s1067
1504/151 BERKELEY STREET MELBOURNE 3000 --> 1 records found - comparisons: b9757 n1067 s1067
1401/151 BERKELEY STREET MELBOURNE 3000 --> 1 records found - comparisons: b9701 n1067 s1067
902/151 BERKELEY STREET MELBOURNE 3000 --> 1 records found - comparisons: b6591 n1067 s1067
903/151 BERKELEY STREET MELBOURNE 3000 --> 1 records found - comparisons: b6591 n1067 s1067
806/668 SWANSTON STREET CARLTON 3053 --> 1 records found - comparisons: b6544 n1067 s1067
807/668 SWANSTON STREET CARLTON 3053 --> 1 records found - comparisons: b6544 n1067 s1067
808/668 SWANSTON STREET CARLTON 3053 --> 1 records found - comparisons: b6516 n1067 s1067
809/668 SWANSTON STREET CARLTON 3053 --> 1 records found - comparisons: b6502 n1067 s1067
810/668 SWANSTON STREET CARLTON 3053 --> 1 records found - comparisons: b6390 n1067 s1067
704/668 SWANSTON STREET CARLTON 3053 --> 1 records found - comparisons: b7970 n1067 s1067
1-17 COLLEGE CRESCENT PARKVILLE 3052 --> 1 records found - comparisons: b8804 n1067 s1067
406/668 SWANSTON STREET CARLTON 3053 --> 1 records found - comparisons: b8081 n1067 s1067
220 BERKELEY STREET CARLTON 3053 --> 1 records found - comparisons: b8672 n1067 s1067
183-189 BOUVERIE STREET CARLTON 3053 --> 2 records found - comparisons: b9624 n1067 s1067
1204/18 LINCOLN SQUARE N CARLTON 3053 --> 1 records found - comparisons: b9806 n1067 s1067
701/18 LINCOLN SQUARE N CARLTON 3053 --> 1 records found - comparisons: b7992 n1067 s1067
1301/18 LINCOLN SQUARE N CARLTON 3053 --> 1 records found - comparisons: b9768 n1067 s1067
109A/640 SWANSTON STREET CARLTON 3053 --> 1 records found - comparisons: b10176 n1067 s1067
808A/640 SWANSTON STREET CARLTON 3053 --> 1 records found - comparisons: b6512 n1067 s1067
102/18 LINCOLN SQUARE N CARLTON 3053 --> 1 records found - comparisons: b10268 n1067 s1067
801A/640 SWANSTON STREET CARLTON 3053 --> 1 records found - comparisons: b6542 n1067 s1067
600B/640 SWANSTON STREET CARLTON 3053 --> 1 records found - comparisons: b7988 n1067 s1067
502/668 SWANSTON STREET CARLTON 3053 --> 1 records found - comparisons: b7999 n1067 s1067
918/668 SWANSTON STREET CARLTON 3053 --> 1 records found - comparisons: b6413 n1067 s1067
1027/640 SWANSTON STREET CARLTON 3053 --> 1 records found - comparisons: b10248 n1067 s1067
208/223 BERKELEY STREET MELBOURNE 3000 --> 1 records found - comparisons: b9060 n1067 s1067
100 ROYAL PARADE PARKVILLE 3052 --> 1 records found - comparisons: b10293 n1067 s1067
1094/640 SWANSTON STREET CARLTON 3053 --> 1 records found - comparisons: b10200 n1067 s1067
1099/640 SWANSTON STREET CARLTON 3053 --> 1 records found - comparisons: b10196 n1067 s1067
1077/640 SWANSTON STREET CARLTON 3053 --> 1 records found - comparisons: b10282 n1067 s1067
2/743-751 SWANSTON STREET CARLTON 3053 --> 1 records found - comparisons: b8233 n1067 s1067
3 UNION ROAD PARKVILLE 3052 --> 1 records found - comparisons: b7785 n1067 s1067
1098/640 SWANSTON STREET CARLTON 3053 --> 1 records found - comparisons: b10196 n1067 s1067
2019/640 SWANSTON STREET CARLTON 3053 --> 1 records found - comparisons: b9113 n1067 s1067
156 BOUVERIE STREET CARLTON 3053 --> 1 records found - comparisons: b9671 n1067 s1067
102A/640 SWANSTON STREET CARLTON 3053 --> 1 records found - comparisons: b10247 n1067 s1067
171-173 GRATTAN STREET CARLTON 3053 --> 1 records found - comparisons: b9641 n1067 s1067
1005A/640 SWANSTON STREET CARLTON 3053 --> 1 records found - comparisons: b10398 n1067 s1067
912A/640 SWANSTON STREET CARLTON 3053 --> 1 records found - comparisons: b6438 n1067 s1067
197-235 BOUVERIE STREET CARLTON 3053 --> 1 records found - comparisons: b9285 n1067 s1067
305/223 BERKELEY STREET MELBOURNE 3000 --> 1 records found - comparisons: b8599 n1067 s1067
804/668 SWANSTON STREET CARLTON 3053 --> 1 records found - comparisons: b6556 n1067 s1067
903/668 SWANSTON STREET CARLTON 3053 --> 1 records found - comparisons: b6568 n1067 s1067
1506/151 BERKELEY STREET MELBOURNE 3000 --> 1 records found - comparisons: b9757 n1067 s1067
1507/151 BERKELEY STREET MELBOURNE 3000 --> 1 records found - comparisons: b9757 n1067 s1067
1508/151 BERKELEY STREET MELBOURNE 3000 --> 1 records found - comparisons: b9747 n1067 s1067
1601/151 BERKELEY STREET MELBOURNE 3000 --> 1 records found - comparisons: b9701 n1067 s1067
1602/151 BERKELEY STREET MELBOURNE 3000 --> 1 records found - comparisons: b9702 n1067 s1067
1603/151 BERKELEY STREET MELBOURNE 3000 --> 1 records found - comparisons: b9702 n1067 s1067
1604/151 BERKELEY STREET MELBOURNE 3000 --> 1 records found - comparisons: b9702 n1067 s1067
1605/151 BERKELEY STREET MELBOURNE 3000 --> 1 records found - comparisons: b9702 n1067 s1067
1606/151 BERKELEY STREET MELBOURNE 3000 --> 1 records found - comparisons: b9701 n1067 s1067
1608/151 BERKELEY STREET MELBOURNE 3000 --> 1 records found - comparisons: b9694 n1067 s1067
1701/151 BERKELEY STREET MELBOURNE 3000 --> 1 records found - comparisons: b9732 n1067 s1067
1078/640 SWANSTON STREET CARLTON 3053 --> 1 records found - comparisons: b10278 n1067 s1067
2043/640 SWANSTON STREET CARLTON 3053 --> 1 records found - comparisons: b9113 n1067 s1067
1703/151 BERKELEY STREET MELBOURNE 3000 --> 1 records found - comparisons: b9733 n1067 s1067
503A/640 SWANSTON STREET CARLTON 3053 --> 1 records found - comparisons: b7976 n1067 s1067
153-163 BARRY STREET CARLTON 3053 --> 1 records found - comparisons: b9657 n1067 s1067
923/668 SWANSTON STREET CARLTON 3053 --> 1 records found - comparisons: b6340 n1067 s1067
168-172 LEICESTER STREET CARLTON 3053 --> 1 records found - comparisons: b9619 n1067 s1067
193-195 BOUVERIE STREET CARLTON 3053 --> 1 records found - comparisons: b9258 n1067 s1067
2/650 SWANSTON STREET CARLTON 3053 --> 1 records found - comparisons: b8195 n1067 s1067
242 GRATTAN STREET PARKVILLE 3052 --> 1 records found - comparisons: b8509 n1067 s1067
802/668 SWANSTON STREET CARLTON 3053 --> 1 records found - comparisons: b6561 n1067 s1067
909/668 SWANSTON STREET CARLTON 3053 --> 1 records found - comparisons: b6509 n1067 s1067
169 GRATTAN STREET CARLTON 3053 --> 1 records found - comparisons: b9571 n1067 s1067
47C/151 BERKELEY STREET MELBOURNE 3000 --> 1 records found - comparisons: b7613 n1067 s1067
4S/151 BERKELEY STREET MELBOURNE 3000 --> 1 records found - comparisons: b7252 n1067 s1067
5S/151 BERKELEY STREET MELBOURNE 3000 --> 1 records found - comparisons: b7224 n1067 s1067
407A/640 SWANSTON STREET CARLTON 3053 --> 1 records found - comparisons: b8056 n1067 s1067
6S/151 BERKELEY STREET MELBOURNE 3000 --> 1 records found - comparisons: b7247 n1067 s1067
7S/151 BERKELEY STREET MELBOURNE 3000 --> 1 records found - comparisons: b7241 n1067 s1067
233 PELHAM STREET MELBOURNE 3000 --> 1 records found - comparisons: b8761 n1067 s1067
1007/151 BERKELEY STREET MELBOURNE 3000 --> 1 records found - comparisons: b10406 n1067 s1067
1008/151 BERKELEY STREET MELBOURNE 3000 --> 1 records found - comparisons: b10385 n1067 s1067
1101/151 BERKELEY STREET MELBOURNE 3000 --> 1 records found - comparisons: b10087 n1067 s1067
268 GRATTAN STREET PARKVILLE 3052 --> 1 records found - comparisons: b8475 n1067 s1067
402A/640 SWANSTON STREET CARLTON 3053 --> 1 records found - comparisons: b8056 n1067 s1067
1102/151 BERKELEY STREET MELBOURNE 3000 --> 1 records found - comparisons: b10088 n1067 s1067
105/18 LINCOLN SQUARE N CARLTON 3053 --> 1 records found - comparisons: b10246 n1067 s1067
203/18 LINCOLN SQUARE N CARLTON 3053 --> 1 records found - comparisons: b9148 n1067 s1067
302A/640 SWANSTON STREET CARLTON 3053 --> 1 records found - comparisons: b8556 n1067 s1067
610/223 BERKELEY STREET MELBOURNE 3000 --> 1 records found - comparisons: b7749 n1067 s1067
605A/640 SWANSTON STREET CARLTON 3053 --> 1 records found - comparisons: b8011 n1067 s1067
1002A/640 SWANSTON STREET CARLTON 3053 --> 1 records found - comparisons: b10404 n1067 s1067
401/18 LINCOLN SQUARE N CARLTON 3053 --> 1 records found - comparisons: b8082 n1067 s1067
213/640 SWANSTON STREET CARLTON 3053 --> 1 records found - comparisons: b8831 n1067 s1067
216-228 LEICESTER STREET CARLTON 3053 --> 1 records found - comparisons: b8804 n1067 s1067
183 PELHAM STREET CARLTON 3053 --> 1 records found - comparisons: b9290 n1067 s1067
502/223 BERKELEY STREET MELBOURNE 3000 --> 1 records found - comparisons: b8017 n1067 s1067
154 BOUVERIE STREET CARLTON 3053 --> 1 records found - comparisons: b9641 n1067 s1067
506/18 LINCOLN SQUARE N CARLTON 3053 --> 1 records found - comparisons: b8009 n1067 s1067
603/668 SWANSTON STREET CARLTON 3053 --> 1 records found - comparisons: b8031 n1067 s1067
603/18 LINCOLN SQUARE N CARLTON 3053 --> 1 records found - comparisons: b8039 n1067 s1067
501/223 BERKELEY STREET MELBOURNE 3000 --> 1 records found - comparisons: b8012 n1067 s1067
503/223 BERKELEY STREET MELBOURNE 3000 --> 1 records found - comparisons: b8017 n1067 s1067
504/223 BERKELEY STREET MELBOURNE 3000 --> 1 records found - comparisons: b8017 n1067 s1067
506/223 BERKELEY STREET MELBOURNE 3000 --> 1 records found - comparisons: b8019 n1067 s1067
508/223 BERKELEY STREET MELBOURNE 3000 --> 1 records found - comparisons: b7957 n1067 s1067
601/223 BERKELEY STREET MELBOURNE 3000 --> 1 records found - comparisons: b8044 n1067 s1067
604/223 BERKELEY STREET MELBOURNE 3000 --> 1 records found - comparisons: b8057 n1067 s1067
605/223 BERKELEY STREET MELBOURNE 3000 --> 1 records found - comparisons: b8052 n1067 s1067
606/223 BERKELEY STREET MELBOURNE 3000 --> 1 records found - comparisons: b8035 n1067 s1067
607/223 BERKELEY STREET MELBOURNE 3000 --> 1 records found - comparisons: b8035 n1067 s1067
608/223 BERKELEY STREET MELBOURNE 3000 --> 1 records found - comparisons: b7989 n1067 s1067
705/18 LINCOLN SQUARE N CARLTON 3053 --> 1 records found - comparisons: b7978 n1067 s1067
835-871 SWANSTON STREET PARKVILLE 3052 --> 1 records found - comparisons: b6327 n1067 s1067
247-253 BOUVERIE STREET CARLTON 3053 --> 1 records found - comparisons: b8583 n1067 s1067
8-14 MALVINA PLACE CARLTON 3053 --> 1 records found - comparisons: b6168 n1067 s1067
609/223 BERKELEY STREET MELBOURNE 3000 --> 1 records found - comparisons: b7987 n1067 s1067
703/223 BERKELEY STREET MELBOURNE 3000 --> 1 records found - comparisons: b7988 n1067 s1067
706/223 BERKELEY STREET MELBOURNE 3000 --> 1 records found - comparisons: b7971 n1067 s1067
707/223 BERKELEY STREET MELBOURNE 3000 --> 1 records found - comparisons: b7971 n1067 s1067
709/223 BERKELEY STREET MELBOURNE 3000 --> 1 records found - comparisons: b7933 n1067 s1067
710/223 BERKELEY STREET MELBOURNE 3000 --> 1 records found - comparisons: b7743 n1067 s1067
83 BARRY STREET CARLTON 3053 --> 1 records found - comparisons: b6247 n1067 s1067
792 ELIZABETH STREET MELBOURNE 3000 --> 1 records found - comparisons: b7471 n1067 s1067
5/201 GRATTAN STREET CARLTON 3053 --> 1 records found - comparisons: b7378 n1067 s1067
176-180 LEICESTER STREET CARLTON 3053 --> 1 records found - comparisons: b9637 n1067 s1067
119 ROYAL PARADE PARKVILLE 3052 --> 1 records found - comparisons: b9803 n1067 s1067
16S/151 BERKELEY STREET MELBOURNE 3000 --> 1 records found - comparisons: b9567 n1067 s1067
17S/151 BERKELEY STREET MELBOURNE 3000 --> 1 records found - comparisons: b9567 n1067 s1067
19S/151 BERKELEY STREET MELBOURNE 3000 --> 1 records found - comparisons: b9237 n1067 s1067
20S/151 BERKELEY STREET MELBOURNE 3000 --> 1 records found - comparisons: b8828 n1067 s1067
21S/151 BERKELEY STREET MELBOURNE 3000 --> 1 records found - comparisons: b8736 n1067 s1067
22S/151 BERKELEY STREET MELBOURNE 3000 --> 1 records found - comparisons: b8678 n1067 s1067
24S/151 BERKELEY STREET MELBOURNE 3000 --> 1 records found - comparisons: b8529 n1067 s1067
25S/151 BERKELEY STREET MELBOURNE 3000 --> 1 records found - comparisons: b8519 n1067 s1067
57-63 COLLEGE CRESCENT PARKVILLE 3052 --> 1 records found - comparisons: b7512 n1067 s1067
26S/151 BERKELEY STREET MELBOURNE 3000 --> 1 records found - comparisons: b8515 n1067 s1067
1207/151 BERKELEY STREET MELBOURNE 3000 --> 1 records found - comparisons: b9800 n1067 s1067
1301/151 BERKELEY STREET MELBOURNE 3000 --> 1 records found - comparisons: b9784 n1067 s1067
1302/151 BERKELEY STREET MELBOURNE 3000 --> 1 records found - comparisons: b9785 n1067 s1067
1303/151 BERKELEY STREET MELBOURNE 3000 --> 1 records found - comparisons: b9764 n1067 s1067
1304/151 BERKELEY STREET MELBOURNE 3000 --> 1 records found - comparisons: b9762 n1067 s1067
1306/151 BERKELEY STREET MELBOURNE 3000 --> 1 records found - comparisons: b9762 n1067 s1067
1103/151 BERKELEY STREET MELBOURNE 3000 --> 1 records found - comparisons: b10074 n1067 s1067
1104/151 BERKELEY STREET MELBOURNE 3000 --> 1 records found - comparisons: b10069 n1067 s1067
1105/151 BERKELEY STREET MELBOURNE 3000 --> 1 records found - comparisons: b10048 n1067 s1067
1106/151 BERKELEY STREET MELBOURNE 3000 --> 1 records found - comparisons: b10062 n1067 s1067
1108/151 BERKELEY STREET MELBOURNE 3000 --> 1 records found - comparisons: b10030 n1067 s1067
603/223 BERKELEY STREET MELBOURNE 3000 --> 1 records found - comparisons: b8049 n1067 s1067
609/151 BERKELEY STREET MELBOURNE 3000 --> 1 records found - comparisons: b7987 n1067 s1067
20/650 SWANSTON STREET CARLTON 3053 --> 1 records found - comparisons: b8936 n1067 s1067
313A/640 SWANSTON STREET CARLTON 3053 --> 1 records found - comparisons: b8260 n1067 s1067
140 BERKELEY STREET CARLTON 3053 --> 1 records found - comparisons: b9630 n1067 s1067
408B/640 SWANSTON STREET CARLTON 3053 --> 1 records found - comparisons: b8009 n1067 s1067
407/151 BERKELEY STREET MELBOURNE 3000 --> 1 records found - comparisons: b8084 n1067 s1067
409/151 BERKELEY STREET MELBOURNE 3000 --> 1 records found - comparisons: b8035 n1067 s1067
501/151 BERKELEY STREET MELBOURNE 3000 --> 1 records found - comparisons: b8018 n1067 s1067
502/151 BERKELEY STREET MELBOURNE 3000 --> 1 records found - comparisons: b8023 n1067 s1067
504/151 BERKELEY STREET MELBOURNE 3000 --> 1 records found - comparisons: b8023 n1067 s1067
505/151 BERKELEY STREET MELBOURNE 3000 --> 1 records found - comparisons: b8025 n1067 s1067
506/151 BERKELEY STREET MELBOURNE 3000 --> 1 records found - comparisons: b8025 n1067 s1067
507/151 BERKELEY STREET MELBOURNE 3000 --> 1 records found - comparisons: b8004 n1067 s1067
508/151 BERKELEY STREET MELBOURNE 3000 --> 1 records found - comparisons: b7957 n1067 s1067
509/151 BERKELEY STREET MELBOURNE 3000 --> 1 records found - comparisons: b7955 n1067 s1067
601/151 BERKELEY STREET MELBOURNE 3000 --> 1 records found - comparisons: b8050 n1067 s1067
602/151 BERKELEY STREET MELBOURNE 3000 --> 1 records found - comparisons: b8055 n1067 s1067
1307/151 BERKELEY STREET MELBOURNE 3000 --> 1 records found - comparisons: b9762 n1067 s1067
1308/151 BERKELEY STREET MELBOURNE 3000 --> 1 records found - comparisons: b9750 n1067 s1067
205 GRATTAN STREET CARLTON 3053 --> 1 records found - comparisons: b9076 n1067 s1067
1403/151 BERKELEY STREET MELBOURNE 3000 --> 1 records found - comparisons: b9702 n1067 s1067
1404/151 BERKELEY STREET MELBOURNE 3000 --> 1 records found - comparisons: b9703 n1067 s1067
1405/151 BERKELEY STREET MELBOURNE 3000 --> 1 records found - comparisons: b9703 n1067 s1067
1406/151 BERKELEY STREET MELBOURNE 3000 --> 1 records found - comparisons: b9703 n1067 s1067
1408/151 BERKELEY STREET MELBOURNE 3000 --> 1 records found - comparisons: b9693 n1067 s1067
1501/151 BERKELEY STREET MELBOURNE 3000 --> 1 records found - comparisons: b9755 n1067 s1067
1705/151 BERKELEY STREET MELBOURNE 3000 --> 1 records found - comparisons: b9734 n1067 s1067
1707/151 BERKELEY STREET MELBOURNE 3000 --> 1 records found - comparisons: b9734 n1067 s1067
1708/151 BERKELEY STREET MELBOURNE 3000 --> 1 records found - comparisons: b9724 n1067 s1067
1801/151 BERKELEY STREET MELBOURNE 3000 --> 1 records found - comparisons: b9375 n1067 s1067
696-708 ELIZABETH STREET MELBOURNE 3000 --> 1 records found - comparisons: b7530 n1067 s1067
1804/151 BERKELEY STREET MELBOURNE 3000 --> 1 records found - comparisons: b9379 n1067 s1067
1704/151 BERKELEY STREET MELBOURNE 3000 --> 1 records found - comparisons: b9734 n1067 s1067
308/223 BERKELEY STREET MELBOURNE 3000 --> 1 records found - comparisons: b8537 n1067 s1067
602/18 LINCOLN SQUARE N CARLTON 3053 --> 1 records found - comparisons: b8039 n1067 s1067
402/223 BERKELEY STREET MELBOURNE 3000 --> 1 records found - comparisons: b8097 n1067 s1067
604/18 LINCOLN SQUARE N CARLTON 3053 --> 1 records found - comparisons: b8047 n1067 s1067
605/18 LINCOLN SQUARE N CARLTON 3053 --> 1 records found - comparisons: b8042 n1067 s1067
702/151 BERKELEY STREET MELBOURNE 3000 --> 1 records found - comparisons: b7994 n1067 s1067
703/151 BERKELEY STREET MELBOURNE 3000 --> 1 records found - comparisons: b7994 n1067 s1067
704/151 BERKELEY STREET MELBOURNE 3000 --> 1 records found - comparisons: b7994 n1067 s1067
705/151 BERKELEY STREET MELBOURNE 3000 --> 1 records found - comparisons: b7994 n1067 s1067
707/151 BERKELEY STREET MELBOURNE 3000 --> 1 records found - comparisons: b7971 n1067 s1067
708/151 BERKELEY STREET MELBOURNE 3000 --> 1 records found - comparisons: b7933 n1067 s1067
709/151 BERKELEY STREET MELBOURNE 3000 --> 1 records found - comparisons: b7933 n1067 s1067
801/151 BERKELEY STREET MELBOURNE 3000 --> 1 records found - comparisons: b6581 n1067 s1067
803/151 BERKELEY STREET MELBOURNE 3000 --> 1 records found - comparisons: b6584 n1067 s1067
804/151 BERKELEY STREET MELBOURNE 3000 --> 1 records found - comparisons: b6579 n1067 s1067
805/151 BERKELEY STREET MELBOURNE 3000 --> 1 records found - comparisons: b6560 n1067 s1067
303B/640 SWANSTON STREET CARLTON 3053 --> 1 records found - comparisons: b8556 n1067 s1067
508B/640 SWANSTON STREET CARLTON 3053 --> 1 records found - comparisons: b7929 n1067 s1067
201B/640 SWANSTON STREET CARLTON 3053 --> 1 records found - comparisons: b9108 n1067 s1067
806/151 BERKELEY STREET MELBOURNE 3000 --> 1 records found - comparisons: b6560 n1067 s1067
808/151 BERKELEY STREET MELBOURNE 3000 --> 1 records found - comparisons: b6532 n1067 s1067
901/151 BERKELEY STREET MELBOURNE 3000 --> 1 records found - comparisons: b6588 n1067 s1067
507B/640 SWANSTON STREET CARLTON 3053 --> 1 records found - comparisons: b7976 n1067 s1067
506B/640 SWANSTON STREET CARLTON 3053 --> 1 records found - comparisons: b7978 n1067 s1067
501B/640 SWANSTON STREET CARLTON 3053 --> 1 records found - comparisons: b7971 n1067 s1067
608B/640 SWANSTON STREET CARLTON 3053 --> 1 records found - comparisons: b7961 n1067 s1067
606B/640 SWANSTON STREET CARLTON 3053 --> 1 records found - comparisons: b8007 n1067 s1067
605B/640 SWANSTON STREET CARLTON 3053 --> 1 records found - comparisons: b8011 n1067 s1067
602B/640 SWANSTON STREET CARLTON 3053 --> 1 records found - comparisons: b8008 n1067 s1067
3-4/230 GRATTAN STREET PARKVILLE 3052 --> 1 records found - comparisons: b7873 n1067 s1067
108/223 BERKELEY STREET MELBOURNE 3000 --> 1 records found - comparisons: b10215 n1067 s1067
403/223 BERKELEY STREET MELBOURNE 3000 --> 1 records found - comparisons: b8097 n1067 s1067
305B/640 SWANSTON STREET CARLTON 3053 --> 1 records found - comparisons: b8558 n1067 s1067
191-197 GRATTAN STREET CARLTON 3053 --> 1 records found - comparisons: b9251 n1067 s1067
702/223 BERKELEY STREET MELBOURNE 3000 --> 1 records found - comparisons: b7988 n1067 s1067
18S/151 BERKELEY STREET MELBOURNE 3000 --> 1 records found - comparisons: b9255 n1067 s1067
23S/151 BERKELEY STREET MELBOURNE 3000 --> 1 records found - comparisons: b8702 n1067 s1067
27S/151 BERKELEY STREET MELBOURNE 3000 --> 1 records found - comparisons: b8519 n1067 s1067
32S/151 BERKELEY STREET MELBOURNE 3000 --> 1 records found - comparisons: b8153 n1067 s1067
906/668 SWANSTON STREET CARLTON 3053 --> 1 records found - comparisons: b6551 n1067 s1067
40C/151 BERKELEY STREET MELBOURNE 3000 --> 1 records found - comparisons: b7829 n1067 s1067
41C/151 BERKELEY STREET MELBOURNE 3000 --> 1 records found - comparisons: b7745 n1067 s1067
196-198 PELHAM STREET CARLTON 3053 --> 1 records found - comparisons: b9251 n1067 s1067
201/668 SWANSTON STREET CARLTON 3053 --> 1 records found - comparisons: b9136 n1067 s1067
42C/151 BERKELEY STREET MELBOURNE 3000 --> 1 records found - comparisons: b7666 n1067 s1067
44C/151 BERKELEY STREET MELBOURNE 3000 --> 1 records found - comparisons: b7621 n1067 s1067
45C/151 BERKELEY STREET MELBOURNE 3000 --> 1 records found - comparisons: b7615 n1067 s1067
48C/151 BERKELEY STREET MELBOURNE 3000 --> 1 records found - comparisons: b7539 n1067 s1067
50C/151 BERKELEY STREET MELBOURNE 3000 --> 1 records found - comparisons: b7751 n1067 s1067
51C/151 BERKELEY STREET MELBOURNE 3000 --> 1 records found - comparisons: b7671 n1067 s1067
52C/151 BERKELEY STREET MELBOURNE 3000 --> 1 records found - comparisons: b7592 n1067 s1067
53C/151 BERKELEY STREET MELBOURNE 3000 --> 1 records found - comparisons: b7594 n1067 s1067
1S/151 BERKELEY STREET MELBOURNE 3000 --> 1 records found - comparisons: b8168 n1067 s1067
