18 PROFESSORS WALK PARKVILLE 3052 --> 1 records found - comparisons: b5198 n600 s600
783 SWANSTON STREET PARKVILLE 3052 --> 1 records found - comparisons: b4303 n600 s600
230 GRATTAN STREET PARKVILLE 3052 --> 12 records found - comparisons: b7873 n600 s600
28S/151 BERKELEY STREET MELBOURNE 3000 --> 1 records found - comparisons: b4909 n600 s600
44 PROFESSORS WALK PARKVILLE 3052 --> 3 records found - comparisons: b4856 n600 s600
170 GRATTAN STREET PARKVILLE 3052 --> 4 records found - comparisons: b6069 n600 s600
3/650 SWANSTON STREET CARLTON 3053 --> 1 records found - comparisons: b4683 n600 s600
6/650 SWANSTON STREET CARLTON 3053 --> 1 records found - comparisons: b4280 n600 s600
7/650 SWANSTON STREET CARLTON 3053 --> 1 records found - comparisons: b4260 n600 s600
48 ROYAL PARADE PARKVILLE 3052 --> 3 records found - comparisons: b4746 n600 s600
26/650 SWANSTON STREET CARLTON 3053 --> 1 records found - comparisons: b4971 n600 s600
644 SWANSTON STREET CARLTON 3053 --> 1 records found - comparisons: b4344 n600 s600
8/650 SWANSTON STREET CARLTON 3053 --> 1 records found - comparisons: b3584 n600 s600
30S/151 BERKELEY STREET MELBOURNE 3000 --> 1 records found - comparisons: b5038 n600 s600
31S/151 BERKELEY STREET MELBOURNE 3000 --> 1 records found - comparisons: b4966 n600 s600
33S/151 BERKELEY STREET MELBOURNE 3000 --> 1 records found - comparisons: b4907 n600 s600
34S/151 BERKELEY STREET MELBOURNE 3000 --> 1 records found - comparisons: b4849 n600 s600
650 SWANSTON STREET CARLTON 3053 --> 1 records found - comparisons: b4325 n600 s600
6/201 GRATTAN STREET CARLTON 3053 --> 1 records found - comparisons: b4282 n600 s600
1807/151 BERKELEY STREET MELBOURNE 3000 --> 1 records found - comparisons: b5261 n600 s600
1808/151 BERKELEY STREET MELBOURNE 3000 --> 1 records found - comparisons: b5256 n600 s600
1M/151 BERKELEY STREET MELBOURNE 3000 --> 1 records found - comparisons: b4645 n600 s600
3M/151 BERKELEY STREET MELBOURNE 3000 --> 1 records found - comparisons: b4520 n600 s600
1C/151 BERKELEY STREET MELBOURNE 3000 --> 1 records found - comparisons: b4645 n600 s600
3C/151 BERKELEY STREET MELBOURNE 3000 --> 1 records found - comparisons: b4520 n600 s600
4C/151 BERKELEY STREET MELBOURNE 3000 --> 1 records found - comparisons: b4182 n600 s600
6C/151 BERKELEY STREET MELBOURNE 3000 --> 1 records found - comparisons: b4181 n600 s600
7C/151 BERKELEY STREET MELBOURNE 3000 --> 1 records found - comparisons: b4175 n600 s600
8C/151 BERKELEY STREET MELBOURNE 3000 --> 1 records found - comparisons: b3530 n600 s600
9C/151 BERKELEY STREET MELBOURNE 3000 --> 1 records found - comparisons: b3536 n600 s600
10C/151 BERKELEY STREET MELBOURNE 3000 --> 1 records found - comparisons: b5486 n600 s600
11C/151 BERKELEY STREET MELBOURNE 3000 --> 1 records found - comparisons: b5432 n600 s600
12C/151 BERKELEY STREET MELBOURNE 3000 --> 1 records found - comparisons: b5392 n600 s600
13C/151 BERKELEY STREET MELBOURNE 3000 --> 1 records found - comparisons: b5382 n600 s600
14C/151 BERKELEY STREET MELBOURNE 3000 --> 1 records found - comparisons: b5334 n600 s600
604-640 SWANSTON STREET CARLTON 3053 --> 1 records found - comparisons: b4555 n600 s600
506A/640 SWANSTON STREET CARLTON 3053 --> 1 records found - comparisons: b4487 n600 s600
210A/640 SWANSTON STREET CARLTON 3053 --> 1 records found - comparisons: b5169 n600 s600
2/224 PELHAM STREET MELBOURNE 3000 --> 1 records found - comparisons: b4782 n600 s600
15C/151 BERKELEY STREET MELBOURNE 3000 --> 1 records found - comparisons: b5336 n600 s600
16C/151 BERKELEY STREET MELBOURNE 3000 --> 1 records found - comparisons: b5314 n600 s600
8S/151 BERKELEY STREET MELBOURNE 3000 --> 1 records found - comparisons: b3530 n600 s600
9S/151 BERKELEY STREET MELBOURNE 3000 --> 1 records found - comparisons: b3536 n600 s600
10S/151 BERKELEY STREET MELBOURNE 3000 --> 1 records found - comparisons: b5486 n600 s600
11S/151 BERKELEY STREET MELBOURNE 3000 --> 1 records found - comparisons: b5432 n600 s600
12S/151 BERKELEY STREET MELBOURNE 3000 --> 1 records found - comparisons: b5392 n600 s600
14S/151 BERKELEY STREET MELBOURNE 3000 --> 1 records found - comparisons: b5334 n600 s600
15S/151 BERKELEY STREET MELBOURNE 3000 --> 1 records found - comparisons: b5336 n600 s600
95-129 BARRY STREET CARLTON 3053 --> 1 records found - comparisons: b3608 n600 s600
139 BARRY STREET CARLTON 3053 --> 1 records found - comparisons: b5344 n600 s600
213-221 BERKELEY STREET MELBOURNE 3000 --> 1 records found - comparisons: b5181 n600 s600
214 BERKELEY STREET CARLTON 3053 --> 1 records found - comparisons: b5118 n600 s600
208-210 BERKELEY STREET CARLTON 3053 --> 1 records found - comparisons: b5333 n600 s600
1103/18 LINCOLN SQUARE N CARLTON 3053 --> 1 records found - comparisons: b5527 n600 s600
247-249 BOUVERIE STREET CARLTON 3053 --> 2 records found - comparisons: b5278 n600 s600
1203/18 LINCOLN SQUARE N CARLTON 3053 --> 1 records found - comparisons: b5529 n600 s600
30 ROYAL PARADE PARKVILLE 3052 --> 6 records found - comparisons: b6206 n600 s600
201/223 BERKELEY STREET MELBOURNE 3000 --> 1 records found - comparisons: b5420 n600 s600
1302/18 LINCOLN SQUARE N CARLTON 3053 --> 1 records found - comparisons: b5406 n600 s600
305/18 LINCOLN SQUARE N CARLTON 3053 --> 1 records found - comparisons: b5233 n600 s600
202-206 BERKELEY STREET CARLTON 3053 --> 1 records found - comparisons: b5397 n600 s600
604/151 BERKELEY STREET MELBOURNE 3000 --> 1 records found - comparisons: b4578 n600 s600
605/151 BERKELEY STREET MELBOURNE 3000 --> 1 records found - comparisons: b4569 n600 s600
606/151 BERKELEY STREET MELBOURNE 3000 --> 1 records found - comparisons: b4567 n600 s600
607/151 BERKELEY STREET MELBOURNE 3000 --> 1 records found - comparisons: b4567 n600 s600
608/151 BERKELEY STREET MELBOURNE 3000 --> 1 records found - comparisons: b4546 n600 s600
903A/640 SWANSTON STREET CARLTON 3053 --> 1 records found - comparisons: b3787 n600 s600
604A/640 SWANSTON STREET CARLTON 3053 --> 1 records found - comparisons: b4553 n600 s600
131-137 BARRY STREET CARLTON 3053 --> 1 records found - comparisons: b5368 n600 s600
601A/640 SWANSTON STREET CARLTON 3053 --> 1 records found - comparisons: b4555 n600 s600
206B/640 SWANSTON STREET CARLTON 3053 --> 1 records found - comparisons: b5387 n600 s600
303A/640 SWANSTON STREET CARLTON 3053 --> 1 records found - comparisons: b5203 n600 s600
205A/640 SWANSTON STREET CARLTON 3053 --> 1 records found - comparisons: b5382 n600 s600
213 BERKELEY STREET MELBOURNE 3000 --> 1 records found - comparisons: b5149 n600 s600
11 PROFESSORS WALK PARKVILLE 3052 --> 2 records found - comparisons: b5682 n600 s600
13/650 SWANSTON STREET CARLTON 3053 --> 1 records found - comparisons: b5374 n600 s600
400B/640 SWANSTON STREET CARLTON 3053 --> 1 records found - comparisons: b4591 n600 s600
16 WILSON AVENUE PARKVILLE 3052 --> 2 records found - comparisons: b5504 n600 s600
1110/640 SWANSTON STREET CARLTON 3053 --> 1 records found - comparisons: b5492 n600 s600
1082/640 SWANSTON STREET CARLTON 3053 --> 1 records found - comparisons: b5647 n600 s600
108A/640 SWANSTON STREET CARLTON 3053 --> 1 records found - comparisons: b5629 n600 s600
143-151 BARRY STREET CARLTON 3053 --> 1 records found - comparisons: b5325 n600 s600
1080/640 SWANSTON STREET CARLTON 3053 --> 1 records found - comparisons: b5647 n600 s600
4/133 ROYAL PARADE PARKVILLE 3052 --> 1 records found - comparisons: b4260 n600 s600
ROYAL PARADE PARKVILLE 3052 --> 1 records found - comparisons: b1430 n600 s600
22C/151 BERKELEY STREET MELBOURNE 3000 --> 1 records found - comparisons: b5088 n600 s600
49 COLLEGE CRESCENT PARKVILLE 3052 --> 1 records found - comparisons: b4316 n600 s600
156-180 BERKELEY STREET CARLTON 3053 --> 1 records found - comparisons: b5367 n600 s600
224 PELHAM STREET MELBOURNE 3000 --> 1 records found - comparisons: b5058 n600 s600
601B/640 SWANSTON STREET CARLTON 3053 --> 1 records found - comparisons: b4555 n600 s600
312/668 SWANSTON STREET CARLTON 3053 --> 1 records found - comparisons: b4982 n600 s600
1201/151 BERKELEY STREET MELBOURNE 3000 --> 1 records found - comparisons: b5543 n600 s600
1202/151 BERKELEY STREET MELBOURNE 3000 --> 1 records found - comparisons: b5545 n600 s600
1204/151 BERKELEY STREET MELBOURNE 3000 --> 1 records found - comparisons: b5519 n600 s600
1205/151 BERKELEY STREET MELBOURNE 3000 --> 1 records found - comparisons: b5519 n600 s600
17C/151 BERKELEY STREET MELBOURNE 3000 --> 1 records found - comparisons: b5320 n600 s600
18C/151 BERKELEY STREET MELBOURNE 3000 --> 1 records found - comparisons: b5192 n600 s600
602/223 BERKELEY STREET MELBOURNE 3000 --> 1 records found - comparisons: b4555 n600 s600
701/223 BERKELEY STREET MELBOURNE 3000 --> 1 records found - comparisons: b4558 n600 s600
19C/151 BERKELEY STREET MELBOURNE 3000 --> 1 records found - comparisons: b5178 n600 s600
20C/151 BERKELEY STREET MELBOURNE 3000 --> 1 records found - comparisons: b5199 n600 s600
21C/151 BERKELEY STREET MELBOURNE 3000 --> 1 records found - comparisons: b5131 n600 s600
G4-G5/230 GRATTAN STREET PARKVILLE 3052 --> 1 records found - comparisons: b1532 n600 s600
25C/151 BERKELEY STREET MELBOURNE 3000 --> 1 records found - comparisons: b5002 n600 s600
209/223 BERKELEY STREET MELBOURNE 3000 --> 1 records found - comparisons: b5357 n600 s600
206/223 BERKELEY STREET MELBOURNE 3000 --> 1 records found - comparisons: b5428 n600 s600
107/151 BERKELEY STREET MELBOURNE 3000 --> 1 records found - comparisons: b5687 n600 s600
912/668 SWANSTON STREET CARLTON 3053 --> 1 records found - comparisons: b3741 n600 s600
780-782 ELIZABETH STREET MELBOURNE 3000 --> 2 records found - comparisons: b4640 n600 s600
203/668 SWANSTON STREET CARLTON 3053 --> 1 records found - comparisons: b5408 n600 s600
23/650 SWANSTON STREET CARLTON 3053 --> 1 records found - comparisons: b5118 n600 s600
BERKELEY STREET MELBOURNE 3000 --> 1 records found - comparisons: b1459 n600 s600
301B/640 SWANSTON STREET CARLTON 3053 --> 1 records found - comparisons: b5199 n600 s600
206A/640 SWANSTON STREET CARLTON 3053 --> 1 records found - comparisons: b5387 n600 s600
505/668 SWANSTON STREET CARLTON 3053 --> 1 records found - comparisons: b4511 n600 s600
201 GRATTAN STREET CARLTON 3053 --> 1 records found - comparisons: b5344 n600 s600
108/151 BERKELEY STREET MELBOURNE 3000 --> 1 records found - comparisons: b5645 n600 s600
690 ELIZABETH STREET MELBOURNE 3000 --> 1 records found - comparisons: b4308 n600 s600
201/151 BERKELEY STREET MELBOURNE 3000 --> 1 records found - comparisons: b5426 n600 s600
909A/640 SWANSTON STREET CARLTON 3053 --> 1 records found - comparisons: b3773 n600 s600
802A/640 SWANSTON STREET CARLTON 3053 --> 1 records found - comparisons: b3738 n600 s600
202/151 BERKELEY STREET MELBOURNE 3000 --> 1 records found - comparisons: b5434 n600 s600
311A/640 SWANSTON STREET CARLTON 3053 --> 1 records found - comparisons: b4992 n600 s600
202/668 SWANSTON STREET CARLTON 3053 --> 1 records found - comparisons: b5411 n600 s600
411/668 SWANSTON STREET CARLTON 3053 --> 1 records found - comparisons: b4461 n600 s600
504/668 SWANSTON STREET CARLTON 3053 --> 1 records found - comparisons: b4497 n600 s600
601/668 SWANSTON STREET CARLTON 3053 --> 1 records found - comparisons: b4554 n600 s600
920/668 SWANSTON STREET CARLTON 3053 --> 1 records found - comparisons: b3681 n600 s600
611/668 SWANSTON STREET CARLTON 3053 --> 1 records found - comparisons: b4419 n600 s600
907A/640 SWANSTON STREET CARLTON 3053 --> 1 records found - comparisons: b3786 n600 s600
603B/640 SWANSTON STREET CARLTON 3053 --> 1 records found - comparisons: b4554 n600 s600
403B/640 SWANSTON STREET CARLTON 3053 --> 1 records found - comparisons: b4611 n600 s600
905A/640 SWANSTON STREET CARLTON 3053 --> 1 records found - comparisons: b3788 n600 s600
306A/640 SWANSTON STREET CARLTON 3053 --> 1 records found - comparisons: b5212 n600 s600
185 PELHAM STREET CARLTON 3053 --> 2 records found - comparisons: b5388 n600 s600
709/668 SWANSTON STREET CARLTON 3053 --> 1 records found - comparisons: b4504 n600 s600
18/650 SWANSTON STREET CARLTON 3053 --> 1 records found - comparisons: b5196 n600 s600
23C/151 BERKELEY STREET MELBOURNE 3000 --> 1 records found - comparisons: b5110 n600 s600
308/151 BERKELEY STREET MELBOURNE 3000 --> 1 records found - comparisons: b5194 n600 s600
26C/151 BERKELEY STREET MELBOURNE 3000 --> 1 records found - comparisons: b4995 n600 s600
408/151 BERKELEY STREET MELBOURNE 3000 --> 1 records found - comparisons: b4610 n600 s600
208A/640 SWANSTON STREET CARLTON 3053 --> 1 records found - comparisons: b5336 n600 s600
706/151 BERKELEY STREET MELBOURNE 3000 --> 1 records found - comparisons: b4548 n600 s600
807/151 BERKELEY STREET MELBOURNE 3000 --> 1 records found - comparisons: b3735 n600 s600
904/151 BERKELEY STREET MELBOURNE 3000 --> 1 records found - comparisons: b3815 n600 s600
27C/151 BERKELEY STREET MELBOURNE 3000 --> 1 records found - comparisons: b4995 n600 s600
LYGON STREET CARLTON NORTH 3054 --> 1 records found - comparisons: b1465 n600 s600
28C/151 BERKELEY STREET MELBOURNE 3000 --> 1 records found - comparisons: b4909 n600 s600
30C/151 BERKELEY STREET MELBOURNE 3000 --> 1 records found - comparisons: b5038 n600 s600
676 SWANSTON STREET CARLTON 3053 --> 1 records found - comparisons: b4349 n600 s600
1104/18 LINCOLN SQUARE N CARLTON 3053 --> 1 records found - comparisons: b5523 n600 s600
1201/18 LINCOLN SQUARE N CARLTON 3053 --> 1 records found - comparisons: b5527 n600 s600
31C/151 BERKELEY STREET MELBOURNE 3000 --> 1 records found - comparisons: b4966 n600 s600
1202/18 LINCOLN SQUARE N CARLTON 3053 --> 1 records found - comparisons: b5529 n600 s600
111A/640 SWANSTON STREET CARLTON 3053 --> 1 records found - comparisons: b5492 n600 s600
110A/640 SWANSTON STREET CARLTON 3053 --> 1 records found - comparisons: b5502 n600 s600
106A/640 SWANSTON STREET CARLTON 3053 --> 1 records found - comparisons: b5660 n600 s600
105A/640 SWANSTON STREET CARLTON 3053 --> 1 records found - comparisons: b5654 n600 s600
104A/640 SWANSTON STREET CARLTON 3053 --> 1 records found - comparisons: b5656 n600 s600
101A/640 SWANSTON STREET CARLTON 3053 --> 1 records found - comparisons: b5688 n600 s600
1012A/640 SWANSTON STREET CARLTON 3053 --> 1 records found - comparisons: b5707 n600 s600
1010A/640 SWANSTON STREET CARLTON 3053 --> 1 records found - comparisons: b5708 n600 s600
1009A/640 SWANSTON STREET CARLTON 3053 --> 1 records found - comparisons: b5704 n600 s600
1007A/640 SWANSTON STREET CARLTON 3053 --> 1 records found - comparisons: b5709 n600 s600
705/223 BERKELEY STREET MELBOURNE 3000 --> 1 records found - comparisons: b4551 n600 s600
708/223 BERKELEY STREET MELBOURNE 3000 --> 1 records found - comparisons: b4534 n600 s600
309/668 SWANSTON STREET CARLTON 3053 --> 1 records found - comparisons: b5176 n600 s600
206/18 LINCOLN SQUARE N CARLTON 3053 --> 1 records found - comparisons: b5418 n600 s600
303/18 LINCOLN SQUARE N CARLTON 3053 --> 1 records found - comparisons: b5226 n600 s600
308B/640 SWANSTON STREET CARLTON 3053 --> 1 records found - comparisons: b5179 n600 s600
404/18 LINCOLN SQUARE N CARLTON 3053 --> 1 records found - comparisons: b4619 n600 s600
406/18 LINCOLN SQUARE N CARLTON 3053 --> 1 records found - comparisons: b4608 n600 s600
503/18 LINCOLN SQUARE N CARLTON 3053 --> 1 records found - comparisons: b4513 n600 s600
305/151 BERKELEY STREET MELBOURNE 3000 --> 1 records found - comparisons: b5249 n600 s600
306/151 BERKELEY STREET MELBOURNE 3000 --> 1 records found - comparisons: b5264 n600 s600
771 SWANSTON STREET PARKVILLE 3052 --> 1 records found - comparisons: b4316 n600 s600
720 SWANSTON STREET CARLTON 3053 --> 3 records found - comparisons: b4819 n600 s600
24 WILSON AVENUE PARKVILLE 3052 --> 1 records found - comparisons: b4961 n600 s600
270 GRATTAN STREET PARKVILLE 3052 --> 1 records found - comparisons: b4955 n600 s600
165 BERKELEY STREET MELBOURNE 3000 --> 1 records found - comparisons: b5314 n600 s600
307/151 BERKELEY STREET MELBOURNE 3000 --> 1 records found - comparisons: b5243 n600 s600
9/650 SWANSTON STREET CARLTON 3053 --> 1 records found - comparisons: b3590 n600 s600
309/151 BERKELEY STREET MELBOURNE 3000 --> 1 records found - comparisons: b5192 n600 s600
401/151 BERKELEY STREET MELBOURNE 3000 --> 1 records found - comparisons: b4599 n600 s600
402/151 BERKELEY STREET MELBOURNE 3000 --> 1 records found - comparisons: b4643 n600 s600
404/151 BERKELEY STREET MELBOURNE 3000 --> 1 records found - comparisons: b4635 n600 s600
405/151 BERKELEY STREET MELBOURNE 3000 --> 1 records found - comparisons: b4621 n600 s600
406/151 BERKELEY STREET MELBOURNE 3000 --> 1 records found - comparisons: b4624 n600 s600
606/668 SWANSTON STREET CARLTON 3053 --> 1 records found - comparisons: b4551 n600 s600
607/668 SWANSTON STREET CARLTON 3053 --> 1 records found - comparisons: b4551 n600 s600
609/668 SWANSTON STREET CARLTON 3053 --> 1 records found - comparisons: b4518 n600 s600
610/668 SWANSTON STREET CARLTON 3053 --> 1 records found - comparisons: b4419 n600 s600
612/668 SWANSTON STREET CARLTON 3053 --> 1 records found - comparisons: b4421 n600 s600
705/668 SWANSTON STREET CARLTON 3053 --> 1 records found - comparisons: b4535 n600 s600
707/668 SWANSTON STREET CARLTON 3053 --> 1 records found - comparisons: b4520 n600 s600
200B/640 SWANSTON STREET CARLTON 3053 --> 1 records found - comparisons: b5377 n600 s600
36C/151 BERKELEY STREET MELBOURNE 3000 --> 1 records found - comparisons: b4838 n600 s600
37C/151 BERKELEY STREET MELBOURNE 3000 --> 1 records found - comparisons: b4838 n600 s600
39C/151 BERKELEY STREET MELBOURNE 3000 --> 1 records found - comparisons: b4769 n600 s600
7 UNION ROAD PARKVILLE 3052 --> 1 records found - comparisons: b4204 n600 s600
4 WILSON AVENUE PARKVILLE 3052 --> 1 records found - comparisons: b4226 n600 s600
23 PROFESSORS WALK PARKVILLE 3052 --> 1 records found - comparisons: b5109 n600 s600
6/135 ROYAL PARADE PARKVILLE 3052 --> 1 records found - comparisons: b4274 n600 s600
101B/640 SWANSTON STREET CARLTON 3053 --> 1 records found - comparisons: b5688 n600 s600
3/201 GRATTAN STREET CARLTON 3053 --> 1 records found - comparisons: b4674 n600 s600
13 WILSON AVENUE PARKVILLE 3052 --> 1 records found - comparisons: b5351 n600 s600
1206/151 BERKELEY STREET MELBOURNE 3000 --> 1 records found - comparisons: b5518 n600 s600
305/668 SWANSTON STREET CARLTON 3053 --> 1 records found - comparisons: b5226 n600 s600
35 WILSON AVENUE PARKVILLE 3052 --> 1 records found - comparisons: b4806 n600 s600
35 MASSON ROAD PARKVILLE 3052 --> 1 records found - comparisons: b4790 n600 s600
31 MASSON ROAD PARKVILLE 3052 --> 1 records found - comparisons: b4906 n600 s600
23 MASSON ROAD PARKVILLE 3052 --> 1 records found - comparisons: b5077 n600 s600
8 SPENCER ROAD PARKVILLE 3052 --> 1 records found - comparisons: b3567 n600 s600
17 SPENCER ROAD PARKVILLE 3052 --> 1 records found - comparisons: b5273 n600 s600
20 UNION ROAD PARKVILLE 3052 --> 1 records found - comparisons: b5221 n600 s600
47 PROFESSORS WALK PARKVILLE 3052 --> 1 records found - comparisons: b4343 n600 s600
56 ROYAL PARADE PARKVILLE 3052 --> 1 records found - comparisons: b4232 n600 s600
33 MEDICAL ROAD PARKVILLE 3052 --> 1 records found - comparisons: b4863 n600 s600
38 ROYAL PARADE PARKVILLE 3052 --> 1 records found - comparisons: b4705 n600 s600
25 MEDICAL ROAD PARKVILLE 3052 --> 1 records found - comparisons: b4941 n600 s600
6 MEDICAL ROAD PARKVILLE 3052 --> 1 records found - comparisons: b4213 n600 s600
66 TIN ALLEY PARKVILLE 3052 --> 1 records found - comparisons: b4292 n600 s600
155 BARRY STREET CARLTON 3053 --> 1 records found - comparisons: b5294 n600 s600
213A/640 SWANSTON STREET CARLTON 3053 --> 1 records found - comparisons: b5170 n600 s600
153 BARRY STREET CARLTON 3053 --> 1 records found - comparisons: b5291 n600 s600
701-713 SWANSTON STREET CARLTON 3053 --> 1 records found - comparisons: b4534 n600 s600
1203/151 BERKELEY STREET MELBOURNE 3000 --> 1 records found - comparisons: b5545 n600 s600
1208/151 BERKELEY STREET MELBOURNE 3000 --> 1 records found - comparisons: b5508 n600 s600
1305/151 BERKELEY STREET MELBOURNE 3000 --> 1 records found - comparisons: b5422 n600 s600
1402/151 BERKELEY STREET MELBOURNE 3000 --> 1 records found - comparisons: b5382 n600 s600
1407/151 BERKELEY STREET MELBOURNE 3000 --> 1 records found - comparisons: b5382 n600 s600
1702/151 BERKELEY STREET MELBOURNE 3000 --> 1 records found - comparisons: b5387 n600 s600
199-203 GRATTAN STREET CARLTON 3053 --> 1 records found - comparisons: b5172 n600 s600
10/650 SWANSTON STREET CARLTON 3053 --> 1 records found - comparisons: b5544 n600 s600
203/151 BERKELEY STREET MELBOURNE 3000 --> 1 records found - comparisons: b5425 n600 s600
204/151 BERKELEY STREET MELBOURNE 3000 --> 1 records found - comparisons: b5432 n600 s600
205/151 BERKELEY STREET MELBOURNE 3000 --> 1 records found - comparisons: b5426 n600 s600
810A/640 SWANSTON STREET CARLTON 3053 --> 1 records found - comparisons: b3677 n600 s600
209A/640 SWANSTON STREET CARLTON 3053 --> 1 records found - comparisons: b5336 n600 s600
200 LEICESTER STREET CARLTON 3053 --> 1 records found - comparisons: b5345 n600 s600
103A/640 SWANSTON STREET CARLTON 3053 --> 1 records found - comparisons: b5666 n600 s600
203B/640 SWANSTON STREET CARLTON 3053 --> 1 records found - comparisons: b5395 n600 s600
1001A/640 SWANSTON STREET CARLTON 3053 --> 1 records found - comparisons: b5710 n600 s600
206/151 BERKELEY STREET MELBOURNE 3000 --> 1 records found - comparisons: b5434 n600 s600
208/151 BERKELEY STREET MELBOURNE 3000 --> 1 records found - comparisons: b5349 n600 s600
209/151 BERKELEY STREET MELBOURNE 3000 --> 1 records found - comparisons: b5357 n600 s600
301/151 BERKELEY STREET MELBOURNE 3000 --> 1 records found - comparisons: b5238 n600 s600
302/151 BERKELEY STREET MELBOURNE 3000 --> 1 records found - comparisons: b5242 n600 s600
304/151 BERKELEY STREET MELBOURNE 3000 --> 1 records found - comparisons: b5264 n600 s600
503/151 BERKELEY STREET MELBOURNE 3000 --> 1 records found - comparisons: b4529 n600 s600
603/151 BERKELEY STREET MELBOURNE 3000 --> 1 records found - comparisons: b4557 n600 s600
35/230 GRATTAN STREET PARKVILLE 3052 --> 1 records found - comparisons: b4839 n600 s600
6/230 GRATTAN STREET PARKVILLE 3052 --> 1 records found - comparisons: b4298 n600 s600
45/230 GRATTAN STREET PARKVILLE 3052 --> 1 records found - comparisons: b4368 n600 s600
33/230 GRATTAN STREET PARKVILLE 3052 --> 1 records found - comparisons: b4895 n600 s600
5/230 GRATTAN STREET PARKVILLE 3052 --> 1 records found - comparisons: b4229 n600 s600
1/230 GRATTAN STREET PARKVILLE 3052 --> 1 records found - comparisons: b5003 n600 s600
183-195 BOUVERIE STREET CARLTON 3053 --> 1 records found - comparisons: b5214 n600 s600
42/230 GRATTAN STREET PARKVILLE 3052 --> 1 records found - comparisons: b4394 n600 s600
644-658 SWANSTON STREET CARLTON 3053 --> 1 records found - comparisons: b4376 n600 s600
704/223 BERKELEY STREET MELBOURNE 3000 --> 1 records found - comparisons: b4550 n600 s600
39/230 GRATTAN STREET PARKVILLE 3052 --> 1 records found - comparisons: b4753 n600 s600
7/230 GRATTAN STREET PARKVILLE 3052 --> 1 records found - comparisons: b4277 n600 s600
8/230 GRATTAN STREET PARKVILLE 3052 --> 1 records found - comparisons: b3601 n600 s600
12/230 GRATTAN STREET PARKVILLE 3052 --> 1 records found - comparisons: b5410 n600 s600
34/230 GRATTAN STREET PARKVILLE 3052 --> 1 records found - comparisons: b4831 n600 s600
204/668 SWANSTON STREET CARLTON 3053 --> 1 records found - comparisons: b5408 n600 s600
801/668 SWANSTON STREET CARLTON 3053 --> 1 records found - comparisons: b3738 n600 s600
2B/230 GRATTAN STREET PARKVILLE 3052 --> 1 records found - comparisons: b4571 n600 s600
67/230 GRATTAN STREET PARKVILLE 3052 --> 1 records found - comparisons: b4376 n600 s600
75/230 GRATTAN STREET PARKVILLE 3052 --> 1 records found - comparisons: b4325 n600 s600
2/133 ROYAL PARADE PARKVILLE 3052 --> 1 records found - comparisons: b4774 n600 s600
68/230 GRATTAN STREET PARKVILLE 3052 --> 1 records found - comparisons: b4312 n600 s600
50/230 GRATTAN STREET PARKVILLE 3052 --> 1 records found - comparisons: b4428 n600 s600
51/230 GRATTAN STREET PARKVILLE 3052 --> 1 records found - comparisons: b4365 n600 s600
52/230 GRATTAN STREET PARKVILLE 3052 --> 1 records found - comparisons: b4312 n600 s600
53/230 GRATTAN STREET PARKVILLE 3052 --> 1 records found - comparisons: b4312 n600 s600
9/230 GRATTAN STREET PARKVILLE 3052 --> 1 records found - comparisons: b3607 n600 s600
309A/640 SWANSTON STREET CARLTON 3053 --> 1 records found - comparisons: b5172 n600 s600
2A/230 GRATTAN STREET PARKVILLE 3052 --> 1 records found - comparisons: b4571 n600 s600
69/230 GRATTAN STREET PARKVILLE 3052 --> 1 records found - comparisons: b4316 n600 s600
919/668 SWANSTON STREET CARLTON 3053 --> 1 records found - comparisons: b3729 n600 s600
40/230 GRATTAN STREET PARKVILLE 3052 --> 1 records found - comparisons: b4530 n600 s600
505/223 BERKELEY STREET MELBOURNE 3000 --> 1 records found - comparisons: b4528 n600 s600
103/223 BERKELEY STREET MELBOURNE 3000 --> 1 records found - comparisons: b5700 n600 s600
165 GRATTAN STREET CARLTON 3053 --> 1 records found - comparisons: b5290 n600 s600
139 ROYAL PARADE PARKVILLE 3052 --> 1 records found - comparisons: b5360 n600 s600
179 GRATTAN STREET CARLTON 3053 --> 1 records found - comparisons: b5286 n600 s600
601/18 LINCOLN SQUARE N CARLTON 3053 --> 1 records found - comparisons: b4554 n600 s600
505/18 LINCOLN SQUARE N CARLTON 3053 --> 1 records found - comparisons: b4512 n600 s600
ELIZABETH STREET MELBOURNE 3000 --> 1 records found - comparisons: b1468 n600 s600
815 SWANSTON STREET PARKVILLE 3052 --> 1 records found - comparisons: b3650 n600 s600
222-224 PELHAM STREET MELBOURNE 3000 --> 1 records found - comparisons: b5090 n600 s600
678 SWANSTON STREET CARLTON 3053 --> 1 records found - comparisons: b4347 n600 s600
141 BARRY STREET CARLTON 3053 --> 1 records found - comparisons: b5308 n600 s600
1/743-751 SWANSTON STREET CARLTON 3053 --> 1 records found - comparisons: b5017 n600 s600
14 KERNOT ROAD PARKVILLE 3052 --> 3 records found - comparisons: b5718 n600 s600
7 SPENCER ROAD PARKVILLE 3052 --> 2 records found - comparisons: b4438 n600 s600
5C/151 BERKELEY STREET MELBOURNE 3000 --> 1 records found - comparisons: b4154 n600 s600
24C/151 BERKELEY STREET MELBOURNE 3000 --> 1 records found - comparisons: b5008 n600 s600
15/650 SWANSTON STREET CARLTON 3053 --> 1 records found - comparisons: b5334 n600 s600
8/201 GRATTAN STREET CARLTON 3053 --> 1 records found - comparisons: b3585 n600 s600
18 SPENCER ROAD PARKVILLE 3052 --> 2 records found - comparisons: b5391 n600 s600
199 GRATTAN STREET CARLTON 3053 --> 1 records found - comparisons: b5140 n600 s600
202A/640 SWANSTON STREET CARLTON 3053 --> 1 records found - comparisons: b5395 n600 s600
201A/640 SWANSTON STREET CARLTON 3053 --> 1 records found - comparisons: b5383 n600 s600
1706/151 BERKELEY STREET MELBOURNE 3000 --> 1 records found - comparisons: b5387 n600 s600
1805/151 BERKELEY STREET MELBOURNE 3000 --> 1 records found - comparisons: b5260 n600 s600
2M/151 BERKELEY STREET MELBOURNE 3000 --> 1 records found - comparisons: b4577 n600 s600
805/668 SWANSTON STREET CARLTON 3053 --> 1 records found - comparisons: b3719 n600 s600
802/151 BERKELEY STREET MELBOURNE 3000 --> 1 records found - comparisons: b3765 n600 s600
18-20 LINCOLN SQUARE N CARLTON 3053 --> 1 records found - comparisons: b5196 n600 s600
303/151 BERKELEY STREET MELBOURNE 3000 --> 1 records found - comparisons: b5242 n600 s600
163 GRATTAN STREET CARLTON 3053 --> 1 records found - comparisons: b5275 n600 s600
672 SWANSTON STREET CARLTON 3053 --> 2 records found - comparisons: b4591 n600 s600
205/668 SWANSTON STREET CARLTON 3053 --> 1 records found - comparisons: b5403 n600 s600
301/668 SWANSTON STREET CARLTON 3053 --> 1 records found - comparisons: b5215 n600 s600
302/668 SWANSTON STREET CARLTON 3053 --> 1 records found - comparisons: b5219 n600 s600
303/668 SWANSTON STREET CARLTON 3053 --> 1 records found - comparisons: b5219 n600 s600
922/668 SWANSTON STREET CARLTON 3053 --> 1 records found - comparisons: b3681 n600 s600
402B/640 SWANSTON STREET CARLTON 3053 --> 1 records found - comparisons: b4604 n600 s600
403/151 BERKELEY STREET MELBOURNE 3000 --> 1 records found - comparisons: b4645 n600 s600
502B/640 SWANSTON STREET CARLTON 3053 --> 1 records found - comparisons: b4495 n600 s600
307/223 BERKELEY STREET MELBOURNE 3000 --> 1 records found - comparisons: b5243 n600 s600
701/151 BERKELEY STREET MELBOURNE 3000 --> 1 records found - comparisons: b4558 n600 s600
101/151 BERKELEY STREET MELBOURNE 3000 --> 1 records found - comparisons: b5729 n600 s600
102/151 BERKELEY STREET MELBOURNE 3000 --> 1 records found - comparisons: b5670 n600 s600
103/151 BERKELEY STREET MELBOURNE 3000 --> 1 records found - comparisons: b5706 n600 s600
104/151 BERKELEY STREET MELBOURNE 3000 --> 1 records found - comparisons: b5683 n600 s600
105/151 BERKELEY STREET MELBOURNE 3000 --> 1 records found - comparisons: b5662 n600 s600
106/151 BERKELEY STREET MELBOURNE 3000 --> 1 records found - comparisons: b5687 n600 s600
1107/151 BERKELEY STREET MELBOURNE 3000 --> 1 records found - comparisons: b5539 n600 s600
1096/640 SWANSTON STREET CARLTON 3053 --> 1 records found - comparisons: b5619 n600 s600
1075/640 SWANSTON STREET CARLTON 3053 --> 1 records found - comparisons: b5678 n600 s600
29C/151 BERKELEY STREET MELBOURNE 3000 --> 1 records found - comparisons: b4913 n600 s600
33C/151 BERKELEY STREET MELBOURNE 3000 --> 1 records found - comparisons: b4907 n600 s600
38C/151 BERKELEY STREET MELBOURNE 3000 --> 1 records found - comparisons: b4769 n600 s600
43C/151 BERKELEY STREET MELBOURNE 3000 --> 1 records found - comparisons: b4410 n600 s600
304/223 BERKELEY STREET MELBOURNE 3000 --> 1 records found - comparisons: b5258 n600 s600
205-211 GRATTAN STREET CARLTON 3053 --> 1 records found - comparisons: b5381 n600 s600
8 MONASH ROAD PARKVILLE 3052 --> 2 records found - comparisons: b3774 n600 s600
49C/151 BERKELEY STREET MELBOURNE 3000 --> 1 records found - comparisons: b4348 n600 s600
13S/151 BERKELEY STREET MELBOURNE 3000 --> 1 records found - comparisons: b5382 n600 s600
1/224 PELHAM STREET MELBOURNE 3000 --> 1 records found - comparisons: b4995 n600 s600
1/650 SWANSTON STREET CARLTON 3053 --> 1 records found - comparisons: b4985 n600 s600
409A/640 SWANSTON STREET CARLTON 3053 --> 1 records found - comparisons: b4575 n600 s600
408/223 BERKELEY STREET MELBOURNE 3000 --> 1 records found - comparisons: b4610 n600 s600
112A/640 SWANSTON STREET CARLTON 3053 --> 1 records found - comparisons: b5483 n600 s600
196 PELHAM STREET CARLTON 3053 --> 1 records found - comparisons: b5124 n600 s600
15 MONASH ROAD PARKVILLE 3052 --> 4 records found - comparisons: b5943 n600 s600
1806/151 BERKELEY STREET MELBOURNE 3000 --> 1 records found - comparisons: b5261 n600 s600
100A/640 SWANSTON STREET CARLTON 3053 --> 1 records found - comparisons: b5681 n600 s600
11 MONASH ROAD PARKVILLE 3052 --> 1 records found - comparisons: b5406 n600 s600
8 PORTERS LANE PARKVILLE 3052 --> 2 records found - comparisons: b3784 n600 s600
2 PORTERS LANE PARKVILLE 3052 --> 3 records found - comparisons: b5187 n600 s600
709A/640 SWANSTON STREET CARLTON 3053 --> 1 records found - comparisons: b4512 n600 s600
203A/640 SWANSTON STREET CARLTON 3053 --> 1 records found - comparisons: b5395 n600 s600
212 BERKELEY STREET CARLTON 3053 --> 1 records found - comparisons: b5126 n600 s600
17/650 SWANSTON STREET CARLTON 3053 --> 1 records found - comparisons: b5313 n600 s600
40 COLLEGE CRESCENT PARKVILLE 3052 --> 1 records found - comparisons: b4514 n600 s600
910A/640 SWANSTON STREET CARLTON 3053 --> 1 records found - comparisons: b3750 n600 s600
12/650 SWANSTON STREET CARLTON 3053 --> 1 records found - comparisons: b5402 n600 s600
406B/640 SWANSTON STREET CARLTON 3053 --> 1 records found - comparisons: b4602 n600 s600
19/650 SWANSTON STREET CARLTON 3053 --> 1 records found - comparisons: b5165 n600 s600
202B/640 SWANSTON STREET CARLTON 3053 --> 1 records found - comparisons: b5395 n600 s600
29-55 COLLEGE CRESCENT PARKVILLE 3052 --> 1 records found - comparisons: b4913 n600 s600
226 PELHAM STREET MELBOURNE 3000 --> 2 records found - comparisons: b5299 n600 s600
20 LINCOLN SQUARE N CARLTON 3053 --> 1 records found - comparisons: b5257 n600 s600
101/18 LINCOLN SQUARE N CARLTON 3053 --> 1 records found - comparisons: b5713 n600 s600
103/18 LINCOLN SQUARE N CARLTON 3053 --> 1 records found - comparisons: b5690 n600 s600
104/18 LINCOLN SQUARE N CARLTON 3053 --> 1 records found - comparisons: b5667 n600 s600
106/18 LINCOLN SQUARE N CARLTON 3053 --> 1 records found - comparisons: b5671 n600 s600
201/18 LINCOLN SQUARE N CARLTON 3053 --> 1 records found - comparisons: b5410 n600 s600
304/668 SWANSTON STREET CARLTON 3053 --> 1 records found - comparisons: b5240 n600 s600
307/668 SWANSTON STREET CARLTON 3053 --> 1 records found - comparisons: b5226 n600 s600
310/668 SWANSTON STREET CARLTON 3053 --> 1 records found - comparisons: b4984 n600 s600
402/668 SWANSTON STREET CARLTON 3053 --> 1 records found - comparisons: b4620 n600 s600
403/668 SWANSTON STREET CARLTON 3053 --> 1 records found - comparisons: b4622 n600 s600
408/668 SWANSTON STREET CARLTON 3053 --> 1 records found - comparisons: b4593 n600 s600
409/668 SWANSTON STREET CARLTON 3053 --> 1 records found - comparisons: b4567 n600 s600
149-155 BERKELEY STREET MELBOURNE 3000 --> 1 records found - comparisons: b5356 n600 s600
202/18 LINCOLN SQUARE N CARLTON 3053 --> 1 records found - comparisons: b5418 n600 s600
204/18 LINCOLN SQUARE N CARLTON 3053 --> 1 records found - comparisons: b5416 n600 s600
205/18 LINCOLN SQUARE N CARLTON 3053 --> 1 records found - comparisons: b5410 n600 s600
243-245 BOUVERIE STREET CARLTON 3053 --> 1 records found - comparisons: b5004 n600 s600
19-27 COLLEGE CRESCENT PARKVILLE 3052 --> 1 records found - comparisons: b5181 n600 s600
900A/640 SWANSTON STREET CARLTON 3053 --> 1 records found - comparisons: b3785 n600 s600
640 SWANSTON STREET CARLTON 3053 --> 1 records found - comparisons: b4337 n600 s600
908A/640 SWANSTON STREET CARLTON 3053 --> 1 records found - comparisons: b3775 n600 s600
901A/640 SWANSTON STREET CARLTON 3053 --> 1 records found - comparisons: b3787 n600 s600
812A/640 SWANSTON STREET CARLTON 3053 --> 1 records found - comparisons: b3676 n600 s600
811A/640 SWANSTON STREET CARLTON 3053 --> 1 records found - comparisons: b3677 n600 s600
147-149 BARRY STREET CARLTON 3053 --> 1 records found - comparisons: b5321 n600 s600
809A/640 SWANSTON STREET CARLTON 3053 --> 1 records found - comparisons: b3712 n600 s600
410/668 SWANSTON STREET CARLTON 3053 --> 1 records found - comparisons: b4459 n600 s600
412/668 SWANSTON STREET CARLTON 3053 --> 1 records found - comparisons: b4457 n600 s600
503/668 SWANSTON STREET CARLTON 3053 --> 1 records found - comparisons: b4506 n600 s600
506/668 SWANSTON STREET CARLTON 3053 --> 1 records found - comparisons: b4479 n600 s600
509/668 SWANSTON STREET CARLTON 3053 --> 1 records found - comparisons: b4474 n600 s600
510/668 SWANSTON STREET CARLTON 3053 --> 1 records found - comparisons: b4377 n600 s600
101/223 BERKELEY STREET MELBOURNE 3000 --> 1 records found - comparisons: b5723 n600 s600
603A/640 SWANSTON STREET CARLTON 3053 --> 1 records found - comparisons: b4554 n600 s600
602A/640 SWANSTON STREET CARLTON 3053 --> 1 records found - comparisons: b4547 n600 s600
514A/640 SWANSTON STREET CARLTON 3053 --> 1 records found - comparisons: b4380 n600 s600
511A/640 SWANSTON STREET CARLTON 3053 --> 1 records found - comparisons: b4387 n600 s600
509A/640 SWANSTON STREET CARLTON 3053 --> 1 records found - comparisons: b4470 n600 s600
710/668 SWANSTON STREET CARLTON 3053 --> 1 records found - comparisons: b4408 n600 s600
803/668 SWANSTON STREET CARLTON 3053 --> 1 records found - comparisons: b3728 n600 s600
508A/640 SWANSTON STREET CARLTON 3053 --> 1 records found - comparisons: b4466 n600 s600
507A/640 SWANSTON STREET CARLTON 3053 --> 1 records found - comparisons: b4485 n600 s600
505A/640 SWANSTON STREET CARLTON 3053 --> 1 records found - comparisons: b4495 n600 s600
504A/640 SWANSTON STREET CARLTON 3053 --> 1 records found - comparisons: b4493 n600 s600
308/668 SWANSTON STREET CARLTON 3053 --> 1 records found - comparisons: b5178 n600 s600
311/668 SWANSTON STREET CARLTON 3053 --> 1 records found - comparisons: b4984 n600 s600
502A/640 SWANSTON STREET CARLTON 3053 --> 1 records found - comparisons: b4495 n600 s600
301/18 LINCOLN SQUARE N CARLTON 3053 --> 1 records found - comparisons: b5222 n600 s600
302/18 LINCOLN SQUARE N CARLTON 3053 --> 1 records found - comparisons: b5226 n600 s600
304/18 LINCOLN SQUARE N CARLTON 3053 --> 1 records found - comparisons: b5248 n600 s600
306/18 LINCOLN SQUARE N CARLTON 3053 --> 1 records found - comparisons: b5248 n600 s600
402/18 LINCOLN SQUARE N CARLTON 3053 --> 1 records found - comparisons: b4627 n600 s600
403/18 LINCOLN SQUARE N CARLTON 3053 --> 1 records found - comparisons: b4629 n600 s600
405/18 LINCOLN SQUARE N CARLTON 3053 --> 1 records found - comparisons: b4605 n600 s600
501/18 LINCOLN SQUARE N CARLTON 3053 --> 1 records found - comparisons: b4488 n600 s600
502/18 LINCOLN SQUARE N CARLTON 3053 --> 1 records found - comparisons: b4482 n600 s600
806A/640 SWANSTON STREET CARLTON 3053 --> 1 records found - comparisons: b3727 n600 s600
803A/640 SWANSTON STREET CARLTON 3053 --> 1 records found - comparisons: b3736 n600 s600
504/18 LINCOLN SQUARE N CARLTON 3053 --> 1 records found - comparisons: b4497 n600 s600
203/223 BERKELEY STREET MELBOURNE 3000 --> 1 records found - comparisons: b5425 n600 s600
204/223 BERKELEY STREET MELBOURNE 3000 --> 1 records found - comparisons: b5426 n600 s600
911A/640 SWANSTON STREET CARLTON 3053 --> 1 records found - comparisons: b3752 n600 s600
800A/640 SWANSTON STREET CARLTON 3053 --> 1 records found - comparisons: b3732 n600 s600
710A/640 SWANSTON STREET CARLTON 3053 --> 1 records found - comparisons: b4416 n600 s600
708A/640 SWANSTON STREET CARLTON 3053 --> 1 records found - comparisons: b4514 n600 s600
707A/640 SWANSTON STREET CARLTON 3053 --> 1 records found - comparisons: b4528 n600 s600
705A/640 SWANSTON STREET CARLTON 3053 --> 1 records found - comparisons: b4531 n600 s600
63 MORRISON CLOSE PARKVILLE 3052 --> 1 records found - comparisons: b4339 n600 s600
702A/640 SWANSTON STREET CARLTON 3053 --> 1 records found - comparisons: b4531 n600 s600
701A/640 SWANSTON STREET CARLTON 3053 --> 1 records found - comparisons: b4532 n600 s600
501/668 SWANSTON STREET CARLTON 3053 --> 1 records found - comparisons: b4488 n600 s600
223 BERKELEY STREET MELBOURNE 3000 --> 1 records found - comparisons: b5074 n600 s600
702/668 SWANSTON STREET CARLTON 3053 --> 1 records found - comparisons: b4535 n600 s600
612A/640 SWANSTON STREET CARLTON 3053 --> 1 records found - comparisons: b4429 n600 s600
609A/640 SWANSTON STREET CARLTON 3053 --> 1 records found - comparisons: b4526 n600 s600
418A/640 SWANSTON STREET CARLTON 3053 --> 1 records found - comparisons: b4458 n600 s600
411A/640 SWANSTON STREET CARLTON 3053 --> 1 records found - comparisons: b4469 n600 s600
3/743-751 SWANSTON STREET CARLTON 3053 --> 1 records found - comparisons: b4715 n600 s600
702/18 LINCOLN SQUARE N CARLTON 3053 --> 1 records found - comparisons: b4535 n600 s600
703/18 LINCOLN SQUARE N CARLTON 3053 --> 1 records found - comparisons: b4533 n600 s600
704/18 LINCOLN SQUARE N CARLTON 3053 --> 1 records found - comparisons: b4534 n600 s600
801/18 LINCOLN SQUARE N CARLTON 3053 --> 1 records found - comparisons: b3738 n600 s600
802/18 LINCOLN SQUARE N CARLTON 3053 --> 1 records found - comparisons: b3749 n600 s600
206/668 SWANSTON STREET CARLTON 3053 --> 1 records found - comparisons: b5410 n600 s600
804/18 LINCOLN SQUARE N CARLTON 3053 --> 1 records found - comparisons: b3719 n600 s600
901/18 LINCOLN SQUARE N CARLTON 3053 --> 1 records found - comparisons: b3779 n600 s600
1/143 ROYAL PARADE PARKVILLE 3052 --> 1 records found - comparisons: b4985 n600 s600
903/18 LINCOLN SQUARE N CARLTON 3053 --> 1 records found - comparisons: b3779 n600 s600
904/18 LINCOLN SQUARE N CARLTON 3053 --> 1 records found - comparisons: b3799 n600 s600
1002/18 LINCOLN SQUARE N CARLTON 3053 --> 1 records found - comparisons: b5703 n600 s600
1003/18 LINCOLN SQUARE N CARLTON 3053 --> 1 records found - comparisons: b5703 n600 s600
1101/18 LINCOLN SQUARE N CARLTON 3053 --> 1 records found - comparisons: b5525 n600 s600
1102/18 LINCOLN SQUARE N CARLTON 3053 --> 1 records found - comparisons: b5541 n600 s600
304A/640 SWANSTON STREET CARLTON 3053 --> 1 records found - comparisons: b5212 n600 s600
406A/640 SWANSTON STREET CARLTON 3053 --> 1 records found - comparisons: b4602 n600 s600
403A/640 SWANSTON STREET CARLTON 3053 --> 1 records found - comparisons: b4611 n600 s600
414A/640 SWANSTON STREET CARLTON 3053 --> 1 records found - comparisons: b4462 n600 s600
314A/640 SWANSTON STREET CARLTON 3053 --> 1 records found - comparisons: b4982 n600 s600
312A/640 SWANSTON STREET CARLTON 3053 --> 1 records found - comparisons: b4990 n600 s600
239-241 BOUVERIE STREET CARLTON 3053 --> 1 records found - comparisons: b5136 n600 s600
30 KERNOT ROAD PARKVILLE 3052 --> 1 records found - comparisons: b5098 n600 s600
310A/640 SWANSTON STREET CARLTON 3053 --> 1 records found - comparisons: b4992 n600 s600
308A/640 SWANSTON STREET CARLTON 3053 --> 1 records found - comparisons: b5179 n600 s600
307A/640 SWANSTON STREET CARLTON 3053 --> 1 records found - comparisons: b5210 n600 s600
305A/640 SWANSTON STREET CARLTON 3053 --> 1 records found - comparisons: b5210 n600 s600
161 BARRY STREET CARLTON 3053 --> 1 records found - comparisons: b5259 n600 s600
1/133 ROYAL PARADE PARKVILLE 3052 --> 1 records found - comparisons: b4985 n600 s600
156-290 GRATTAN STREET PARKVILLE 3052 --> 1 records found - comparisons: b5375 n600 s600
32 LINCOLN SQUARE N CARLTON 3053 --> 1 records found - comparisons: b4851 n600 s600
5/135 ROYAL PARADE PARKVILLE 3052 --> 1 records found - comparisons: b4213 n600 s600
512A/640 SWANSTON STREET CARLTON 3053 --> 1 records found - comparisons: b4383 n600 s600
924/668 SWANSTON STREET CARLTON 3053 --> 1 records found - comparisons: b3680 n600 s600
46 TIN ALLEY PARKVILLE 3052 --> 2 records found - comparisons: b4503 n600 s600
24/650 SWANSTON STREET CARLTON 3053 --> 1 records found - comparisons: b4993 n600 s600
509/223 BERKELEY STREET MELBOURNE 3000 --> 1 records found - comparisons: b4490 n600 s600
129-133 ROYAL PARADE PARKVILLE 3052 --> 1 records found - comparisons: b5403 n600 s600
3/133 ROYAL PARADE PARKVILLE 3052 --> 1 records found - comparisons: b4674 n600 s600
33 MONASH ROAD PARKVILLE 3052 --> 1 records found - comparisons: b4855 n600 s600
5/650 SWANSTON STREET CARLTON 3053 --> 1 records found - comparisons: b4220 n600 s600
21/650 SWANSTON STREET CARLTON 3053 --> 1 records found - comparisons: b5125 n600 s600
216 BERKELEY STREET CARLTON 3053 --> 1 records found - comparisons: b5118 n600 s600
608/668 SWANSTON STREET CARLTON 3053 --> 1 records found - comparisons: b4530 n600 s600
32C/151 BERKELEY STREET MELBOURNE 3000 --> 1 records found - comparisons: b4899 n600 s600
34C/151 BERKELEY STREET MELBOURNE 3000 --> 1 records found - comparisons: b4849 n600 s600
35C/151 BERKELEY STREET MELBOURNE 3000 --> 1 records found - comparisons: b4849 n600 s600
706/668 SWANSTON STREET CARLTON 3053 --> 1 records found - comparisons: b4532 n600 s600
715-721 SWANSTON STREET CARLTON 3053 --> 2 records found - comparisons: b4685 n600 s600
11/230 GRATTAN STREET PARKVILLE 3052 --> 1 records found - comparisons: b5457 n600 s600
2/701 SWANSTON STREET CARLTON 3053 --> 1 records found - comparisons: b4781 n600 s600
102B/640 SWANSTON STREET CARLTON 3053 --> 1 records found - comparisons: b5662 n600 s600
11/650 SWANSTON STREET CARLTON 3053 --> 1 records found - comparisons: b5449 n600 s600
8 MEDICAL ROAD PARKVILLE 3052 --> 1 records found - comparisons: b3579 n600 s600
13 PORTERS LANE PARKVILLE 3052 --> 1 records found - comparisons: b5343 n600 s600
404/668 SWANSTON STREET CARLTON 3053 --> 1 records found - comparisons: b4612 n600 s600
25/650 SWANSTON STREET CARLTON 3053 --> 1 records found - comparisons: b4981 n600 s600
511/668 SWANSTON STREET CARLTON 3053 --> 1 records found - comparisons: b4379 n600 s600
207/668 SWANSTON STREET CARLTON 3053 --> 1 records found - comparisons: b5364 n600 s600
306/668 SWANSTON STREET CARLTON 3053 --> 1 records found - comparisons: b5240 n600 s600
604/668 SWANSTON STREET CARLTON 3053 --> 1 records found - comparisons: b4562 n600 s600
605/668 SWANSTON STREET CARLTON 3053 --> 1 records found - comparisons: b4553 n600 s600
210-214 LEICESTER STREET CARLTON 3053 --> 2 records found - comparisons: b5447 n600 s600
127 ROYAL PARADE PARKVILLE 3052 --> 1 records found - comparisons: b5381 n600 s600
306/223 BERKELEY STREET MELBOURNE 3000 --> 1 records found - comparisons: b5258 n600 s600
51 MASSON ROAD PARKVILLE 3052 --> 1 records found - comparisons: b4309 n600 s600
905/668 SWANSTON STREET CARLTON 3053 --> 1 records found - comparisons: b3780 n600 s600
916/668 SWANSTON STREET CARLTON 3053 --> 1 records found - comparisons: b3739 n600 s600
1 UNION ROAD PARKVILLE 3052 --> 1 records found - comparisons: b4882 n600 s600
917/668 SWANSTON STREET CARLTON 3053 --> 1 records found - comparisons: b3739 n600 s600
1011A/640 SWANSTON STREET CARLTON 3053 --> 1 records found - comparisons: b5708 n600 s600
20 MONASH ROAD PARKVILLE 3052 --> 1 records found - comparisons: b5233 n600 s600
157-159 BARRY STREET CARLTON 3053 --> 1 records found - comparisons: b5328 n600 s600
85 BARRY STREET CARLTON 3053 --> 1 records found - comparisons: b3546 n600 s600
1102/640 SWANSTON STREET CARLTON 3053 --> 1 records found - comparisons: b5541 n600 s600
1073/640 SWANSTON STREET CARLTON 3053 --> 1 records found - comparisons: b5678 n600 s600
1135/640 SWANSTON STREET CARLTON 3053 --> 1 records found - comparisons: b5483 n600 s600
1083/640 SWANSTON STREET CARLTON 3053 --> 1 records found - comparisons: b5647 n600 s600
2033/640 SWANSTON STREET CARLTON 3053 --> 1 records found - comparisons: b5396 n600 s600
1081/640 SWANSTON STREET CARLTON 3053 --> 1 records found - comparisons: b5647 n600 s600
302B/640 SWANSTON STREET CARLTON 3053 --> 1 records found - comparisons: b5203 n600 s600
902/668 SWANSTON STREET CARLTON 3053 --> 1 records found - comparisons: b3777 n600 s600
135-137 ROYAL PARADE PARKVILLE 3052 --> 1 records found - comparisons: b5380 n600 s600
29 COLLEGE CRESCENT PARKVILLE 3052 --> 2 records found - comparisons: b5148 n600 s600
2 ROYAL PARADE PARKVILLE 3052 --> 1 records found - comparisons: b4753 n600 s600
81-87 BARRY STREET CARLTON 3053 --> 1 records found - comparisons: b3620 n600 s600
908/151 BERKELEY STREET MELBOURNE 3000 --> 1 records found - comparisons: b3783 n600 s600
914/668 SWANSTON STREET CARLTON 3053 --> 1 records found - comparisons: b3738 n600 s600
907/668 SWANSTON STREET CARLTON 3053 --> 1 records found - comparisons: b3778 n600 s600
911/668 SWANSTON STREET CARLTON 3053 --> 1 records found - comparisons: b3744 n600 s600
913/668 SWANSTON STREET CARLTON 3053 --> 1 records found - comparisons: b3741 n600 s600
703/668 SWANSTON STREET CARLTON 3053 --> 1 records found - comparisons: b4533 n600 s600
774-782 ELIZABETH STREET MELBOURNE 3000 --> 1 records found - comparisons: b4356 n600 s600
708/668 SWANSTON STREET CARLTON 3053 --> 1 records found - comparisons: b4518 n600 s600
660-674 SWANSTON STREET CARLTON 3053 --> 1 records found - comparisons: b4364 n600 s600
1005/151 BERKELEY STREET MELBOURNE 3000 --> 1 records found - comparisons: b5717 n600 s600
9/201 GRATTAN STREET CARLTON 3053 --> 1 records found - comparisons: b3591 n600 s600
7/201 GRATTAN STREET CARLTON 3053 --> 1 records found - comparisons: b4261 n600 s600
4/201 GRATTAN STREET CARLTON 3053 --> 1 records found - comparisons: b4260 n600 s600
158-164 BOUVERIE STREET CARLTON 3053 --> 1 records found - comparisons: b5343 n600 s600
715 SWANSTON STREET CARLTON 3053 --> 1 records found - comparisons: b4386 n600 s600
292 GRATTAN STREET PARKVILLE 3052 --> 1 records found - comparisons: b4879 n600 s600
107 TIN ALLEY PARKVILLE 3052 --> 3 records found - comparisons: b6013 n600 s600
786-798 ELIZABETH STREET MELBOURNE 3000 --> 1 records found - comparisons: b4341 n600 s600
141 ROYAL PARADE PARKVILLE 3052 --> 1 records found - comparisons: b5324 n600 s600
921/668 SWANSTON STREET CARLTON 3053 --> 0 records found - comparisons: b3409 n600 s600
757 SWANSTON STREET PARKVILLE 3052 --> 0 records found - comparisons: b4049 n600 s600
407/668 SWANSTON STREET CARLTON 3053 --> 0 records found - comparisons: b4311 n600 s600
107/223 BERKELEY STREET MELBOURNE 3000 --> 0 records found - comparisons: b5414 n600 s600
405A/640 SWANSTON STREET CARLTON 3053 --> 0 records found - comparisons: b4316 n600 s600
902A/640 SWANSTON STREET CARLTON 3053 --> 0 records found - comparisons: b3507 n600 s600
197-203 BOUVERIE STREET CARLTON 3053 --> 0 records found - comparisons: b4900 n600 s600
225-235 BOUVERIE STREET CARLTON 3053 --> 0 records found - comparisons: b4818 n600 s600
207-223 BOUVERIE STREET CARLTON 3053 --> 0 records found - comparisons: b5099 n600 s600
8/135 ROYAL PARADE PARKVILLE 3052 --> 0 records found - comparisons: b3328 n600 s600
228 PELHAM STREET MELBOURNE 3000 --> 0 records found - comparisons: b4809 n600 s600
803/18 LINCOLN SQUARE N CARLTON 3053 --> 0 records found - comparisons: b3470 n600 s600
706A/640 SWANSTON STREET CARLTON 3053 --> 0 records found - comparisons: b4250 n600 s600
704A/640 SWANSTON STREET CARLTON 3053 --> 0 records found - comparisons: b4251 n600 s600
212A/640 SWANSTON STREET CARLTON 3053 --> 0 records found - comparisons: b4888 n600 s600
213-217 GRATTAN STREET CARLTON 3053 --> 0 records found - comparisons: b4916 n600 s600
902/18 LINCOLN SQUARE N CARLTON 3053 --> 0 records found - comparisons: b3519 n600 s600
1000A/640 SWANSTON STREET CARLTON 3053 --> 0 records found - comparisons: b5430 n600 s600
87 TIN ALLEY PARKVILLE 3052 --> 0 records found - comparisons: b3329 n600 s600
41 MEDICAL ROAD PARKVILLE 3052 --> 0 records found - comparisons: b4169 n600 s600
9 MEDICAL ROAD PARKVILLE 3052 --> 0 records found - comparisons: b3305 n600 s600
1/196 PELHAM STREET CARLTON 3053 --> 0 records found - comparisons: b4741 n600 s600
1S/650 SWANSTON STREET CARLTON 3053 --> 0 records found - comparisons: b4352 n600 s600
1001/18 LINCOLN SQUARE N CARLTON 3053 --> 0 records found - comparisons: b5432 n600 s600
7/135 ROYAL PARADE PARKVILLE 3052 --> 0 records found - comparisons: b4004 n600 s600
2/196 PELHAM STREET CARLTON 3053 --> 0 records found - comparisons: b4531 n600 s600
680-682 SWANSTON STREET CARLTON 3053 --> 0 records found - comparisons: b4036 n600 s600
904/668 SWANSTON STREET CARLTON 3053 --> 0 records found - comparisons: b3534 n600 s600
121-125 ROYAL PARADE PARKVILLE 3052 --> 0 records found - comparisons: b5167 n600 s600
167 GRATTAN STREET CARLTON 3053 --> 0 records found - comparisons: b5042 n600 s600
1004/18 LINCOLN SQUARE N CARLTON 3053 --> 0 records found - comparisons: b5429 n600 s600
22-40 LINCOLN SQUARE N CARLTON 3053 --> 0 records found - comparisons: b4804 n600 s600
703A/640 SWANSTON STREET CARLTON 3053 --> 0 records found - comparisons: b4251 n600 s600
1008A/640 SWANSTON STREET CARLTON 3053 --> 0 records found - comparisons: b5424 n600 s600
164-170 PELHAM STREET CARLTON 3053 --> 0 records found - comparisons: b5044 n600 s600
53 PROFESSORS WALK PARKVILLE 3052 --> 0 records found - comparisons: b4037 n600 s600
175 GRATTAN STREET CARLTON 3053 --> 0 records found - comparisons: b5057 n600 s600
22/650 SWANSTON STREET CARLTON 3053 --> 0 records found - comparisons: b4804 n600 s600
110/223 BERKELEY STREET MELBOURNE 3000 --> 0 records found - comparisons: b5236 n600 s600
915/668 SWANSTON STREET CARLTON 3053 --> 0 records found - comparisons: b3466 n600 s600
908/668 SWANSTON STREET CARLTON 3053 --> 0 records found - comparisons: b3509 n600 s600
906A/640 SWANSTON STREET CARLTON 3053 --> 0 records found - comparisons: b3504 n600 s600
610A/640 SWANSTON STREET CARLTON 3053 --> 0 records found - comparisons: b4149 n600 s600
207A/640 SWANSTON STREET CARLTON 3053 --> 0 records found - comparisons: b5094 n600 s600
107A/640 SWANSTON STREET CARLTON 3053 --> 0 records found - comparisons: b5388 n600 s600
1003A/640 SWANSTON STREET CARLTON 3053 --> 0 records found - comparisons: b5433 n600 s600
510/223 BERKELEY STREET MELBOURNE 3000 --> 0 records found - comparisons: b4119 n600 s600
714-736 SWANSTON STREET CARLTON 3053 --> 0 records found - comparisons: b4136 n600 s600
167-171 BERKELEY STREET MELBOURNE 3000 --> 0 records found - comparisons: b5042 n600 s600
1/701 SWANSTON STREET CARLTON 3053 --> 0 records found - comparisons: b4735 n600 s600
807A/640 SWANSTON STREET CARLTON 3053 --> 0 records found - comparisons: b3449 n600 s600
805A/640 SWANSTON STREET CARLTON 3053 --> 0 records found - comparisons: b3449 n600 s600
501A/640 SWANSTON STREET CARLTON 3053 --> 0 records found - comparisons: b4206 n600 s600
410A/640 SWANSTON STREET CARLTON 3053 --> 0 records found - comparisons: b4189 n600 s600
20-24 CHURCH STREET CARLTON 3053 --> 0 records found - comparisons: b4996 n600 s600
211A/640 SWANSTON STREET CARLTON 3053 --> 0 records found - comparisons: b4885 n600 s600
190-192 PELHAM STREET CARLTON 3053 --> 0 records found - comparisons: b4898 n600 s600
607A/640 SWANSTON STREET CARLTON 3053 --> 0 records found - comparisons: b4269 n600 s600
401/668 SWANSTON STREET CARLTON 3053 --> 0 records found - comparisons: b4325 n600 s600
405/668 SWANSTON STREET CARLTON 3053 --> 0 records found - comparisons: b4340 n600 s600
723-741 SWANSTON STREET CARLTON 3053 --> 0 records found - comparisons: b4096 n600 s600
608A/640 SWANSTON STREET CARLTON 3053 --> 0 records found - comparisons: b4248 n600 s600
102/223 BERKELEY STREET MELBOURNE 3000 --> 0 records found - comparisons: b5397 n600 s600
405/223 BERKELEY STREET MELBOURNE 3000 --> 0 records found - comparisons: b4342 n600 s600
202/223 BERKELEY STREET MELBOURNE 3000 --> 0 records found - comparisons: b5155 n600 s600
205/223 BERKELEY STREET MELBOURNE 3000 --> 0 records found - comparisons: b5147 n600 s600
207/223 BERKELEY STREET MELBOURNE 3000 --> 0 records found - comparisons: b5106 n600 s600
210/223 BERKELEY STREET MELBOURNE 3000 --> 0 records found - comparisons: b4901 n600 s600
301/223 BERKELEY STREET MELBOURNE 3000 --> 0 records found - comparisons: b4959 n600 s600
302/223 BERKELEY STREET MELBOURNE 3000 --> 0 records found - comparisons: b4963 n600 s600
309/223 BERKELEY STREET MELBOURNE 3000 --> 0 records found - comparisons: b4919 n600 s600
401/223 BERKELEY STREET MELBOURNE 3000 --> 0 records found - comparisons: b4326 n600 s600
404/223 BERKELEY STREET MELBOURNE 3000 --> 0 records found - comparisons: b4356 n600 s600
406/223 BERKELEY STREET MELBOURNE 3000 --> 0 records found - comparisons: b4345 n600 s600
407/223 BERKELEY STREET MELBOURNE 3000 --> 0 records found - comparisons: b4311 n600 s600
409/223 BERKELEY STREET MELBOURNE 3000 --> 0 records found - comparisons: b4309 n600 s600
410/223 BERKELEY STREET MELBOURNE 3000 --> 0 records found - comparisons: b4201 n600 s600
14/650 SWANSTON STREET CARLTON 3053 --> 0 records found - comparisons: b5061 n600 s600
151 BARRY STREET CARLTON 3053 --> 0 records found - comparisons: b5074 n600 s600
701B/640 SWANSTON STREET CARLTON 3053 --> 0 records found - comparisons: b4259 n600 s600
505B/640 SWANSTON STREET CARLTON 3053 --> 0 records found - comparisons: b4222 n600 s600
503B/640 SWANSTON STREET CARLTON 3053 --> 0 records found - comparisons: b4212 n600 s600
500B/640 SWANSTON STREET CARLTON 3053 --> 0 records found - comparisons: b4202 n600 s600
407B/640 SWANSTON STREET CARLTON 3053 --> 0 records found - comparisons: b4311 n600 s600
408A/640 SWANSTON STREET CARLTON 3053 --> 0 records found - comparisons: b4299 n600 s600
301A/640 SWANSTON STREET CARLTON 3053 --> 0 records found - comparisons: b4926 n600 s600
404A/640 SWANSTON STREET CARLTON 3053 --> 0 records found - comparisons: b4318 n600 s600
174 LEICESTER STREET CARLTON 3053 --> 0 records found - comparisons: b5057 n600 s600
910/668 SWANSTON STREET CARLTON 3053 --> 0 records found - comparisons: b3472 n600 s600
300B/640 SWANSTON STREET CARLTON 3053 --> 0 records found - comparisons: b4913 n600 s600
105B/640 SWANSTON STREET CARLTON 3053 --> 0 records found - comparisons: b5381 n600 s600
405B/640 SWANSTON STREET CARLTON 3053 --> 0 records found - comparisons: b4316 n600 s600
712A/640 SWANSTON STREET CARLTON 3053 --> 0 records found - comparisons: b4132 n600 s600
711A/640 SWANSTON STREET CARLTON 3053 --> 0 records found - comparisons: b4134 n600 s600
611A/640 SWANSTON STREET CARLTON 3053 --> 0 records found - comparisons: b4149 n600 s600
513A/640 SWANSTON STREET CARLTON 3053 --> 0 records found - comparisons: b4103 n600 s600
510A/640 SWANSTON STREET CARLTON 3053 --> 0 records found - comparisons: b4107 n600 s600
103B/640 SWANSTON STREET CARLTON 3053 --> 0 records found - comparisons: b5393 n600 s600
100B/640 SWANSTON STREET CARLTON 3053 --> 0 records found - comparisons: b5408 n600 s600
205B/640 SWANSTON STREET CARLTON 3053 --> 0 records found - comparisons: b5109 n600 s600
179-201 PELHAM STREET CARLTON 3053 --> 0 records found - comparisons: b5059 n600 s600
105/223 BERKELEY STREET MELBOURNE 3000 --> 0 records found - comparisons: b5389 n600 s600
16/650 SWANSTON STREET CARLTON 3053 --> 0 records found - comparisons: b5034 n600 s600
106/223 BERKELEY STREET MELBOURNE 3000 --> 0 records found - comparisons: b5408 n600 s600
109/223 BERKELEY STREET MELBOURNE 3000 --> 0 records found - comparisons: b5343 n600 s600
177 GRATTAN STREET CARLTON 3053 --> 0 records found - comparisons: b5057 n600 s600
150-154 PELHAM STREET CARLTON 3053 --> 0 records found - comparisons: b5074 n600 s600
1/223 BERKELEY STREET MELBOURNE 3000 --> 0 records found - comparisons: b4753 n600 s600
17 KERNOT ROAD PARKVILLE 3052 --> 0 records found - comparisons: b5053 n600 s600
401B/640 SWANSTON STREET CARLTON 3053 --> 0 records found - comparisons: b4313 n600 s600
307B/640 SWANSTON STREET CARLTON 3053 --> 0 records found - comparisons: b4937 n600 s600
743-751 SWANSTON STREET CARLTON 3053 --> 0 records found - comparisons: b4045 n600 s600
306B/640 SWANSTON STREET CARLTON 3053 --> 0 records found - comparisons: b4939 n600 s600
208B/640 SWANSTON STREET CARLTON 3053 --> 0 records found - comparisons: b5063 n600 s600
207B/640 SWANSTON STREET CARLTON 3053 --> 0 records found - comparisons: b5094 n600 s600
106B/640 SWANSTON STREET CARLTON 3053 --> 0 records found - comparisons: b5387 n600 s600
166-186 BOUVERIE STREET CARLTON 3053 --> 0 records found - comparisons: b5042 n600 s600
2S/151 BERKELEY STREET MELBOURNE 3000 --> 0 records found - comparisons: b4283 n600 s600
3S/151 BERKELEY STREET MELBOURNE 3000 --> 0 records found - comparisons: b4227 n600 s600
901/668 SWANSTON STREET CARLTON 3053 --> 0 records found - comparisons: b3521 n600 s600
1095/640 SWANSTON STREET CARLTON 3053 --> 0 records found - comparisons: b5346 n600 s600
1134/640 SWANSTON STREET CARLTON 3053 --> 0 records found - comparisons: b5211 n600 s600
1072/640 SWANSTON STREET CARLTON 3053 --> 0 records found - comparisons: b5406 n600 s600
1111/640 SWANSTON STREET CARLTON 3053 --> 0 records found - comparisons: b5220 n600 s600
303/223 BERKELEY STREET MELBOURNE 3000 --> 0 records found - comparisons: b4963 n600 s600
507/668 SWANSTON STREET CARLTON 3053 --> 0 records found - comparisons: b4207 n600 s600
156-162 PELHAM STREET CARLTON 3053 --> 0 records found - comparisons: b5116 n600 s600
1109/640 SWANSTON STREET CARLTON 3053 --> 0 records found - comparisons: b5242 n600 s600
1086/640 SWANSTON STREET CARLTON 3053 --> 0 records found - comparisons: b5369 n600 s600
1101/640 SWANSTON STREET CARLTON 3053 --> 0 records found - comparisons: b5267 n600 s600
182-200 BERKELEY STREET CARLTON 3053 --> 0 records found - comparisons: b4942 n600 s600
207/151 BERKELEY STREET MELBOURNE 3000 --> 0 records found - comparisons: b5106 n600 s600
4/650 SWANSTON STREET CARLTON 3053 --> 0 records found - comparisons: b4009 n600 s600
1085/640 SWANSTON STREET CARLTON 3053 --> 0 records found - comparisons: b5369 n600 s600
507/223 BERKELEY STREET MELBOURNE 3000 --> 0 records found - comparisons: b4207 n600 s600
1079/640 SWANSTON STREET CARLTON 3053 --> 0 records found - comparisons: b5402 n600 s600
29S/151 BERKELEY STREET MELBOURNE 3000 --> 0 records found - comparisons: b4621 n600 s600
1112/640 SWANSTON STREET CARLTON 3053 --> 0 records found - comparisons: b5219 n600 s600
508/668 SWANSTON STREET CARLTON 3053 --> 0 records found - comparisons: b4188 n600 s600
660 SWANSTON STREET CARLTON 3053 --> 0 records found - comparisons: b4097 n600 s600
701/668 SWANSTON STREET CARLTON 3053 --> 0 records found - comparisons: b4283 n600 s600
1006A/640 SWANSTON STREET CARLTON 3053 --> 0 records found - comparisons: b5429 n600 s600
602/668 SWANSTON STREET CARLTON 3053 --> 0 records found - comparisons: b4281 n600 s600
207-211 GRATTAN STREET CARLTON 3053 --> 0 records found - comparisons: b5099 n600 s600
27G/723 SWANSTON STREET CARLTON 3053 --> 0 records found - comparisons: b4705 n600 s600
723 SWANSTON STREET CARLTON 3053 --> 0 records found - comparisons: b4096 n600 s600
182-208 LEICESTER STREET CARLTON 3053 --> 0 records found - comparisons: b4942 n600 s600
512/668 SWANSTON STREET CARLTON 3053 --> 0 records found - comparisons: b4105 n600 s600
670 SWANSTON STREET CARLTON 3053 --> 0 records found - comparisons: b4109 n600 s600
1121/640 SWANSTON STREET CARLTON 3053 --> 0 records found - comparisons: b5205 n600 s600
1241/640 SWANSTON STREET CARLTON 3053 --> 0 records found - comparisons: b5148 n600 s600
27/650 SWANSTON STREET CARLTON 3053 --> 0 records found - comparisons: b4703 n600 s600
1106/640 SWANSTON STREET CARLTON 3053 --> 0 records found - comparisons: b5251 n600 s600
1097/640 SWANSTON STREET CARLTON 3053 --> 0 records found - comparisons: b5347 n600 s600
606A/640 SWANSTON STREET CARLTON 3053 --> 0 records found - comparisons: b4269 n600 s600
412A/640 SWANSTON STREET CARLTON 3053 --> 0 records found - comparisons: b4187 n600 s600
401A/640 SWANSTON STREET CARLTON 3053 --> 0 records found - comparisons: b4313 n600 s600
1244/640 SWANSTON STREET CARLTON 3053 --> 0 records found - comparisons: b5148 n600 s600
1100/640 SWANSTON STREET CARLTON 3053 --> 0 records found - comparisons: b5253 n600 s600
1076/640 SWANSTON STREET CARLTON 3053 --> 0 records found - comparisons: b5405 n600 s600
2032/640 SWANSTON STREET CARLTON 3053 --> 0 records found - comparisons: b5124 n600 s600
1084/640 SWANSTON STREET CARLTON 3053 --> 0 records found - comparisons: b5369 n600 s600
1242/640 SWANSTON STREET CARLTON 3053 --> 0 records found - comparisons: b5148 n600 s600
204A/640 SWANSTON STREET CARLTON 3053 --> 0 records found - comparisons: b5102 n600 s600
182-200 LEICESTER STREET CARLTON 3053 --> 0 records found - comparisons: b4942 n600 s600
1505/151 BERKELEY STREET MELBOURNE 3000 --> 0 records found - comparisons: b5074 n600 s600
905/151 BERKELEY STREET MELBOURNE 3000 --> 0 records found - comparisons: b3522 n600 s600
104/223 BERKELEY STREET MELBOURNE 3000 --> 0 records found - comparisons: b5404 n600 s600
906/151 BERKELEY STREET MELBOURNE 3000 --> 0 records found - comparisons: b3504 n600 s600
907/151 BERKELEY STREET MELBOURNE 3000 --> 0 records found - comparisons: b3520 n600 s600
607B/640 SWANSTON STREET CARLTON 3053 --> 0 records found - comparisons: b4269 n600 s600
1001/151 BERKELEY STREET MELBOURNE 3000 --> 0 records found - comparisons: b5432 n600 s600
1002/151 BERKELEY STREET MELBOURNE 3000 --> 0 records found - comparisons: b5452 n600 s600
1003/151 BERKELEY STREET MELBOURNE 3000 --> 0 records found - comparisons: b5452 n600 s600
1004/151 BERKELEY STREET MELBOURNE 3000 --> 0 records found - comparisons: b5429 n600 s600
310/223 BERKELEY STREET MELBOURNE 3000 --> 0 records found - comparisons: b4726 n600 s600
1006/151 BERKELEY STREET MELBOURNE 3000 --> 0 records found - comparisons: b5429 n600 s600
1502/151 BERKELEY STREET MELBOURNE 3000 --> 0 records found - comparisons: b5074 n600 s600
1503/151 BERKELEY STREET MELBOURNE 3000 --> 0 records found - comparisons: b5074 n600 s600
1504/151 BERKELEY STREET MELBOURNE 3000 --> 0 records found - comparisons: b5074 n600 s600
1401/151 BERKELEY STREET MELBOURNE 3000 --> 0 records found - comparisons: b5093 n600 s600
902/151 BERKELEY STREET MELBOURNE 3000 --> 0 records found - comparisons: b3519 n600 s600
903/151 BERKELEY STREET MELBOURNE 3000 --> 0 records found - comparisons: b3528 n600 s600
806/668 SWANSTON STREET CARLTON 3053 --> 0 records found - comparisons: b3449 n600 s600
807/668 SWANSTON STREET CARLTON 3053 --> 0 records found - comparisons: b3461 n600 s600
808/668 SWANSTON STREET CARLTON 3053 --> 0 records found - comparisons: b3432 n600 s600
809/668 SWANSTON STREET CARLTON 3053 --> 0 records found - comparisons: b3434 n600 s600
810/668 SWANSTON STREET CARLTON 3053 --> 0 records found - comparisons: b3399 n600 s600
704/668 SWANSTON STREET CARLTON 3053 --> 0 records found - comparisons: b4275 n600 s600
1-17 COLLEGE CRESCENT PARKVILLE 3052 --> 0 records found - comparisons: b4683 n600 s600
406/668 SWANSTON STREET CARLTON 3053 --> 0 records found - comparisons: b4343 n600 s600
220 BERKELEY STREET CARLTON 3053 --> 0 records found - comparisons: b4816 n600 s600
183-189 BOUVERIE STREET CARLTON 3053 --> 0 records found - comparisons: b4966 n600 s600
1204/18 LINCOLN SQUARE N CARLTON 3053 --> 0 records found - comparisons: b5252 n600 s600
701/18 LINCOLN SQUARE N CARLTON 3053 --> 0 records found - comparisons: b4291 n600 s600
1301/18 LINCOLN SQUARE N CARLTON 3053 --> 0 records found - comparisons: b5133 n600 s600
109A/640 SWANSTON STREET CARLTON 3053 --> 0 records found - comparisons: b5341 n600 s600
808A/640 SWANSTON STREET CARLTON 3053 --> 0 records found - comparisons: b3432 n600 s600
102/18 LINCOLN SQUARE N CARLTON 3053 --> 0 records found - comparisons: b5403 n600 s600
801A/640 SWANSTON STREET CARLTON 3053 --> 0 records found - comparisons: b3456 n600 s600
600B/640 SWANSTON STREET CARLTON 3053 --> 0 records found - comparisons: b4264 n600 s600
502/668 SWANSTON STREET CARLTON 3053 --> 0 records found - comparisons: b4224 n600 s600
918/668 SWANSTON STREET CARLTON 3053 --> 0 records found - comparisons: b3457 n600 s600
1027/640 SWANSTON STREET CARLTON 3053 --> 0 records found - comparisons: b5386 n600 s600
208/223 BERKELEY STREET MELBOURNE 3000 --> 0 records found - comparisons: b5076 n600 s600
100 ROYAL PARADE PARKVILLE 3052 --> 0 records found - comparisons: b5415 n600 s600
1094/640 SWANSTON STREET CARLTON 3053 --> 0 records found - comparisons: b5346 n600 s600
1099/640 SWANSTON STREET CARLTON 3053 --> 0 records found - comparisons: b5344 n600 s600
1077/640 SWANSTON STREET CARLTON 3053 --> 0 records found - comparisons: b5405 n600 s600
2/743-751 SWANSTON STREET CARLTON 3053 --> 0 records found - comparisons: b4531 n600 s600
3 UNION ROAD PARKVILLE 3052 --> 0 records found - comparisons: b4387 n600 s600
1098/640 SWANSTON STREET CARLTON 3053 --> 0 records found - comparisons: b5344 n600 s600
2019/640 SWANSTON STREET CARLTON 3053 --> 0 records found - comparisons: b5113 n600 s600
156 BOUVERIE STREET CARLTON 3053 --> 0 records found - comparisons: b5090 n600 s600
102A/640 SWANSTON STREET CARLTON 3053 --> 0 records found - comparisons: b5389 n600 s600
171-173 GRATTAN STREET CARLTON 3053 --> 0 records found - comparisons: b5069 n600 s600
1005A/640 SWANSTON STREET CARLTON 3053 --> 0 records found - comparisons: b5431 n600 s600
912A/640 SWANSTON STREET CARLTON 3053 --> 0 records found - comparisons: b3471 n600 s600
197-235 BOUVERIE STREET CARLTON 3053 --> 0 records found - comparisons: b4900 n600 s600
305/223 BERKELEY STREET MELBOURNE 3000 --> 0 records found - comparisons: b4970 n600 s600
804/668 SWANSTON STREET CARLTON 3053 --> 0 records found - comparisons: b3461 n600 s600
903/668 SWANSTON STREET CARLTON 3053 --> 0 records found - comparisons: b3521 n600 s600
1506/151 BERKELEY STREET MELBOURNE 3000 --> 0 records found - comparisons: b5074 n600 s600
1507/151 BERKELEY STREET MELBOURNE 3000 --> 0 records found - comparisons: b5074 n600 s600
1508/151 BERKELEY STREET MELBOURNE 3000 --> 0 records found - comparisons: b5074 n600 s600
1601/151 BERKELEY STREET MELBOURNE 3000 --> 0 records found - comparisons: b5043 n600 s600
1602/151 BERKELEY STREET MELBOURNE 3000 --> 0 records found - comparisons: b5043 n600 s600
1603/151 BERKELEY STREET MELBOURNE 3000 --> 0 records found - comparisons: b5043 n600 s600
1604/151 BERKELEY STREET MELBOURNE 3000 --> 0 records found - comparisons: b5043 n600 s600
1605/151 BERKELEY STREET MELBOURNE 3000 --> 0 records found - comparisons: b5043 n600 s600
1606/151 BERKELEY STREET MELBOURNE 3000 --> 0 records found - comparisons: b5043 n600 s600
1608/151 BERKELEY STREET MELBOURNE 3000 --> 0 records found - comparisons: b5043 n600 s600
1701/151 BERKELEY STREET MELBOURNE 3000 --> 0 records found - comparisons: b5098 n600 s600
1078/640 SWANSTON STREET CARLTON 3053 --> 0 records found - comparisons: b5402 n600 s600
2043/640 SWANSTON STREET CARLTON 3053 --> 0 records found - comparisons: b5110 n600 s600
1703/151 BERKELEY STREET MELBOURNE 3000 --> 0 records found - comparisons: b5099 n600 s600
503A/640 SWANSTON STREET CARLTON 3053 --> 0 records found - comparisons: b4212 n600 s600
153-163 BARRY STREET CARLTON 3053 --> 0 records found - comparisons: b5080 n600 s600
923/668 SWANSTON STREET CARLTON 3053 --> 0 records found - comparisons: b3409 n600 s600
168-172 LEICESTER STREET CARLTON 3053 --> 0 records found - comparisons: b5036 n600 s600
193-195 BOUVERIE STREET CARLTON 3053 --> 0 records found - comparisons: b4898 n600 s600
2/650 SWANSTON STREET CARLTON 3053 --> 0 records found - comparisons: b4525 n600 s600
242 GRATTAN STREET PARKVILLE 3052 --> 0 records found - comparisons: b4732 n600 s600
802/668 SWANSTON STREET CARLTON 3053 --> 0 records found - comparisons: b3484 n600 s600
909/668 SWANSTON STREET CARLTON 3053 --> 0 records found - comparisons: b3495 n600 s600
169 GRATTAN STREET CARLTON 3053 --> 0 records found - comparisons: b5036 n600 s600
47C/151 BERKELEY STREET MELBOURNE 3000 --> 0 records found - comparisons: b4089 n600 s600
4S/151 BERKELEY STREET MELBOURNE 3000 --> 0 records found - comparisons: b3890 n600 s600
5S/151 BERKELEY STREET MELBOURNE 3000 --> 0 records found - comparisons: b3862 n600 s600
407A/640 SWANSTON STREET CARLTON 3053 --> 0 records found - comparisons: b4311 n600 s600
6S/151 BERKELEY STREET MELBOURNE 3000 --> 0 records found - comparisons: b3889 n600 s600
7S/151 BERKELEY STREET MELBOURNE 3000 --> 0 records found - comparisons: b3883 n600 s600
233 PELHAM STREET MELBOURNE 3000 --> 0 records found - comparisons: b4885 n600 s600
1007/151 BERKELEY STREET MELBOURNE 3000 --> 0 records found - comparisons: b5431 n600 s600
1008/151 BERKELEY STREET MELBOURNE 3000 --> 0 records found - comparisons: b5424 n600 s600
1101/151 BERKELEY STREET MELBOURNE 3000 --> 0 records found - comparisons: b5274 n600 s600
268 GRATTAN STREET PARKVILLE 3052 --> 0 records found - comparisons: b4703 n600 s600
402A/640 SWANSTON STREET CARLTON 3053 --> 0 records found - comparisons: b4331 n600 s600
1102/151 BERKELEY STREET MELBOURNE 3000 --> 0 records found - comparisons: b5290 n600 s600
105/18 LINCOLN SQUARE N CARLTON 3053 --> 0 records found - comparisons: b5395 n600 s600
203/18 LINCOLN SQUARE N CARLTON 3053 --> 0 records found - comparisons: b5158 n600 s600
302A/640 SWANSTON STREET CARLTON 3053 --> 0 records found - comparisons: b4930 n600 s600
610/223 BERKELEY STREET MELBOURNE 3000 --> 0 records found - comparisons: b4161 n600 s600
605A/640 SWANSTON STREET CARLTON 3053 --> 0 records found - comparisons: b4271 n600 s600
1002A/640 SWANSTON STREET CARLTON 3053 --> 0 records found - comparisons: b5433 n600 s600
401/18 LINCOLN SQUARE N CARLTON 3053 --> 0 records found - comparisons: b4332 n600 s600
213/640 SWANSTON STREET CARLTON 3053 --> 0 records found - comparisons: b4900 n600 s600
216-228 LEICESTER STREET CARLTON 3053 --> 0 records found - comparisons: b4883 n600 s600
183 PELHAM STREET CARLTON 3053 --> 0 records found - comparisons: b4947 n600 s600
502/223 BERKELEY STREET MELBOURNE 3000 --> 0 records found - comparisons: b4225 n600 s600
154 BOUVERIE STREET CARLTON 3053 --> 0 records found - comparisons: b5078 n600 s600
506/18 LINCOLN SQUARE N CARLTON 3053 --> 0 records found - comparisons: b4221 n600 s600
603/668 SWANSTON STREET CARLTON 3053 --> 0 records found - comparisons: b4283 n600 s600
603/18 LINCOLN SQUARE N CARLTON 3053 --> 0 records found - comparisons: b4290 n600 s600
501/223 BERKELEY STREET MELBOURNE 3000 --> 0 records found - comparisons: b4231 n600 s600
503/223 BERKELEY STREET MELBOURNE 3000 --> 0 records found - comparisons: b4250 n600 s600
504/223 BERKELEY STREET MELBOURNE 3000 --> 0 records found - comparisons: b4240 n600 s600
506/223 BERKELEY STREET MELBOURNE 3000 --> 0 records found - comparisons: b4221 n600 s600
508/223 BERKELEY STREET MELBOURNE 3000 --> 0 records found - comparisons: b4188 n600 s600
601/223 BERKELEY STREET MELBOURNE 3000 --> 0 records found - comparisons: b4297 n600 s600
604/223 BERKELEY STREET MELBOURNE 3000 --> 0 records found - comparisons: b4305 n600 s600
605/223 BERKELEY STREET MELBOURNE 3000 --> 0 records found - comparisons: b4296 n600 s600
606/223 BERKELEY STREET MELBOURNE 3000 --> 0 records found - comparisons: b4294 n600 s600
607/223 BERKELEY STREET MELBOURNE 3000 --> 0 records found - comparisons: b4294 n600 s600
608/223 BERKELEY STREET MELBOURNE 3000 --> 0 records found - comparisons: b4273 n600 s600
705/18 LINCOLN SQUARE N CARLTON 3053 --> 0 records found - comparisons: b4278 n600 s600
835-871 SWANSTON STREET PARKVILLE 3052 --> 0 records found - comparisons: b3346 n600 s600
247-253 BOUVERIE STREET CARLTON 3053 --> 0 records found - comparisons: b4782 n600 s600
8-14 MALVINA PLACE CARLTON 3053 --> 0 records found - comparisons: b3305 n600 s600
609/223 BERKELEY STREET MELBOURNE 3000 --> 0 records found - comparisons: b4260 n600 s600
703/223 BERKELEY STREET MELBOURNE 3000 --> 0 records found - comparisons: b4276 n600 s600
706/223 BERKELEY STREET MELBOURNE 3000 --> 0 records found - comparisons: b4275 n600 s600
707/223 BERKELEY STREET MELBOURNE 3000 --> 0 records found - comparisons: b4262 n600 s600
709/223 BERKELEY STREET MELBOURNE 3000 --> 0 records found - comparisons: b4246 n600 s600
710/223 BERKELEY STREET MELBOURNE 3000 --> 0 records found - comparisons: b4150 n600 s600
83 BARRY STREET CARLTON 3053 --> 0 records found - comparisons: b3346 n600 s600
792 ELIZABETH STREET MELBOURNE 3000 --> 0 records found - comparisons: b4019 n600 s600
5/201 GRATTAN STREET CARLTON 3053 --> 0 records found - comparisons: b3972 n600 s600
176-180 LEICESTER STREET CARLTON 3053 --> 0 records found - comparisons: b5057 n600 s600
119 ROYAL PARADE PARKVILLE 3052 --> 0 records found - comparisons: b5179 n600 s600
16S/151 BERKELEY STREET MELBOURNE 3000 --> 0 records found - comparisons: b5022 n600 s600
17S/151 BERKELEY STREET MELBOURNE 3000 --> 0 records found - comparisons: b5028 n600 s600
19S/151 BERKELEY STREET MELBOURNE 3000 --> 0 records found - comparisons: b4886 n600 s600
20S/151 BERKELEY STREET MELBOURNE 3000 --> 0 records found - comparisons: b4907 n600 s600
21S/151 BERKELEY STREET MELBOURNE 3000 --> 0 records found - comparisons: b4839 n600 s600
22S/151 BERKELEY STREET MELBOURNE 3000 --> 0 records found - comparisons: b4796 n600 s600
24S/151 BERKELEY STREET MELBOURNE 3000 --> 0 records found - comparisons: b4716 n600 s600
25S/151 BERKELEY STREET MELBOURNE 3000 --> 0 records found - comparisons: b4710 n600 s600
57-63 COLLEGE CRESCENT PARKVILLE 3052 --> 0 records found - comparisons: b4000 n600 s600
26S/151 BERKELEY STREET MELBOURNE 3000 --> 0 records found - comparisons: b4703 n600 s600
1207/151 BERKELEY STREET MELBOURNE 3000 --> 0 records found - comparisons: b5230 n600 s600
1301/151 BERKELEY STREET MELBOURNE 3000 --> 0 records found - comparisons: b5133 n600 s600
1302/151 BERKELEY STREET MELBOURNE 3000 --> 0 records found - comparisons: b5155 n600 s600
1303/151 BERKELEY STREET MELBOURNE 3000 --> 0 records found - comparisons: b5134 n600 s600
1304/151 BERKELEY STREET MELBOURNE 3000 --> 0 records found - comparisons: b5134 n600 s600
1306/151 BERKELEY STREET MELBOURNE 3000 --> 0 records found - comparisons: b5133 n600 s600
1103/151 BERKELEY STREET MELBOURNE 3000 --> 0 records found - comparisons: b5276 n600 s600
1104/151 BERKELEY STREET MELBOURNE 3000 --> 0 records found - comparisons: b5272 n600 s600
1105/151 BERKELEY STREET MELBOURNE 3000 --> 0 records found - comparisons: b5251 n600 s600
1106/151 BERKELEY STREET MELBOURNE 3000 --> 0 records found - comparisons: b5251 n600 s600
1108/151 BERKELEY STREET MELBOURNE 3000 --> 0 records found - comparisons: b5242 n600 s600
603/223 BERKELEY STREET MELBOURNE 3000 --> 0 records found - comparisons: b4284 n600 s600
609/151 BERKELEY STREET MELBOURNE 3000 --> 0 records found - comparisons: b4260 n600 s600
20/650 SWANSTON STREET CARLTON 3053 --> 0 records found - comparisons: b4996 n600 s600
313A/640 SWANSTON STREET CARLTON 3053 --> 0 records found - comparisons: b4708 n600 s600
140 BERKELEY STREET CARLTON 3053 --> 0 records found - comparisons: b5088 n600 s600
408B/640 SWANSTON STREET CARLTON 3053 --> 0 records found - comparisons: b4299 n600 s600
407/151 BERKELEY STREET MELBOURNE 3000 --> 0 records found - comparisons: b4311 n600 s600
409/151 BERKELEY STREET MELBOURNE 3000 --> 0 records found - comparisons: b4309 n600 s600
501/151 BERKELEY STREET MELBOURNE 3000 --> 0 records found - comparisons: b4237 n600 s600
502/151 BERKELEY STREET MELBOURNE 3000 --> 0 records found - comparisons: b4231 n600 s600
504/151 BERKELEY STREET MELBOURNE 3000 --> 0 records found - comparisons: b4246 n600 s600
505/151 BERKELEY STREET MELBOURNE 3000 --> 0 records found - comparisons: b4261 n600 s600
506/151 BERKELEY STREET MELBOURNE 3000 --> 0 records found - comparisons: b4221 n600 s600
507/151 BERKELEY STREET MELBOURNE 3000 --> 0 records found - comparisons: b4207 n600 s600
508/151 BERKELEY STREET MELBOURNE 3000 --> 0 records found - comparisons: b4188 n600 s600
509/151 BERKELEY STREET MELBOURNE 3000 --> 0 records found - comparisons: b4217 n600 s600
601/151 BERKELEY STREET MELBOURNE 3000 --> 0 records found - comparisons: b4303 n600 s600
602/151 BERKELEY STREET MELBOURNE 3000 --> 0 records found - comparisons: b4282 n600 s600
1307/151 BERKELEY STREET MELBOURNE 3000 --> 0 records found - comparisons: b5133 n600 s600
1308/151 BERKELEY STREET MELBOURNE 3000 --> 0 records found - comparisons: b5130 n600 s600
205 GRATTAN STREET CARLTON 3053 --> 0 records found - comparisons: b5116 n600 s600
1403/151 BERKELEY STREET MELBOURNE 3000 --> 0 records found - comparisons: b5094 n600 s600
1404/151 BERKELEY STREET MELBOURNE 3000 --> 0 records found - comparisons: b5093 n600 s600
1405/151 BERKELEY STREET MELBOURNE 3000 --> 0 records found - comparisons: b5093 n600 s600
1406/151 BERKELEY STREET MELBOURNE 3000 --> 0 records found - comparisons: b5094 n600 s600
1408/151 BERKELEY STREET MELBOURNE 3000 --> 0 records found - comparisons: b5090 n600 s600
1501/151 BERKELEY STREET MELBOURNE 3000 --> 0 records found - comparisons: b5074 n600 s600
1705/151 BERKELEY STREET MELBOURNE 3000 --> 0 records found - comparisons: b5098 n600 s600
1707/151 BERKELEY STREET MELBOURNE 3000 --> 0 records found - comparisons: b5099 n600 s600
1708/151 BERKELEY STREET MELBOURNE 3000 --> 0 records found - comparisons: b5095 n600 s600
1801/151 BERKELEY STREET MELBOURNE 3000 --> 0 records found - comparisons: b4968 n600 s600
696-708 ELIZABETH STREET MELBOURNE 3000 --> 0 records found - comparisons: b4042 n600 s600
1804/151 BERKELEY STREET MELBOURNE 3000 --> 0 records found - comparisons: b4972 n600 s600
1704/151 BERKELEY STREET MELBOURNE 3000 --> 0 records found - comparisons: b5098 n600 s600
308/223 BERKELEY STREET MELBOURNE 3000 --> 0 records found - comparisons: b4921 n600 s600
602/18 LINCOLN SQUARE N CARLTON 3053 --> 0 records found - comparisons: b4282 n600 s600
402/223 BERKELEY STREET MELBOURNE 3000 --> 0 records found - comparisons: b4364 n600 s600
604/18 LINCOLN SQUARE N CARLTON 3053 --> 0 records found - comparisons: b4311 n600 s600
605/18 LINCOLN SQUARE N CARLTON 3053 --> 0 records found - comparisons: b4302 n600 s600
702/151 BERKELEY STREET MELBOURNE 3000 --> 0 records found - comparisons: b4284 n600 s600
703/151 BERKELEY STREET MELBOURNE 3000 --> 0 records found - comparisons: b4282 n600 s600
704/151 BERKELEY STREET MELBOURNE 3000 --> 0 records found - comparisons: b4283 n600 s600
705/151 BERKELEY STREET MELBOURNE 3000 --> 0 records found - comparisons: b4278 n600 s600
707/151 BERKELEY STREET MELBOURNE 3000 --> 0 records found - comparisons: b4262 n600 s600
708/151 BERKELEY STREET MELBOURNE 3000 --> 0 records found - comparisons: b4261 n600 s600
709/151 BERKELEY STREET MELBOURNE 3000 --> 0 records found - comparisons: b4246 n600 s600
801/151 BERKELEY STREET MELBOURNE 3000 --> 0 records found - comparisons: b3487 n600 s600
803/151 BERKELEY STREET MELBOURNE 3000 --> 0 records found - comparisons: b3470 n600 s600
804/151 BERKELEY STREET MELBOURNE 3000 --> 0 records found - comparisons: b3468 n600 s600
805/151 BERKELEY STREET MELBOURNE 3000 --> 0 records found - comparisons: b3461 n600 s600
303B/640 SWANSTON STREET CARLTON 3053 --> 0 records found - comparisons: b4930 n600 s600
508B/640 SWANSTON STREET CARLTON 3053 --> 0 records found - comparisons: b4193 n600 s600
201B/640 SWANSTON STREET CARLTON 3053 --> 0 records found - comparisons: b5110 n600 s600
806/151 BERKELEY STREET MELBOURNE 3000 --> 0 records found - comparisons: b3449 n600 s600
808/151 BERKELEY STREET MELBOURNE 3000 --> 0 records found - comparisons: b3432 n600 s600
901/151 BERKELEY STREET MELBOURNE 3000 --> 0 records found - comparisons: b3528 n600 s600
507B/640 SWANSTON STREET CARLTON 3053 --> 0 records found - comparisons: b4212 n600 s600
506B/640 SWANSTON STREET CARLTON 3053 --> 0 records found - comparisons: b4214 n600 s600
501B/640 SWANSTON STREET CARLTON 3053 --> 0 records found - comparisons: b4206 n600 s600
608B/640 SWANSTON STREET CARLTON 3053 --> 0 records found - comparisons: b4248 n600 s600
606B/640 SWANSTON STREET CARLTON 3053 --> 0 records found - comparisons: b4269 n600 s600
605B/640 SWANSTON STREET CARLTON 3053 --> 0 records found - comparisons: b4271 n600 s600
602B/640 SWANSTON STREET CARLTON 3053 --> 0 records found - comparisons: b4274 n600 s600
3-4/230 GRATTAN STREET PARKVILLE 3052 --> 0 records found - comparisons: b4395 n600 s600
108/223 BERKELEY STREET MELBOURNE 3000 --> 0 records found - comparisons: b5372 n600 s600
403/223 BERKELEY STREET MELBOURNE 3000 --> 0 records found - comparisons: b4366 n600 s600
305B/640 SWANSTON STREET CARLTON 3053 --> 0 records found - comparisons: b4937 n600 s600
191-197 GRATTAN STREET CARLTON 3053 --> 0 records found - comparisons: b4898 n600 s600
702/223 BERKELEY STREET MELBOURNE 3000 --> 0 records found - comparisons: b4278 n600 s600
18S/151 BERKELEY STREET MELBOURNE 3000 --> 0 records found - comparisons: b4900 n600 s600
23S/151 BERKELEY STREET MELBOURNE 3000 --> 0 records found - comparisons: b4818 n600 s600
27S/151 BERKELEY STREET MELBOURNE 3000 --> 0 records found - comparisons: b4703 n600 s600
32S/151 BERKELEY STREET MELBOURNE 3000 --> 0 records found - comparisons: b4607 n600 s600
906/668 SWANSTON STREET CARLTON 3053 --> 0 records found - comparisons: b3504 n600 s600
40C/151 BERKELEY STREET MELBOURNE 3000 --> 0 records found - comparisons: b4199 n600 s600
41C/151 BERKELEY STREET MELBOURNE 3000 --> 0 records found - comparisons: b4157 n600 s600
196-198 PELHAM STREET CARLTON 3053 --> 0 records found - comparisons: b4905 n600 s600
201/668 SWANSTON STREET CARLTON 3053 --> 0 records found - comparisons: b5144 n600 s600
42C/151 BERKELEY STREET MELBOURNE 3000 --> 0 records found - comparisons: b4116 n600 s600
44C/151 BERKELEY STREET MELBOURNE 3000 --> 0 records found - comparisons: b4094 n600 s600
45C/151 BERKELEY STREET MELBOURNE 3000 --> 0 records found - comparisons: b4090 n600 s600
48C/151 BERKELEY STREET MELBOURNE 3000 --> 0 records found - comparisons: b4056 n600 s600
50C/151 BERKELEY STREET MELBOURNE 3000 --> 0 records found - comparisons: b4106 n600 s600
51C/151 BERKELEY STREET MELBOURNE 3000 --> 0 records found - comparisons: b4074 n600 s600
52C/151 BERKELEY STREET MELBOURNE 3000 --> 0 records found - comparisons: b4034 n600 s600
53C/151 BERKELEY STREET MELBOURNE 3000 --> 0 records found - comparisons: b4034 n600 s600
1S/151 BERKELEY STREET MELBOURNE 3000 --> 0 records found - comparisons: b4352 n600 s600
