18 PROFESSORS WALK PARKVILLE 3052 --> 1 records found - comparisons: b3688 n400 s400
783 SWANSTON STREET PARKVILLE 3052 --> 1 records found - comparisons: b2905 n400 s400
230 GRATTAN STREET PARKVILLE 3052 --> 12 records found - comparisons: b6402 n400 s400
28S/151 BERKELEY STREET MELBOURNE 3000 --> 1 records found - comparisons: b3469 n400 s400
44 PROFESSORS WALK PARKVILLE 3052 --> 1 records found - comparisons: b2929 n400 s400
170 GRATTAN STREET PARKVILLE 3052 --> 2 records found - comparisons: b4020 n400 s400
3/650 SWANSTON STREET CARLTON 3053 --> 1 records found - comparisons: b3243 n400 s400
6/650 SWANSTON STREET CARLTON 3053 --> 1 records found - comparisons: b2964 n400 s400
7/650 SWANSTON STREET CARLTON 3053 --> 1 records found - comparisons: b2881 n400 s400
48 ROYAL PARADE PARKVILLE 3052 --> 2 records found - comparisons: b3121 n400 s400
26/650 SWANSTON STREET CARLTON 3053 --> 1 records found - comparisons: b3519 n400 s400
644 SWANSTON STREET CARLTON 3053 --> 1 records found - comparisons: b2999 n400 s400
8/650 SWANSTON STREET CARLTON 3053 --> 1 records found - comparisons: b2422 n400 s400
30S/151 BERKELEY STREET MELBOURNE 3000 --> 1 records found - comparisons: b3497 n400 s400
31S/151 BERKELEY STREET MELBOURNE 3000 --> 1 records found - comparisons: b3445 n400 s400
33S/151 BERKELEY STREET MELBOURNE 3000 --> 1 records found - comparisons: b3411 n400 s400
34S/151 BERKELEY STREET MELBOURNE 3000 --> 1 records found - comparisons: b3373 n400 s400
650 SWANSTON STREET CARLTON 3053 --> 1 records found - comparisons: b2986 n400 s400
6/201 GRATTAN STREET CARLTON 3053 --> 1 records found - comparisons: b2966 n400 s400
1807/151 BERKELEY STREET MELBOURNE 3000 --> 1 records found - comparisons: b3762 n400 s400
1808/151 BERKELEY STREET MELBOURNE 3000 --> 1 records found - comparisons: b3757 n400 s400
1M/151 BERKELEY STREET MELBOURNE 3000 --> 1 records found - comparisons: b3270 n400 s400
3M/151 BERKELEY STREET MELBOURNE 3000 --> 1 records found - comparisons: b3156 n400 s400
1C/151 BERKELEY STREET MELBOURNE 3000 --> 1 records found - comparisons: b3270 n400 s400
3C/151 BERKELEY STREET MELBOURNE 3000 --> 1 records found - comparisons: b3156 n400 s400
4C/151 BERKELEY STREET MELBOURNE 3000 --> 1 records found - comparisons: b2854 n400 s400
6C/151 BERKELEY STREET MELBOURNE 3000 --> 1 records found - comparisons: b2885 n400 s400
7C/151 BERKELEY STREET MELBOURNE 3000 --> 1 records found - comparisons: b2853 n400 s400
8C/151 BERKELEY STREET MELBOURNE 3000 --> 1 records found - comparisons: b2401 n400 s400
9C/151 BERKELEY STREET MELBOURNE 3000 --> 1 records found - comparisons: b2401 n400 s400
10C/151 BERKELEY STREET MELBOURNE 3000 --> 1 records found - comparisons: b3897 n400 s400
11C/151 BERKELEY STREET MELBOURNE 3000 --> 1 records found - comparisons: b3853 n400 s400
12C/151 BERKELEY STREET MELBOURNE 3000 --> 1 records found - comparisons: b3838 n400 s400
13C/151 BERKELEY STREET MELBOURNE 3000 --> 1 records found - comparisons: b3828 n400 s400
14C/151 BERKELEY STREET MELBOURNE 3000 --> 1 records found - comparisons: b3784 n400 s400
604-640 SWANSTON STREET CARLTON 3053 --> 1 records found - comparisons: b3159 n400 s400
506A/640 SWANSTON STREET CARLTON 3053 --> 1 records found - comparisons: b2944 n400 s400
210A/640 SWANSTON STREET CARLTON 3053 --> 1 records found - comparisons: b3662 n400 s400
2/224 PELHAM STREET MELBOURNE 3000 --> 1 records found - comparisons: b3359 n400 s400
15C/151 BERKELEY STREET MELBOURNE 3000 --> 1 records found - comparisons: b3786 n400 s400
16C/151 BERKELEY STREET MELBOURNE 3000 --> 1 records found - comparisons: b3775 n400 s400
8S/151 BERKELEY STREET MELBOURNE 3000 --> 1 records found - comparisons: b2401 n400 s400
9S/151 BERKELEY STREET MELBOURNE 3000 --> 1 records found - comparisons: b2401 n400 s400
10S/151 BERKELEY STREET MELBOURNE 3000 --> 1 records found - comparisons: b3897 n400 s400
11S/151 BERKELEY STREET MELBOURNE 3000 --> 1 records found - comparisons: b3853 n400 s400
12S/151 BERKELEY STREET MELBOURNE 3000 --> 1 records found - comparisons: b3838 n400 s400
14S/151 BERKELEY STREET MELBOURNE 3000 --> 1 records found - comparisons: b3784 n400 s400
15S/151 BERKELEY STREET MELBOURNE 3000 --> 1 records found - comparisons: b3786 n400 s400
95-129 BARRY STREET CARLTON 3053 --> 1 records found - comparisons: b2403 n400 s400
139 BARRY STREET CARLTON 3053 --> 1 records found - comparisons: b3785 n400 s400
213-221 BERKELEY STREET MELBOURNE 3000 --> 1 records found - comparisons: b3680 n400 s400
214 BERKELEY STREET CARLTON 3053 --> 1 records found - comparisons: b3618 n400 s400
208-210 BERKELEY STREET CARLTON 3053 --> 1 records found - comparisons: b3812 n400 s400
1103/18 LINCOLN SQUARE N CARLTON 3053 --> 1 records found - comparisons: b3896 n400 s400
247-249 BOUVERIE STREET CARLTON 3053 --> 2 records found - comparisons: b3813 n400 s400
1203/18 LINCOLN SQUARE N CARLTON 3053 --> 1 records found - comparisons: b3968 n400 s400
30 ROYAL PARADE PARKVILLE 3052 --> 6 records found - comparisons: b4627 n400 s400
201/223 BERKELEY STREET MELBOURNE 3000 --> 1 records found - comparisons: b3888 n400 s400
1302/18 LINCOLN SQUARE N CARLTON 3053 --> 1 records found - comparisons: b3846 n400 s400
305/18 LINCOLN SQUARE N CARLTON 3053 --> 1 records found - comparisons: b3621 n400 s400
202-206 BERKELEY STREET CARLTON 3053 --> 1 records found - comparisons: b3855 n400 s400
604/151 BERKELEY STREET MELBOURNE 3000 --> 1 records found - comparisons: b3175 n400 s400
605/151 BERKELEY STREET MELBOURNE 3000 --> 1 records found - comparisons: b3166 n400 s400
606/151 BERKELEY STREET MELBOURNE 3000 --> 1 records found - comparisons: b3180 n400 s400
607/151 BERKELEY STREET MELBOURNE 3000 --> 1 records found - comparisons: b3180 n400 s400
608/151 BERKELEY STREET MELBOURNE 3000 --> 1 records found - comparisons: b3145 n400 s400
903A/640 SWANSTON STREET CARLTON 3053 --> 1 records found - comparisons: b2482 n400 s400
604A/640 SWANSTON STREET CARLTON 3053 --> 1 records found - comparisons: b3162 n400 s400
131-137 BARRY STREET CARLTON 3053 --> 1 records found - comparisons: b3808 n400 s400
601A/640 SWANSTON STREET CARLTON 3053 --> 1 records found - comparisons: b3168 n400 s400
206B/640 SWANSTON STREET CARLTON 3053 --> 1 records found - comparisons: b3849 n400 s400
303A/640 SWANSTON STREET CARLTON 3053 --> 1 records found - comparisons: b3601 n400 s400
205A/640 SWANSTON STREET CARLTON 3053 --> 1 records found - comparisons: b3843 n400 s400
213 BERKELEY STREET MELBOURNE 3000 --> 1 records found - comparisons: b3648 n400 s400
11 PROFESSORS WALK PARKVILLE 3052 --> 1 records found - comparisons: b3835 n400 s400
13/650 SWANSTON STREET CARLTON 3053 --> 1 records found - comparisons: b3815 n400 s400
400B/640 SWANSTON STREET CARLTON 3053 --> 1 records found - comparisons: b3089 n400 s400
16 WILSON AVENUE PARKVILLE 3052 --> 2 records found - comparisons: b3963 n400 s400
1110/640 SWANSTON STREET CARLTON 3053 --> 1 records found - comparisons: b3884 n400 s400
1082/640 SWANSTON STREET CARLTON 3053 --> 1 records found - comparisons: b4001 n400 s400
108A/640 SWANSTON STREET CARLTON 3053 --> 1 records found - comparisons: b3994 n400 s400
143-151 BARRY STREET CARLTON 3053 --> 1 records found - comparisons: b3761 n400 s400
1080/640 SWANSTON STREET CARLTON 3053 --> 1 records found - comparisons: b4001 n400 s400
4/133 ROYAL PARADE PARKVILLE 3052 --> 1 records found - comparisons: b2879 n400 s400
ROYAL PARADE PARKVILLE 3052 --> 1 records found - comparisons: b1030 n400 s400
22C/151 BERKELEY STREET MELBOURNE 3000 --> 1 records found - comparisons: b3620 n400 s400
49 COLLEGE CRESCENT PARKVILLE 3052 --> 1 records found - comparisons: b2923 n400 s400
156-180 BERKELEY STREET CARLTON 3053 --> 1 records found - comparisons: b3785 n400 s400
224 PELHAM STREET MELBOURNE 3000 --> 1 records found - comparisons: b3586 n400 s400
601B/640 SWANSTON STREET CARLTON 3053 --> 1 records found - comparisons: b3168 n400 s400
312/668 SWANSTON STREET CARLTON 3053 --> 1 records found - comparisons: b3434 n400 s400
1201/151 BERKELEY STREET MELBOURNE 3000 --> 1 records found - comparisons: b3982 n400 s400
1202/151 BERKELEY STREET MELBOURNE 3000 --> 1 records found - comparisons: b3984 n400 s400
1204/151 BERKELEY STREET MELBOURNE 3000 --> 1 records found - comparisons: b3958 n400 s400
1205/151 BERKELEY STREET MELBOURNE 3000 --> 1 records found - comparisons: b3958 n400 s400
17C/151 BERKELEY STREET MELBOURNE 3000 --> 1 records found - comparisons: b3779 n400 s400
18C/151 BERKELEY STREET MELBOURNE 3000 --> 1 records found - comparisons: b3695 n400 s400
602/223 BERKELEY STREET MELBOURNE 3000 --> 1 records found - comparisons: b3164 n400 s400
701/223 BERKELEY STREET MELBOURNE 3000 --> 1 records found - comparisons: b3034 n400 s400
19C/151 BERKELEY STREET MELBOURNE 3000 --> 1 records found - comparisons: b3681 n400 s400
20C/151 BERKELEY STREET MELBOURNE 3000 --> 1 records found - comparisons: b3704 n400 s400
21C/151 BERKELEY STREET MELBOURNE 3000 --> 1 records found - comparisons: b3646 n400 s400
G4-G5/230 GRATTAN STREET PARKVILLE 3052 --> 1 records found - comparisons: b1132 n400 s400
25C/151 BERKELEY STREET MELBOURNE 3000 --> 1 records found - comparisons: b3545 n400 s400
209/223 BERKELEY STREET MELBOURNE 3000 --> 1 records found - comparisons: b3836 n400 s400
206/223 BERKELEY STREET MELBOURNE 3000 --> 1 records found - comparisons: b3878 n400 s400
107/151 BERKELEY STREET MELBOURNE 3000 --> 1 records found - comparisons: b4025 n400 s400
912/668 SWANSTON STREET CARLTON 3053 --> 1 records found - comparisons: b2463 n400 s400
780-782 ELIZABETH STREET MELBOURNE 3000 --> 2 records found - comparisons: b3242 n400 s400
203/668 SWANSTON STREET CARLTON 3053 --> 1 records found - comparisons: b3855 n400 s400
23/650 SWANSTON STREET CARLTON 3053 --> 1 records found - comparisons: b3648 n400 s400
BERKELEY STREET MELBOURNE 3000 --> 1 records found - comparisons: b1059 n400 s400
301B/640 SWANSTON STREET CARLTON 3053 --> 1 records found - comparisons: b3596 n400 s400
206A/640 SWANSTON STREET CARLTON 3053 --> 1 records found - comparisons: b3849 n400 s400
505/668 SWANSTON STREET CARLTON 3053 --> 1 records found - comparisons: b2967 n400 s400
201 GRATTAN STREET CARLTON 3053 --> 1 records found - comparisons: b3812 n400 s400
108/151 BERKELEY STREET MELBOURNE 3000 --> 1 records found - comparisons: b4006 n400 s400
690 ELIZABETH STREET MELBOURNE 3000 --> 1 records found - comparisons: b2982 n400 s400
201/151 BERKELEY STREET MELBOURNE 3000 --> 1 records found - comparisons: b3894 n400 s400
909A/640 SWANSTON STREET CARLTON 3053 --> 1 records found - comparisons: b2479 n400 s400
802A/640 SWANSTON STREET CARLTON 3053 --> 1 records found - comparisons: b2476 n400 s400
202/151 BERKELEY STREET MELBOURNE 3000 --> 1 records found - comparisons: b3878 n400 s400
311A/640 SWANSTON STREET CARLTON 3053 --> 1 records found - comparisons: b3442 n400 s400
202/668 SWANSTON STREET CARLTON 3053 --> 1 records found - comparisons: b3862 n400 s400
411/668 SWANSTON STREET CARLTON 3053 --> 1 records found - comparisons: b2986 n400 s400
504/668 SWANSTON STREET CARLTON 3053 --> 1 records found - comparisons: b2939 n400 s400
601/668 SWANSTON STREET CARLTON 3053 --> 1 records found - comparisons: b3167 n400 s400
920/668 SWANSTON STREET CARLTON 3053 --> 1 records found - comparisons: b2452 n400 s400
611/668 SWANSTON STREET CARLTON 3053 --> 1 records found - comparisons: b3061 n400 s400
907A/640 SWANSTON STREET CARLTON 3053 --> 1 records found - comparisons: b2484 n400 s400
603B/640 SWANSTON STREET CARLTON 3053 --> 1 records found - comparisons: b3158 n400 s400
403B/640 SWANSTON STREET CARLTON 3053 --> 1 records found - comparisons: b3093 n400 s400
905A/640 SWANSTON STREET CARLTON 3053 --> 1 records found - comparisons: b2485 n400 s400
306A/640 SWANSTON STREET CARLTON 3053 --> 1 records found - comparisons: b3595 n400 s400
185 PELHAM STREET CARLTON 3053 --> 2 records found - comparisons: b3889 n400 s400
709/668 SWANSTON STREET CARLTON 3053 --> 1 records found - comparisons: b2993 n400 s400
18/650 SWANSTON STREET CARLTON 3053 --> 1 records found - comparisons: b3696 n400 s400
23C/151 BERKELEY STREET MELBOURNE 3000 --> 1 records found - comparisons: b3642 n400 s400
308/151 BERKELEY STREET MELBOURNE 3000 --> 1 records found - comparisons: b3587 n400 s400
26C/151 BERKELEY STREET MELBOURNE 3000 --> 1 records found - comparisons: b3543 n400 s400
408/151 BERKELEY STREET MELBOURNE 3000 --> 1 records found - comparisons: b3101 n400 s400
208A/640 SWANSTON STREET CARLTON 3053 --> 1 records found - comparisons: b3815 n400 s400
706/151 BERKELEY STREET MELBOURNE 3000 --> 1 records found - comparisons: b3013 n400 s400
807/151 BERKELEY STREET MELBOURNE 3000 --> 1 records found - comparisons: b2480 n400 s400
904/151 BERKELEY STREET MELBOURNE 3000 --> 1 records found - comparisons: b2493 n400 s400
27C/151 BERKELEY STREET MELBOURNE 3000 --> 1 records found - comparisons: b3543 n400 s400
LYGON STREET CARLTON NORTH 3054 --> 1 records found - comparisons: b1065 n400 s400
28C/151 BERKELEY STREET MELBOURNE 3000 --> 1 records found - comparisons: b3469 n400 s400
30C/151 BERKELEY STREET MELBOURNE 3000 --> 1 records found - comparisons: b3497 n400 s400
676 SWANSTON STREET CARLTON 3053 --> 1 records found - comparisons: b3010 n400 s400
1104/18 LINCOLN SQUARE N CARLTON 3053 --> 1 records found - comparisons: b3897 n400 s400
1201/18 LINCOLN SQUARE N CARLTON 3053 --> 1 records found - comparisons: b3966 n400 s400
31C/151 BERKELEY STREET MELBOURNE 3000 --> 1 records found - comparisons: b3445 n400 s400
1202/18 LINCOLN SQUARE N CARLTON 3053 --> 1 records found - comparisons: b3968 n400 s400
111A/640 SWANSTON STREET CARLTON 3053 --> 1 records found - comparisons: b3884 n400 s400
110A/640 SWANSTON STREET CARLTON 3053 --> 1 records found - comparisons: b3888 n400 s400
106A/640 SWANSTON STREET CARLTON 3053 --> 1 records found - comparisons: b4017 n400 s400
105A/640 SWANSTON STREET CARLTON 3053 --> 1 records found - comparisons: b4015 n400 s400
104A/640 SWANSTON STREET CARLTON 3053 --> 1 records found - comparisons: b4017 n400 s400
101A/640 SWANSTON STREET CARLTON 3053 --> 1 records found - comparisons: b4038 n400 s400
1012A/640 SWANSTON STREET CARLTON 3053 --> 1 records found - comparisons: b4050 n400 s400
1010A/640 SWANSTON STREET CARLTON 3053 --> 1 records found - comparisons: b4050 n400 s400
1009A/640 SWANSTON STREET CARLTON 3053 --> 1 records found - comparisons: b4043 n400 s400
1007A/640 SWANSTON STREET CARLTON 3053 --> 1 records found - comparisons: b4044 n400 s400
705/223 BERKELEY STREET MELBOURNE 3000 --> 1 records found - comparisons: b3028 n400 s400
708/223 BERKELEY STREET MELBOURNE 3000 --> 1 records found - comparisons: b3007 n400 s400
309/668 SWANSTON STREET CARLTON 3053 --> 1 records found - comparisons: b3585 n400 s400
206/18 LINCOLN SQUARE N CARLTON 3053 --> 1 records found - comparisons: b3868 n400 s400
303/18 LINCOLN SQUARE N CARLTON 3053 --> 1 records found - comparisons: b3624 n400 s400
308B/640 SWANSTON STREET CARLTON 3053 --> 1 records found - comparisons: b3579 n400 s400
404/18 LINCOLN SQUARE N CARLTON 3053 --> 1 records found - comparisons: b3103 n400 s400
406/18 LINCOLN SQUARE N CARLTON 3053 --> 1 records found - comparisons: b3105 n400 s400
503/18 LINCOLN SQUARE N CARLTON 3053 --> 1 records found - comparisons: b2957 n400 s400
305/151 BERKELEY STREET MELBOURNE 3000 --> 1 records found - comparisons: b3637 n400 s400
306/151 BERKELEY STREET MELBOURNE 3000 --> 1 records found - comparisons: b3603 n400 s400
771 SWANSTON STREET PARKVILLE 3052 --> 1 records found - comparisons: b2899 n400 s400
720 SWANSTON STREET CARLTON 3053 --> 1 records found - comparisons: b2893 n400 s400
24 WILSON AVENUE PARKVILLE 3052 --> 1 records found - comparisons: b3497 n400 s400
270 GRATTAN STREET PARKVILLE 3052 --> 1 records found - comparisons: b3503 n400 s400
165 BERKELEY STREET MELBOURNE 3000 --> 1 records found - comparisons: b3771 n400 s400
307/151 BERKELEY STREET MELBOURNE 3000 --> 1 records found - comparisons: b3616 n400 s400
9/650 SWANSTON STREET CARLTON 3053 --> 1 records found - comparisons: b2409 n400 s400
309/151 BERKELEY STREET MELBOURNE 3000 --> 1 records found - comparisons: b3601 n400 s400
401/151 BERKELEY STREET MELBOURNE 3000 --> 1 records found - comparisons: b3097 n400 s400
402/151 BERKELEY STREET MELBOURNE 3000 --> 1 records found - comparisons: b3101 n400 s400
404/151 BERKELEY STREET MELBOURNE 3000 --> 1 records found - comparisons: b3119 n400 s400
405/151 BERKELEY STREET MELBOURNE 3000 --> 1 records found - comparisons: b3098 n400 s400
406/151 BERKELEY STREET MELBOURNE 3000 --> 1 records found - comparisons: b3121 n400 s400
606/668 SWANSTON STREET CARLTON 3053 --> 1 records found - comparisons: b3164 n400 s400
607/668 SWANSTON STREET CARLTON 3053 --> 1 records found - comparisons: b3164 n400 s400
609/668 SWANSTON STREET CARLTON 3053 --> 1 records found - comparisons: b3129 n400 s400
610/668 SWANSTON STREET CARLTON 3053 --> 1 records found - comparisons: b3061 n400 s400
612/668 SWANSTON STREET CARLTON 3053 --> 1 records found - comparisons: b3060 n400 s400
705/668 SWANSTON STREET CARLTON 3053 --> 1 records found - comparisons: b3012 n400 s400
707/668 SWANSTON STREET CARLTON 3053 --> 1 records found - comparisons: b2997 n400 s400
200B/640 SWANSTON STREET CARLTON 3053 --> 1 records found - comparisons: b3845 n400 s400
36C/151 BERKELEY STREET MELBOURNE 3000 --> 1 records found - comparisons: b3368 n400 s400
37C/151 BERKELEY STREET MELBOURNE 3000 --> 1 records found - comparisons: b3368 n400 s400
39C/151 BERKELEY STREET MELBOURNE 3000 --> 1 records found - comparisons: b3326 n400 s400
7 UNION ROAD PARKVILLE 3052 --> 1 records found - comparisons: b2825 n400 s400
4 WILSON AVENUE PARKVILLE 3052 --> 1 records found - comparisons: b2855 n400 s400
23 PROFESSORS WALK PARKVILLE 3052 --> 1 records found - comparisons: b3639 n400 s400
6/135 ROYAL PARADE PARKVILLE 3052 --> 1 records found - comparisons: b2958 n400 s400
101B/640 SWANSTON STREET CARLTON 3053 --> 1 records found - comparisons: b4038 n400 s400
3/201 GRATTAN STREET CARLTON 3053 --> 1 records found - comparisons: b3235 n400 s400
13 WILSON AVENUE PARKVILLE 3052 --> 1 records found - comparisons: b3783 n400 s400
1206/151 BERKELEY STREET MELBOURNE 3000 --> 1 records found - comparisons: b3957 n400 s400
305/668 SWANSTON STREET CARLTON 3053 --> 1 records found - comparisons: b3614 n400 s400
35 WILSON AVENUE PARKVILLE 3052 --> 1 records found - comparisons: b3332 n400 s400
35 MASSON ROAD PARKVILLE 3052 --> 1 records found - comparisons: b3316 n400 s400
31 MASSON ROAD PARKVILLE 3052 --> 1 records found - comparisons: b3375 n400 s400
23 MASSON ROAD PARKVILLE 3052 --> 1 records found - comparisons: b3607 n400 s400
8 SPENCER ROAD PARKVILLE 3052 --> 1 records found - comparisons: b2381 n400 s400
17 SPENCER ROAD PARKVILLE 3052 --> 1 records found - comparisons: b3728 n400 s400
20 UNION ROAD PARKVILLE 3052 --> 1 records found - comparisons: b3700 n400 s400
47 PROFESSORS WALK PARKVILLE 3052 --> 1 records found - comparisons: b2928 n400 s400
56 ROYAL PARADE PARKVILLE 3052 --> 1 records found - comparisons: b2818 n400 s400
33 MEDICAL ROAD PARKVILLE 3052 --> 1 records found - comparisons: b3348 n400 s400
38 ROYAL PARADE PARKVILLE 3052 --> 1 records found - comparisons: b3262 n400 s400
25 MEDICAL ROAD PARKVILLE 3052 --> 1 records found - comparisons: b3481 n400 s400
6 MEDICAL ROAD PARKVILLE 3052 --> 1 records found - comparisons: b2897 n400 s400
66 TIN ALLEY PARKVILLE 3052 --> 1 records found - comparisons: b2949 n400 s400
155 BARRY STREET CARLTON 3053 --> 1 records found - comparisons: b3729 n400 s400
213A/640 SWANSTON STREET CARLTON 3053 --> 1 records found - comparisons: b3669 n400 s400
153 BARRY STREET CARLTON 3053 --> 1 records found - comparisons: b3728 n400 s400
701-713 SWANSTON STREET CARLTON 3053 --> 1 records found - comparisons: b3010 n400 s400
1203/151 BERKELEY STREET MELBOURNE 3000 --> 1 records found - comparisons: b3984 n400 s400
1208/151 BERKELEY STREET MELBOURNE 3000 --> 1 records found - comparisons: b3947 n400 s400
1305/151 BERKELEY STREET MELBOURNE 3000 --> 1 records found - comparisons: b3862 n400 s400
1402/151 BERKELEY STREET MELBOURNE 3000 --> 1 records found - comparisons: b3817 n400 s400
1407/151 BERKELEY STREET MELBOURNE 3000 --> 1 records found - comparisons: b3817 n400 s400
1702/151 BERKELEY STREET MELBOURNE 3000 --> 1 records found - comparisons: b3826 n400 s400
199-203 GRATTAN STREET CARLTON 3053 --> 1 records found - comparisons: b3673 n400 s400
10/650 SWANSTON STREET CARLTON 3053 --> 1 records found - comparisons: b3931 n400 s400
203/151 BERKELEY STREET MELBOURNE 3000 --> 1 records found - comparisons: b3871 n400 s400
204/151 BERKELEY STREET MELBOURNE 3000 --> 1 records found - comparisons: b3859 n400 s400
205/151 BERKELEY STREET MELBOURNE 3000 --> 1 records found - comparisons: b3868 n400 s400
810A/640 SWANSTON STREET CARLTON 3053 --> 1 records found - comparisons: b2453 n400 s400
209A/640 SWANSTON STREET CARLTON 3053 --> 1 records found - comparisons: b3815 n400 s400
200 LEICESTER STREET CARLTON 3053 --> 1 records found - comparisons: b3813 n400 s400
103A/640 SWANSTON STREET CARLTON 3053 --> 1 records found - comparisons: b4024 n400 s400
203B/640 SWANSTON STREET CARLTON 3053 --> 1 records found - comparisons: b3856 n400 s400
1001A/640 SWANSTON STREET CARLTON 3053 --> 1 records found - comparisons: b4044 n400 s400
206/151 BERKELEY STREET MELBOURNE 3000 --> 1 records found - comparisons: b3884 n400 s400
208/151 BERKELEY STREET MELBOURNE 3000 --> 1 records found - comparisons: b3828 n400 s400
209/151 BERKELEY STREET MELBOURNE 3000 --> 1 records found - comparisons: b3836 n400 s400
301/151 BERKELEY STREET MELBOURNE 3000 --> 1 records found - comparisons: b3616 n400 s400
302/151 BERKELEY STREET MELBOURNE 3000 --> 1 records found - comparisons: b3617 n400 s400
304/151 BERKELEY STREET MELBOURNE 3000 --> 1 records found - comparisons: b3617 n400 s400
503/151 BERKELEY STREET MELBOURNE 3000 --> 1 records found - comparisons: b2973 n400 s400
603/151 BERKELEY STREET MELBOURNE 3000 --> 1 records found - comparisons: b3166 n400 s400
35/230 GRATTAN STREET PARKVILLE 3052 --> 1 records found - comparisons: b3365 n400 s400
6/230 GRATTAN STREET PARKVILLE 3052 --> 1 records found - comparisons: b2982 n400 s400
45/230 GRATTAN STREET PARKVILLE 3052 --> 1 records found - comparisons: b2953 n400 s400
33/230 GRATTAN STREET PARKVILLE 3052 --> 1 records found - comparisons: b3396 n400 s400
5/230 GRATTAN STREET PARKVILLE 3052 --> 1 records found - comparisons: b2834 n400 s400
1/230 GRATTAN STREET PARKVILLE 3052 --> 1 records found - comparisons: b3527 n400 s400
183-195 BOUVERIE STREET CARLTON 3053 --> 1 records found - comparisons: b3715 n400 s400
42/230 GRATTAN STREET PARKVILLE 3052 --> 1 records found - comparisons: b2970 n400 s400
644-658 SWANSTON STREET CARLTON 3053 --> 1 records found - comparisons: b3031 n400 s400
704/223 BERKELEY STREET MELBOURNE 3000 --> 1 records found - comparisons: b3014 n400 s400
39/230 GRATTAN STREET PARKVILLE 3052 --> 1 records found - comparisons: b3310 n400 s400
7/230 GRATTAN STREET PARKVILLE 3052 --> 1 records found - comparisons: b2889 n400 s400
8/230 GRATTAN STREET PARKVILLE 3052 --> 1 records found - comparisons: b2439 n400 s400
12/230 GRATTAN STREET PARKVILLE 3052 --> 1 records found - comparisons: b3852 n400 s400
34/230 GRATTAN STREET PARKVILLE 3052 --> 1 records found - comparisons: b3357 n400 s400
204/668 SWANSTON STREET CARLTON 3053 --> 1 records found - comparisons: b3843 n400 s400
801/668 SWANSTON STREET CARLTON 3053 --> 1 records found - comparisons: b2465 n400 s400
2B/230 GRATTAN STREET PARKVILLE 3052 --> 1 records found - comparisons: b3211 n400 s400
67/230 GRATTAN STREET PARKVILLE 3052 --> 1 records found - comparisons: b3037 n400 s400
75/230 GRATTAN STREET PARKVILLE 3052 --> 1 records found - comparisons: b2915 n400 s400
2/133 ROYAL PARADE PARKVILLE 3052 --> 1 records found - comparisons: b3351 n400 s400
68/230 GRATTAN STREET PARKVILLE 3052 --> 1 records found - comparisons: b2986 n400 s400
50/230 GRATTAN STREET PARKVILLE 3052 --> 1 records found - comparisons: b2918 n400 s400
51/230 GRATTAN STREET PARKVILLE 3052 --> 1 records found - comparisons: b2886 n400 s400
52/230 GRATTAN STREET PARKVILLE 3052 --> 1 records found - comparisons: b2878 n400 s400
53/230 GRATTAN STREET PARKVILLE 3052 --> 1 records found - comparisons: b2878 n400 s400
9/230 GRATTAN STREET PARKVILLE 3052 --> 1 records found - comparisons: b2417 n400 s400
309A/640 SWANSTON STREET CARLTON 3053 --> 1 records found - comparisons: b3581 n400 s400
2A/230 GRATTAN STREET PARKVILLE 3052 --> 1 records found - comparisons: b3211 n400 s400
69/230 GRATTAN STREET PARKVILLE 3052 --> 1 records found - comparisons: b2990 n400 s400
919/668 SWANSTON STREET CARLTON 3053 --> 1 records found - comparisons: b2461 n400 s400
40/230 GRATTAN STREET PARKVILLE 3052 --> 1 records found - comparisons: b3051 n400 s400
505/223 BERKELEY STREET MELBOURNE 3000 --> 1 records found - comparisons: b2984 n400 s400
103/223 BERKELEY STREET MELBOURNE 3000 --> 1 records found - comparisons: b4058 n400 s400
165 GRATTAN STREET CARLTON 3053 --> 1 records found - comparisons: b3747 n400 s400
139 ROYAL PARADE PARKVILLE 3052 --> 1 records found - comparisons: b3801 n400 s400
179 GRATTAN STREET CARLTON 3053 --> 1 records found - comparisons: b3739 n400 s400
601/18 LINCOLN SQUARE N CARLTON 3053 --> 1 records found - comparisons: b3167 n400 s400
505/18 LINCOLN SQUARE N CARLTON 3053 --> 1 records found - comparisons: b2968 n400 s400
ELIZABETH STREET MELBOURNE 3000 --> 1 records found - comparisons: b1068 n400 s400
815 SWANSTON STREET PARKVILLE 3052 --> 1 records found - comparisons: b2429 n400 s400
222-224 PELHAM STREET MELBOURNE 3000 --> 1 records found - comparisons: b3616 n400 s400
678 SWANSTON STREET CARLTON 3053 --> 1 records found - comparisons: b3008 n400 s400
141 BARRY STREET CARLTON 3053 --> 1 records found - comparisons: b3731 n400 s400
1/743-751 SWANSTON STREET CARLTON 3053 --> 1 records found - comparisons: b3543 n400 s400
14 KERNOT ROAD PARKVILLE 3052 --> 2 records found - comparisons: b3940 n400 s400
7 SPENCER ROAD PARKVILLE 3052 --> 1 records found - comparisons: b2841 n400 s400
5C/151 BERKELEY STREET MELBOURNE 3000 --> 1 records found - comparisons: b2824 n400 s400
24C/151 BERKELEY STREET MELBOURNE 3000 --> 1 records found - comparisons: b3549 n400 s400
15/650 SWANSTON STREET CARLTON 3053 --> 1 records found - comparisons: b3775 n400 s400
8/201 GRATTAN STREET CARLTON 3053 --> 1 records found - comparisons: b2423 n400 s400
18 SPENCER ROAD PARKVILLE 3052 --> 1 records found - comparisons: b3664 n400 s400
199 GRATTAN STREET CARLTON 3053 --> 1 records found - comparisons: b3641 n400 s400
202A/640 SWANSTON STREET CARLTON 3053 --> 1 records found - comparisons: b3858 n400 s400
201A/640 SWANSTON STREET CARLTON 3053 --> 1 records found - comparisons: b3851 n400 s400
1706/151 BERKELEY STREET MELBOURNE 3000 --> 1 records found - comparisons: b3826 n400 s400
1805/151 BERKELEY STREET MELBOURNE 3000 --> 1 records found - comparisons: b3761 n400 s400
2M/151 BERKELEY STREET MELBOURNE 3000 --> 1 records found - comparisons: b3217 n400 s400
805/668 SWANSTON STREET CARLTON 3053 --> 1 records found - comparisons: b2464 n400 s400
802/151 BERKELEY STREET MELBOURNE 3000 --> 1 records found - comparisons: b2484 n400 s400
18-20 LINCOLN SQUARE N CARLTON 3053 --> 1 records found - comparisons: b3696 n400 s400
303/151 BERKELEY STREET MELBOURNE 3000 --> 1 records found - comparisons: b3640 n400 s400
163 GRATTAN STREET CARLTON 3053 --> 1 records found - comparisons: b3731 n400 s400
672 SWANSTON STREET CARLTON 3053 --> 2 records found - comparisons: b3252 n400 s400
205/668 SWANSTON STREET CARLTON 3053 --> 1 records found - comparisons: b3852 n400 s400
301/668 SWANSTON STREET CARLTON 3053 --> 1 records found - comparisons: b3600 n400 s400
302/668 SWANSTON STREET CARLTON 3053 --> 1 records found - comparisons: b3601 n400 s400
303/668 SWANSTON STREET CARLTON 3053 --> 1 records found - comparisons: b3617 n400 s400
922/668 SWANSTON STREET CARLTON 3053 --> 1 records found - comparisons: b2452 n400 s400
402B/640 SWANSTON STREET CARLTON 3053 --> 1 records found - comparisons: b3093 n400 s400
403/151 BERKELEY STREET MELBOURNE 3000 --> 1 records found - comparisons: b3101 n400 s400
502B/640 SWANSTON STREET CARLTON 3053 --> 1 records found - comparisons: b2944 n400 s400
307/223 BERKELEY STREET MELBOURNE 3000 --> 1 records found - comparisons: b3616 n400 s400
701/151 BERKELEY STREET MELBOURNE 3000 --> 1 records found - comparisons: b3034 n400 s400
101/151 BERKELEY STREET MELBOURNE 3000 --> 1 records found - comparisons: b4064 n400 s400
102/151 BERKELEY STREET MELBOURNE 3000 --> 1 records found - comparisons: b4026 n400 s400
103/151 BERKELEY STREET MELBOURNE 3000 --> 1 records found - comparisons: b4064 n400 s400
104/151 BERKELEY STREET MELBOURNE 3000 --> 1 records found - comparisons: b4044 n400 s400
105/151 BERKELEY STREET MELBOURNE 3000 --> 1 records found - comparisons: b4023 n400 s400
106/151 BERKELEY STREET MELBOURNE 3000 --> 1 records found - comparisons: b4044 n400 s400
1107/151 BERKELEY STREET MELBOURNE 3000 --> 1 records found - comparisons: b3913 n400 s400
1096/640 SWANSTON STREET CARLTON 3053 --> 1 records found - comparisons: b3988 n400 s400
1075/640 SWANSTON STREET CARLTON 3053 --> 1 records found - comparisons: b4017 n400 s400
29C/151 BERKELEY STREET MELBOURNE 3000 --> 1 records found - comparisons: b3467 n400 s400
33C/151 BERKELEY STREET MELBOURNE 3000 --> 1 records found - comparisons: b3411 n400 s400
38C/151 BERKELEY STREET MELBOURNE 3000 --> 1 records found - comparisons: b3326 n400 s400
43C/151 BERKELEY STREET MELBOURNE 3000 --> 1 records found - comparisons: b2986 n400 s400
304/223 BERKELEY STREET MELBOURNE 3000 --> 1 records found - comparisons: b3617 n400 s400
205-211 GRATTAN STREET CARLTON 3053 --> 1 records found - comparisons: b3837 n400 s400
8 MONASH ROAD PARKVILLE 3052 --> 1 records found - comparisons: b2370 n400 s400
49C/151 BERKELEY STREET MELBOURNE 3000 --> 1 records found - comparisons: b2955 n400 s400
13S/151 BERKELEY STREET MELBOURNE 3000 --> 1 records found - comparisons: b3828 n400 s400
1/224 PELHAM STREET MELBOURNE 3000 --> 1 records found - comparisons: b3519 n400 s400
1/650 SWANSTON STREET CARLTON 3053 --> 1 records found - comparisons: b3511 n400 s400
409A/640 SWANSTON STREET CARLTON 3053 --> 1 records found - comparisons: b3078 n400 s400
408/223 BERKELEY STREET MELBOURNE 3000 --> 1 records found - comparisons: b3101 n400 s400
112A/640 SWANSTON STREET CARLTON 3053 --> 1 records found - comparisons: b3877 n400 s400
196 PELHAM STREET CARLTON 3053 --> 1 records found - comparisons: b3625 n400 s400
15 MONASH ROAD PARKVILLE 3052 --> 3 records found - comparisons: b4165 n400 s400
1806/151 BERKELEY STREET MELBOURNE 3000 --> 1 records found - comparisons: b3762 n400 s400
100A/640 SWANSTON STREET CARLTON 3053 --> 1 records found - comparisons: b4029 n400 s400
11 MONASH ROAD PARKVILLE 3052 --> 1 records found - comparisons: b3803 n400 s400
8 PORTERS LANE PARKVILLE 3052 --> 1 records found - comparisons: b2381 n400 s400
2 PORTERS LANE PARKVILLE 3052 --> 1 records found - comparisons: b3309 n400 s400
709A/640 SWANSTON STREET CARLTON 3053 --> 1 records found - comparisons: b3001 n400 s400
203A/640 SWANSTON STREET CARLTON 3053 --> 1 records found - comparisons: b3856 n400 s400
212 BERKELEY STREET CARLTON 3053 --> 1 records found - comparisons: b3625 n400 s400
17/650 SWANSTON STREET CARLTON 3053 --> 1 records found - comparisons: b3768 n400 s400
40 COLLEGE CRESCENT PARKVILLE 3052 --> 1 records found - comparisons: b3035 n400 s400
910A/640 SWANSTON STREET CARLTON 3053 --> 1 records found - comparisons: b2471 n400 s400
12/650 SWANSTON STREET CARLTON 3053 --> 1 records found - comparisons: b3844 n400 s400
406B/640 SWANSTON STREET CARLTON 3053 --> 1 records found - comparisons: b3094 n400 s400
19/650 SWANSTON STREET CARLTON 3053 --> 1 records found - comparisons: b3663 n400 s400
202B/640 SWANSTON STREET CARLTON 3053 --> 1 records found - comparisons: b3858 n400 s400
29-55 COLLEGE CRESCENT PARKVILLE 3052 --> 1 records found - comparisons: b3459 n400 s400
226 PELHAM STREET MELBOURNE 3000 --> 2 records found - comparisons: b3827 n400 s400
20 LINCOLN SQUARE N CARLTON 3053 --> 1 records found - comparisons: b3732 n400 s400
101/18 LINCOLN SQUARE N CARLTON 3053 --> 1 records found - comparisons: b4048 n400 s400
103/18 LINCOLN SQUARE N CARLTON 3053 --> 1 records found - comparisons: b4048 n400 s400
104/18 LINCOLN SQUARE N CARLTON 3053 --> 1 records found - comparisons: b4028 n400 s400
106/18 LINCOLN SQUARE N CARLTON 3053 --> 1 records found - comparisons: b4028 n400 s400
201/18 LINCOLN SQUARE N CARLTON 3053 --> 1 records found - comparisons: b3878 n400 s400
304/668 SWANSTON STREET CARLTON 3053 --> 0 records found - comparisons: b3342 n400 s400
307/668 SWANSTON STREET CARLTON 3053 --> 0 records found - comparisons: b3341 n400 s400
310/668 SWANSTON STREET CARLTON 3053 --> 0 records found - comparisons: b3162 n400 s400
402/668 SWANSTON STREET CARLTON 3053 --> 0 records found - comparisons: b2827 n400 s400
403/668 SWANSTON STREET CARLTON 3053 --> 0 records found - comparisons: b2827 n400 s400
408/668 SWANSTON STREET CARLTON 3053 --> 0 records found - comparisons: b2826 n400 s400
409/668 SWANSTON STREET CARLTON 3053 --> 0 records found - comparisons: b2800 n400 s400
149-155 BERKELEY STREET MELBOURNE 3000 --> 0 records found - comparisons: b3504 n400 s400
202/18 LINCOLN SQUARE N CARLTON 3053 --> 0 records found - comparisons: b3611 n400 s400
204/18 LINCOLN SQUARE N CARLTON 3053 --> 0 records found - comparisons: b3592 n400 s400
205/18 LINCOLN SQUARE N CARLTON 3053 --> 0 records found - comparisons: b3601 n400 s400
243-245 BOUVERIE STREET CARLTON 3053 --> 0 records found - comparisons: b3265 n400 s400
19-27 COLLEGE CRESCENT PARKVILLE 3052 --> 0 records found - comparisons: b3398 n400 s400
900A/640 SWANSTON STREET CARLTON 3053 --> 0 records found - comparisons: b2201 n400 s400
640 SWANSTON STREET CARLTON 3053 --> 0 records found - comparisons: b2750 n400 s400
908A/640 SWANSTON STREET CARLTON 3053 --> 0 records found - comparisons: b2199 n400 s400
901A/640 SWANSTON STREET CARLTON 3053 --> 0 records found - comparisons: b2201 n400 s400
812A/640 SWANSTON STREET CARLTON 3053 --> 0 records found - comparisons: b2172 n400 s400
811A/640 SWANSTON STREET CARLTON 3053 --> 0 records found - comparisons: b2173 n400 s400
147-149 BARRY STREET CARLTON 3053 --> 0 records found - comparisons: b3508 n400 s400
809A/640 SWANSTON STREET CARLTON 3053 --> 0 records found - comparisons: b2184 n400 s400
410/668 SWANSTON STREET CARLTON 3053 --> 0 records found - comparisons: b2714 n400 s400
412/668 SWANSTON STREET CARLTON 3053 --> 0 records found - comparisons: b2713 n400 s400
503/668 SWANSTON STREET CARLTON 3053 --> 0 records found - comparisons: b2692 n400 s400
506/668 SWANSTON STREET CARLTON 3053 --> 0 records found - comparisons: b2666 n400 s400
509/668 SWANSTON STREET CARLTON 3053 --> 0 records found - comparisons: b2650 n400 s400
510/668 SWANSTON STREET CARLTON 3053 --> 0 records found - comparisons: b2610 n400 s400
101/223 BERKELEY STREET MELBOURNE 3000 --> 0 records found - comparisons: b3785 n400 s400
603A/640 SWANSTON STREET CARLTON 3053 --> 0 records found - comparisons: b2885 n400 s400
602A/640 SWANSTON STREET CARLTON 3053 --> 0 records found - comparisons: b2878 n400 s400
514A/640 SWANSTON STREET CARLTON 3053 --> 0 records found - comparisons: b2610 n400 s400
511A/640 SWANSTON STREET CARLTON 3053 --> 0 records found - comparisons: b2610 n400 s400
509A/640 SWANSTON STREET CARLTON 3053 --> 0 records found - comparisons: b2650 n400 s400
710/668 SWANSTON STREET CARLTON 3053 --> 0 records found - comparisons: b2655 n400 s400
803/668 SWANSTON STREET CARLTON 3053 --> 0 records found - comparisons: b2194 n400 s400
508A/640 SWANSTON STREET CARLTON 3053 --> 0 records found - comparisons: b2650 n400 s400
507A/640 SWANSTON STREET CARLTON 3053 --> 0 records found - comparisons: b2664 n400 s400
505A/640 SWANSTON STREET CARLTON 3053 --> 0 records found - comparisons: b2673 n400 s400
504A/640 SWANSTON STREET CARLTON 3053 --> 0 records found - comparisons: b2669 n400 s400
308/668 SWANSTON STREET CARLTON 3053 --> 0 records found - comparisons: b3313 n400 s400
311/668 SWANSTON STREET CARLTON 3053 --> 0 records found - comparisons: b3164 n400 s400
502A/640 SWANSTON STREET CARLTON 3053 --> 0 records found - comparisons: b2671 n400 s400
301/18 LINCOLN SQUARE N CARLTON 3053 --> 0 records found - comparisons: b3349 n400 s400
302/18 LINCOLN SQUARE N CARLTON 3053 --> 0 records found - comparisons: b3350 n400 s400
304/18 LINCOLN SQUARE N CARLTON 3053 --> 0 records found - comparisons: b3350 n400 s400
306/18 LINCOLN SQUARE N CARLTON 3053 --> 0 records found - comparisons: b3336 n400 s400
402/18 LINCOLN SQUARE N CARLTON 3053 --> 0 records found - comparisons: b2834 n400 s400
403/18 LINCOLN SQUARE N CARLTON 3053 --> 0 records found - comparisons: b2834 n400 s400
405/18 LINCOLN SQUARE N CARLTON 3053 --> 0 records found - comparisons: b2831 n400 s400
501/18 LINCOLN SQUARE N CARLTON 3053 --> 0 records found - comparisons: b2661 n400 s400
502/18 LINCOLN SQUARE N CARLTON 3053 --> 0 records found - comparisons: b2666 n400 s400
806A/640 SWANSTON STREET CARLTON 3053 --> 0 records found - comparisons: b2192 n400 s400
803A/640 SWANSTON STREET CARLTON 3053 --> 0 records found - comparisons: b2194 n400 s400
504/18 LINCOLN SQUARE N CARLTON 3053 --> 0 records found - comparisons: b2681 n400 s400
203/223 BERKELEY STREET MELBOURNE 3000 --> 0 records found - comparisons: b3598 n400 s400
204/223 BERKELEY STREET MELBOURNE 3000 --> 0 records found - comparisons: b3586 n400 s400
911A/640 SWANSTON STREET CARLTON 3053 --> 0 records found - comparisons: b2191 n400 s400
800A/640 SWANSTON STREET CARLTON 3053 --> 0 records found - comparisons: b2193 n400 s400
710A/640 SWANSTON STREET CARLTON 3053 --> 0 records found - comparisons: b2655 n400 s400
708A/640 SWANSTON STREET CARLTON 3053 --> 0 records found - comparisons: b2721 n400 s400
707A/640 SWANSTON STREET CARLTON 3053 --> 0 records found - comparisons: b2727 n400 s400
705A/640 SWANSTON STREET CARLTON 3053 --> 0 records found - comparisons: b2730 n400 s400
63 MORRISON CLOSE PARKVILLE 3052 --> 0 records found - comparisons: b2746 n400 s400
702A/640 SWANSTON STREET CARLTON 3053 --> 0 records found - comparisons: b2721 n400 s400
701A/640 SWANSTON STREET CARLTON 3053 --> 0 records found - comparisons: b2730 n400 s400
501/668 SWANSTON STREET CARLTON 3053 --> 0 records found - comparisons: b2661 n400 s400
223 BERKELEY STREET MELBOURNE 3000 --> 0 records found - comparisons: b3344 n400 s400
702/668 SWANSTON STREET CARLTON 3053 --> 0 records found - comparisons: b2721 n400 s400
612A/640 SWANSTON STREET CARLTON 3053 --> 0 records found - comparisons: b2790 n400 s400
609A/640 SWANSTON STREET CARLTON 3053 --> 0 records found - comparisons: b2859 n400 s400
418A/640 SWANSTON STREET CARLTON 3053 --> 0 records found - comparisons: b2711 n400 s400
411A/640 SWANSTON STREET CARLTON 3053 --> 0 records found - comparisons: b2716 n400 s400
3/743-751 SWANSTON STREET CARLTON 3053 --> 0 records found - comparisons: b2987 n400 s400
702/18 LINCOLN SQUARE N CARLTON 3053 --> 0 records found - comparisons: b2721 n400 s400
703/18 LINCOLN SQUARE N CARLTON 3053 --> 0 records found - comparisons: b2721 n400 s400
704/18 LINCOLN SQUARE N CARLTON 3053 --> 0 records found - comparisons: b2741 n400 s400
801/18 LINCOLN SQUARE N CARLTON 3053 --> 0 records found - comparisons: b2207 n400 s400
802/18 LINCOLN SQUARE N CARLTON 3053 --> 0 records found - comparisons: b2217 n400 s400
206/668 SWANSTON STREET CARLTON 3053 --> 0 records found - comparisons: b3602 n400 s400
804/18 LINCOLN SQUARE N CARLTON 3053 --> 0 records found - comparisons: b2192 n400 s400
901/18 LINCOLN SQUARE N CARLTON 3053 --> 0 records found - comparisons: b2201 n400 s400
1/143 ROYAL PARADE PARKVILLE 3052 --> 0 records found - comparisons: b3253 n400 s400
903/18 LINCOLN SQUARE N CARLTON 3053 --> 0 records found - comparisons: b2204 n400 s400
904/18 LINCOLN SQUARE N CARLTON 3053 --> 0 records found - comparisons: b2226 n400 s400
1002/18 LINCOLN SQUARE N CARLTON 3053 --> 0 records found - comparisons: b3763 n400 s400
1003/18 LINCOLN SQUARE N CARLTON 3053 --> 0 records found - comparisons: b3763 n400 s400
1101/18 LINCOLN SQUARE N CARLTON 3053 --> 0 records found - comparisons: b3623 n400 s400
1102/18 LINCOLN SQUARE N CARLTON 3053 --> 0 records found - comparisons: b3624 n400 s400
304A/640 SWANSTON STREET CARLTON 3053 --> 0 records found - comparisons: b3318 n400 s400
406A/640 SWANSTON STREET CARLTON 3053 --> 0 records found - comparisons: b2821 n400 s400
403A/640 SWANSTON STREET CARLTON 3053 --> 0 records found - comparisons: b2820 n400 s400
414A/640 SWANSTON STREET CARLTON 3053 --> 0 records found - comparisons: b2712 n400 s400
314A/640 SWANSTON STREET CARLTON 3053 --> 0 records found - comparisons: b3159 n400 s400
312A/640 SWANSTON STREET CARLTON 3053 --> 0 records found - comparisons: b3164 n400 s400
239-241 BOUVERIE STREET CARLTON 3053 --> 0 records found - comparisons: b3390 n400 s400
30 KERNOT ROAD PARKVILLE 3052 --> 0 records found - comparisons: b3307 n400 s400
310A/640 SWANSTON STREET CARLTON 3053 --> 0 records found - comparisons: b3162 n400 s400
308A/640 SWANSTON STREET CARLTON 3053 --> 0 records found - comparisons: b3306 n400 s400
307A/640 SWANSTON STREET CARLTON 3053 --> 0 records found - comparisons: b3317 n400 s400
305A/640 SWANSTON STREET CARLTON 3053 --> 0 records found - comparisons: b3320 n400 s400
161 BARRY STREET CARLTON 3053 --> 0 records found - comparisons: b3498 n400 s400
1/133 ROYAL PARADE PARKVILLE 3052 --> 0 records found - comparisons: b3253 n400 s400
156-290 GRATTAN STREET PARKVILLE 3052 --> 0 records found - comparisons: b3528 n400 s400
32 LINCOLN SQUARE N CARLTON 3053 --> 0 records found - comparisons: b3107 n400 s400
5/135 ROYAL PARADE PARKVILLE 3052 --> 0 records found - comparisons: b2569 n400 s400
512A/640 SWANSTON STREET CARLTON 3053 --> 0 records found - comparisons: b2610 n400 s400
924/668 SWANSTON STREET CARLTON 3053 --> 0 records found - comparisons: b2177 n400 s400
46 TIN ALLEY PARKVILLE 3052 --> 0 records found - comparisons: b2672 n400 s400
24/650 SWANSTON STREET CARLTON 3053 --> 0 records found - comparisons: b3262 n400 s400
509/223 BERKELEY STREET MELBOURNE 3000 --> 0 records found - comparisons: b2650 n400 s400
129-133 ROYAL PARADE PARKVILLE 3052 --> 0 records found - comparisons: b3576 n400 s400
3/133 ROYAL PARADE PARKVILLE 3052 --> 0 records found - comparisons: b2986 n400 s400
33 MONASH ROAD PARKVILLE 3052 --> 0 records found - comparisons: b3137 n400 s400
5/650 SWANSTON STREET CARLTON 3053 --> 0 records found - comparisons: b2568 n400 s400
21/650 SWANSTON STREET CARLTON 3053 --> 0 records found - comparisons: b3364 n400 s400
216 BERKELEY STREET CARLTON 3053 --> 0 records found - comparisons: b3377 n400 s400
608/668 SWANSTON STREET CARLTON 3053 --> 0 records found - comparisons: b2871 n400 s400
32C/151 BERKELEY STREET MELBOURNE 3000 --> 0 records found - comparisons: b3107 n400 s400
34C/151 BERKELEY STREET MELBOURNE 3000 --> 0 records found - comparisons: b3081 n400 s400
35C/151 BERKELEY STREET MELBOURNE 3000 --> 0 records found - comparisons: b3081 n400 s400
706/668 SWANSTON STREET CARLTON 3053 --> 0 records found - comparisons: b2739 n400 s400
715-721 SWANSTON STREET CARLTON 3053 --> 0 records found - comparisons: b2655 n400 s400
11/230 GRATTAN STREET PARKVILLE 3052 --> 0 records found - comparisons: b3577 n400 s400
2/701 SWANSTON STREET CARLTON 3053 --> 0 records found - comparisons: b3100 n400 s400
102B/640 SWANSTON STREET CARLTON 3053 --> 0 records found - comparisons: b3740 n400 s400
11/650 SWANSTON STREET CARLTON 3053 --> 0 records found - comparisons: b3577 n400 s400
8 MEDICAL ROAD PARKVILLE 3052 --> 0 records found - comparisons: b2167 n400 s400
13 PORTERS LANE PARKVILLE 3052 --> 0 records found - comparisons: b3557 n400 s400
404/668 SWANSTON STREET CARLTON 3053 --> 0 records found - comparisons: b2838 n400 s400
25/650 SWANSTON STREET CARLTON 3053 --> 0 records found - comparisons: b3254 n400 s400
511/668 SWANSTON STREET CARLTON 3053 --> 0 records found - comparisons: b2610 n400 s400
207/668 SWANSTON STREET CARLTON 3053 --> 0 records found - comparisons: b3556 n400 s400
306/668 SWANSTON STREET CARLTON 3053 --> 0 records found - comparisons: b3329 n400 s400
604/668 SWANSTON STREET CARLTON 3053 --> 0 records found - comparisons: b2901 n400 s400
605/668 SWANSTON STREET CARLTON 3053 --> 0 records found - comparisons: b2892 n400 s400
210-214 LEICESTER STREET CARLTON 3053 --> 0 records found - comparisons: b3384 n400 s400
127 ROYAL PARADE PARKVILLE 3052 --> 0 records found - comparisons: b3586 n400 s400
306/223 BERKELEY STREET MELBOURNE 3000 --> 0 records found - comparisons: b3330 n400 s400
51 MASSON ROAD PARKVILLE 3052 --> 0 records found - comparisons: b2611 n400 s400
905/668 SWANSTON STREET CARLTON 3053 --> 0 records found - comparisons: b2207 n400 s400
916/668 SWANSTON STREET CARLTON 3053 --> 0 records found - comparisons: b2188 n400 s400
1 UNION ROAD PARKVILLE 3052 --> 0 records found - comparisons: b3215 n400 s400
917/668 SWANSTON STREET CARLTON 3053 --> 0 records found - comparisons: b2188 n400 s400
1011A/640 SWANSTON STREET CARLTON 3053 --> 0 records found - comparisons: b3770 n400 s400
20 MONASH ROAD PARKVILLE 3052 --> 0 records found - comparisons: b3500 n400 s400
157-159 BARRY STREET CARLTON 3053 --> 0 records found - comparisons: b3513 n400 s400
85 BARRY STREET CARLTON 3053 --> 0 records found - comparisons: b2145 n400 s400
1102/640 SWANSTON STREET CARLTON 3053 --> 0 records found - comparisons: b3624 n400 s400
1073/640 SWANSTON STREET CARLTON 3053 --> 0 records found - comparisons: b3743 n400 s400
1135/640 SWANSTON STREET CARLTON 3053 --> 0 records found - comparisons: b3597 n400 s400
1083/640 SWANSTON STREET CARLTON 3053 --> 0 records found - comparisons: b3729 n400 s400
2033/640 SWANSTON STREET CARLTON 3053 --> 0 records found - comparisons: b3577 n400 s400
1081/640 SWANSTON STREET CARLTON 3053 --> 0 records found - comparisons: b3729 n400 s400
302B/640 SWANSTON STREET CARLTON 3053 --> 0 records found - comparisons: b3319 n400 s400
902/668 SWANSTON STREET CARLTON 3053 --> 0 records found - comparisons: b2202 n400 s400
135-137 ROYAL PARADE PARKVILLE 3052 --> 0 records found - comparisons: b3554 n400 s400
29 COLLEGE CRESCENT PARKVILLE 3052 --> 0 records found - comparisons: b3176 n400 s400
2 ROYAL PARADE PARKVILLE 3052 --> 0 records found - comparisons: b3092 n400 s400
81-87 BARRY STREET CARLTON 3053 --> 0 records found - comparisons: b2167 n400 s400
908/151 BERKELEY STREET MELBOURNE 3000 --> 0 records found - comparisons: b2199 n400 s400
914/668 SWANSTON STREET CARLTON 3053 --> 0 records found - comparisons: b2188 n400 s400
907/668 SWANSTON STREET CARLTON 3053 --> 0 records found - comparisons: b2206 n400 s400
911/668 SWANSTON STREET CARLTON 3053 --> 0 records found - comparisons: b2191 n400 s400
913/668 SWANSTON STREET CARLTON 3053 --> 0 records found - comparisons: b2191 n400 s400
703/668 SWANSTON STREET CARLTON 3053 --> 0 records found - comparisons: b2721 n400 s400
774-782 ELIZABETH STREET MELBOURNE 3000 --> 0 records found - comparisons: b2641 n400 s400
708/668 SWANSTON STREET CARLTON 3053 --> 0 records found - comparisons: b2733 n400 s400
660-674 SWANSTON STREET CARLTON 3053 --> 0 records found - comparisons: b2745 n400 s400
1005/151 BERKELEY STREET MELBOURNE 3000 --> 0 records found - comparisons: b3763 n400 s400
9/201 GRATTAN STREET CARLTON 3053 --> 0 records found - comparisons: b2160 n400 s400
7/201 GRATTAN STREET CARLTON 3053 --> 0 records found - comparisons: b2632 n400 s400
4/201 GRATTAN STREET CARLTON 3053 --> 0 records found - comparisons: b2630 n400 s400
158-164 BOUVERIE STREET CARLTON 3053 --> 0 records found - comparisons: b3507 n400 s400
715 SWANSTON STREET CARLTON 3053 --> 0 records found - comparisons: b2655 n400 s400
292 GRATTAN STREET PARKVILLE 3052 --> 0 records found - comparisons: b3175 n400 s400
107 TIN ALLEY PARKVILLE 3052 --> 0 records found - comparisons: b3742 n400 s400
786-798 ELIZABETH STREET MELBOURNE 3000 --> 0 records found - comparisons: b2645 n400 s400
141 ROYAL PARADE PARKVILLE 3052 --> 0 records found - comparisons: b3527 n400 s400
921/668 SWANSTON STREET CARLTON 3053 --> 0 records found - comparisons: b2180 n400 s400
757 SWANSTON STREET PARKVILLE 3052 --> 0 records found - comparisons: b2639 n400 s400
407/668 SWANSTON STREET CARLTON 3053 --> 0 records found - comparisons: b2810 n400 s400
107/223 BERKELEY STREET MELBOURNE 3000 --> 0 records found - comparisons: b3752 n400 s400
405A/640 SWANSTON STREET CARLTON 3053 --> 0 records found - comparisons: b2812 n400 s400
902A/640 SWANSTON STREET CARLTON 3053 --> 0 records found - comparisons: b2202 n400 s400
197-203 BOUVERIE STREET CARLTON 3053 --> 0 records found - comparisons: b3401 n400 s400
225-235 BOUVERIE STREET CARLTON 3053 --> 0 records found - comparisons: b3346 n400 s400
207-223 BOUVERIE STREET CARLTON 3053 --> 0 records found - comparisons: b3556 n400 s400
8/135 ROYAL PARADE PARKVILLE 3052 --> 0 records found - comparisons: b2166 n400 s400
228 PELHAM STREET MELBOURNE 3000 --> 0 records found - comparisons: b3338 n400 s400
803/18 LINCOLN SQUARE N CARLTON 3053 --> 0 records found - comparisons: b2194 n400 s400
706A/640 SWANSTON STREET CARLTON 3053 --> 0 records found - comparisons: b2727 n400 s400
704A/640 SWANSTON STREET CARLTON 3053 --> 0 records found - comparisons: b2728 n400 s400
212A/640 SWANSTON STREET CARLTON 3053 --> 0 records found - comparisons: b3387 n400 s400
213-217 GRATTAN STREET CARLTON 3053 --> 0 records found - comparisons: b3415 n400 s400
902/18 LINCOLN SQUARE N CARLTON 3053 --> 0 records found - comparisons: b2202 n400 s400
1000A/640 SWANSTON STREET CARLTON 3053 --> 0 records found - comparisons: b3764 n400 s400
87 TIN ALLEY PARKVILLE 3052 --> 0 records found - comparisons: b2145 n400 s400
41 MEDICAL ROAD PARKVILLE 3052 --> 0 records found - comparisons: b2710 n400 s400
9 MEDICAL ROAD PARKVILLE 3052 --> 0 records found - comparisons: b2133 n400 s400
1/196 PELHAM STREET CARLTON 3053 --> 0 records found - comparisons: b3253 n400 s400
1S/650 SWANSTON STREET CARLTON 3053 --> 0 records found - comparisons: b2977 n400 s400
1001/18 LINCOLN SQUARE N CARLTON 3053 --> 0 records found - comparisons: b3766 n400 s400
7/135 ROYAL PARADE PARKVILLE 3052 --> 0 records found - comparisons: b2624 n400 s400
2/196 PELHAM STREET CARLTON 3053 --> 0 records found - comparisons: b3108 n400 s400
680-682 SWANSTON STREET CARLTON 3053 --> 0 records found - comparisons: b2710 n400 s400
904/668 SWANSTON STREET CARLTON 3053 --> 0 records found - comparisons: b2219 n400 s400
121-125 ROYAL PARADE PARKVILLE 3052 --> 0 records found - comparisons: b3606 n400 s400
167 GRATTAN STREET CARLTON 3053 --> 0 records found - comparisons: b3499 n400 s400
1004/18 LINCOLN SQUARE N CARLTON 3053 --> 0 records found - comparisons: b3763 n400 s400
22-40 LINCOLN SQUARE N CARLTON 3053 --> 0 records found - comparisons: b3334 n400 s400
703A/640 SWANSTON STREET CARLTON 3053 --> 0 records found - comparisons: b2721 n400 s400
1008A/640 SWANSTON STREET CARLTON 3053 --> 0 records found - comparisons: b3763 n400 s400
164-170 PELHAM STREET CARLTON 3053 --> 0 records found - comparisons: b3501 n400 s400
53 PROFESSORS WALK PARKVILLE 3052 --> 0 records found - comparisons: b2603 n400 s400
175 GRATTAN STREET CARLTON 3053 --> 0 records found - comparisons: b3508 n400 s400
22/650 SWANSTON STREET CARLTON 3053 --> 0 records found - comparisons: b3334 n400 s400
110/223 BERKELEY STREET MELBOURNE 3000 --> 0 records found - comparisons: b3616 n400 s400
915/668 SWANSTON STREET CARLTON 3053 --> 0 records found - comparisons: b2188 n400 s400
908/668 SWANSTON STREET CARLTON 3053 --> 0 records found - comparisons: b2199 n400 s400
906A/640 SWANSTON STREET CARLTON 3053 --> 0 records found - comparisons: b2204 n400 s400
610A/640 SWANSTON STREET CARLTON 3053 --> 0 records found - comparisons: b2791 n400 s400
207A/640 SWANSTON STREET CARLTON 3053 --> 0 records found - comparisons: b3556 n400 s400
107A/640 SWANSTON STREET CARLTON 3053 --> 0 records found - comparisons: b3737 n400 s400
1003A/640 SWANSTON STREET CARLTON 3053 --> 0 records found - comparisons: b3763 n400 s400
510/223 BERKELEY STREET MELBOURNE 3000 --> 0 records found - comparisons: b2610 n400 s400
714-736 SWANSTON STREET CARLTON 3053 --> 0 records found - comparisons: b2655 n400 s400
167-171 BERKELEY STREET MELBOURNE 3000 --> 0 records found - comparisons: b3499 n400 s400
1/701 SWANSTON STREET CARLTON 3053 --> 0 records found - comparisons: b3261 n400 s400
807A/640 SWANSTON STREET CARLTON 3053 --> 0 records found - comparisons: b2194 n400 s400
805A/640 SWANSTON STREET CARLTON 3053 --> 0 records found - comparisons: b2194 n400 s400
501A/640 SWANSTON STREET CARLTON 3053 --> 0 records found - comparisons: b2661 n400 s400
410A/640 SWANSTON STREET CARLTON 3053 --> 0 records found - comparisons: b2714 n400 s400
20-24 CHURCH STREET CARLTON 3053 --> 0 records found - comparisons: b3482 n400 s400
211A/640 SWANSTON STREET CARLTON 3053 --> 0 records found - comparisons: b3382 n400 s400
190-192 PELHAM STREET CARLTON 3053 --> 0 records found - comparisons: b3399 n400 s400
607A/640 SWANSTON STREET CARLTON 3053 --> 0 records found - comparisons: b2882 n400 s400
401/668 SWANSTON STREET CARLTON 3053 --> 0 records found - comparisons: b2823 n400 s400
405/668 SWANSTON STREET CARLTON 3053 --> 0 records found - comparisons: b2824 n400 s400
723-741 SWANSTON STREET CARLTON 3053 --> 0 records found - comparisons: b2652 n400 s400
608A/640 SWANSTON STREET CARLTON 3053 --> 0 records found - comparisons: b2859 n400 s400
102/223 BERKELEY STREET MELBOURNE 3000 --> 0 records found - comparisons: b3753 n400 s400
405/223 BERKELEY STREET MELBOURNE 3000 --> 0 records found - comparisons: b2825 n400 s400
202/223 BERKELEY STREET MELBOURNE 3000 --> 0 records found - comparisons: b3605 n400 s400
205/223 BERKELEY STREET MELBOURNE 3000 --> 0 records found - comparisons: b3595 n400 s400
207/223 BERKELEY STREET MELBOURNE 3000 --> 0 records found - comparisons: b3556 n400 s400
210/223 BERKELEY STREET MELBOURNE 3000 --> 0 records found - comparisons: b3384 n400 s400
301/223 BERKELEY STREET MELBOURNE 3000 --> 0 records found - comparisons: b3343 n400 s400
302/223 BERKELEY STREET MELBOURNE 3000 --> 0 records found - comparisons: b3344 n400 s400
309/223 BERKELEY STREET MELBOURNE 3000 --> 0 records found - comparisons: b3328 n400 s400
401/223 BERKELEY STREET MELBOURNE 3000 --> 0 records found - comparisons: b2824 n400 s400
404/223 BERKELEY STREET MELBOURNE 3000 --> 0 records found - comparisons: b2840 n400 s400
406/223 BERKELEY STREET MELBOURNE 3000 --> 0 records found - comparisons: b2842 n400 s400
407/223 BERKELEY STREET MELBOURNE 3000 --> 0 records found - comparisons: b2810 n400 s400
409/223 BERKELEY STREET MELBOURNE 3000 --> 0 records found - comparisons: b2800 n400 s400
410/223 BERKELEY STREET MELBOURNE 3000 --> 0 records found - comparisons: b2714 n400 s400
14/650 SWANSTON STREET CARLTON 3053 --> 0 records found - comparisons: b3502 n400 s400
151 BARRY STREET CARLTON 3053 --> 0 records found - comparisons: b3511 n400 s400
701B/640 SWANSTON STREET CARLTON 3053 --> 0 records found - comparisons: b2730 n400 s400
505B/640 SWANSTON STREET CARLTON 3053 --> 0 records found - comparisons: b2673 n400 s400
503B/640 SWANSTON STREET CARLTON 3053 --> 0 records found - comparisons: b2668 n400 s400
500B/640 SWANSTON STREET CARLTON 3053 --> 0 records found - comparisons: b2661 n400 s400
407B/640 SWANSTON STREET CARLTON 3053 --> 0 records found - comparisons: b2810 n400 s400
408A/640 SWANSTON STREET CARLTON 3053 --> 0 records found - comparisons: b2802 n400 s400
301A/640 SWANSTON STREET CARLTON 3053 --> 0 records found - comparisons: b3323 n400 s400
404A/640 SWANSTON STREET CARLTON 3053 --> 0 records found - comparisons: b2814 n400 s400
174 LEICESTER STREET CARLTON 3053 --> 0 records found - comparisons: b3508 n400 s400
910/668 SWANSTON STREET CARLTON 3053 --> 0 records found - comparisons: b2193 n400 s400
300B/640 SWANSTON STREET CARLTON 3053 --> 0 records found - comparisons: b3312 n400 s400
105B/640 SWANSTON STREET CARLTON 3053 --> 0 records found - comparisons: b3742 n400 s400
405B/640 SWANSTON STREET CARLTON 3053 --> 0 records found - comparisons: b2812 n400 s400
712A/640 SWANSTON STREET CARLTON 3053 --> 0 records found - comparisons: b2655 n400 s400
711A/640 SWANSTON STREET CARLTON 3053 --> 0 records found - comparisons: b2655 n400 s400
611A/640 SWANSTON STREET CARLTON 3053 --> 0 records found - comparisons: b2791 n400 s400
513A/640 SWANSTON STREET CARLTON 3053 --> 0 records found - comparisons: b2610 n400 s400
510A/640 SWANSTON STREET CARLTON 3053 --> 0 records found - comparisons: b2610 n400 s400
103B/640 SWANSTON STREET CARLTON 3053 --> 0 records found - comparisons: b3751 n400 s400
100B/640 SWANSTON STREET CARLTON 3053 --> 0 records found - comparisons: b3756 n400 s400
205B/640 SWANSTON STREET CARLTON 3053 --> 0 records found - comparisons: b3570 n400 s400
179-201 PELHAM STREET CARLTON 3053 --> 0 records found - comparisons: b3512 n400 s400
105/223 BERKELEY STREET MELBOURNE 3000 --> 0 records found - comparisons: b3750 n400 s400
16/650 SWANSTON STREET CARLTON 3053 --> 0 records found - comparisons: b3493 n400 s400
106/223 BERKELEY STREET MELBOURNE 3000 --> 0 records found - comparisons: b3765 n400 s400
109/223 BERKELEY STREET MELBOURNE 3000 --> 0 records found - comparisons: b3712 n400 s400
177 GRATTAN STREET CARLTON 3053 --> 0 records found - comparisons: b3508 n400 s400
150-154 PELHAM STREET CARLTON 3053 --> 0 records found - comparisons: b3511 n400 s400
1/223 BERKELEY STREET MELBOURNE 3000 --> 0 records found - comparisons: b3277 n400 s400
17 KERNOT ROAD PARKVILLE 3052 --> 0 records found - comparisons: b3508 n400 s400
401B/640 SWANSTON STREET CARLTON 3053 --> 0 records found - comparisons: b2811 n400 s400
307B/640 SWANSTON STREET CARLTON 3053 --> 0 records found - comparisons: b3317 n400 s400
743-751 SWANSTON STREET CARLTON 3053 --> 0 records found - comparisons: b2635 n400 s400
306B/640 SWANSTON STREET CARLTON 3053 --> 0 records found - comparisons: b3322 n400 s400
208B/640 SWANSTON STREET CARLTON 3053 --> 0 records found - comparisons: b3542 n400 s400
207B/640 SWANSTON STREET CARLTON 3053 --> 0 records found - comparisons: b3556 n400 s400
106B/640 SWANSTON STREET CARLTON 3053 --> 0 records found - comparisons: b3744 n400 s400
166-186 BOUVERIE STREET CARLTON 3053 --> 0 records found - comparisons: b3499 n400 s400
2S/151 BERKELEY STREET MELBOURNE 3000 --> 0 records found - comparisons: b2923 n400 s400
3S/151 BERKELEY STREET MELBOURNE 3000 --> 0 records found - comparisons: b2863 n400 s400
901/668 SWANSTON STREET CARLTON 3053 --> 0 records found - comparisons: b2201 n400 s400
1095/640 SWANSTON STREET CARLTON 3053 --> 0 records found - comparisons: b3715 n400 s400
1134/640 SWANSTON STREET CARLTON 3053 --> 0 records found - comparisons: b3597 n400 s400
1072/640 SWANSTON STREET CARLTON 3053 --> 0 records found - comparisons: b3743 n400 s400
1111/640 SWANSTON STREET CARLTON 3053 --> 0 records found - comparisons: b3612 n400 s400
303/223 BERKELEY STREET MELBOURNE 3000 --> 0 records found - comparisons: b3361 n400 s400
507/668 SWANSTON STREET CARLTON 3053 --> 0 records found - comparisons: b2664 n400 s400
156-162 PELHAM STREET CARLTON 3053 --> 0 records found - comparisons: b3534 n400 s400
1109/640 SWANSTON STREET CARLTON 3053 --> 0 records found - comparisons: b3619 n400 s400
1086/640 SWANSTON STREET CARLTON 3053 --> 0 records found - comparisons: b3726 n400 s400
1101/640 SWANSTON STREET CARLTON 3053 --> 0 records found - comparisons: b3623 n400 s400
182-200 BERKELEY STREET CARLTON 3053 --> 0 records found - comparisons: b3443 n400 s400
207/151 BERKELEY STREET MELBOURNE 3000 --> 0 records found - comparisons: b3556 n400 s400
4/650 SWANSTON STREET CARLTON 3053 --> 0 records found - comparisons: b2629 n400 s400
1085/640 SWANSTON STREET CARLTON 3053 --> 0 records found - comparisons: b3726 n400 s400
507/223 BERKELEY STREET MELBOURNE 3000 --> 0 records found - comparisons: b2664 n400 s400
1079/640 SWANSTON STREET CARLTON 3053 --> 0 records found - comparisons: b3742 n400 s400
29S/151 BERKELEY STREET MELBOURNE 3000 --> 0 records found - comparisons: b3175 n400 s400
1112/640 SWANSTON STREET CARLTON 3053 --> 0 records found - comparisons: b3611 n400 s400
508/668 SWANSTON STREET CARLTON 3053 --> 0 records found - comparisons: b2650 n400 s400
660 SWANSTON STREET CARLTON 3053 --> 0 records found - comparisons: b2745 n400 s400
701/668 SWANSTON STREET CARLTON 3053 --> 0 records found - comparisons: b2759 n400 s400
1006A/640 SWANSTON STREET CARLTON 3053 --> 0 records found - comparisons: b3764 n400 s400
602/668 SWANSTON STREET CARLTON 3053 --> 0 records found - comparisons: b2890 n400 s400
207-211 GRATTAN STREET CARLTON 3053 --> 0 records found - comparisons: b3556 n400 s400
27G/723 SWANSTON STREET CARLTON 3053 --> 0 records found - comparisons: b3253 n400 s400
723 SWANSTON STREET CARLTON 3053 --> 0 records found - comparisons: b2652 n400 s400
182-208 LEICESTER STREET CARLTON 3053 --> 0 records found - comparisons: b3443 n400 s400
512/668 SWANSTON STREET CARLTON 3053 --> 0 records found - comparisons: b2610 n400 s400
670 SWANSTON STREET CARLTON 3053 --> 0 records found - comparisons: b2770 n400 s400
1121/640 SWANSTON STREET CARLTON 3053 --> 0 records found - comparisons: b3599 n400 s400
1241/640 SWANSTON STREET CARLTON 3053 --> 0 records found - comparisons: b3586 n400 s400
27/650 SWANSTON STREET CARLTON 3053 --> 0 records found - comparisons: b3251 n400 s400
1106/640 SWANSTON STREET CARLTON 3053 --> 0 records found - comparisons: b3625 n400 s400
1097/640 SWANSTON STREET CARLTON 3053 --> 0 records found - comparisons: b3716 n400 s400
606A/640 SWANSTON STREET CARLTON 3053 --> 0 records found - comparisons: b2882 n400 s400
412A/640 SWANSTON STREET CARLTON 3053 --> 0 records found - comparisons: b2713 n400 s400
401A/640 SWANSTON STREET CARLTON 3053 --> 0 records found - comparisons: b2811 n400 s400
1244/640 SWANSTON STREET CARLTON 3053 --> 0 records found - comparisons: b3586 n400 s400
1100/640 SWANSTON STREET CARLTON 3053 --> 0 records found - comparisons: b3623 n400 s400
1076/640 SWANSTON STREET CARLTON 3053 --> 0 records found - comparisons: b3744 n400 s400
2032/640 SWANSTON STREET CARLTON 3053 --> 0 records found - comparisons: b3577 n400 s400
1084/640 SWANSTON STREET CARLTON 3053 --> 0 records found - comparisons: b3726 n400 s400
1242/640 SWANSTON STREET CARLTON 3053 --> 0 records found - comparisons: b3586 n400 s400
204A/640 SWANSTON STREET CARLTON 3053 --> 0 records found - comparisons: b3561 n400 s400
182-200 LEICESTER STREET CARLTON 3053 --> 0 records found - comparisons: b3443 n400 s400
1505/151 BERKELEY STREET MELBOURNE 3000 --> 0 records found - comparisons: b3511 n400 s400
905/151 BERKELEY STREET MELBOURNE 3000 --> 0 records found - comparisons: b2207 n400 s400
104/223 BERKELEY STREET MELBOURNE 3000 --> 0 records found - comparisons: b3765 n400 s400
906/151 BERKELEY STREET MELBOURNE 3000 --> 0 records found - comparisons: b2204 n400 s400
907/151 BERKELEY STREET MELBOURNE 3000 --> 0 records found - comparisons: b2206 n400 s400
607B/640 SWANSTON STREET CARLTON 3053 --> 0 records found - comparisons: b2882 n400 s400
1001/151 BERKELEY STREET MELBOURNE 3000 --> 0 records found - comparisons: b3766 n400 s400
1002/151 BERKELEY STREET MELBOURNE 3000 --> 0 records found - comparisons: b3763 n400 s400
1003/151 BERKELEY STREET MELBOURNE 3000 --> 0 records found - comparisons: b3763 n400 s400
1004/151 BERKELEY STREET MELBOURNE 3000 --> 0 records found - comparisons: b3763 n400 s400
310/223 BERKELEY STREET MELBOURNE 3000 --> 0 records found - comparisons: b3162 n400 s400
1006/151 BERKELEY STREET MELBOURNE 3000 --> 0 records found - comparisons: b3764 n400 s400
1502/151 BERKELEY STREET MELBOURNE 3000 --> 0 records found - comparisons: b3511 n400 s400
1503/151 BERKELEY STREET MELBOURNE 3000 --> 0 records found - comparisons: b3511 n400 s400
1504/151 BERKELEY STREET MELBOURNE 3000 --> 0 records found - comparisons: b3511 n400 s400
1401/151 BERKELEY STREET MELBOURNE 3000 --> 0 records found - comparisons: b3528 n400 s400
902/151 BERKELEY STREET MELBOURNE 3000 --> 0 records found - comparisons: b2202 n400 s400
903/151 BERKELEY STREET MELBOURNE 3000 --> 0 records found - comparisons: b2204 n400 s400
806/668 SWANSTON STREET CARLTON 3053 --> 0 records found - comparisons: b2192 n400 s400
807/668 SWANSTON STREET CARLTON 3053 --> 0 records found - comparisons: b2206 n400 s400
808/668 SWANSTON STREET CARLTON 3053 --> 0 records found - comparisons: b2184 n400 s400
809/668 SWANSTON STREET CARLTON 3053 --> 0 records found - comparisons: b2184 n400 s400
810/668 SWANSTON STREET CARLTON 3053 --> 0 records found - comparisons: b2175 n400 s400
704/668 SWANSTON STREET CARLTON 3053 --> 0 records found - comparisons: b2740 n400 s400
1-17 COLLEGE CRESCENT PARKVILLE 3052 --> 0 records found - comparisons: b3223 n400 s400
406/668 SWANSTON STREET CARLTON 3053 --> 0 records found - comparisons: b2840 n400 s400
220 BERKELEY STREET CARLTON 3053 --> 0 records found - comparisons: b3343 n400 s400
183-189 BOUVERIE STREET CARLTON 3053 --> 0 records found - comparisons: b3467 n400 s400
1204/18 LINCOLN SQUARE N CARLTON 3053 --> 0 records found - comparisons: b3691 n400 s400
701/18 LINCOLN SQUARE N CARLTON 3053 --> 0 records found - comparisons: b2767 n400 s400
1301/18 LINCOLN SQUARE N CARLTON 3053 --> 0 records found - comparisons: b3573 n400 s400
109A/640 SWANSTON STREET CARLTON 3053 --> 0 records found - comparisons: b3710 n400 s400
808A/640 SWANSTON STREET CARLTON 3053 --> 0 records found - comparisons: b2184 n400 s400
102/18 LINCOLN SQUARE N CARLTON 3053 --> 0 records found - comparisons: b3759 n400 s400
801A/640 SWANSTON STREET CARLTON 3053 --> 0 records found - comparisons: b2195 n400 s400
600B/640 SWANSTON STREET CARLTON 3053 --> 0 records found - comparisons: b2877 n400 s400
502/668 SWANSTON STREET CARLTON 3053 --> 0 records found - comparisons: b2666 n400 s400
918/668 SWANSTON STREET CARLTON 3053 --> 0 records found - comparisons: b2189 n400 s400
1027/640 SWANSTON STREET CARLTON 3053 --> 0 records found - comparisons: b3742 n400 s400
208/223 BERKELEY STREET MELBOURNE 3000 --> 0 records found - comparisons: b3555 n400 s400
100 ROYAL PARADE PARKVILLE 3052 --> 0 records found - comparisons: b3757 n400 s400
1094/640 SWANSTON STREET CARLTON 3053 --> 0 records found - comparisons: b3715 n400 s400
1099/640 SWANSTON STREET CARLTON 3053 --> 0 records found - comparisons: b3713 n400 s400
1077/640 SWANSTON STREET CARLTON 3053 --> 0 records found - comparisons: b3744 n400 s400
2/743-751 SWANSTON STREET CARLTON 3053 --> 0 records found - comparisons: b3100 n400 s400
3 UNION ROAD PARKVILLE 3052 --> 0 records found - comparisons: b2967 n400 s400
1098/640 SWANSTON STREET CARLTON 3053 --> 0 records found - comparisons: b3713 n400 s400
2019/640 SWANSTON STREET CARLTON 3053 --> 0 records found - comparisons: b3581 n400 s400
156 BOUVERIE STREET CARLTON 3053 --> 0 records found - comparisons: b3518 n400 s400
102A/640 SWANSTON STREET CARLTON 3053 --> 0 records found - comparisons: b3740 n400 s400
171-173 GRATTAN STREET CARLTON 3053 --> 0 records found - comparisons: b3516 n400 s400
1005A/640 SWANSTON STREET CARLTON 3053 --> 0 records found - comparisons: b3763 n400 s400
912A/640 SWANSTON STREET CARLTON 3053 --> 0 records found - comparisons: b2193 n400 s400
197-235 BOUVERIE STREET CARLTON 3053 --> 0 records found - comparisons: b3401 n400 s400
305/223 BERKELEY STREET MELBOURNE 3000 --> 0 records found - comparisons: b3358 n400 s400
804/668 SWANSTON STREET CARLTON 3053 --> 0 records found - comparisons: b2192 n400 s400
903/668 SWANSTON STREET CARLTON 3053 --> 0 records found - comparisons: b2204 n400 s400
1506/151 BERKELEY STREET MELBOURNE 3000 --> 0 records found - comparisons: b3511 n400 s400
1507/151 BERKELEY STREET MELBOURNE 3000 --> 0 records found - comparisons: b3511 n400 s400
1508/151 BERKELEY STREET MELBOURNE 3000 --> 0 records found - comparisons: b3511 n400 s400
1601/151 BERKELEY STREET MELBOURNE 3000 --> 0 records found - comparisons: b3498 n400 s400
1602/151 BERKELEY STREET MELBOURNE 3000 --> 0 records found - comparisons: b3498 n400 s400
1603/151 BERKELEY STREET MELBOURNE 3000 --> 0 records found - comparisons: b3498 n400 s400
1604/151 BERKELEY STREET MELBOURNE 3000 --> 0 records found - comparisons: b3498 n400 s400
1605/151 BERKELEY STREET MELBOURNE 3000 --> 0 records found - comparisons: b3498 n400 s400
1606/151 BERKELEY STREET MELBOURNE 3000 --> 0 records found - comparisons: b3498 n400 s400
1608/151 BERKELEY STREET MELBOURNE 3000 --> 0 records found - comparisons: b3498 n400 s400
1701/151 BERKELEY STREET MELBOURNE 3000 --> 0 records found - comparisons: b3537 n400 s400
1078/640 SWANSTON STREET CARLTON 3053 --> 0 records found - comparisons: b3742 n400 s400
2043/640 SWANSTON STREET CARLTON 3053 --> 0 records found - comparisons: b3565 n400 s400
1703/151 BERKELEY STREET MELBOURNE 3000 --> 0 records found - comparisons: b3538 n400 s400
503A/640 SWANSTON STREET CARLTON 3053 --> 0 records found - comparisons: b2668 n400 s400
153-163 BARRY STREET CARLTON 3053 --> 0 records found - comparisons: b3517 n400 s400
923/668 SWANSTON STREET CARLTON 3053 --> 0 records found - comparisons: b2180 n400 s400
168-172 LEICESTER STREET CARLTON 3053 --> 0 records found - comparisons: b3494 n400 s400
193-195 BOUVERIE STREET CARLTON 3053 --> 0 records found - comparisons: b3399 n400 s400
2/650 SWANSTON STREET CARLTON 3053 --> 0 records found - comparisons: b3100 n400 s400
242 GRATTAN STREET PARKVILLE 3052 --> 0 records found - comparisons: b3265 n400 s400
802/668 SWANSTON STREET CARLTON 3053 --> 0 records found - comparisons: b2210 n400 s400
909/668 SWANSTON STREET CARLTON 3053 --> 0 records found - comparisons: b2201 n400 s400
169 GRATTAN STREET CARLTON 3053 --> 0 records found - comparisons: b3494 n400 s400
47C/151 BERKELEY STREET MELBOURNE 3000 --> 0 records found - comparisons: b2674 n400 s400
4S/151 BERKELEY STREET MELBOURNE 3000 --> 0 records found - comparisons: b2562 n400 s400
5S/151 BERKELEY STREET MELBOURNE 3000 --> 0 records found - comparisons: b2532 n400 s400
407A/640 SWANSTON STREET CARLTON 3053 --> 0 records found - comparisons: b2810 n400 s400
6S/151 BERKELEY STREET MELBOURNE 3000 --> 0 records found - comparisons: b2593 n400 s400
7S/151 BERKELEY STREET MELBOURNE 3000 --> 0 records found - comparisons: b2561 n400 s400
233 PELHAM STREET MELBOURNE 3000 --> 0 records found - comparisons: b3414 n400 s400
1007/151 BERKELEY STREET MELBOURNE 3000 --> 0 records found - comparisons: b3766 n400 s400
1008/151 BERKELEY STREET MELBOURNE 3000 --> 0 records found - comparisons: b3763 n400 s400
1101/151 BERKELEY STREET MELBOURNE 3000 --> 0 records found - comparisons: b3623 n400 s400
268 GRATTAN STREET PARKVILLE 3052 --> 0 records found - comparisons: b3251 n400 s400
402A/640 SWANSTON STREET CARLTON 3053 --> 0 records found - comparisons: b2820 n400 s400
1102/151 BERKELEY STREET MELBOURNE 3000 --> 0 records found - comparisons: b3624 n400 s400
105/18 LINCOLN SQUARE N CARLTON 3053 --> 0 records found - comparisons: b3756 n400 s400
203/18 LINCOLN SQUARE N CARLTON 3053 --> 0 records found - comparisons: b3604 n400 s400
302A/640 SWANSTON STREET CARLTON 3053 --> 0 records found - comparisons: b3319 n400 s400
610/223 BERKELEY STREET MELBOURNE 3000 --> 0 records found - comparisons: b2803 n400 s400
605A/640 SWANSTON STREET CARLTON 3053 --> 0 records found - comparisons: b2880 n400 s400
1002A/640 SWANSTON STREET CARLTON 3053 --> 0 records found - comparisons: b3763 n400 s400
401/18 LINCOLN SQUARE N CARLTON 3053 --> 0 records found - comparisons: b2830 n400 s400
213/640 SWANSTON STREET CARLTON 3053 --> 0 records found - comparisons: b3399 n400 s400
216-228 LEICESTER STREET CARLTON 3053 --> 0 records found - comparisons: b3377 n400 s400
183 PELHAM STREET CARLTON 3053 --> 0 records found - comparisons: b3448 n400 s400
502/223 BERKELEY STREET MELBOURNE 3000 --> 0 records found - comparisons: b2666 n400 s400
154 BOUVERIE STREET CARLTON 3053 --> 0 records found - comparisons: b3513 n400 s400
506/18 LINCOLN SQUARE N CARLTON 3053 --> 0 records found - comparisons: b2666 n400 s400
603/668 SWANSTON STREET CARLTON 3053 --> 0 records found - comparisons: b2892 n400 s400
603/18 LINCOLN SQUARE N CARLTON 3053 --> 0 records found - comparisons: b2899 n400 s400
501/223 BERKELEY STREET MELBOURNE 3000 --> 0 records found - comparisons: b2661 n400 s400
503/223 BERKELEY STREET MELBOURNE 3000 --> 0 records found - comparisons: b2694 n400 s400
504/223 BERKELEY STREET MELBOURNE 3000 --> 0 records found - comparisons: b2681 n400 s400
506/223 BERKELEY STREET MELBOURNE 3000 --> 0 records found - comparisons: b2666 n400 s400
508/223 BERKELEY STREET MELBOURNE 3000 --> 0 records found - comparisons: b2650 n400 s400
601/223 BERKELEY STREET MELBOURNE 3000 --> 0 records found - comparisons: b2910 n400 s400
604/223 BERKELEY STREET MELBOURNE 3000 --> 0 records found - comparisons: b2902 n400 s400
605/223 BERKELEY STREET MELBOURNE 3000 --> 0 records found - comparisons: b2893 n400 s400
606/223 BERKELEY STREET MELBOURNE 3000 --> 0 records found - comparisons: b2907 n400 s400
607/223 BERKELEY STREET MELBOURNE 3000 --> 0 records found - comparisons: b2907 n400 s400
608/223 BERKELEY STREET MELBOURNE 3000 --> 0 records found - comparisons: b2872 n400 s400
705/18 LINCOLN SQUARE N CARLTON 3053 --> 0 records found - comparisons: b2755 n400 s400
835-871 SWANSTON STREET PARKVILLE 3052 --> 0 records found - comparisons: b2152 n400 s400
247-253 BOUVERIE STREET CARLTON 3053 --> 0 records found - comparisons: b3317 n400 s400
8-14 MALVINA PLACE CARLTON 3053 --> 0 records found - comparisons: b2143 n400 s400
609/223 BERKELEY STREET MELBOURNE 3000 --> 0 records found - comparisons: b2871 n400 s400
703/223 BERKELEY STREET MELBOURNE 3000 --> 0 records found - comparisons: b2721 n400 s400
706/223 BERKELEY STREET MELBOURNE 3000 --> 0 records found - comparisons: b2740 n400 s400
707/223 BERKELEY STREET MELBOURNE 3000 --> 0 records found - comparisons: b2739 n400 s400
709/223 BERKELEY STREET MELBOURNE 3000 --> 0 records found - comparisons: b2735 n400 s400
710/223 BERKELEY STREET MELBOURNE 3000 --> 0 records found - comparisons: b2655 n400 s400
83 BARRY STREET CARLTON 3053 --> 0 records found - comparisons: b2152 n400 s400
792 ELIZABETH STREET MELBOURNE 3000 --> 0 records found - comparisons: b2627 n400 s400
5/201 GRATTAN STREET CARLTON 3053 --> 0 records found - comparisons: b2577 n400 s400
176-180 LEICESTER STREET CARLTON 3053 --> 0 records found - comparisons: b3508 n400 s400
119 ROYAL PARADE PARKVILLE 3052 --> 0 records found - comparisons: b3582 n400 s400
16S/151 BERKELEY STREET MELBOURNE 3000 --> 0 records found - comparisons: b3483 n400 s400
17S/151 BERKELEY STREET MELBOURNE 3000 --> 0 records found - comparisons: b3487 n400 s400
19S/151 BERKELEY STREET MELBOURNE 3000 --> 0 records found - comparisons: b3389 n400 s400
20S/151 BERKELEY STREET MELBOURNE 3000 --> 0 records found - comparisons: b3412 n400 s400
21S/151 BERKELEY STREET MELBOURNE 3000 --> 0 records found - comparisons: b3354 n400 s400
22S/151 BERKELEY STREET MELBOURNE 3000 --> 0 records found - comparisons: b3328 n400 s400
24S/151 BERKELEY STREET MELBOURNE 3000 --> 0 records found - comparisons: b3257 n400 s400
25S/151 BERKELEY STREET MELBOURNE 3000 --> 0 records found - comparisons: b3253 n400 s400
57-63 COLLEGE CRESCENT PARKVILLE 3052 --> 0 records found - comparisons: b2586 n400 s400
26S/151 BERKELEY STREET MELBOURNE 3000 --> 0 records found - comparisons: b3251 n400 s400
1207/151 BERKELEY STREET MELBOURNE 3000 --> 0 records found - comparisons: b3669 n400 s400
1301/151 BERKELEY STREET MELBOURNE 3000 --> 0 records found - comparisons: b3573 n400 s400
1302/151 BERKELEY STREET MELBOURNE 3000 --> 0 records found - comparisons: b3595 n400 s400
1303/151 BERKELEY STREET MELBOURNE 3000 --> 0 records found - comparisons: b3574 n400 s400
1304/151 BERKELEY STREET MELBOURNE 3000 --> 0 records found - comparisons: b3574 n400 s400
1306/151 BERKELEY STREET MELBOURNE 3000 --> 0 records found - comparisons: b3573 n400 s400
1103/151 BERKELEY STREET MELBOURNE 3000 --> 0 records found - comparisons: b3645 n400 s400
1104/151 BERKELEY STREET MELBOURNE 3000 --> 0 records found - comparisons: b3646 n400 s400
1105/151 BERKELEY STREET MELBOURNE 3000 --> 0 records found - comparisons: b3625 n400 s400
1106/151 BERKELEY STREET MELBOURNE 3000 --> 0 records found - comparisons: b3625 n400 s400
1108/151 BERKELEY STREET MELBOURNE 3000 --> 0 records found - comparisons: b3619 n400 s400
603/223 BERKELEY STREET MELBOURNE 3000 --> 0 records found - comparisons: b2893 n400 s400
609/151 BERKELEY STREET MELBOURNE 3000 --> 0 records found - comparisons: b2871 n400 s400
20/650 SWANSTON STREET CARLTON 3053 --> 0 records found - comparisons: b3482 n400 s400
313A/640 SWANSTON STREET CARLTON 3053 --> 0 records found - comparisons: b3162 n400 s400
140 BERKELEY STREET CARLTON 3053 --> 0 records found - comparisons: b3523 n400 s400
408B/640 SWANSTON STREET CARLTON 3053 --> 0 records found - comparisons: b2802 n400 s400
407/151 BERKELEY STREET MELBOURNE 3000 --> 0 records found - comparisons: b2810 n400 s400
409/151 BERKELEY STREET MELBOURNE 3000 --> 0 records found - comparisons: b2800 n400 s400
501/151 BERKELEY STREET MELBOURNE 3000 --> 0 records found - comparisons: b2661 n400 s400
502/151 BERKELEY STREET MELBOURNE 3000 --> 0 records found - comparisons: b2666 n400 s400
504/151 BERKELEY STREET MELBOURNE 3000 --> 0 records found - comparisons: b2681 n400 s400
505/151 BERKELEY STREET MELBOURNE 3000 --> 0 records found - comparisons: b2717 n400 s400
506/151 BERKELEY STREET MELBOURNE 3000 --> 0 records found - comparisons: b2666 n400 s400
507/151 BERKELEY STREET MELBOURNE 3000 --> 0 records found - comparisons: b2664 n400 s400
508/151 BERKELEY STREET MELBOURNE 3000 --> 0 records found - comparisons: b2650 n400 s400
509/151 BERKELEY STREET MELBOURNE 3000 --> 0 records found - comparisons: b2650 n400 s400
601/151 BERKELEY STREET MELBOURNE 3000 --> 0 records found - comparisons: b2916 n400 s400
602/151 BERKELEY STREET MELBOURNE 3000 --> 0 records found - comparisons: b2891 n400 s400
1307/151 BERKELEY STREET MELBOURNE 3000 --> 0 records found - comparisons: b3573 n400 s400
1308/151 BERKELEY STREET MELBOURNE 3000 --> 0 records found - comparisons: b3570 n400 s400
205 GRATTAN STREET CARLTON 3053 --> 0 records found - comparisons: b3574 n400 s400
1403/151 BERKELEY STREET MELBOURNE 3000 --> 0 records found - comparisons: b3529 n400 s400
1404/151 BERKELEY STREET MELBOURNE 3000 --> 0 records found - comparisons: b3528 n400 s400
1405/151 BERKELEY STREET MELBOURNE 3000 --> 0 records found - comparisons: b3528 n400 s400
1406/151 BERKELEY STREET MELBOURNE 3000 --> 0 records found - comparisons: b3529 n400 s400
1408/151 BERKELEY STREET MELBOURNE 3000 --> 0 records found - comparisons: b3525 n400 s400
1501/151 BERKELEY STREET MELBOURNE 3000 --> 0 records found - comparisons: b3511 n400 s400
1705/151 BERKELEY STREET MELBOURNE 3000 --> 0 records found - comparisons: b3537 n400 s400
1707/151 BERKELEY STREET MELBOURNE 3000 --> 0 records found - comparisons: b3538 n400 s400
1708/151 BERKELEY STREET MELBOURNE 3000 --> 0 records found - comparisons: b3534 n400 s400
1801/151 BERKELEY STREET MELBOURNE 3000 --> 0 records found - comparisons: b3469 n400 s400
696-708 ELIZABETH STREET MELBOURNE 3000 --> 0 records found - comparisons: b2716 n400 s400
1804/151 BERKELEY STREET MELBOURNE 3000 --> 0 records found - comparisons: b3473 n400 s400
1704/151 BERKELEY STREET MELBOURNE 3000 --> 0 records found - comparisons: b3537 n400 s400
308/223 BERKELEY STREET MELBOURNE 3000 --> 0 records found - comparisons: b3314 n400 s400
602/18 LINCOLN SQUARE N CARLTON 3053 --> 0 records found - comparisons: b2891 n400 s400
402/223 BERKELEY STREET MELBOURNE 3000 --> 0 records found - comparisons: b2828 n400 s400
604/18 LINCOLN SQUARE N CARLTON 3053 --> 0 records found - comparisons: b2908 n400 s400
605/18 LINCOLN SQUARE N CARLTON 3053 --> 0 records found - comparisons: b2899 n400 s400
702/151 BERKELEY STREET MELBOURNE 3000 --> 0 records found - comparisons: b2721 n400 s400
703/151 BERKELEY STREET MELBOURNE 3000 --> 0 records found - comparisons: b2721 n400 s400
704/151 BERKELEY STREET MELBOURNE 3000 --> 0 records found - comparisons: b2741 n400 s400
705/151 BERKELEY STREET MELBOURNE 3000 --> 0 records found - comparisons: b2755 n400 s400
707/151 BERKELEY STREET MELBOURNE 3000 --> 0 records found - comparisons: b2739 n400 s400
708/151 BERKELEY STREET MELBOURNE 3000 --> 0 records found - comparisons: b2734 n400 s400
709/151 BERKELEY STREET MELBOURNE 3000 --> 0 records found - comparisons: b2735 n400 s400
801/151 BERKELEY STREET MELBOURNE 3000 --> 0 records found - comparisons: b2207 n400 s400
803/151 BERKELEY STREET MELBOURNE 3000 --> 0 records found - comparisons: b2194 n400 s400
804/151 BERKELEY STREET MELBOURNE 3000 --> 0 records found - comparisons: b2192 n400 s400
805/151 BERKELEY STREET MELBOURNE 3000 --> 0 records found - comparisons: b2206 n400 s400
303B/640 SWANSTON STREET CARLTON 3053 --> 0 records found - comparisons: b3328 n400 s400
508B/640 SWANSTON STREET CARLTON 3053 --> 0 records found - comparisons: b2650 n400 s400
201B/640 SWANSTON STREET CARLTON 3053 --> 0 records found - comparisons: b3578 n400 s400
806/151 BERKELEY STREET MELBOURNE 3000 --> 0 records found - comparisons: b2192 n400 s400
808/151 BERKELEY STREET MELBOURNE 3000 --> 0 records found - comparisons: b2184 n400 s400
901/151 BERKELEY STREET MELBOURNE 3000 --> 0 records found - comparisons: b2201 n400 s400
507B/640 SWANSTON STREET CARLTON 3053 --> 0 records found - comparisons: b2664 n400 s400
506B/640 SWANSTON STREET CARLTON 3053 --> 0 records found - comparisons: b2671 n400 s400
501B/640 SWANSTON STREET CARLTON 3053 --> 0 records found - comparisons: b2661 n400 s400
608B/640 SWANSTON STREET CARLTON 3053 --> 0 records found - comparisons: b2859 n400 s400
606B/640 SWANSTON STREET CARLTON 3053 --> 0 records found - comparisons: b2882 n400 s400
605B/640 SWANSTON STREET CARLTON 3053 --> 0 records found - comparisons: b2880 n400 s400
602B/640 SWANSTON STREET CARLTON 3053 --> 0 records found - comparisons: b2878 n400 s400
3-4/230 GRATTAN STREET PARKVILLE 3052 --> 0 records found - comparisons: b2971 n400 s400
108/223 BERKELEY STREET MELBOURNE 3000 --> 0 records found - comparisons: b3733 n400 s400
403/223 BERKELEY STREET MELBOURNE 3000 --> 0 records found - comparisons: b2828 n400 s400
305B/640 SWANSTON STREET CARLTON 3053 --> 0 records found - comparisons: b3320 n400 s400
191-197 GRATTAN STREET CARLTON 3053 --> 0 records found - comparisons: b3399 n400 s400
702/223 BERKELEY STREET MELBOURNE 3000 --> 0 records found - comparisons: b2721 n400 s400
18S/151 BERKELEY STREET MELBOURNE 3000 --> 0 records found - comparisons: b3403 n400 s400
23S/151 BERKELEY STREET MELBOURNE 3000 --> 0 records found - comparisons: b3350 n400 s400
27S/151 BERKELEY STREET MELBOURNE 3000 --> 0 records found - comparisons: b3251 n400 s400
32S/151 BERKELEY STREET MELBOURNE 3000 --> 0 records found - comparisons: b3107 n400 s400
906/668 SWANSTON STREET CARLTON 3053 --> 0 records found - comparisons: b2204 n400 s400
40C/151 BERKELEY STREET MELBOURNE 3000 --> 0 records found - comparisons: b2740 n400 s400
41C/151 BERKELEY STREET MELBOURNE 3000 --> 0 records found - comparisons: b2708 n400 s400
196-198 PELHAM STREET CARLTON 3053 --> 0 records found - comparisons: b3406 n400 s400
201/668 SWANSTON STREET CARLTON 3053 --> 0 records found - comparisons: b3612 n400 s400
42C/151 BERKELEY STREET MELBOURNE 3000 --> 0 records found - comparisons: b2692 n400 s400
44C/151 BERKELEY STREET MELBOURNE 3000 --> 0 records found - comparisons: b2675 n400 s400
45C/151 BERKELEY STREET MELBOURNE 3000 --> 0 records found - comparisons: b2675 n400 s400
48C/151 BERKELEY STREET MELBOURNE 3000 --> 0 records found - comparisons: b2661 n400 s400
50C/151 BERKELEY STREET MELBOURNE 3000 --> 0 records found - comparisons: b2624 n400 s400
51C/151 BERKELEY STREET MELBOURNE 3000 --> 0 records found - comparisons: b2608 n400 s400
52C/151 BERKELEY STREET MELBOURNE 3000 --> 0 records found - comparisons: b2600 n400 s400
53C/151 BERKELEY STREET MELBOURNE 3000 --> 0 records found - comparisons: b2600 n400 s400
1S/151 BERKELEY STREET MELBOURNE 3000 --> 0 records found - comparisons: b2977 n400 s400
