18 PROFESSORS WALK PARKVILLE 3052 --> 1 records found - comparisons: b5985 n700 s700
783 SWANSTON STREET PARKVILLE 3052 --> 1 records found - comparisons: b4993 n700 s700
230 GRATTAN STREET PARKVILLE 3052 --> 12 records found - comparisons: b8642 n700 s700
28S/151 BERKELEY STREET MELBOURNE 3000 --> 1 records found - comparisons: b5643 n700 s700
44 PROFESSORS WALK PARKVILLE 3052 --> 3 records found - comparisons: b5606 n700 s700
170 GRATTAN STREET PARKVILLE 3052 --> 4 records found - comparisons: b6892 n700 s700
3/650 SWANSTON STREET CARLTON 3053 --> 1 records found - comparisons: b5362 n700 s700
6/650 SWANSTON STREET CARLTON 3053 --> 1 records found - comparisons: b4945 n700 s700
7/650 SWANSTON STREET CARLTON 3053 --> 1 records found - comparisons: b4951 n700 s700
48 ROYAL PARADE PARKVILLE 3052 --> 3 records found - comparisons: b5479 n700 s700
26/650 SWANSTON STREET CARLTON 3053 --> 1 records found - comparisons: b5720 n700 s700
644 SWANSTON STREET CARLTON 3053 --> 1 records found - comparisons: b5029 n700 s700
8/650 SWANSTON STREET CARLTON 3053 --> 1 records found - comparisons: b4156 n700 s700
30S/151 BERKELEY STREET MELBOURNE 3000 --> 1 records found - comparisons: b5750 n700 s700
31S/151 BERKELEY STREET MELBOURNE 3000 --> 1 records found - comparisons: b5668 n700 s700
33S/151 BERKELEY STREET MELBOURNE 3000 --> 1 records found - comparisons: b5605 n700 s700
34S/151 BERKELEY STREET MELBOURNE 3000 --> 1 records found - comparisons: b5540 n700 s700
650 SWANSTON STREET CARLTON 3053 --> 1 records found - comparisons: b5004 n700 s700
6/201 GRATTAN STREET CARLTON 3053 --> 1 records found - comparisons: b4947 n700 s700
1807/151 BERKELEY STREET MELBOURNE 3000 --> 1 records found - comparisons: b6048 n700 s700
1808/151 BERKELEY STREET MELBOURNE 3000 --> 1 records found - comparisons: b6043 n700 s700
1M/151 BERKELEY STREET MELBOURNE 3000 --> 1 records found - comparisons: b5355 n700 s700
3M/151 BERKELEY STREET MELBOURNE 3000 --> 1 records found - comparisons: b5187 n700 s700
1C/151 BERKELEY STREET MELBOURNE 3000 --> 1 records found - comparisons: b5355 n700 s700
3C/151 BERKELEY STREET MELBOURNE 3000 --> 1 records found - comparisons: b5187 n700 s700
4C/151 BERKELEY STREET MELBOURNE 3000 --> 1 records found - comparisons: b4864 n700 s700
6C/151 BERKELEY STREET MELBOURNE 3000 --> 1 records found - comparisons: b4834 n700 s700
7C/151 BERKELEY STREET MELBOURNE 3000 --> 1 records found - comparisons: b4836 n700 s700
8C/151 BERKELEY STREET MELBOURNE 3000 --> 1 records found - comparisons: b4082 n700 s700
9C/151 BERKELEY STREET MELBOURNE 3000 --> 1 records found - comparisons: b4096 n700 s700
10C/151 BERKELEY STREET MELBOURNE 3000 --> 1 records found - comparisons: b6322 n700 s700
11C/151 BERKELEY STREET MELBOURNE 3000 --> 1 records found - comparisons: b6252 n700 s700
12C/151 BERKELEY STREET MELBOURNE 3000 --> 1 records found - comparisons: b6203 n700 s700
13C/151 BERKELEY STREET MELBOURNE 3000 --> 1 records found - comparisons: b6191 n700 s700
14C/151 BERKELEY STREET MELBOURNE 3000 --> 1 records found - comparisons: b6143 n700 s700
604-640 SWANSTON STREET CARLTON 3053 --> 1 records found - comparisons: b5249 n700 s700
506A/640 SWANSTON STREET CARLTON 3053 --> 1 records found - comparisons: b5207 n700 s700
210A/640 SWANSTON STREET CARLTON 3053 --> 1 records found - comparisons: b5975 n700 s700
2/224 PELHAM STREET MELBOURNE 3000 --> 1 records found - comparisons: b5512 n700 s700
15C/151 BERKELEY STREET MELBOURNE 3000 --> 1 records found - comparisons: b6145 n700 s700
16C/151 BERKELEY STREET MELBOURNE 3000 --> 1 records found - comparisons: b6133 n700 s700
8S/151 BERKELEY STREET MELBOURNE 3000 --> 1 records found - comparisons: b4082 n700 s700
9S/151 BERKELEY STREET MELBOURNE 3000 --> 1 records found - comparisons: b4096 n700 s700
10S/151 BERKELEY STREET MELBOURNE 3000 --> 1 records found - comparisons: b6322 n700 s700
11S/151 BERKELEY STREET MELBOURNE 3000 --> 1 records found - comparisons: b6252 n700 s700
12S/151 BERKELEY STREET MELBOURNE 3000 --> 1 records found - comparisons: b6203 n700 s700
14S/151 BERKELEY STREET MELBOURNE 3000 --> 1 records found - comparisons: b6143 n700 s700
15S/151 BERKELEY STREET MELBOURNE 3000 --> 1 records found - comparisons: b6145 n700 s700
95-129 BARRY STREET CARLTON 3053 --> 1 records found - comparisons: b4202 n700 s700
139 BARRY STREET CARLTON 3053 --> 1 records found - comparisons: b6153 n700 s700
213-221 BERKELEY STREET MELBOURNE 3000 --> 1 records found - comparisons: b6008 n700 s700
214 BERKELEY STREET CARLTON 3053 --> 1 records found - comparisons: b5916 n700 s700
208-210 BERKELEY STREET CARLTON 3053 --> 1 records found - comparisons: b6136 n700 s700
1103/18 LINCOLN SQUARE N CARLTON 3053 --> 1 records found - comparisons: b6357 n700 s700
247-249 BOUVERIE STREET CARLTON 3053 --> 2 records found - comparisons: b6027 n700 s700
1203/18 LINCOLN SQUARE N CARLTON 3053 --> 1 records found - comparisons: b6346 n700 s700
30 ROYAL PARADE PARKVILLE 3052 --> 6 records found - comparisons: b6928 n700 s700
201/223 BERKELEY STREET MELBOURNE 3000 --> 1 records found - comparisons: b6229 n700 s700
1302/18 LINCOLN SQUARE N CARLTON 3053 --> 1 records found - comparisons: b6215 n700 s700
305/18 LINCOLN SQUARE N CARLTON 3053 --> 1 records found - comparisons: b5964 n700 s700
202-206 BERKELEY STREET CARLTON 3053 --> 1 records found - comparisons: b6214 n700 s700
604/151 BERKELEY STREET MELBOURNE 3000 --> 1 records found - comparisons: b5272 n700 s700
605/151 BERKELEY STREET MELBOURNE 3000 --> 1 records found - comparisons: b5263 n700 s700
606/151 BERKELEY STREET MELBOURNE 3000 --> 1 records found - comparisons: b5262 n700 s700
607/151 BERKELEY STREET MELBOURNE 3000 --> 1 records found - comparisons: b5264 n700 s700
608/151 BERKELEY STREET MELBOURNE 3000 --> 1 records found - comparisons: b5243 n700 s700
903A/640 SWANSTON STREET CARLTON 3053 --> 1 records found - comparisons: b4429 n700 s700
604A/640 SWANSTON STREET CARLTON 3053 --> 1 records found - comparisons: b5247 n700 s700
131-137 BARRY STREET CARLTON 3053 --> 1 records found - comparisons: b6177 n700 s700
601A/640 SWANSTON STREET CARLTON 3053 --> 1 records found - comparisons: b5248 n700 s700
206B/640 SWANSTON STREET CARLTON 3053 --> 1 records found - comparisons: b6202 n700 s700
303A/640 SWANSTON STREET CARLTON 3053 --> 1 records found - comparisons: b5939 n700 s700
205A/640 SWANSTON STREET CARLTON 3053 --> 1 records found - comparisons: b6197 n700 s700
213 BERKELEY STREET MELBOURNE 3000 --> 1 records found - comparisons: b5958 n700 s700
11 PROFESSORS WALK PARKVILLE 3052 --> 2 records found - comparisons: b6504 n700 s700
13/650 SWANSTON STREET CARLTON 3053 --> 1 records found - comparisons: b6183 n700 s700
400B/640 SWANSTON STREET CARLTON 3053 --> 1 records found - comparisons: b5461 n700 s700
16 WILSON AVENUE PARKVILLE 3052 --> 2 records found - comparisons: b6331 n700 s700
1110/640 SWANSTON STREET CARLTON 3053 --> 1 records found - comparisons: b6318 n700 s700
1082/640 SWANSTON STREET CARLTON 3053 --> 1 records found - comparisons: b6510 n700 s700
108A/640 SWANSTON STREET CARLTON 3053 --> 1 records found - comparisons: b6492 n700 s700
143-151 BARRY STREET CARLTON 3053 --> 1 records found - comparisons: b6136 n700 s700
1080/640 SWANSTON STREET CARLTON 3053 --> 1 records found - comparisons: b6510 n700 s700
4/133 ROYAL PARADE PARKVILLE 3052 --> 1 records found - comparisons: b4976 n700 s700
ROYAL PARADE PARKVILLE 3052 --> 1 records found - comparisons: b1630 n700 s700
22C/151 BERKELEY STREET MELBOURNE 3000 --> 1 records found - comparisons: b5867 n700 s700
49 COLLEGE CRESCENT PARKVILLE 3052 --> 1 records found - comparisons: b5049 n700 s700
156-180 BERKELEY STREET CARLTON 3053 --> 1 records found - comparisons: b6180 n700 s700
224 PELHAM STREET MELBOURNE 3000 --> 1 records found - comparisons: b5852 n700 s700
601B/640 SWANSTON STREET CARLTON 3053 --> 1 records found - comparisons: b5248 n700 s700
312/668 SWANSTON STREET CARLTON 3053 --> 1 records found - comparisons: b5684 n700 s700
1201/151 BERKELEY STREET MELBOURNE 3000 --> 1 records found - comparisons: b6360 n700 s700
1202/151 BERKELEY STREET MELBOURNE 3000 --> 1 records found - comparisons: b6362 n700 s700
1204/151 BERKELEY STREET MELBOURNE 3000 --> 1 records found - comparisons: b6336 n700 s700
1205/151 BERKELEY STREET MELBOURNE 3000 --> 1 records found - comparisons: b6336 n700 s700
17C/151 BERKELEY STREET MELBOURNE 3000 --> 1 records found - comparisons: b6135 n700 s700
18C/151 BERKELEY STREET MELBOURNE 3000 --> 1 records found - comparisons: b5979 n700 s700
602/223 BERKELEY STREET MELBOURNE 3000 --> 1 records found - comparisons: b5248 n700 s700
701/223 BERKELEY STREET MELBOURNE 3000 --> 1 records found - comparisons: b5299 n700 s700
19C/151 BERKELEY STREET MELBOURNE 3000 --> 1 records found - comparisons: b5971 n700 s700
20C/151 BERKELEY STREET MELBOURNE 3000 --> 1 records found - comparisons: b5985 n700 s700
21C/151 BERKELEY STREET MELBOURNE 3000 --> 1 records found - comparisons: b5913 n700 s700
G4-G5/230 GRATTAN STREET PARKVILLE 3052 --> 1 records found - comparisons: b1732 n700 s700
25C/151 BERKELEY STREET MELBOURNE 3000 --> 1 records found - comparisons: b5751 n700 s700
209/223 BERKELEY STREET MELBOURNE 3000 --> 1 records found - comparisons: b6160 n700 s700
206/223 BERKELEY STREET MELBOURNE 3000 --> 1 records found - comparisons: b6243 n700 s700
107/151 BERKELEY STREET MELBOURNE 3000 --> 1 records found - comparisons: b6581 n700 s700
912/668 SWANSTON STREET CARLTON 3053 --> 1 records found - comparisons: b4363 n700 s700
780-782 ELIZABETH STREET MELBOURNE 3000 --> 2 records found - comparisons: b5330 n700 s700
203/668 SWANSTON STREET CARLTON 3053 --> 1 records found - comparisons: b6218 n700 s700
23/650 SWANSTON STREET CARLTON 3053 --> 1 records found - comparisons: b5887 n700 s700
BERKELEY STREET MELBOURNE 3000 --> 1 records found - comparisons: b1659 n700 s700
301B/640 SWANSTON STREET CARLTON 3053 --> 1 records found - comparisons: b5946 n700 s700
206A/640 SWANSTON STREET CARLTON 3053 --> 1 records found - comparisons: b6202 n700 s700
505/668 SWANSTON STREET CARLTON 3053 --> 1 records found - comparisons: b5234 n700 s700
201 GRATTAN STREET CARLTON 3053 --> 1 records found - comparisons: b6153 n700 s700
108/151 BERKELEY STREET MELBOURNE 3000 --> 1 records found - comparisons: b6508 n700 s700
690 ELIZABETH STREET MELBOURNE 3000 --> 1 records found - comparisons: b4982 n700 s700
201/151 BERKELEY STREET MELBOURNE 3000 --> 1 records found - comparisons: b6235 n700 s700
909A/640 SWANSTON STREET CARLTON 3053 --> 1 records found - comparisons: b4410 n700 s700
802A/640 SWANSTON STREET CARLTON 3053 --> 1 records found - comparisons: b4334 n700 s700
202/151 BERKELEY STREET MELBOURNE 3000 --> 1 records found - comparisons: b6259 n700 s700
311A/640 SWANSTON STREET CARLTON 3053 --> 1 records found - comparisons: b5694 n700 s700
202/668 SWANSTON STREET CARLTON 3053 --> 1 records found - comparisons: b6235 n700 s700
411/668 SWANSTON STREET CARLTON 3053 --> 1 records found - comparisons: b5265 n700 s700
504/668 SWANSTON STREET CARLTON 3053 --> 1 records found - comparisons: b5218 n700 s700
601/668 SWANSTON STREET CARLTON 3053 --> 1 records found - comparisons: b5247 n700 s700
920/668 SWANSTON STREET CARLTON 3053 --> 1 records found - comparisons: b4292 n700 s700
611/668 SWANSTON STREET CARLTON 3053 --> 1 records found - comparisons: b5109 n700 s700
907A/640 SWANSTON STREET CARLTON 3053 --> 1 records found - comparisons: b4427 n700 s700
603B/640 SWANSTON STREET CARLTON 3053 --> 1 records found - comparisons: b5247 n700 s700
403B/640 SWANSTON STREET CARLTON 3053 --> 1 records found - comparisons: b5479 n700 s700
905A/640 SWANSTON STREET CARLTON 3053 --> 1 records found - comparisons: b4429 n700 s700
306A/640 SWANSTON STREET CARLTON 3053 --> 1 records found - comparisons: b5943 n700 s700
185 PELHAM STREET CARLTON 3053 --> 2 records found - comparisons: b6175 n700 s700
709/668 SWANSTON STREET CARLTON 3053 --> 1 records found - comparisons: b5236 n700 s700
18/650 SWANSTON STREET CARLTON 3053 --> 1 records found - comparisons: b5983 n700 s700
23C/151 BERKELEY STREET MELBOURNE 3000 --> 1 records found - comparisons: b5879 n700 s700
308/151 BERKELEY STREET MELBOURNE 3000 --> 1 records found - comparisons: b5924 n700 s700
26C/151 BERKELEY STREET MELBOURNE 3000 --> 1 records found - comparisons: b5744 n700 s700
408/151 BERKELEY STREET MELBOURNE 3000 --> 1 records found - comparisons: b5472 n700 s700
208A/640 SWANSTON STREET CARLTON 3053 --> 1 records found - comparisons: b6139 n700 s700
706/151 BERKELEY STREET MELBOURNE 3000 --> 1 records found - comparisons: b5289 n700 s700
807/151 BERKELEY STREET MELBOURNE 3000 --> 1 records found - comparisons: b4334 n700 s700
904/151 BERKELEY STREET MELBOURNE 3000 --> 1 records found - comparisons: b4470 n700 s700
27C/151 BERKELEY STREET MELBOURNE 3000 --> 1 records found - comparisons: b5744 n700 s700
LYGON STREET CARLTON NORTH 3054 --> 1 records found - comparisons: b1665 n700 s700
28C/151 BERKELEY STREET MELBOURNE 3000 --> 1 records found - comparisons: b5643 n700 s700
30C/151 BERKELEY STREET MELBOURNE 3000 --> 1 records found - comparisons: b5750 n700 s700
676 SWANSTON STREET CARLTON 3053 --> 1 records found - comparisons: b5034 n700 s700
1104/18 LINCOLN SQUARE N CARLTON 3053 --> 1 records found - comparisons: b6353 n700 s700
1201/18 LINCOLN SQUARE N CARLTON 3053 --> 1 records found - comparisons: b6344 n700 s700
31C/151 BERKELEY STREET MELBOURNE 3000 --> 1 records found - comparisons: b5668 n700 s700
1202/18 LINCOLN SQUARE N CARLTON 3053 --> 1 records found - comparisons: b6346 n700 s700
111A/640 SWANSTON STREET CARLTON 3053 --> 1 records found - comparisons: b6318 n700 s700
110A/640 SWANSTON STREET CARLTON 3053 --> 1 records found - comparisons: b6330 n700 s700
106A/640 SWANSTON STREET CARLTON 3053 --> 1 records found - comparisons: b6537 n700 s700
105A/640 SWANSTON STREET CARLTON 3053 --> 1 records found - comparisons: b6537 n700 s700
104A/640 SWANSTON STREET CARLTON 3053 --> 1 records found - comparisons: b6532 n700 s700
101A/640 SWANSTON STREET CARLTON 3053 --> 1 records found - comparisons: b6571 n700 s700
1012A/640 SWANSTON STREET CARLTON 3053 --> 1 records found - comparisons: b6590 n700 s700
1010A/640 SWANSTON STREET CARLTON 3053 --> 1 records found - comparisons: b6591 n700 s700
1009A/640 SWANSTON STREET CARLTON 3053 --> 1 records found - comparisons: b6615 n700 s700
1007A/640 SWANSTON STREET CARLTON 3053 --> 1 records found - comparisons: b6622 n700 s700
705/223 BERKELEY STREET MELBOURNE 3000 --> 1 records found - comparisons: b5290 n700 s700
708/223 BERKELEY STREET MELBOURNE 3000 --> 1 records found - comparisons: b5266 n700 s700
309/668 SWANSTON STREET CARLTON 3053 --> 1 records found - comparisons: b5920 n700 s700
206/18 LINCOLN SQUARE N CARLTON 3053 --> 1 records found - comparisons: b6233 n700 s700
303/18 LINCOLN SQUARE N CARLTON 3053 --> 1 records found - comparisons: b5962 n700 s700
308B/640 SWANSTON STREET CARLTON 3053 --> 1 records found - comparisons: b5909 n700 s700
404/18 LINCOLN SQUARE N CARLTON 3053 --> 1 records found - comparisons: b5518 n700 s700
406/18 LINCOLN SQUARE N CARLTON 3053 --> 1 records found - comparisons: b5503 n700 s700
503/18 LINCOLN SQUARE N CARLTON 3053 --> 1 records found - comparisons: b5238 n700 s700
305/151 BERKELEY STREET MELBOURNE 3000 --> 1 records found - comparisons: b5980 n700 s700
306/151 BERKELEY STREET MELBOURNE 3000 --> 1 records found - comparisons: b5995 n700 s700
771 SWANSTON STREET PARKVILLE 3052 --> 1 records found - comparisons: b5017 n700 s700
720 SWANSTON STREET CARLTON 3053 --> 3 records found - comparisons: b5533 n700 s700
24 WILSON AVENUE PARKVILLE 3052 --> 1 records found - comparisons: b5710 n700 s700
270 GRATTAN STREET PARKVILLE 3052 --> 1 records found - comparisons: b5704 n700 s700
165 BERKELEY STREET MELBOURNE 3000 --> 1 records found - comparisons: b6153 n700 s700
307/151 BERKELEY STREET MELBOURNE 3000 --> 1 records found - comparisons: b5974 n700 s700
9/650 SWANSTON STREET CARLTON 3053 --> 1 records found - comparisons: b4169 n700 s700
309/151 BERKELEY STREET MELBOURNE 3000 --> 1 records found - comparisons: b5937 n700 s700
401/151 BERKELEY STREET MELBOURNE 3000 --> 1 records found - comparisons: b5498 n700 s700
402/151 BERKELEY STREET MELBOURNE 3000 --> 1 records found - comparisons: b5511 n700 s700
404/151 BERKELEY STREET MELBOURNE 3000 --> 1 records found - comparisons: b5534 n700 s700
405/151 BERKELEY STREET MELBOURNE 3000 --> 1 records found - comparisons: b5536 n700 s700
406/151 BERKELEY STREET MELBOURNE 3000 --> 1 records found - comparisons: b5519 n700 s700
606/668 SWANSTON STREET CARLTON 3053 --> 1 records found - comparisons: b5246 n700 s700
607/668 SWANSTON STREET CARLTON 3053 --> 1 records found - comparisons: b5248 n700 s700
609/668 SWANSTON STREET CARLTON 3053 --> 1 records found - comparisons: b5213 n700 s700
610/668 SWANSTON STREET CARLTON 3053 --> 1 records found - comparisons: b5111 n700 s700
612/668 SWANSTON STREET CARLTON 3053 --> 1 records found - comparisons: b5110 n700 s700
705/668 SWANSTON STREET CARLTON 3053 --> 1 records found - comparisons: b5274 n700 s700
707/668 SWANSTON STREET CARLTON 3053 --> 1 records found - comparisons: b5259 n700 s700
200B/640 SWANSTON STREET CARLTON 3053 --> 1 records found - comparisons: b6186 n700 s700
36C/151 BERKELEY STREET MELBOURNE 3000 --> 1 records found - comparisons: b5529 n700 s700
37C/151 BERKELEY STREET MELBOURNE 3000 --> 1 records found - comparisons: b5529 n700 s700
39C/151 BERKELEY STREET MELBOURNE 3000 --> 1 records found - comparisons: b5454 n700 s700
7 UNION ROAD PARKVILLE 3052 --> 1 records found - comparisons: b4886 n700 s700
4 WILSON AVENUE PARKVILLE 3052 --> 1 records found - comparisons: b4942 n700 s700
23 PROFESSORS WALK PARKVILLE 3052 --> 1 records found - comparisons: b5878 n700 s700
6/135 ROYAL PARADE PARKVILLE 3052 --> 1 records found - comparisons: b4939 n700 s700
101B/640 SWANSTON STREET CARLTON 3053 --> 1 records found - comparisons: b6571 n700 s700
3/201 GRATTAN STREET CARLTON 3053 --> 1 records found - comparisons: b5353 n700 s700
13 WILSON AVENUE PARKVILLE 3052 --> 1 records found - comparisons: b6160 n700 s700
1206/151 BERKELEY STREET MELBOURNE 3000 --> 1 records found - comparisons: b6335 n700 s700
305/668 SWANSTON STREET CARLTON 3053 --> 1 records found - comparisons: b5957 n700 s700
35 WILSON AVENUE PARKVILLE 3052 --> 1 records found - comparisons: b5497 n700 s700
35 MASSON ROAD PARKVILLE 3052 --> 1 records found - comparisons: b5481 n700 s700
31 MASSON ROAD PARKVILLE 3052 --> 1 records found - comparisons: b5608 n700 s700
23 MASSON ROAD PARKVILLE 3052 --> 1 records found - comparisons: b5846 n700 s700
8 SPENCER ROAD PARKVILLE 3052 --> 1 records found - comparisons: b4130 n700 s700
17 SPENCER ROAD PARKVILLE 3052 --> 1 records found - comparisons: b6092 n700 s700
20 UNION ROAD PARKVILLE 3052 --> 1 records found - comparisons: b6020 n700 s700
47 PROFESSORS WALK PARKVILLE 3052 --> 1 records found - comparisons: b5093 n700 s700
56 ROYAL PARADE PARKVILLE 3052 --> 1 records found - comparisons: b4916 n700 s700
33 MEDICAL ROAD PARKVILLE 3052 --> 1 records found - comparisons: b5561 n700 s700
38 ROYAL PARADE PARKVILLE 3052 --> 1 records found - comparisons: b5390 n700 s700
25 MEDICAL ROAD PARKVILLE 3052 --> 1 records found - comparisons: b5690 n700 s700
6 MEDICAL ROAD PARKVILLE 3052 --> 1 records found - comparisons: b4878 n700 s700
66 TIN ALLEY PARKVILLE 3052 --> 1 records found - comparisons: b4971 n700 s700
155 BARRY STREET CARLTON 3053 --> 1 records found - comparisons: b6107 n700 s700
213A/640 SWANSTON STREET CARLTON 3053 --> 1 records found - comparisons: b5976 n700 s700
153 BARRY STREET CARLTON 3053 --> 1 records found - comparisons: b6105 n700 s700
701-713 SWANSTON STREET CARLTON 3053 --> 1 records found - comparisons: b5275 n700 s700
1203/151 BERKELEY STREET MELBOURNE 3000 --> 1 records found - comparisons: b6362 n700 s700
1208/151 BERKELEY STREET MELBOURNE 3000 --> 1 records found - comparisons: b6325 n700 s700
1305/151 BERKELEY STREET MELBOURNE 3000 --> 1 records found - comparisons: b6231 n700 s700
1402/151 BERKELEY STREET MELBOURNE 3000 --> 1 records found - comparisons: b6193 n700 s700
1407/151 BERKELEY STREET MELBOURNE 3000 --> 1 records found - comparisons: b6193 n700 s700
1702/151 BERKELEY STREET MELBOURNE 3000 --> 1 records found - comparisons: b6210 n700 s700
199-203 GRATTAN STREET CARLTON 3053 --> 2 records found - comparisons: b6241 n700 s700
10/650 SWANSTON STREET CARLTON 3053 --> 1 records found - comparisons: b6398 n700 s700
203/151 BERKELEY STREET MELBOURNE 3000 --> 1 records found - comparisons: b6235 n700 s700
204/151 BERKELEY STREET MELBOURNE 3000 --> 1 records found - comparisons: b6245 n700 s700
205/151 BERKELEY STREET MELBOURNE 3000 --> 1 records found - comparisons: b6254 n700 s700
810A/640 SWANSTON STREET CARLTON 3053 --> 1 records found - comparisons: b4253 n700 s700
209A/640 SWANSTON STREET CARLTON 3053 --> 1 records found - comparisons: b6139 n700 s700
200 LEICESTER STREET CARLTON 3053 --> 1 records found - comparisons: b6154 n700 s700
103A/640 SWANSTON STREET CARLTON 3053 --> 1 records found - comparisons: b6545 n700 s700
203B/640 SWANSTON STREET CARLTON 3053 --> 1 records found - comparisons: b6205 n700 s700
1001A/640 SWANSTON STREET CARLTON 3053 --> 1 records found - comparisons: b6629 n700 s700
206/151 BERKELEY STREET MELBOURNE 3000 --> 1 records found - comparisons: b6249 n700 s700
208/151 BERKELEY STREET MELBOURNE 3000 --> 1 records found - comparisons: b6152 n700 s700
209/151 BERKELEY STREET MELBOURNE 3000 --> 1 records found - comparisons: b6160 n700 s700
301/151 BERKELEY STREET MELBOURNE 3000 --> 1 records found - comparisons: b5993 n700 s700
302/151 BERKELEY STREET MELBOURNE 3000 --> 1 records found - comparisons: b5993 n700 s700
304/151 BERKELEY STREET MELBOURNE 3000 --> 1 records found - comparisons: b5995 n700 s700
503/151 BERKELEY STREET MELBOURNE 3000 --> 1 records found - comparisons: b5254 n700 s700
603/151 BERKELEY STREET MELBOURNE 3000 --> 1 records found - comparisons: b5250 n700 s700
35/230 GRATTAN STREET PARKVILLE 3052 --> 1 records found - comparisons: b5530 n700 s700
6/230 GRATTAN STREET PARKVILLE 3052 --> 1 records found - comparisons: b4963 n700 s700
45/230 GRATTAN STREET PARKVILLE 3052 --> 1 records found - comparisons: b5118 n700 s700
33/230 GRATTAN STREET PARKVILLE 3052 --> 1 records found - comparisons: b5593 n700 s700
5/230 GRATTAN STREET PARKVILLE 3052 --> 1 records found - comparisons: b4901 n700 s700
1/230 GRATTAN STREET PARKVILLE 3052 --> 1 records found - comparisons: b5780 n700 s700
183-195 BOUVERIE STREET CARLTON 3053 --> 1 records found - comparisons: b6001 n700 s700
42/230 GRATTAN STREET PARKVILLE 3052 --> 1 records found - comparisons: b5161 n700 s700
644-658 SWANSTON STREET CARLTON 3053 --> 1 records found - comparisons: b5061 n700 s700
704/223 BERKELEY STREET MELBOURNE 3000 --> 1 records found - comparisons: b5291 n700 s700
39/230 GRATTAN STREET PARKVILLE 3052 --> 1 records found - comparisons: b5438 n700 s700
7/230 GRATTAN STREET PARKVILLE 3052 --> 1 records found - comparisons: b4969 n700 s700
8/230 GRATTAN STREET PARKVILLE 3052 --> 1 records found - comparisons: b4174 n700 s700
12/230 GRATTAN STREET PARKVILLE 3052 --> 1 records found - comparisons: b6223 n700 s700
34/230 GRATTAN STREET PARKVILLE 3052 --> 1 records found - comparisons: b5522 n700 s700
204/668 SWANSTON STREET CARLTON 3053 --> 1 records found - comparisons: b6221 n700 s700
801/668 SWANSTON STREET CARLTON 3053 --> 1 records found - comparisons: b4333 n700 s700
2B/230 GRATTAN STREET PARKVILLE 3052 --> 1 records found - comparisons: b5258 n700 s700
67/230 GRATTAN STREET PARKVILLE 3052 --> 1 records found - comparisons: b5059 n700 s700
75/230 GRATTAN STREET PARKVILLE 3052 --> 1 records found - comparisons: b5036 n700 s700
2/133 ROYAL PARADE PARKVILLE 3052 --> 1 records found - comparisons: b5510 n700 s700
68/230 GRATTAN STREET PARKVILLE 3052 --> 1 records found - comparisons: b4990 n700 s700
50/230 GRATTAN STREET PARKVILLE 3052 --> 1 records found - comparisons: b5139 n700 s700
51/230 GRATTAN STREET PARKVILLE 3052 --> 1 records found - comparisons: b5064 n700 s700
52/230 GRATTAN STREET PARKVILLE 3052 --> 1 records found - comparisons: b5003 n700 s700
53/230 GRATTAN STREET PARKVILLE 3052 --> 1 records found - comparisons: b5008 n700 s700
9/230 GRATTAN STREET PARKVILLE 3052 --> 1 records found - comparisons: b4186 n700 s700
309A/640 SWANSTON STREET CARLTON 3053 --> 1 records found - comparisons: b5904 n700 s700
2A/230 GRATTAN STREET PARKVILLE 3052 --> 1 records found - comparisons: b5258 n700 s700
69/230 GRATTAN STREET PARKVILLE 3052 --> 1 records found - comparisons: b4990 n700 s700
919/668 SWANSTON STREET CARLTON 3053 --> 1 records found - comparisons: b4348 n700 s700
40/230 GRATTAN STREET PARKVILLE 3052 --> 1 records found - comparisons: b5370 n700 s700
505/223 BERKELEY STREET MELBOURNE 3000 --> 1 records found - comparisons: b5251 n700 s700
103/223 BERKELEY STREET MELBOURNE 3000 --> 1 records found - comparisons: b6579 n700 s700
165 GRATTAN STREET CARLTON 3053 --> 1 records found - comparisons: b6129 n700 s700
139 ROYAL PARADE PARKVILLE 3052 --> 1 records found - comparisons: b6169 n700 s700
179 GRATTAN STREET CARLTON 3053 --> 1 records found - comparisons: b6107 n700 s700
601/18 LINCOLN SQUARE N CARLTON 3053 --> 1 records found - comparisons: b5247 n700 s700
505/18 LINCOLN SQUARE N CARLTON 3053 --> 1 records found - comparisons: b5235 n700 s700
ELIZABETH STREET MELBOURNE 3000 --> 1 records found - comparisons: b1668 n700 s700
815 SWANSTON STREET PARKVILLE 3052 --> 1 records found - comparisons: b4226 n700 s700
222-224 PELHAM STREET MELBOURNE 3000 --> 1 records found - comparisons: b5882 n700 s700
678 SWANSTON STREET CARLTON 3053 --> 1 records found - comparisons: b5031 n700 s700
141 BARRY STREET CARLTON 3053 --> 1 records found - comparisons: b6119 n700 s700
1/743-751 SWANSTON STREET CARLTON 3053 --> 1 records found - comparisons: b5801 n700 s700
14 KERNOT ROAD PARKVILLE 3052 --> 3 records found - comparisons: b6530 n700 s700
7 SPENCER ROAD PARKVILLE 3052 --> 2 records found - comparisons: b5120 n700 s700
5C/151 BERKELEY STREET MELBOURNE 3000 --> 1 records found - comparisons: b4814 n700 s700
24C/151 BERKELEY STREET MELBOURNE 3000 --> 1 records found - comparisons: b5757 n700 s700
15/650 SWANSTON STREET CARLTON 3053 --> 1 records found - comparisons: b6145 n700 s700
8/201 GRATTAN STREET CARLTON 3053 --> 1 records found - comparisons: b4158 n700 s700
18 SPENCER ROAD PARKVILLE 3052 --> 2 records found - comparisons: b6178 n700 s700
199 GRATTAN STREET CARLTON 3053 --> 1 records found - comparisons: b5950 n700 s700
202A/640 SWANSTON STREET CARLTON 3053 --> 1 records found - comparisons: b6207 n700 s700
201A/640 SWANSTON STREET CARLTON 3053 --> 1 records found - comparisons: b6192 n700 s700
1706/151 BERKELEY STREET MELBOURNE 3000 --> 1 records found - comparisons: b6210 n700 s700
1805/151 BERKELEY STREET MELBOURNE 3000 --> 1 records found - comparisons: b6047 n700 s700
2M/151 BERKELEY STREET MELBOURNE 3000 --> 1 records found - comparisons: b5264 n700 s700
805/668 SWANSTON STREET CARLTON 3053 --> 1 records found - comparisons: b4318 n700 s700
802/151 BERKELEY STREET MELBOURNE 3000 --> 1 records found - comparisons: b4361 n700 s700
18-20 LINCOLN SQUARE N CARLTON 3053 --> 1 records found - comparisons: b5983 n700 s700
303/151 BERKELEY STREET MELBOURNE 3000 --> 1 records found - comparisons: b5978 n700 s700
163 GRATTAN STREET CARLTON 3053 --> 1 records found - comparisons: b6111 n700 s700
672 SWANSTON STREET CARLTON 3053 --> 3 records found - comparisons: b5518 n700 s700
205/668 SWANSTON STREET CARLTON 3053 --> 1 records found - comparisons: b6230 n700 s700
301/668 SWANSTON STREET CARLTON 3053 --> 1 records found - comparisons: b5969 n700 s700
302/668 SWANSTON STREET CARLTON 3053 --> 1 records found - comparisons: b5969 n700 s700
303/668 SWANSTON STREET CARLTON 3053 --> 1 records found - comparisons: b5955 n700 s700
922/668 SWANSTON STREET CARLTON 3053 --> 1 records found - comparisons: b4291 n700 s700
402B/640 SWANSTON STREET CARLTON 3053 --> 1 records found - comparisons: b5472 n700 s700
403/151 BERKELEY STREET MELBOURNE 3000 --> 1 records found - comparisons: b5513 n700 s700
502B/640 SWANSTON STREET CARLTON 3053 --> 1 records found - comparisons: b5218 n700 s700
307/223 BERKELEY STREET MELBOURNE 3000 --> 1 records found - comparisons: b5974 n700 s700
701/151 BERKELEY STREET MELBOURNE 3000 --> 1 records found - comparisons: b5299 n700 s700
101/151 BERKELEY STREET MELBOURNE 3000 --> 1 records found - comparisons: b6612 n700 s700
102/151 BERKELEY STREET MELBOURNE 3000 --> 1 records found - comparisons: b6564 n700 s700
103/151 BERKELEY STREET MELBOURNE 3000 --> 1 records found - comparisons: b6585 n700 s700
104/151 BERKELEY STREET MELBOURNE 3000 --> 1 records found - comparisons: b6559 n700 s700
105/151 BERKELEY STREET MELBOURNE 3000 --> 1 records found - comparisons: b6540 n700 s700
106/151 BERKELEY STREET MELBOURNE 3000 --> 1 records found - comparisons: b6564 n700 s700
1107/151 BERKELEY STREET MELBOURNE 3000 --> 1 records found - comparisons: b6369 n700 s700
1096/640 SWANSTON STREET CARLTON 3053 --> 1 records found - comparisons: b6482 n700 s700
1075/640 SWANSTON STREET CARLTON 3053 --> 1 records found - comparisons: b6561 n700 s700
29C/151 BERKELEY STREET MELBOURNE 3000 --> 1 records found - comparisons: b5647 n700 s700
33C/151 BERKELEY STREET MELBOURNE 3000 --> 1 records found - comparisons: b5605 n700 s700
38C/151 BERKELEY STREET MELBOURNE 3000 --> 1 records found - comparisons: b5454 n700 s700
43C/151 BERKELEY STREET MELBOURNE 3000 --> 1 records found - comparisons: b5177 n700 s700
304/223 BERKELEY STREET MELBOURNE 3000 --> 1 records found - comparisons: b5989 n700 s700
205-211 GRATTAN STREET CARLTON 3053 --> 1 records found - comparisons: b6201 n700 s700
8 MONASH ROAD PARKVILLE 3052 --> 2 records found - comparisons: b4337 n700 s700
49C/151 BERKELEY STREET MELBOURNE 3000 --> 1 records found - comparisons: b5081 n700 s700
13S/151 BERKELEY STREET MELBOURNE 3000 --> 1 records found - comparisons: b6191 n700 s700
1/224 PELHAM STREET MELBOURNE 3000 --> 1 records found - comparisons: b5772 n700 s700
1/650 SWANSTON STREET CARLTON 3053 --> 1 records found - comparisons: b5763 n700 s700
409A/640 SWANSTON STREET CARLTON 3053 --> 1 records found - comparisons: b5437 n700 s700
408/223 BERKELEY STREET MELBOURNE 3000 --> 1 records found - comparisons: b5472 n700 s700
112A/640 SWANSTON STREET CARLTON 3053 --> 1 records found - comparisons: b6308 n700 s700
196 PELHAM STREET CARLTON 3053 --> 1 records found - comparisons: b5930 n700 s700
15 MONASH ROAD PARKVILLE 3052 --> 4 records found - comparisons: b6754 n700 s700
1806/151 BERKELEY STREET MELBOURNE 3000 --> 1 records found - comparisons: b6048 n700 s700
100A/640 SWANSTON STREET CARLTON 3053 --> 1 records found - comparisons: b6574 n700 s700
11 MONASH ROAD PARKVILLE 3052 --> 1 records found - comparisons: b6228 n700 s700
8 PORTERS LANE PARKVILLE 3052 --> 2 records found - comparisons: b4347 n700 s700
2 PORTERS LANE PARKVILLE 3052 --> 3 records found - comparisons: b5907 n700 s700
709A/640 SWANSTON STREET CARLTON 3053 --> 1 records found - comparisons: b5244 n700 s700
203A/640 SWANSTON STREET CARLTON 3053 --> 1 records found - comparisons: b6205 n700 s700
212 BERKELEY STREET CARLTON 3053 --> 1 records found - comparisons: b5932 n700 s700
17/650 SWANSTON STREET CARLTON 3053 --> 1 records found - comparisons: b6132 n700 s700
40 COLLEGE CRESCENT PARKVILLE 3052 --> 1 records found - comparisons: b5354 n700 s700
910A/640 SWANSTON STREET CARLTON 3053 --> 1 records found - comparisons: b4375 n700 s700
12/650 SWANSTON STREET CARLTON 3053 --> 1 records found - comparisons: b6215 n700 s700
406B/640 SWANSTON STREET CARLTON 3053 --> 1 records found - comparisons: b5484 n700 s700
19/650 SWANSTON STREET CARLTON 3053 --> 1 records found - comparisons: b5964 n700 s700
202B/640 SWANSTON STREET CARLTON 3053 --> 1 records found - comparisons: b6207 n700 s700
29-55 COLLEGE CRESCENT PARKVILLE 3052 --> 1 records found - comparisons: b5647 n700 s700
226 PELHAM STREET MELBOURNE 3000 --> 2 records found - comparisons: b6092 n700 s700
20 LINCOLN SQUARE N CARLTON 3053 --> 1 records found - comparisons: b6056 n700 s700
101/18 LINCOLN SQUARE N CARLTON 3053 --> 1 records found - comparisons: b6596 n700 s700
103/18 LINCOLN SQUARE N CARLTON 3053 --> 1 records found - comparisons: b6569 n700 s700
104/18 LINCOLN SQUARE N CARLTON 3053 --> 1 records found - comparisons: b6543 n700 s700
106/18 LINCOLN SQUARE N CARLTON 3053 --> 1 records found - comparisons: b6548 n700 s700
201/18 LINCOLN SQUARE N CARLTON 3053 --> 1 records found - comparisons: b6219 n700 s700
304/668 SWANSTON STREET CARLTON 3053 --> 1 records found - comparisons: b5971 n700 s700
307/668 SWANSTON STREET CARLTON 3053 --> 1 records found - comparisons: b5957 n700 s700
310/668 SWANSTON STREET CARLTON 3053 --> 1 records found - comparisons: b5686 n700 s700
402/668 SWANSTON STREET CARLTON 3053 --> 1 records found - comparisons: b5488 n700 s700
403/668 SWANSTON STREET CARLTON 3053 --> 1 records found - comparisons: b5490 n700 s700
408/668 SWANSTON STREET CARLTON 3053 --> 1 records found - comparisons: b5455 n700 s700
409/668 SWANSTON STREET CARLTON 3053 --> 1 records found - comparisons: b5441 n700 s700
149-155 BERKELEY STREET MELBOURNE 3000 --> 1 records found - comparisons: b6167 n700 s700
202/18 LINCOLN SQUARE N CARLTON 3053 --> 1 records found - comparisons: b6243 n700 s700
204/18 LINCOLN SQUARE N CARLTON 3053 --> 1 records found - comparisons: b6229 n700 s700
205/18 LINCOLN SQUARE N CARLTON 3053 --> 1 records found - comparisons: b6238 n700 s700
243-245 BOUVERIE STREET CARLTON 3053 --> 1 records found - comparisons: b5753 n700 s700
19-27 COLLEGE CRESCENT PARKVILLE 3052 --> 1 records found - comparisons: b5980 n700 s700
900A/640 SWANSTON STREET CARLTON 3053 --> 1 records found - comparisons: b4425 n700 s700
640 SWANSTON STREET CARLTON 3053 --> 2 records found - comparisons: b5264 n700 s700
908A/640 SWANSTON STREET CARLTON 3053 --> 1 records found - comparisons: b4414 n700 s700
901A/640 SWANSTON STREET CARLTON 3053 --> 1 records found - comparisons: b4427 n700 s700
812A/640 SWANSTON STREET CARLTON 3053 --> 1 records found - comparisons: b4252 n700 s700
811A/640 SWANSTON STREET CARLTON 3053 --> 1 records found - comparisons: b4253 n700 s700
147-149 BARRY STREET CARLTON 3053 --> 1 records found - comparisons: b6132 n700 s700
809A/640 SWANSTON STREET CARLTON 3053 --> 1 records found - comparisons: b4303 n700 s700
410/668 SWANSTON STREET CARLTON 3053 --> 1 records found - comparisons: b5279 n700 s700
412/668 SWANSTON STREET CARLTON 3053 --> 1 records found - comparisons: b5259 n700 s700
503/668 SWANSTON STREET CARLTON 3053 --> 1 records found - comparisons: b5231 n700 s700
506/668 SWANSTON STREET CARLTON 3053 --> 1 records found - comparisons: b5199 n700 s700
509/668 SWANSTON STREET CARLTON 3053 --> 1 records found - comparisons: b5189 n700 s700
510/668 SWANSTON STREET CARLTON 3053 --> 1 records found - comparisons: b5094 n700 s700
101/223 BERKELEY STREET MELBOURNE 3000 --> 1 records found - comparisons: b6606 n700 s700
603A/640 SWANSTON STREET CARLTON 3053 --> 1 records found - comparisons: b5247 n700 s700
602A/640 SWANSTON STREET CARLTON 3053 --> 1 records found - comparisons: b5240 n700 s700
514A/640 SWANSTON STREET CARLTON 3053 --> 1 records found - comparisons: b5081 n700 s700
511A/640 SWANSTON STREET CARLTON 3053 --> 1 records found - comparisons: b5090 n700 s700
509A/640 SWANSTON STREET CARLTON 3053 --> 1 records found - comparisons: b5185 n700 s700
710/668 SWANSTON STREET CARLTON 3053 --> 1 records found - comparisons: b5132 n700 s700
803/668 SWANSTON STREET CARLTON 3053 --> 1 records found - comparisons: b4338 n700 s700
508A/640 SWANSTON STREET CARLTON 3053 --> 1 records found - comparisons: b5181 n700 s700
507A/640 SWANSTON STREET CARLTON 3053 --> 1 records found - comparisons: b5205 n700 s700
505A/640 SWANSTON STREET CARLTON 3053 --> 1 records found - comparisons: b5223 n700 s700
504A/640 SWANSTON STREET CARLTON 3053 --> 1 records found - comparisons: b5214 n700 s700
308/668 SWANSTON STREET CARLTON 3053 --> 1 records found - comparisons: b5908 n700 s700
311/668 SWANSTON STREET CARLTON 3053 --> 1 records found - comparisons: b5686 n700 s700
502A/640 SWANSTON STREET CARLTON 3053 --> 1 records found - comparisons: b5218 n700 s700
301/18 LINCOLN SQUARE N CARLTON 3053 --> 1 records found - comparisons: b5977 n700 s700
302/18 LINCOLN SQUARE N CARLTON 3053 --> 1 records found - comparisons: b5977 n700 s700
304/18 LINCOLN SQUARE N CARLTON 3053 --> 1 records found - comparisons: b5979 n700 s700
306/18 LINCOLN SQUARE N CARLTON 3053 --> 1 records found - comparisons: b5979 n700 s700
402/18 LINCOLN SQUARE N CARLTON 3053 --> 1 records found - comparisons: b5495 n700 s700
403/18 LINCOLN SQUARE N CARLTON 3053 --> 1 records found - comparisons: b5497 n700 s700
405/18 LINCOLN SQUARE N CARLTON 3053 --> 1 records found - comparisons: b5520 n700 s700
501/18 LINCOLN SQUARE N CARLTON 3053 --> 1 records found - comparisons: b5214 n700 s700
502/18 LINCOLN SQUARE N CARLTON 3053 --> 1 records found - comparisons: b5205 n700 s700
806A/640 SWANSTON STREET CARLTON 3053 --> 1 records found - comparisons: b4324 n700 s700
803A/640 SWANSTON STREET CARLTON 3053 --> 1 records found - comparisons: b4334 n700 s700
504/18 LINCOLN SQUARE N CARLTON 3053 --> 1 records found - comparisons: b5218 n700 s700
203/223 BERKELEY STREET MELBOURNE 3000 --> 1 records found - comparisons: b6235 n700 s700
204/223 BERKELEY STREET MELBOURNE 3000 --> 1 records found - comparisons: b6239 n700 s700
911A/640 SWANSTON STREET CARLTON 3053 --> 1 records found - comparisons: b4375 n700 s700
800A/640 SWANSTON STREET CARLTON 3053 --> 1 records found - comparisons: b4327 n700 s700
710A/640 SWANSTON STREET CARLTON 3053 --> 1 records found - comparisons: b5140 n700 s700
708A/640 SWANSTON STREET CARLTON 3053 --> 1 records found - comparisons: b5246 n700 s700
707A/640 SWANSTON STREET CARLTON 3053 --> 1 records found - comparisons: b5267 n700 s700
705A/640 SWANSTON STREET CARLTON 3053 --> 1 records found - comparisons: b5270 n700 s700
63 MORRISON CLOSE PARKVILLE 3052 --> 1 records found - comparisons: b5018 n700 s700
702A/640 SWANSTON STREET CARLTON 3053 --> 1 records found - comparisons: b5270 n700 s700
701A/640 SWANSTON STREET CARLTON 3053 --> 1 records found - comparisons: b5278 n700 s700
501/668 SWANSTON STREET CARLTON 3053 --> 1 records found - comparisons: b5214 n700 s700
223 BERKELEY STREET MELBOURNE 3000 --> 1 records found - comparisons: b5866 n700 s700
702/668 SWANSTON STREET CARLTON 3053 --> 1 records found - comparisons: b5274 n700 s700
612A/640 SWANSTON STREET CARLTON 3053 --> 1 records found - comparisons: b5118 n700 s700
609A/640 SWANSTON STREET CARLTON 3053 --> 1 records found - comparisons: b5221 n700 s700
418A/640 SWANSTON STREET CARLTON 3053 --> 1 records found - comparisons: b5256 n700 s700
411A/640 SWANSTON STREET CARLTON 3053 --> 1 records found - comparisons: b5273 n700 s700
3/743-751 SWANSTON STREET CARLTON 3053 --> 1 records found - comparisons: b5394 n700 s700
702/18 LINCOLN SQUARE N CARLTON 3053 --> 1 records found - comparisons: b5274 n700 s700
703/18 LINCOLN SQUARE N CARLTON 3053 --> 1 records found - comparisons: b5274 n700 s700
704/18 LINCOLN SQUARE N CARLTON 3053 --> 1 records found - comparisons: b5275 n700 s700
801/18 LINCOLN SQUARE N CARLTON 3053 --> 1 records found - comparisons: b4333 n700 s700
802/18 LINCOLN SQUARE N CARLTON 3053 --> 1 records found - comparisons: b4345 n700 s700
206/668 SWANSTON STREET CARLTON 3053 --> 1 records found - comparisons: b6225 n700 s700
804/18 LINCOLN SQUARE N CARLTON 3053 --> 1 records found - comparisons: b4316 n700 s700
901/18 LINCOLN SQUARE N CARLTON 3053 --> 1 records found - comparisons: b4419 n700 s700
1/143 ROYAL PARADE PARKVILLE 3052 --> 1 records found - comparisons: b5768 n700 s700
903/18 LINCOLN SQUARE N CARLTON 3053 --> 1 records found - comparisons: b4421 n700 s700
904/18 LINCOLN SQUARE N CARLTON 3053 --> 1 records found - comparisons: b4454 n700 s700
1002/18 LINCOLN SQUARE N CARLTON 3053 --> 1 records found - comparisons: b6619 n700 s700
1003/18 LINCOLN SQUARE N CARLTON 3053 --> 1 records found - comparisons: b6621 n700 s700
1101/18 LINCOLN SQUARE N CARLTON 3053 --> 1 records found - comparisons: b6355 n700 s700
1102/18 LINCOLN SQUARE N CARLTON 3053 --> 1 records found - comparisons: b6371 n700 s700
304A/640 SWANSTON STREET CARLTON 3053 --> 1 records found - comparisons: b5943 n700 s700
406A/640 SWANSTON STREET CARLTON 3053 --> 1 records found - comparisons: b5484 n700 s700
403A/640 SWANSTON STREET CARLTON 3053 --> 1 records found - comparisons: b5479 n700 s700
414A/640 SWANSTON STREET CARLTON 3053 --> 1 records found - comparisons: b5262 n700 s700
314A/640 SWANSTON STREET CARLTON 3053 --> 1 records found - comparisons: b5684 n700 s700
312A/640 SWANSTON STREET CARLTON 3053 --> 1 records found - comparisons: b5692 n700 s700
239-241 BOUVERIE STREET CARLTON 3053 --> 1 records found - comparisons: b5905 n700 s700
30 KERNOT ROAD PARKVILLE 3052 --> 1 records found - comparisons: b5820 n700 s700
310A/640 SWANSTON STREET CARLTON 3053 --> 1 records found - comparisons: b5694 n700 s700
308A/640 SWANSTON STREET CARLTON 3053 --> 1 records found - comparisons: b5909 n700 s700
307A/640 SWANSTON STREET CARLTON 3053 --> 1 records found - comparisons: b5941 n700 s700
305A/640 SWANSTON STREET CARLTON 3053 --> 1 records found - comparisons: b5941 n700 s700
161 BARRY STREET CARLTON 3053 --> 2 records found - comparisons: b6312 n700 s700
1/133 ROYAL PARADE PARKVILLE 3052 --> 1 records found - comparisons: b5768 n700 s700
156-290 GRATTAN STREET PARKVILLE 3052 --> 1 records found - comparisons: b6188 n700 s700
32 LINCOLN SQUARE N CARLTON 3053 --> 2 records found - comparisons: b5797 n700 s700
5/135 ROYAL PARADE PARKVILLE 3052 --> 1 records found - comparisons: b4885 n700 s700
512A/640 SWANSTON STREET CARLTON 3053 --> 1 records found - comparisons: b5085 n700 s700
924/668 SWANSTON STREET CARLTON 3053 --> 1 records found - comparisons: b4289 n700 s700
46 TIN ALLEY PARKVILLE 3052 --> 2 records found - comparisons: b5253 n700 s700
24/650 SWANSTON STREET CARLTON 3053 --> 1 records found - comparisons: b5742 n700 s700
509/223 BERKELEY STREET MELBOURNE 3000 --> 1 records found - comparisons: b5205 n700 s700
129-133 ROYAL PARADE PARKVILLE 3052 --> 1 records found - comparisons: b6217 n700 s700
3/133 ROYAL PARADE PARKVILLE 3052 --> 1 records found - comparisons: b5353 n700 s700
33 MONASH ROAD PARKVILLE 3052 --> 1 records found - comparisons: b5553 n700 s700
5/650 SWANSTON STREET CARLTON 3053 --> 1 records found - comparisons: b4892 n700 s700
21/650 SWANSTON STREET CARLTON 3053 --> 1 records found - comparisons: b5915 n700 s700
216 BERKELEY STREET CARLTON 3053 --> 1 records found - comparisons: b5916 n700 s700
608/668 SWANSTON STREET CARLTON 3053 --> 1 records found - comparisons: b5227 n700 s700
32C/151 BERKELEY STREET MELBOURNE 3000 --> 1 records found - comparisons: b5599 n700 s700
34C/151 BERKELEY STREET MELBOURNE 3000 --> 1 records found - comparisons: b5540 n700 s700
35C/151 BERKELEY STREET MELBOURNE 3000 --> 1 records found - comparisons: b5540 n700 s700
706/668 SWANSTON STREET CARLTON 3053 --> 1 records found - comparisons: b5273 n700 s700
715-721 SWANSTON STREET CARLTON 3053 --> 2 records found - comparisons: b5418 n700 s700
11/230 GRATTAN STREET PARKVILLE 3052 --> 1 records found - comparisons: b6279 n700 s700
2/701 SWANSTON STREET CARLTON 3053 --> 1 records found - comparisons: b5510 n700 s700
102B/640 SWANSTON STREET CARLTON 3053 --> 1 records found - comparisons: b6543 n700 s700
11/650 SWANSTON STREET CARLTON 3053 --> 1 records found - comparisons: b6271 n700 s700
8 MEDICAL ROAD PARKVILLE 3052 --> 1 records found - comparisons: b4142 n700 s700
13 PORTERS LANE PARKVILLE 3052 --> 1 records found - comparisons: b6152 n700 s700
404/668 SWANSTON STREET CARLTON 3053 --> 1 records found - comparisons: b5510 n700 s700
25/650 SWANSTON STREET CARLTON 3053 --> 1 records found - comparisons: b5730 n700 s700
511/668 SWANSTON STREET CARLTON 3053 --> 1 records found - comparisons: b5082 n700 s700
207/668 SWANSTON STREET CARLTON 3053 --> 1 records found - comparisons: b6202 n700 s700
306/668 SWANSTON STREET CARLTON 3053 --> 1 records found - comparisons: b5971 n700 s700
604/668 SWANSTON STREET CARLTON 3053 --> 1 records found - comparisons: b5256 n700 s700
605/668 SWANSTON STREET CARLTON 3053 --> 1 records found - comparisons: b5247 n700 s700
210-214 LEICESTER STREET CARLTON 3053 --> 2 records found - comparisons: b6258 n700 s700
127 ROYAL PARADE PARKVILLE 3052 --> 1 records found - comparisons: b6196 n700 s700
306/223 BERKELEY STREET MELBOURNE 3000 --> 1 records found - comparisons: b5989 n700 s700
51 MASSON ROAD PARKVILLE 3052 --> 1 records found - comparisons: b5008 n700 s700
905/668 SWANSTON STREET CARLTON 3053 --> 1 records found - comparisons: b4421 n700 s700
916/668 SWANSTON STREET CARLTON 3053 --> 1 records found - comparisons: b4361 n700 s700
1 UNION ROAD PARKVILLE 3052 --> 1 records found - comparisons: b5640 n700 s700
917/668 SWANSTON STREET CARLTON 3053 --> 1 records found - comparisons: b4361 n700 s700
1011A/640 SWANSTON STREET CARLTON 3053 --> 1 records found - comparisons: b6591 n700 s700
20 MONASH ROAD PARKVILLE 3052 --> 1 records found - comparisons: b6032 n700 s700
157-159 BARRY STREET CARLTON 3053 --> 1 records found - comparisons: b6141 n700 s700
85 BARRY STREET CARLTON 3053 --> 1 records found - comparisons: b4117 n700 s700
1102/640 SWANSTON STREET CARLTON 3053 --> 1 records found - comparisons: b6371 n700 s700
1073/640 SWANSTON STREET CARLTON 3053 --> 1 records found - comparisons: b6561 n700 s700
1135/640 SWANSTON STREET CARLTON 3053 --> 1 records found - comparisons: b6308 n700 s700
1083/640 SWANSTON STREET CARLTON 3053 --> 1 records found - comparisons: b6510 n700 s700
2033/640 SWANSTON STREET CARLTON 3053 --> 1 records found - comparisons: b6206 n700 s700
1081/640 SWANSTON STREET CARLTON 3053 --> 1 records found - comparisons: b6510 n700 s700
302B/640 SWANSTON STREET CARLTON 3053 --> 1 records found - comparisons: b5941 n700 s700
902/668 SWANSTON STREET CARLTON 3053 --> 1 records found - comparisons: b4435 n700 s700
135-137 ROYAL PARADE PARKVILLE 3052 --> 1 records found - comparisons: b6189 n700 s700
29 COLLEGE CRESCENT PARKVILLE 3052 --> 2 records found - comparisons: b5882 n700 s700
2 ROYAL PARADE PARKVILLE 3052 --> 1 records found - comparisons: b5473 n700 s700
81-87 BARRY STREET CARLTON 3053 --> 1 records found - comparisons: b4196 n700 s700
908/151 BERKELEY STREET MELBOURNE 3000 --> 1 records found - comparisons: b4434 n700 s700
914/668 SWANSTON STREET CARLTON 3053 --> 1 records found - comparisons: b4361 n700 s700
907/668 SWANSTON STREET CARLTON 3053 --> 1 records found - comparisons: b4419 n700 s700
911/668 SWANSTON STREET CARLTON 3053 --> 1 records found - comparisons: b4367 n700 s700
913/668 SWANSTON STREET CARLTON 3053 --> 1 records found - comparisons: b4363 n700 s700
703/668 SWANSTON STREET CARLTON 3053 --> 1 records found - comparisons: b5274 n700 s700
774-782 ELIZABETH STREET MELBOURNE 3000 --> 1 records found - comparisons: b5057 n700 s700
708/668 SWANSTON STREET CARLTON 3053 --> 1 records found - comparisons: b5250 n700 s700
660-674 SWANSTON STREET CARLTON 3053 --> 1 records found - comparisons: b5043 n700 s700
1005/151 BERKELEY STREET MELBOURNE 3000 --> 1 records found - comparisons: b6631 n700 s700
9/201 GRATTAN STREET CARLTON 3053 --> 1 records found - comparisons: b4170 n700 s700
7/201 GRATTAN STREET CARLTON 3053 --> 1 records found - comparisons: b4953 n700 s700
4/201 GRATTAN STREET CARLTON 3053 --> 1 records found - comparisons: b4976 n700 s700
158-164 BOUVERIE STREET CARLTON 3053 --> 1 records found - comparisons: b6155 n700 s700
715 SWANSTON STREET CARLTON 3053 --> 2 records found - comparisons: b5354 n700 s700
292 GRATTAN STREET PARKVILLE 3052 --> 1 records found - comparisons: b5613 n700 s700
107 TIN ALLEY PARKVILLE 3052 --> 3 records found - comparisons: b6897 n700 s700
786-798 ELIZABETH STREET MELBOURNE 3000 --> 1 records found - comparisons: b5031 n700 s700
141 ROYAL PARADE PARKVILLE 3052 --> 1 records found - comparisons: b6135 n700 s700
921/668 SWANSTON STREET CARLTON 3053 --> 1 records found - comparisons: b4292 n700 s700
757 SWANSTON STREET PARKVILLE 3052 --> 2 records found - comparisons: b5280 n700 s700
407/668 SWANSTON STREET CARLTON 3053 --> 1 records found - comparisons: b5479 n700 s700
107/223 BERKELEY STREET MELBOURNE 3000 --> 1 records found - comparisons: b6581 n700 s700
405A/640 SWANSTON STREET CARLTON 3053 --> 1 records found - comparisons: b5489 n700 s700
902A/640 SWANSTON STREET CARLTON 3053 --> 1 records found - comparisons: b4431 n700 s700
197-203 BOUVERIE STREET CARLTON 3053 --> 1 records found - comparisons: b5978 n700 s700
225-235 BOUVERIE STREET CARLTON 3053 --> 1 records found - comparisons: b5884 n700 s700
207-223 BOUVERIE STREET CARLTON 3053 --> 1 records found - comparisons: b6195 n700 s700
8/135 ROYAL PARADE PARKVILLE 3052 --> 1 records found - comparisons: b4150 n700 s700
228 PELHAM STREET MELBOURNE 3000 --> 1 records found - comparisons: b5843 n700 s700
803/18 LINCOLN SQUARE N CARLTON 3053 --> 1 records found - comparisons: b4338 n700 s700
706A/640 SWANSTON STREET CARLTON 3053 --> 1 records found - comparisons: b5269 n700 s700
704A/640 SWANSTON STREET CARLTON 3053 --> 1 records found - comparisons: b5270 n700 s700
212A/640 SWANSTON STREET CARLTON 3053 --> 1 records found - comparisons: b5972 n700 s700
213-217 GRATTAN STREET CARLTON 3053 --> 1 records found - comparisons: b5984 n700 s700
902/18 LINCOLN SQUARE N CARLTON 3053 --> 1 records found - comparisons: b4435 n700 s700
1000A/640 SWANSTON STREET CARLTON 3053 --> 1 records found - comparisons: b6627 n700 s700
87 TIN ALLEY PARKVILLE 3052 --> 1 records found - comparisons: b4109 n700 s700
41 MEDICAL ROAD PARKVILLE 3052 --> 1 records found - comparisons: b5193 n700 s700
9 MEDICAL ROAD PARKVILLE 3052 --> 1 records found - comparisons: b4111 n700 s700
1/196 PELHAM STREET CARLTON 3053 --> 1 records found - comparisons: b5759 n700 s700
1S/650 SWANSTON STREET CARLTON 3053 --> 1 records found - comparisons: b5338 n700 s700
1001/18 LINCOLN SQUARE N CARLTON 3053 --> 1 records found - comparisons: b6621 n700 s700
7/135 ROYAL PARADE PARKVILLE 3052 --> 1 records found - comparisons: b4945 n700 s700
2/196 PELHAM STREET CARLTON 3053 --> 1 records found - comparisons: b5502 n700 s700
680-682 SWANSTON STREET CARLTON 3053 --> 1 records found - comparisons: b4990 n700 s700
904/668 SWANSTON STREET CARLTON 3053 --> 1 records found - comparisons: b4447 n700 s700
121-125 ROYAL PARADE PARKVILLE 3052 --> 1 records found - comparisons: b6248 n700 s700
167 GRATTAN STREET CARLTON 3053 --> 1 records found - comparisons: b6119 n700 s700
1004/18 LINCOLN SQUARE N CARLTON 3053 --> 1 records found - comparisons: b6615 n700 s700
22-40 LINCOLN SQUARE N CARLTON 3053 --> 2 records found - comparisons: b6132 n700 s700
703A/640 SWANSTON STREET CARLTON 3053 --> 1 records found - comparisons: b5270 n700 s700
1008A/640 SWANSTON STREET CARLTON 3053 --> 1 records found - comparisons: b6615 n700 s700
164-170 PELHAM STREET CARLTON 3053 --> 1 records found - comparisons: b6139 n700 s700
53 PROFESSORS WALK PARKVILLE 3052 --> 1 records found - comparisons: b4984 n700 s700
175 GRATTAN STREET CARLTON 3053 --> 1 records found - comparisons: b6116 n700 s700
22/650 SWANSTON STREET CARLTON 3053 --> 1 records found - comparisons: b5867 n700 s700
110/223 BERKELEY STREET MELBOURNE 3000 --> 1 records found - comparisons: b6350 n700 s700
915/668 SWANSTON STREET CARLTON 3053 --> 1 records found - comparisons: b4361 n700 s700
908/668 SWANSTON STREET CARLTON 3053 --> 1 records found - comparisons: b4418 n700 s700
906A/640 SWANSTON STREET CARLTON 3053 --> 1 records found - comparisons: b4425 n700 s700
610A/640 SWANSTON STREET CARLTON 3053 --> 1 records found - comparisons: b5119 n700 s700
207A/640 SWANSTON STREET CARLTON 3053 --> 1 records found - comparisons: b6193 n700 s700
107A/640 SWANSTON STREET CARLTON 3053 --> 1 records found - comparisons: b6547 n700 s700
1003A/640 SWANSTON STREET CARLTON 3053 --> 1 records found - comparisons: b6629 n700 s700
510/223 BERKELEY STREET MELBOURNE 3000 --> 1 records found - comparisons: b5110 n700 s700
714-736 SWANSTON STREET CARLTON 3053 --> 1 records found - comparisons: b5136 n700 s700
167-171 BERKELEY STREET MELBOURNE 3000 --> 1 records found - comparisons: b6175 n700 s700
1/701 SWANSTON STREET CARLTON 3053 --> 1 records found - comparisons: b5769 n700 s700
807A/640 SWANSTON STREET CARLTON 3053 --> 1 records found - comparisons: b4326 n700 s700
805A/640 SWANSTON STREET CARLTON 3053 --> 1 records found - comparisons: b4326 n700 s700
501A/640 SWANSTON STREET CARLTON 3053 --> 1 records found - comparisons: b5210 n700 s700
410A/640 SWANSTON STREET CARLTON 3053 --> 1 records found - comparisons: b5275 n700 s700
20-24 CHURCH STREET CARLTON 3053 --> 1 records found - comparisons: b6038 n700 s700
211A/640 SWANSTON STREET CARLTON 3053 --> 1 records found - comparisons: b5969 n700 s700
190-192 PELHAM STREET CARLTON 3053 --> 1 records found - comparisons: b5960 n700 s700
607A/640 SWANSTON STREET CARLTON 3053 --> 1 records found - comparisons: b5244 n700 s700
401/668 SWANSTON STREET CARLTON 3053 --> 1 records found - comparisons: b5481 n700 s700
405/668 SWANSTON STREET CARLTON 3053 --> 1 records found - comparisons: b5512 n700 s700
723-741 SWANSTON STREET CARLTON 3053 --> 1 records found - comparisons: b5083 n700 s700
608A/640 SWANSTON STREET CARLTON 3053 --> 1 records found - comparisons: b5223 n700 s700
102/223 BERKELEY STREET MELBOURNE 3000 --> 1 records found - comparisons: b6564 n700 s700
405/223 BERKELEY STREET MELBOURNE 3000 --> 1 records found - comparisons: b5530 n700 s700
202/223 BERKELEY STREET MELBOURNE 3000 --> 1 records found - comparisons: b6253 n700 s700
205/223 BERKELEY STREET MELBOURNE 3000 --> 1 records found - comparisons: b6248 n700 s700
207/223 BERKELEY STREET MELBOURNE 3000 --> 1 records found - comparisons: b6218 n700 s700
210/223 BERKELEY STREET MELBOURNE 3000 --> 1 records found - comparisons: b5993 n700 s700
301/223 BERKELEY STREET MELBOURNE 3000 --> 1 records found - comparisons: b5987 n700 s700
302/223 BERKELEY STREET MELBOURNE 3000 --> 1 records found - comparisons: b5987 n700 s700
309/223 BERKELEY STREET MELBOURNE 3000 --> 1 records found - comparisons: b5937 n700 s700
401/223 BERKELEY STREET MELBOURNE 3000 --> 1 records found - comparisons: b5498 n700 s700
404/223 BERKELEY STREET MELBOURNE 3000 --> 1 records found - comparisons: b5528 n700 s700
406/223 BERKELEY STREET MELBOURNE 3000 --> 1 records found - comparisons: b5513 n700 s700
407/223 BERKELEY STREET MELBOURNE 3000 --> 1 records found - comparisons: b5495 n700 s700
409/223 BERKELEY STREET MELBOURNE 3000 --> 1 records found - comparisons: b5457 n700 s700
410/223 BERKELEY STREET MELBOURNE 3000 --> 1 records found - comparisons: b5295 n700 s700
14/650 SWANSTON STREET CARLTON 3053 --> 1 records found - comparisons: b6140 n700 s700
151 BARRY STREET CARLTON 3053 --> 1 records found - comparisons: b6105 n700 s700
701B/640 SWANSTON STREET CARLTON 3053 --> 1 records found - comparisons: b5278 n700 s700
505B/640 SWANSTON STREET CARLTON 3053 --> 1 records found - comparisons: b5223 n700 s700
503B/640 SWANSTON STREET CARLTON 3053 --> 1 records found - comparisons: b5215 n700 s700
500B/640 SWANSTON STREET CARLTON 3053 --> 1 records found - comparisons: b5206 n700 s700
407B/640 SWANSTON STREET CARLTON 3053 --> 1 records found - comparisons: b5475 n700 s700
408A/640 SWANSTON STREET CARLTON 3053 --> 1 records found - comparisons: b5439 n700 s700
301A/640 SWANSTON STREET CARLTON 3053 --> 1 records found - comparisons: b5946 n700 s700
404A/640 SWANSTON STREET CARLTON 3053 --> 1 records found - comparisons: b5482 n700 s700
174 LEICESTER STREET CARLTON 3053 --> 1 records found - comparisons: b6132 n700 s700
910/668 SWANSTON STREET CARLTON 3053 --> 1 records found - comparisons: b4367 n700 s700
300B/640 SWANSTON STREET CARLTON 3053 --> 1 records found - comparisons: b5931 n700 s700
105B/640 SWANSTON STREET CARLTON 3053 --> 1 records found - comparisons: b6537 n700 s700
405B/640 SWANSTON STREET CARLTON 3053 --> 1 records found - comparisons: b5489 n700 s700
712A/640 SWANSTON STREET CARLTON 3053 --> 0 records found - comparisons: b4856 n700 s700
711A/640 SWANSTON STREET CARLTON 3053 --> 0 records found - comparisons: b4858 n700 s700
611A/640 SWANSTON STREET CARLTON 3053 --> 0 records found - comparisons: b4839 n700 s700
513A/640 SWANSTON STREET CARLTON 3053 --> 0 records found - comparisons: b4805 n700 s700
510A/640 SWANSTON STREET CARLTON 3053 --> 0 records found - comparisons: b4812 n700 s700
103B/640 SWANSTON STREET CARLTON 3053 --> 0 records found - comparisons: b6272 n700 s700
100B/640 SWANSTON STREET CARLTON 3053 --> 0 records found - comparisons: b6301 n700 s700
205B/640 SWANSTON STREET CARLTON 3053 --> 0 records found - comparisons: b5924 n700 s700
179-201 PELHAM STREET CARLTON 3053 --> 0 records found - comparisons: b5880 n700 s700
105/223 BERKELEY STREET MELBOURNE 3000 --> 0 records found - comparisons: b6267 n700 s700
16/650 SWANSTON STREET CARLTON 3053 --> 0 records found - comparisons: b5861 n700 s700
106/223 BERKELEY STREET MELBOURNE 3000 --> 0 records found - comparisons: b6285 n700 s700
109/223 BERKELEY STREET MELBOURNE 3000 --> 0 records found - comparisons: b6206 n700 s700
177 GRATTAN STREET CARLTON 3053 --> 0 records found - comparisons: b5882 n700 s700
150-154 PELHAM STREET CARLTON 3053 --> 0 records found - comparisons: b5889 n700 s700
1/223 BERKELEY STREET MELBOURNE 3000 --> 0 records found - comparisons: b5530 n700 s700
17 KERNOT ROAD PARKVILLE 3052 --> 0 records found - comparisons: b5872 n700 s700
401B/640 SWANSTON STREET CARLTON 3053 --> 0 records found - comparisons: b5187 n700 s700
307B/640 SWANSTON STREET CARLTON 3053 --> 0 records found - comparisons: b5668 n700 s700
743-751 SWANSTON STREET CARLTON 3053 --> 0 records found - comparisons: b4748 n700 s700
306B/640 SWANSTON STREET CARLTON 3053 --> 0 records found - comparisons: b5670 n700 s700
208B/640 SWANSTON STREET CARLTON 3053 --> 0 records found - comparisons: b5866 n700 s700
207B/640 SWANSTON STREET CARLTON 3053 --> 0 records found - comparisons: b5920 n700 s700
106B/640 SWANSTON STREET CARLTON 3053 --> 0 records found - comparisons: b6264 n700 s700
166-186 BOUVERIE STREET CARLTON 3053 --> 0 records found - comparisons: b5882 n700 s700
2S/151 BERKELEY STREET MELBOURNE 3000 --> 0 records found - comparisons: b4970 n700 s700
3S/151 BERKELEY STREET MELBOURNE 3000 --> 0 records found - comparisons: b4894 n700 s700
901/668 SWANSTON STREET CARLTON 3053 --> 0 records found - comparisons: b4161 n700 s700
1095/640 SWANSTON STREET CARLTON 3053 --> 0 records found - comparisons: b6209 n700 s700
1134/640 SWANSTON STREET CARLTON 3053 --> 0 records found - comparisons: b6036 n700 s700
1072/640 SWANSTON STREET CARLTON 3053 --> 0 records found - comparisons: b6289 n700 s700
1111/640 SWANSTON STREET CARLTON 3053 --> 0 records found - comparisons: b6046 n700 s700
303/223 BERKELEY STREET MELBOURNE 3000 --> 0 records found - comparisons: b5699 n700 s700
507/668 SWANSTON STREET CARLTON 3053 --> 0 records found - comparisons: b4927 n700 s700
156-162 PELHAM STREET CARLTON 3053 --> 0 records found - comparisons: b5929 n700 s700
1109/640 SWANSTON STREET CARLTON 3053 --> 0 records found - comparisons: b6072 n700 s700
1086/640 SWANSTON STREET CARLTON 3053 --> 0 records found - comparisons: b6232 n700 s700
1101/640 SWANSTON STREET CARLTON 3053 --> 0 records found - comparisons: b6097 n700 s700
182-200 BERKELEY STREET CARLTON 3053 --> 0 records found - comparisons: b5729 n700 s700
207/151 BERKELEY STREET MELBOURNE 3000 --> 0 records found - comparisons: b5945 n700 s700
4/650 SWANSTON STREET CARLTON 3053 --> 0 records found - comparisons: b4725 n700 s700
1085/640 SWANSTON STREET CARLTON 3053 --> 0 records found - comparisons: b6232 n700 s700
507/223 BERKELEY STREET MELBOURNE 3000 --> 0 records found - comparisons: b4927 n700 s700
1079/640 SWANSTON STREET CARLTON 3053 --> 0 records found - comparisons: b6285 n700 s700
29S/151 BERKELEY STREET MELBOURNE 3000 --> 0 records found - comparisons: b5355 n700 s700
1112/640 SWANSTON STREET CARLTON 3053 --> 0 records found - comparisons: b6045 n700 s700
508/668 SWANSTON STREET CARLTON 3053 --> 0 records found - comparisons: b4903 n700 s700
660 SWANSTON STREET CARLTON 3053 --> 0 records found - comparisons: b4776 n700 s700
701/668 SWANSTON STREET CARLTON 3053 --> 0 records found - comparisons: b5024 n700 s700
1006A/640 SWANSTON STREET CARLTON 3053 --> 0 records found - comparisons: b6342 n700 s700
602/668 SWANSTON STREET CARLTON 3053 --> 0 records found - comparisons: b4974 n700 s700
207-211 GRATTAN STREET CARLTON 3053 --> 0 records found - comparisons: b5946 n700 s700
27G/723 SWANSTON STREET CARLTON 3053 --> 0 records found - comparisons: b5454 n700 s700
723 SWANSTON STREET CARLTON 3053 --> 0 records found - comparisons: b4816 n700 s700
182-208 LEICESTER STREET CARLTON 3053 --> 0 records found - comparisons: b5729 n700 s700
512/668 SWANSTON STREET CARLTON 3053 --> 0 records found - comparisons: b4807 n700 s700
670 SWANSTON STREET CARLTON 3053 --> 0 records found - comparisons: b4795 n700 s700
1121/640 SWANSTON STREET CARLTON 3053 --> 0 records found - comparisons: b6030 n700 s700
1241/640 SWANSTON STREET CARLTON 3053 --> 0 records found - comparisons: b5963 n700 s700
27/650 SWANSTON STREET CARLTON 3053 --> 0 records found - comparisons: b5452 n700 s700
1106/640 SWANSTON STREET CARLTON 3053 --> 0 records found - comparisons: b6081 n700 s700
1097/640 SWANSTON STREET CARLTON 3053 --> 0 records found - comparisons: b6210 n700 s700
606A/640 SWANSTON STREET CARLTON 3053 --> 0 records found - comparisons: b4964 n700 s700
412A/640 SWANSTON STREET CARLTON 3053 --> 0 records found - comparisons: b4989 n700 s700
401A/640 SWANSTON STREET CARLTON 3053 --> 0 records found - comparisons: b5187 n700 s700
1244/640 SWANSTON STREET CARLTON 3053 --> 0 records found - comparisons: b5963 n700 s700
1100/640 SWANSTON STREET CARLTON 3053 --> 0 records found - comparisons: b6083 n700 s700
1076/640 SWANSTON STREET CARLTON 3053 --> 0 records found - comparisons: b6288 n700 s700
2032/640 SWANSTON STREET CARLTON 3053 --> 0 records found - comparisons: b5934 n700 s700
1084/640 SWANSTON STREET CARLTON 3053 --> 0 records found - comparisons: b6232 n700 s700
1242/640 SWANSTON STREET CARLTON 3053 --> 0 records found - comparisons: b5963 n700 s700
204A/640 SWANSTON STREET CARLTON 3053 --> 0 records found - comparisons: b5915 n700 s700
182-200 LEICESTER STREET CARLTON 3053 --> 0 records found - comparisons: b5729 n700 s700
1505/151 BERKELEY STREET MELBOURNE 3000 --> 0 records found - comparisons: b5889 n700 s700
905/151 BERKELEY STREET MELBOURNE 3000 --> 0 records found - comparisons: b4163 n700 s700
104/223 BERKELEY STREET MELBOURNE 3000 --> 0 records found - comparisons: b6280 n700 s700
906/151 BERKELEY STREET MELBOURNE 3000 --> 0 records found - comparisons: b4147 n700 s700
907/151 BERKELEY STREET MELBOURNE 3000 --> 0 records found - comparisons: b4161 n700 s700
607B/640 SWANSTON STREET CARLTON 3053 --> 0 records found - comparisons: b4971 n700 s700
1001/151 BERKELEY STREET MELBOURNE 3000 --> 0 records found - comparisons: b6370 n700 s700
1002/151 BERKELEY STREET MELBOURNE 3000 --> 0 records found - comparisons: b6368 n700 s700
1003/151 BERKELEY STREET MELBOURNE 3000 --> 0 records found - comparisons: b6370 n700 s700
1004/151 BERKELEY STREET MELBOURNE 3000 --> 0 records found - comparisons: b6364 n700 s700
310/223 BERKELEY STREET MELBOURNE 3000 --> 0 records found - comparisons: b5428 n700 s700
1006/151 BERKELEY STREET MELBOURNE 3000 --> 0 records found - comparisons: b6342 n700 s700
1502/151 BERKELEY STREET MELBOURNE 3000 --> 0 records found - comparisons: b5889 n700 s700
1503/151 BERKELEY STREET MELBOURNE 3000 --> 0 records found - comparisons: b5889 n700 s700
1504/151 BERKELEY STREET MELBOURNE 3000 --> 0 records found - comparisons: b5889 n700 s700
1401/151 BERKELEY STREET MELBOURNE 3000 --> 0 records found - comparisons: b5904 n700 s700
902/151 BERKELEY STREET MELBOURNE 3000 --> 0 records found - comparisons: b4184 n700 s700
903/151 BERKELEY STREET MELBOURNE 3000 --> 0 records found - comparisons: b4170 n700 s700
806/668 SWANSTON STREET CARLTON 3053 --> 0 records found - comparisons: b4046 n700 s700
807/668 SWANSTON STREET CARLTON 3053 --> 0 records found - comparisons: b4060 n700 s700
808/668 SWANSTON STREET CARLTON 3053 --> 0 records found - comparisons: b4023 n700 s700
809/668 SWANSTON STREET CARLTON 3053 --> 0 records found - comparisons: b4025 n700 s700
810/668 SWANSTON STREET CARLTON 3053 --> 0 records found - comparisons: b3975 n700 s700
704/668 SWANSTON STREET CARLTON 3053 --> 0 records found - comparisons: b5016 n700 s700
1-17 COLLEGE CRESCENT PARKVILLE 3052 --> 0 records found - comparisons: b5445 n700 s700
406/668 SWANSTON STREET CARLTON 3053 --> 0 records found - comparisons: b5237 n700 s700
220 BERKELEY STREET CARLTON 3053 --> 0 records found - comparisons: b5608 n700 s700
183-189 BOUVERIE STREET CARLTON 3053 --> 0 records found - comparisons: b5753 n700 s700
1204/18 LINCOLN SQUARE N CARLTON 3053 --> 0 records found - comparisons: b6069 n700 s700
701/18 LINCOLN SQUARE N CARLTON 3053 --> 0 records found - comparisons: b5032 n700 s700
1301/18 LINCOLN SQUARE N CARLTON 3053 --> 0 records found - comparisons: b5942 n700 s700
109A/640 SWANSTON STREET CARLTON 3053 --> 0 records found - comparisons: b6204 n700 s700
808A/640 SWANSTON STREET CARLTON 3053 --> 0 records found - comparisons: b4023 n700 s700
102/18 LINCOLN SQUARE N CARLTON 3053 --> 0 records found - comparisons: b6297 n700 s700
801A/640 SWANSTON STREET CARLTON 3053 --> 0 records found - comparisons: b4051 n700 s700
600B/640 SWANSTON STREET CARLTON 3053 --> 0 records found - comparisons: b4957 n700 s700
502/668 SWANSTON STREET CARLTON 3053 --> 0 records found - comparisons: b4947 n700 s700
918/668 SWANSTON STREET CARLTON 3053 --> 0 records found - comparisons: b4076 n700 s700
1027/640 SWANSTON STREET CARLTON 3053 --> 0 records found - comparisons: b6269 n700 s700
208/223 BERKELEY STREET MELBOURNE 3000 --> 0 records found - comparisons: b5879 n700 s700
100 ROYAL PARADE PARKVILLE 3052 --> 0 records found - comparisons: b6318 n700 s700
1094/640 SWANSTON STREET CARLTON 3053 --> 0 records found - comparisons: b6209 n700 s700
1099/640 SWANSTON STREET CARLTON 3053 --> 0 records found - comparisons: b6207 n700 s700
1077/640 SWANSTON STREET CARLTON 3053 --> 0 records found - comparisons: b6288 n700 s700
2/743-751 SWANSTON STREET CARLTON 3053 --> 0 records found - comparisons: b5260 n700 s700
3 UNION ROAD PARKVILLE 3052 --> 0 records found - comparisons: b5066 n700 s700
1098/640 SWANSTON STREET CARLTON 3053 --> 0 records found - comparisons: b6207 n700 s700
2019/640 SWANSTON STREET CARLTON 3053 --> 0 records found - comparisons: b5922 n700 s700
156 BOUVERIE STREET CARLTON 3053 --> 0 records found - comparisons: b5903 n700 s700
102A/640 SWANSTON STREET CARLTON 3053 --> 0 records found - comparisons: b6270 n700 s700
171-173 GRATTAN STREET CARLTON 3053 --> 0 records found - comparisons: b5892 n700 s700
1005A/640 SWANSTON STREET CARLTON 3053 --> 0 records found - comparisons: b6345 n700 s700
912A/640 SWANSTON STREET CARLTON 3053 --> 0 records found - comparisons: b4093 n700 s700
197-235 BOUVERIE STREET CARLTON 3053 --> 0 records found - comparisons: b5729 n700 s700
305/223 BERKELEY STREET MELBOURNE 3000 --> 0 records found - comparisons: b5701 n700 s700
804/668 SWANSTON STREET CARLTON 3053 --> 0 records found - comparisons: b4058 n700 s700
903/668 SWANSTON STREET CARLTON 3053 --> 0 records found - comparisons: b4163 n700 s700
1506/151 BERKELEY STREET MELBOURNE 3000 --> 0 records found - comparisons: b5889 n700 s700
1507/151 BERKELEY STREET MELBOURNE 3000 --> 0 records found - comparisons: b5889 n700 s700
1508/151 BERKELEY STREET MELBOURNE 3000 --> 0 records found - comparisons: b5889 n700 s700
1601/151 BERKELEY STREET MELBOURNE 3000 --> 0 records found - comparisons: b5880 n700 s700
1602/151 BERKELEY STREET MELBOURNE 3000 --> 0 records found - comparisons: b5880 n700 s700
1603/151 BERKELEY STREET MELBOURNE 3000 --> 0 records found - comparisons: b5880 n700 s700
1604/151 BERKELEY STREET MELBOURNE 3000 --> 0 records found - comparisons: b5880 n700 s700
1605/151 BERKELEY STREET MELBOURNE 3000 --> 0 records found - comparisons: b5880 n700 s700
1606/151 BERKELEY STREET MELBOURNE 3000 --> 0 records found - comparisons: b5880 n700 s700
1608/151 BERKELEY STREET MELBOURNE 3000 --> 0 records found - comparisons: b5880 n700 s700
1701/151 BERKELEY STREET MELBOURNE 3000 --> 0 records found - comparisons: b5921 n700 s700
1078/640 SWANSTON STREET CARLTON 3053 --> 0 records found - comparisons: b6285 n700 s700
2043/640 SWANSTON STREET CARLTON 3053 --> 0 records found - comparisons: b5923 n700 s700
1703/151 BERKELEY STREET MELBOURNE 3000 --> 0 records found - comparisons: b5922 n700 s700
503A/640 SWANSTON STREET CARLTON 3053 --> 0 records found - comparisons: b4942 n700 s700
153-163 BARRY STREET CARLTON 3053 --> 0 records found - comparisons: b5894 n700 s700
923/668 SWANSTON STREET CARLTON 3053 --> 0 records found - comparisons: b4019 n700 s700
168-172 LEICESTER STREET CARLTON 3053 --> 0 records found - comparisons: b5867 n700 s700
193-195 BOUVERIE STREET CARLTON 3053 --> 0 records found - comparisons: b5703 n700 s700
2/650 SWANSTON STREET CARLTON 3053 --> 0 records found - comparisons: b5254 n700 s700
242 GRATTAN STREET PARKVILLE 3052 --> 0 records found - comparisons: b5481 n700 s700
802/668 SWANSTON STREET CARLTON 3053 --> 0 records found - comparisons: b4080 n700 s700
909/668 SWANSTON STREET CARLTON 3053 --> 0 records found - comparisons: b4132 n700 s700
169 GRATTAN STREET CARLTON 3053 --> 0 records found - comparisons: b5867 n700 s700
47C/151 BERKELEY STREET MELBOURNE 3000 --> 0 records found - comparisons: b4839 n700 s700
4S/151 BERKELEY STREET MELBOURNE 3000 --> 0 records found - comparisons: b4572 n700 s700
5S/151 BERKELEY STREET MELBOURNE 3000 --> 0 records found - comparisons: b4522 n700 s700
407A/640 SWANSTON STREET CARLTON 3053 --> 0 records found - comparisons: b5202 n700 s700
6S/151 BERKELEY STREET MELBOURNE 3000 --> 0 records found - comparisons: b4542 n700 s700
7S/151 BERKELEY STREET MELBOURNE 3000 --> 0 records found - comparisons: b4544 n700 s700
233 PELHAM STREET MELBOURNE 3000 --> 0 records found - comparisons: b5654 n700 s700
1007/151 BERKELEY STREET MELBOURNE 3000 --> 0 records found - comparisons: b6344 n700 s700
1008/151 BERKELEY STREET MELBOURNE 3000 --> 0 records found - comparisons: b6337 n700 s700
1101/151 BERKELEY STREET MELBOURNE 3000 --> 0 records found - comparisons: b6104 n700 s700
268 GRATTAN STREET PARKVILLE 3052 --> 0 records found - comparisons: b5452 n700 s700
402A/640 SWANSTON STREET CARLTON 3053 --> 0 records found - comparisons: b5199 n700 s700
1102/151 BERKELEY STREET MELBOURNE 3000 --> 0 records found - comparisons: b6120 n700 s700
105/18 LINCOLN SQUARE N CARLTON 3053 --> 0 records found - comparisons: b6273 n700 s700
203/18 LINCOLN SQUARE N CARLTON 3053 --> 0 records found - comparisons: b5968 n700 s700
302A/640 SWANSTON STREET CARLTON 3053 --> 0 records found - comparisons: b5668 n700 s700
610/223 BERKELEY STREET MELBOURNE 3000 --> 0 records found - comparisons: b4853 n700 s700
605A/640 SWANSTON STREET CARLTON 3053 --> 0 records found - comparisons: b4965 n700 s700
1002A/640 SWANSTON STREET CARLTON 3053 --> 0 records found - comparisons: b6349 n700 s700
401/18 LINCOLN SQUARE N CARLTON 3053 --> 0 records found - comparisons: b5231 n700 s700
213/640 SWANSTON STREET CARLTON 3053 --> 0 records found - comparisons: b5711 n700 s700
216-228 LEICESTER STREET CARLTON 3053 --> 0 records found - comparisons: b5681 n700 s700
183 PELHAM STREET CARLTON 3053 --> 0 records found - comparisons: b5734 n700 s700
502/223 BERKELEY STREET MELBOURNE 3000 --> 0 records found - comparisons: b4948 n700 s700
154 BOUVERIE STREET CARLTON 3053 --> 0 records found - comparisons: b5891 n700 s700
506/18 LINCOLN SQUARE N CARLTON 3053 --> 0 records found - comparisons: b4941 n700 s700
603/668 SWANSTON STREET CARLTON 3053 --> 0 records found - comparisons: b4976 n700 s700
603/18 LINCOLN SQUARE N CARLTON 3053 --> 0 records found - comparisons: b4983 n700 s700
501/223 BERKELEY STREET MELBOURNE 3000 --> 0 records found - comparisons: b4957 n700 s700
503/223 BERKELEY STREET MELBOURNE 3000 --> 0 records found - comparisons: b4975 n700 s700
504/223 BERKELEY STREET MELBOURNE 3000 --> 0 records found - comparisons: b4961 n700 s700
506/223 BERKELEY STREET MELBOURNE 3000 --> 0 records found - comparisons: b4941 n700 s700
508/223 BERKELEY STREET MELBOURNE 3000 --> 0 records found - comparisons: b4903 n700 s700
601/223 BERKELEY STREET MELBOURNE 3000 --> 0 records found - comparisons: b4990 n700 s700
604/223 BERKELEY STREET MELBOURNE 3000 --> 0 records found - comparisons: b4999 n700 s700
605/223 BERKELEY STREET MELBOURNE 3000 --> 0 records found - comparisons: b4990 n700 s700
606/223 BERKELEY STREET MELBOURNE 3000 --> 0 records found - comparisons: b4989 n700 s700
607/223 BERKELEY STREET MELBOURNE 3000 --> 0 records found - comparisons: b4991 n700 s700
608/223 BERKELEY STREET MELBOURNE 3000 --> 0 records found - comparisons: b4970 n700 s700
705/18 LINCOLN SQUARE N CARLTON 3053 --> 0 records found - comparisons: b5017 n700 s700
835-871 SWANSTON STREET PARKVILLE 3052 --> 0 records found - comparisons: b3919 n700 s700
247-253 BOUVERIE STREET CARLTON 3053 --> 0 records found - comparisons: b5531 n700 s700
8-14 MALVINA PLACE CARLTON 3053 --> 0 records found - comparisons: b3870 n700 s700
609/223 BERKELEY STREET MELBOURNE 3000 --> 0 records found - comparisons: b4955 n700 s700
703/223 BERKELEY STREET MELBOURNE 3000 --> 0 records found - comparisons: b5017 n700 s700
706/223 BERKELEY STREET MELBOURNE 3000 --> 0 records found - comparisons: b5016 n700 s700
707/223 BERKELEY STREET MELBOURNE 3000 --> 0 records found - comparisons: b5001 n700 s700
709/223 BERKELEY STREET MELBOURNE 3000 --> 0 records found - comparisons: b4978 n700 s700
710/223 BERKELEY STREET MELBOURNE 3000 --> 0 records found - comparisons: b4874 n700 s700
83 BARRY STREET CARLTON 3053 --> 0 records found - comparisons: b3919 n700 s700
792 ELIZABETH STREET MELBOURNE 3000 --> 0 records found - comparisons: b4709 n700 s700
5/201 GRATTAN STREET CARLTON 3053 --> 0 records found - comparisons: b4644 n700 s700
176-180 LEICESTER STREET CARLTON 3053 --> 0 records found - comparisons: b5882 n700 s700
119 ROYAL PARADE PARKVILLE 3052 --> 0 records found - comparisons: b6002 n700 s700
16S/151 BERKELEY STREET MELBOURNE 3000 --> 0 records found - comparisons: b5841 n700 s700
17S/151 BERKELEY STREET MELBOURNE 3000 --> 0 records found - comparisons: b5843 n700 s700
19S/151 BERKELEY STREET MELBOURNE 3000 --> 0 records found - comparisons: b5679 n700 s700
20S/151 BERKELEY STREET MELBOURNE 3000 --> 0 records found - comparisons: b5693 n700 s700
21S/151 BERKELEY STREET MELBOURNE 3000 --> 0 records found - comparisons: b5621 n700 s700
22S/151 BERKELEY STREET MELBOURNE 3000 --> 0 records found - comparisons: b5575 n700 s700
24S/151 BERKELEY STREET MELBOURNE 3000 --> 0 records found - comparisons: b5465 n700 s700
25S/151 BERKELEY STREET MELBOURNE 3000 --> 0 records found - comparisons: b5459 n700 s700
57-63 COLLEGE CRESCENT PARKVILLE 3052 --> 0 records found - comparisons: b4684 n700 s700
26S/151 BERKELEY STREET MELBOURNE 3000 --> 0 records found - comparisons: b5452 n700 s700
1207/151 BERKELEY STREET MELBOURNE 3000 --> 0 records found - comparisons: b6047 n700 s700
1301/151 BERKELEY STREET MELBOURNE 3000 --> 0 records found - comparisons: b5942 n700 s700
1302/151 BERKELEY STREET MELBOURNE 3000 --> 0 records found - comparisons: b5964 n700 s700
1303/151 BERKELEY STREET MELBOURNE 3000 --> 0 records found - comparisons: b5943 n700 s700
1304/151 BERKELEY STREET MELBOURNE 3000 --> 0 records found - comparisons: b5943 n700 s700
1306/151 BERKELEY STREET MELBOURNE 3000 --> 0 records found - comparisons: b5942 n700 s700
1103/151 BERKELEY STREET MELBOURNE 3000 --> 0 records found - comparisons: b6106 n700 s700
1104/151 BERKELEY STREET MELBOURNE 3000 --> 0 records found - comparisons: b6102 n700 s700
1105/151 BERKELEY STREET MELBOURNE 3000 --> 0 records found - comparisons: b6081 n700 s700
1106/151 BERKELEY STREET MELBOURNE 3000 --> 0 records found - comparisons: b6081 n700 s700
1108/151 BERKELEY STREET MELBOURNE 3000 --> 0 records found - comparisons: b6072 n700 s700
603/223 BERKELEY STREET MELBOURNE 3000 --> 0 records found - comparisons: b4977 n700 s700
609/151 BERKELEY STREET MELBOURNE 3000 --> 0 records found - comparisons: b4955 n700 s700
20/650 SWANSTON STREET CARLTON 3053 --> 0 records found - comparisons: b5797 n700 s700
313A/640 SWANSTON STREET CARLTON 3053 --> 0 records found - comparisons: b5410 n700 s700
140 BERKELEY STREET CARLTON 3053 --> 0 records found - comparisons: b5899 n700 s700
408B/640 SWANSTON STREET CARLTON 3053 --> 0 records found - comparisons: b5166 n700 s700
407/151 BERKELEY STREET MELBOURNE 3000 --> 0 records found - comparisons: b5222 n700 s700
409/151 BERKELEY STREET MELBOURNE 3000 --> 0 records found - comparisons: b5184 n700 s700
501/151 BERKELEY STREET MELBOURNE 3000 --> 0 records found - comparisons: b4963 n700 s700
502/151 BERKELEY STREET MELBOURNE 3000 --> 0 records found - comparisons: b4954 n700 s700
504/151 BERKELEY STREET MELBOURNE 3000 --> 0 records found - comparisons: b4967 n700 s700
505/151 BERKELEY STREET MELBOURNE 3000 --> 0 records found - comparisons: b4984 n700 s700
506/151 BERKELEY STREET MELBOURNE 3000 --> 0 records found - comparisons: b4941 n700 s700
507/151 BERKELEY STREET MELBOURNE 3000 --> 0 records found - comparisons: b4927 n700 s700
508/151 BERKELEY STREET MELBOURNE 3000 --> 0 records found - comparisons: b4903 n700 s700
509/151 BERKELEY STREET MELBOURNE 3000 --> 0 records found - comparisons: b4932 n700 s700
601/151 BERKELEY STREET MELBOURNE 3000 --> 0 records found - comparisons: b4996 n700 s700
602/151 BERKELEY STREET MELBOURNE 3000 --> 0 records found - comparisons: b4975 n700 s700
1307/151 BERKELEY STREET MELBOURNE 3000 --> 0 records found - comparisons: b5942 n700 s700
1308/151 BERKELEY STREET MELBOURNE 3000 --> 0 records found - comparisons: b5939 n700 s700
205 GRATTAN STREET CARLTON 3053 --> 0 records found - comparisons: b5934 n700 s700
1403/151 BERKELEY STREET MELBOURNE 3000 --> 0 records found - comparisons: b5905 n700 s700
1404/151 BERKELEY STREET MELBOURNE 3000 --> 0 records found - comparisons: b5904 n700 s700
1405/151 BERKELEY STREET MELBOURNE 3000 --> 0 records found - comparisons: b5904 n700 s700
1406/151 BERKELEY STREET MELBOURNE 3000 --> 0 records found - comparisons: b5905 n700 s700
1408/151 BERKELEY STREET MELBOURNE 3000 --> 0 records found - comparisons: b5901 n700 s700
1501/151 BERKELEY STREET MELBOURNE 3000 --> 0 records found - comparisons: b5889 n700 s700
1705/151 BERKELEY STREET MELBOURNE 3000 --> 0 records found - comparisons: b5921 n700 s700
1707/151 BERKELEY STREET MELBOURNE 3000 --> 0 records found - comparisons: b5922 n700 s700
1708/151 BERKELEY STREET MELBOURNE 3000 --> 0 records found - comparisons: b5918 n700 s700
1801/151 BERKELEY STREET MELBOURNE 3000 --> 0 records found - comparisons: b5755 n700 s700
696-708 ELIZABETH STREET MELBOURNE 3000 --> 0 records found - comparisons: b4716 n700 s700
1804/151 BERKELEY STREET MELBOURNE 3000 --> 0 records found - comparisons: b5759 n700 s700
1704/151 BERKELEY STREET MELBOURNE 3000 --> 0 records found - comparisons: b5921 n700 s700
308/223 BERKELEY STREET MELBOURNE 3000 --> 0 records found - comparisons: b5651 n700 s700
602/18 LINCOLN SQUARE N CARLTON 3053 --> 0 records found - comparisons: b4975 n700 s700
402/223 BERKELEY STREET MELBOURNE 3000 --> 0 records found - comparisons: b5232 n700 s700
604/18 LINCOLN SQUARE N CARLTON 3053 --> 0 records found - comparisons: b5005 n700 s700
605/18 LINCOLN SQUARE N CARLTON 3053 --> 0 records found - comparisons: b4996 n700 s700
702/151 BERKELEY STREET MELBOURNE 3000 --> 0 records found - comparisons: b5023 n700 s700
703/151 BERKELEY STREET MELBOURNE 3000 --> 0 records found - comparisons: b5023 n700 s700
704/151 BERKELEY STREET MELBOURNE 3000 --> 0 records found - comparisons: b5024 n700 s700
705/151 BERKELEY STREET MELBOURNE 3000 --> 0 records found - comparisons: b5017 n700 s700
707/151 BERKELEY STREET MELBOURNE 3000 --> 0 records found - comparisons: b5001 n700 s700
708/151 BERKELEY STREET MELBOURNE 3000 --> 0 records found - comparisons: b4993 n700 s700
709/151 BERKELEY STREET MELBOURNE 3000 --> 0 records found - comparisons: b4978 n700 s700
801/151 BERKELEY STREET MELBOURNE 3000 --> 0 records found - comparisons: b4082 n700 s700
803/151 BERKELEY STREET MELBOURNE 3000 --> 0 records found - comparisons: b4087 n700 s700
804/151 BERKELEY STREET MELBOURNE 3000 --> 0 records found - comparisons: b4065 n700 s700
805/151 BERKELEY STREET MELBOURNE 3000 --> 0 records found - comparisons: b4060 n700 s700
303B/640 SWANSTON STREET CARLTON 3053 --> 0 records found - comparisons: b5666 n700 s700
508B/640 SWANSTON STREET CARLTON 3053 --> 0 records found - comparisons: b4908 n700 s700
201B/640 SWANSTON STREET CARLTON 3053 --> 0 records found - comparisons: b5919 n700 s700
806/151 BERKELEY STREET MELBOURNE 3000 --> 0 records found - comparisons: b4046 n700 s700
808/151 BERKELEY STREET MELBOURNE 3000 --> 0 records found - comparisons: b4023 n700 s700
901/151 BERKELEY STREET MELBOURNE 3000 --> 0 records found - comparisons: b4168 n700 s700
507B/640 SWANSTON STREET CARLTON 3053 --> 0 records found - comparisons: b4932 n700 s700
506B/640 SWANSTON STREET CARLTON 3053 --> 0 records found - comparisons: b4934 n700 s700
501B/640 SWANSTON STREET CARLTON 3053 --> 0 records found - comparisons: b4937 n700 s700
608B/640 SWANSTON STREET CARLTON 3053 --> 0 records found - comparisons: b4950 n700 s700
606B/640 SWANSTON STREET CARLTON 3053 --> 0 records found - comparisons: b4964 n700 s700
605B/640 SWANSTON STREET CARLTON 3053 --> 0 records found - comparisons: b4965 n700 s700
602B/640 SWANSTON STREET CARLTON 3053 --> 0 records found - comparisons: b4967 n700 s700
3-4/230 GRATTAN STREET PARKVILLE 3052 --> 0 records found - comparisons: b5074 n700 s700
108/223 BERKELEY STREET MELBOURNE 3000 --> 0 records found - comparisons: b6235 n700 s700
403/223 BERKELEY STREET MELBOURNE 3000 --> 0 records found - comparisons: b5234 n700 s700
305B/640 SWANSTON STREET CARLTON 3053 --> 0 records found - comparisons: b5668 n700 s700
191-197 GRATTAN STREET CARLTON 3053 --> 0 records found - comparisons: b5704 n700 s700
702/223 BERKELEY STREET MELBOURNE 3000 --> 0 records found - comparisons: b5017 n700 s700
18S/151 BERKELEY STREET MELBOURNE 3000 --> 0 records found - comparisons: b5687 n700 s700
23S/151 BERKELEY STREET MELBOURNE 3000 --> 0 records found - comparisons: b5587 n700 s700
27S/151 BERKELEY STREET MELBOURNE 3000 --> 0 records found - comparisons: b5452 n700 s700
32S/151 BERKELEY STREET MELBOURNE 3000 --> 0 records found - comparisons: b5307 n700 s700
906/668 SWANSTON STREET CARLTON 3053 --> 0 records found - comparisons: b4147 n700 s700
40C/151 BERKELEY STREET MELBOURNE 3000 --> 0 records found - comparisons: b5011 n700 s700
41C/151 BERKELEY STREET MELBOURNE 3000 --> 0 records found - comparisons: b4947 n700 s700
196-198 PELHAM STREET CARLTON 3053 --> 0 records found - comparisons: b5711 n700 s700
201/668 SWANSTON STREET CARLTON 3053 --> 0 records found - comparisons: b5953 n700 s700
42C/151 BERKELEY STREET MELBOURNE 3000 --> 0 records found - comparisons: b4883 n700 s700
44C/151 BERKELEY STREET MELBOURNE 3000 --> 0 records found - comparisons: b4844 n700 s700
45C/151 BERKELEY STREET MELBOURNE 3000 --> 0 records found - comparisons: b4840 n700 s700
48C/151 BERKELEY STREET MELBOURNE 3000 --> 0 records found - comparisons: b4789 n700 s700
50C/151 BERKELEY STREET MELBOURNE 3000 --> 0 records found - comparisons: b4809 n700 s700
51C/151 BERKELEY STREET MELBOURNE 3000 --> 0 records found - comparisons: b4771 n700 s700
52C/151 BERKELEY STREET MELBOURNE 3000 --> 0 records found - comparisons: b4725 n700 s700
53C/151 BERKELEY STREET MELBOURNE 3000 --> 0 records found - comparisons: b4727 n700 s700
1S/151 BERKELEY STREET MELBOURNE 3000 --> 0 records found - comparisons: b5080 n700 s700
