18 PROFESSORS WALK PARKVILLE 3052 --> 1 records found - comparisons: b2714 n300 s300
783 SWANSTON STREET PARKVILLE 3052 --> 1 records found - comparisons: b2277 n300 s300
230 GRATTAN STREET PARKVILLE 3052 --> 12 records found - comparisons: b5604 n300 s300
28S/151 BERKELEY STREET MELBOURNE 3000 --> 1 records found - comparisons: b2694 n300 s300
44 PROFESSORS WALK PARKVILLE 3052 --> 1 records found - comparisons: b2256 n300 s300
170 GRATTAN STREET PARKVILLE 3052 --> 2 records found - comparisons: b3029 n300 s300
3/650 SWANSTON STREET CARLTON 3053 --> 1 records found - comparisons: b2528 n300 s300
6/650 SWANSTON STREET CARLTON 3053 --> 1 records found - comparisons: b2334 n300 s300
7/650 SWANSTON STREET CARLTON 3053 --> 1 records found - comparisons: b2254 n300 s300
48 ROYAL PARADE PARKVILLE 3052 --> 2 records found - comparisons: b2453 n300 s300
26/650 SWANSTON STREET CARLTON 3053 --> 1 records found - comparisons: b2734 n300 s300
644 SWANSTON STREET CARLTON 3053 --> 1 records found - comparisons: b2358 n300 s300
8/650 SWANSTON STREET CARLTON 3053 --> 1 records found - comparisons: b1862 n300 s300
30S/151 BERKELEY STREET MELBOURNE 3000 --> 1 records found - comparisons: b2742 n300 s300
31S/151 BERKELEY STREET MELBOURNE 3000 --> 1 records found - comparisons: b2702 n300 s300
33S/151 BERKELEY STREET MELBOURNE 3000 --> 1 records found - comparisons: b2669 n300 s300
34S/151 BERKELEY STREET MELBOURNE 3000 --> 1 records found - comparisons: b2643 n300 s300
650 SWANSTON STREET CARLTON 3053 --> 1 records found - comparisons: b2345 n300 s300
6/201 GRATTAN STREET CARLTON 3053 --> 1 records found - comparisons: b2336 n300 s300
1807/151 BERKELEY STREET MELBOURNE 3000 --> 1 records found - comparisons: b2775 n300 s300
1808/151 BERKELEY STREET MELBOURNE 3000 --> 1 records found - comparisons: b2775 n300 s300
1M/151 BERKELEY STREET MELBOURNE 3000 --> 1 records found - comparisons: b2481 n300 s300
3M/151 BERKELEY STREET MELBOURNE 3000 --> 1 records found - comparisons: b2457 n300 s300
1C/151 BERKELEY STREET MELBOURNE 3000 --> 1 records found - comparisons: b2481 n300 s300
3C/151 BERKELEY STREET MELBOURNE 3000 --> 1 records found - comparisons: b2457 n300 s300
4C/151 BERKELEY STREET MELBOURNE 3000 --> 1 records found - comparisons: b2216 n300 s300
6C/151 BERKELEY STREET MELBOURNE 3000 --> 1 records found - comparisons: b2263 n300 s300
7C/151 BERKELEY STREET MELBOURNE 3000 --> 1 records found - comparisons: b2233 n300 s300
8C/151 BERKELEY STREET MELBOURNE 3000 --> 1 records found - comparisons: b1865 n300 s300
9C/151 BERKELEY STREET MELBOURNE 3000 --> 1 records found - comparisons: b1871 n300 s300
10C/151 BERKELEY STREET MELBOURNE 3000 --> 1 records found - comparisons: b2881 n300 s300
11C/151 BERKELEY STREET MELBOURNE 3000 --> 1 records found - comparisons: b2859 n300 s300
12C/151 BERKELEY STREET MELBOURNE 3000 --> 1 records found - comparisons: b2862 n300 s300
13C/151 BERKELEY STREET MELBOURNE 3000 --> 1 records found - comparisons: b2848 n300 s300
14C/151 BERKELEY STREET MELBOURNE 3000 --> 1 records found - comparisons: b2807 n300 s300
604-640 SWANSTON STREET CARLTON 3053 --> 1 records found - comparisons: b2513 n300 s300
506A/640 SWANSTON STREET CARLTON 3053 --> 1 records found - comparisons: b2278 n300 s300
210A/640 SWANSTON STREET CARLTON 3053 --> 1 records found - comparisons: b2851 n300 s300
2/224 PELHAM STREET MELBOURNE 3000 --> 1 records found - comparisons: b2605 n300 s300
15C/151 BERKELEY STREET MELBOURNE 3000 --> 1 records found - comparisons: b2807 n300 s300
16C/151 BERKELEY STREET MELBOURNE 3000 --> 1 records found - comparisons: b2799 n300 s300
8S/151 BERKELEY STREET MELBOURNE 3000 --> 1 records found - comparisons: b1865 n300 s300
9S/151 BERKELEY STREET MELBOURNE 3000 --> 1 records found - comparisons: b1871 n300 s300
10S/151 BERKELEY STREET MELBOURNE 3000 --> 1 records found - comparisons: b2881 n300 s300
11S/151 BERKELEY STREET MELBOURNE 3000 --> 1 records found - comparisons: b2859 n300 s300
12S/151 BERKELEY STREET MELBOURNE 3000 --> 1 records found - comparisons: b2862 n300 s300
14S/151 BERKELEY STREET MELBOURNE 3000 --> 1 records found - comparisons: b2807 n300 s300
15S/151 BERKELEY STREET MELBOURNE 3000 --> 1 records found - comparisons: b2807 n300 s300
95-129 BARRY STREET CARLTON 3053 --> 1 records found - comparisons: b1861 n300 s300
139 BARRY STREET CARLTON 3053 --> 1 records found - comparisons: b2789 n300 s300
213-221 BERKELEY STREET MELBOURNE 3000 --> 1 records found - comparisons: b2868 n300 s300
214 BERKELEY STREET CARLTON 3053 --> 1 records found - comparisons: b2808 n300 s300
208-210 BERKELEY STREET CARLTON 3053 --> 1 records found - comparisons: b2969 n300 s300
1103/18 LINCOLN SQUARE N CARLTON 3053 --> 1 records found - comparisons: b2883 n300 s300
247-249 BOUVERIE STREET CARLTON 3053 --> 1 records found - comparisons: b2744 n300 s300
1203/18 LINCOLN SQUARE N CARLTON 3053 --> 1 records found - comparisons: b2990 n300 s300
30 ROYAL PARADE PARKVILLE 3052 --> 6 records found - comparisons: b3860 n300 s300
201/223 BERKELEY STREET MELBOURNE 3000 --> 1 records found - comparisons: b3014 n300 s300
1302/18 LINCOLN SQUARE N CARLTON 3053 --> 1 records found - comparisons: b2865 n300 s300
305/18 LINCOLN SQUARE N CARLTON 3053 --> 1 records found - comparisons: b2839 n300 s300
202-206 BERKELEY STREET CARLTON 3053 --> 1 records found - comparisons: b2993 n300 s300
604/151 BERKELEY STREET MELBOURNE 3000 --> 1 records found - comparisons: b2529 n300 s300
605/151 BERKELEY STREET MELBOURNE 3000 --> 1 records found - comparisons: b2520 n300 s300
606/151 BERKELEY STREET MELBOURNE 3000 --> 1 records found - comparisons: b2534 n300 s300
607/151 BERKELEY STREET MELBOURNE 3000 --> 1 records found - comparisons: b2534 n300 s300
608/151 BERKELEY STREET MELBOURNE 3000 --> 1 records found - comparisons: b2500 n300 s300
903A/640 SWANSTON STREET CARLTON 3053 --> 1 records found - comparisons: b1935 n300 s300
604A/640 SWANSTON STREET CARLTON 3053 --> 1 records found - comparisons: b2516 n300 s300
131-137 BARRY STREET CARLTON 3053 --> 1 records found - comparisons: b2827 n300 s300
601A/640 SWANSTON STREET CARLTON 3053 --> 1 records found - comparisons: b2518 n300 s300
206B/640 SWANSTON STREET CARLTON 3053 --> 1 records found - comparisons: b2997 n300 s300
303A/640 SWANSTON STREET CARLTON 3053 --> 1 records found - comparisons: b2811 n300 s300
205A/640 SWANSTON STREET CARLTON 3053 --> 1 records found - comparisons: b2985 n300 s300
213 BERKELEY STREET MELBOURNE 3000 --> 1 records found - comparisons: b2836 n300 s300
11 PROFESSORS WALK PARKVILLE 3052 --> 1 records found - comparisons: b2827 n300 s300
13/650 SWANSTON STREET CARLTON 3053 --> 1 records found - comparisons: b2835 n300 s300
400B/640 SWANSTON STREET CARLTON 3053 --> 1 records found - comparisons: b2363 n300 s300
16 WILSON AVENUE PARKVILLE 3052 --> 1 records found - comparisons: b2745 n300 s300
1110/640 SWANSTON STREET CARLTON 3053 --> 1 records found - comparisons: b2877 n300 s300
1082/640 SWANSTON STREET CARLTON 3053 --> 1 records found - comparisons: b2940 n300 s300
108A/640 SWANSTON STREET CARLTON 3053 --> 1 records found - comparisons: b2933 n300 s300
143-151 BARRY STREET CARLTON 3053 --> 1 records found - comparisons: b2775 n300 s300
1080/640 SWANSTON STREET CARLTON 3053 --> 1 records found - comparisons: b2940 n300 s300
4/133 ROYAL PARADE PARKVILLE 3052 --> 1 records found - comparisons: b2223 n300 s300
ROYAL PARADE PARKVILLE 3052 --> 1 records found - comparisons: b828 n300 s300
22C/151 BERKELEY STREET MELBOURNE 3000 --> 1 records found - comparisons: b2816 n300 s300
49 COLLEGE CRESCENT PARKVILLE 3052 --> 1 records found - comparisons: b2253 n300 s300
156-180 BERKELEY STREET CARLTON 3053 --> 1 records found - comparisons: b2798 n300 s300
224 PELHAM STREET MELBOURNE 3000 --> 1 records found - comparisons: b2768 n300 s300
601B/640 SWANSTON STREET CARLTON 3053 --> 1 records found - comparisons: b2518 n300 s300
312/668 SWANSTON STREET CARLTON 3053 --> 1 records found - comparisons: b2691 n300 s300
1201/151 BERKELEY STREET MELBOURNE 3000 --> 1 records found - comparisons: b3004 n300 s300
1202/151 BERKELEY STREET MELBOURNE 3000 --> 1 records found - comparisons: b3006 n300 s300
1204/151 BERKELEY STREET MELBOURNE 3000 --> 1 records found - comparisons: b2980 n300 s300
1205/151 BERKELEY STREET MELBOURNE 3000 --> 1 records found - comparisons: b2980 n300 s300
17C/151 BERKELEY STREET MELBOURNE 3000 --> 1 records found - comparisons: b2803 n300 s300
18C/151 BERKELEY STREET MELBOURNE 3000 --> 1 records found - comparisons: b2743 n300 s300
602/223 BERKELEY STREET MELBOURNE 3000 --> 1 records found - comparisons: b2517 n300 s300
701/223 BERKELEY STREET MELBOURNE 3000 --> 1 records found - comparisons: b2372 n300 s300
19C/151 BERKELEY STREET MELBOURNE 3000 --> 1 records found - comparisons: b2733 n300 s300
20C/151 BERKELEY STREET MELBOURNE 3000 --> 1 records found - comparisons: b2884 n300 s300
21C/151 BERKELEY STREET MELBOURNE 3000 --> 1 records found - comparisons: b2840 n300 s300
G4-G5/230 GRATTAN STREET PARKVILLE 3052 --> 1 records found - comparisons: b927 n300 s300
25C/151 BERKELEY STREET MELBOURNE 3000 --> 1 records found - comparisons: b2758 n300 s300
209/223 BERKELEY STREET MELBOURNE 3000 --> 1 records found - comparisons: b2993 n300 s300
206/223 BERKELEY STREET MELBOURNE 3000 --> 1 records found - comparisons: b3026 n300 s300
107/151 BERKELEY STREET MELBOURNE 3000 --> 1 records found - comparisons: b2941 n300 s300
912/668 SWANSTON STREET CARLTON 3053 --> 1 records found - comparisons: b1904 n300 s300
780-782 ELIZABETH STREET MELBOURNE 3000 --> 2 records found - comparisons: b2614 n300 s300
203/668 SWANSTON STREET CARLTON 3053 --> 1 records found - comparisons: b2995 n300 s300
23/650 SWANSTON STREET CARLTON 3053 --> 1 records found - comparisons: b2850 n300 s300
BERKELEY STREET MELBOURNE 3000 --> 1 records found - comparisons: b855 n300 s300
301B/640 SWANSTON STREET CARLTON 3053 --> 1 records found - comparisons: b2810 n300 s300
206A/640 SWANSTON STREET CARLTON 3053 --> 1 records found - comparisons: b2997 n300 s300
505/668 SWANSTON STREET CARLTON 3053 --> 1 records found - comparisons: b2271 n300 s300
201 GRATTAN STREET CARLTON 3053 --> 1 records found - comparisons: b2948 n300 s300
108/151 BERKELEY STREET MELBOURNE 3000 --> 1 records found - comparisons: b2945 n300 s300
690 ELIZABETH STREET MELBOURNE 3000 --> 1 records found - comparisons: b2348 n300 s300
201/151 BERKELEY STREET MELBOURNE 3000 --> 1 records found - comparisons: b3014 n300 s300
909A/640 SWANSTON STREET CARLTON 3053 --> 1 records found - comparisons: b1932 n300 s300
802A/640 SWANSTON STREET CARLTON 3053 --> 1 records found - comparisons: b1900 n300 s300
202/151 BERKELEY STREET MELBOURNE 3000 --> 1 records found - comparisons: b3016 n300 s300
311A/640 SWANSTON STREET CARLTON 3053 --> 1 records found - comparisons: b2699 n300 s300
202/668 SWANSTON STREET CARLTON 3053 --> 1 records found - comparisons: b3000 n300 s300
411/668 SWANSTON STREET CARLTON 3053 --> 1 records found - comparisons: b2298 n300 s300
504/668 SWANSTON STREET CARLTON 3053 --> 1 records found - comparisons: b2271 n300 s300
601/668 SWANSTON STREET CARLTON 3053 --> 1 records found - comparisons: b2505 n300 s300
920/668 SWANSTON STREET CARLTON 3053 --> 1 records found - comparisons: b1899 n300 s300
611/668 SWANSTON STREET CARLTON 3053 --> 1 records found - comparisons: b2421 n300 s300
907A/640 SWANSTON STREET CARLTON 3053 --> 1 records found - comparisons: b1937 n300 s300
603B/640 SWANSTON STREET CARLTON 3053 --> 1 records found - comparisons: b2511 n300 s300
403B/640 SWANSTON STREET CARLTON 3053 --> 1 records found - comparisons: b2363 n300 s300
905A/640 SWANSTON STREET CARLTON 3053 --> 1 records found - comparisons: b1938 n300 s300
306A/640 SWANSTON STREET CARLTON 3053 --> 1 records found - comparisons: b2813 n300 s300
185 PELHAM STREET CARLTON 3053 --> 1 records found - comparisons: b2695 n300 s300
709/668 SWANSTON STREET CARLTON 3053 --> 1 records found - comparisons: b2344 n300 s300
18/650 SWANSTON STREET CARLTON 3053 --> 1 records found - comparisons: b2730 n300 s300
23C/151 BERKELEY STREET MELBOURNE 3000 --> 1 records found - comparisons: b2844 n300 s300
308/151 BERKELEY STREET MELBOURNE 3000 --> 1 records found - comparisons: b2814 n300 s300
26C/151 BERKELEY STREET MELBOURNE 3000 --> 1 records found - comparisons: b2758 n300 s300
408/151 BERKELEY STREET MELBOURNE 3000 --> 1 records found - comparisons: b2359 n300 s300
208A/640 SWANSTON STREET CARLTON 3053 --> 1 records found - comparisons: b2972 n300 s300
706/151 BERKELEY STREET MELBOURNE 3000 --> 1 records found - comparisons: b2368 n300 s300
807/151 BERKELEY STREET MELBOURNE 3000 --> 1 records found - comparisons: b1907 n300 s300
904/151 BERKELEY STREET MELBOURNE 3000 --> 1 records found - comparisons: b1946 n300 s300
27C/151 BERKELEY STREET MELBOURNE 3000 --> 1 records found - comparisons: b2758 n300 s300
LYGON STREET CARLTON NORTH 3054 --> 1 records found - comparisons: b862 n300 s300
28C/151 BERKELEY STREET MELBOURNE 3000 --> 1 records found - comparisons: b2694 n300 s300
30C/151 BERKELEY STREET MELBOURNE 3000 --> 1 records found - comparisons: b2742 n300 s300
676 SWANSTON STREET CARLTON 3053 --> 1 records found - comparisons: b2349 n300 s300
1104/18 LINCOLN SQUARE N CARLTON 3053 --> 1 records found - comparisons: b2883 n300 s300
1201/18 LINCOLN SQUARE N CARLTON 3053 --> 1 records found - comparisons: b2988 n300 s300
31C/151 BERKELEY STREET MELBOURNE 3000 --> 1 records found - comparisons: b2702 n300 s300
1202/18 LINCOLN SQUARE N CARLTON 3053 --> 1 records found - comparisons: b2990 n300 s300
111A/640 SWANSTON STREET CARLTON 3053 --> 1 records found - comparisons: b2877 n300 s300
110A/640 SWANSTON STREET CARLTON 3053 --> 1 records found - comparisons: b2879 n300 s300
106A/640 SWANSTON STREET CARLTON 3053 --> 1 records found - comparisons: b2933 n300 s300
105A/640 SWANSTON STREET CARLTON 3053 --> 1 records found - comparisons: b2933 n300 s300
104A/640 SWANSTON STREET CARLTON 3053 --> 1 records found - comparisons: b2933 n300 s300
101A/640 SWANSTON STREET CARLTON 3053 --> 1 records found - comparisons: b2953 n300 s300
1012A/640 SWANSTON STREET CARLTON 3053 --> 1 records found - comparisons: b2961 n300 s300
1010A/640 SWANSTON STREET CARLTON 3053 --> 1 records found - comparisons: b2961 n300 s300
1009A/640 SWANSTON STREET CARLTON 3053 --> 1 records found - comparisons: b2960 n300 s300
1007A/640 SWANSTON STREET CARLTON 3053 --> 1 records found - comparisons: b2961 n300 s300
705/223 BERKELEY STREET MELBOURNE 3000 --> 1 records found - comparisons: b2383 n300 s300
708/223 BERKELEY STREET MELBOURNE 3000 --> 1 records found - comparisons: b2360 n300 s300
309/668 SWANSTON STREET CARLTON 3053 --> 1 records found - comparisons: b2812 n300 s300
206/18 LINCOLN SQUARE N CARLTON 3053 --> 1 records found - comparisons: b3016 n300 s300
303/18 LINCOLN SQUARE N CARLTON 3053 --> 1 records found - comparisons: b2803 n300 s300
308B/640 SWANSTON STREET CARLTON 3053 --> 1 records found - comparisons: b2806 n300 s300
404/18 LINCOLN SQUARE N CARLTON 3053 --> 1 records found - comparisons: b2378 n300 s300
406/18 LINCOLN SQUARE N CARLTON 3053 --> 1 records found - comparisons: b2377 n300 s300
503/18 LINCOLN SQUARE N CARLTON 3053 --> 1 records found - comparisons: b2291 n300 s300
305/151 BERKELEY STREET MELBOURNE 3000 --> 1 records found - comparisons: b2855 n300 s300
306/151 BERKELEY STREET MELBOURNE 3000 --> 1 records found - comparisons: b2821 n300 s300
771 SWANSTON STREET PARKVILLE 3052 --> 1 records found - comparisons: b2269 n300 s300
720 SWANSTON STREET CARLTON 3053 --> 1 records found - comparisons: b2261 n300 s300
24 WILSON AVENUE PARKVILLE 3052 --> 1 records found - comparisons: b2704 n300 s300
270 GRATTAN STREET PARKVILLE 3052 --> 1 records found - comparisons: b2718 n300 s300
165 BERKELEY STREET MELBOURNE 3000 --> 1 records found - comparisons: b2769 n300 s300
307/151 BERKELEY STREET MELBOURNE 3000 --> 1 records found - comparisons: b2819 n300 s300
9/650 SWANSTON STREET CARLTON 3053 --> 1 records found - comparisons: b1873 n300 s300
309/151 BERKELEY STREET MELBOURNE 3000 --> 1 records found - comparisons: b2828 n300 s300
401/151 BERKELEY STREET MELBOURNE 3000 --> 1 records found - comparisons: b2371 n300 s300
402/151 BERKELEY STREET MELBOURNE 3000 --> 1 records found - comparisons: b2371 n300 s300
404/151 BERKELEY STREET MELBOURNE 3000 --> 1 records found - comparisons: b2394 n300 s300
405/151 BERKELEY STREET MELBOURNE 3000 --> 1 records found - comparisons: b2373 n300 s300
406/151 BERKELEY STREET MELBOURNE 3000 --> 1 records found - comparisons: b2393 n300 s300
606/668 SWANSTON STREET CARLTON 3053 --> 1 records found - comparisons: b2518 n300 s300
607/668 SWANSTON STREET CARLTON 3053 --> 1 records found - comparisons: b2518 n300 s300
609/668 SWANSTON STREET CARLTON 3053 --> 1 records found - comparisons: b2484 n300 s300
610/668 SWANSTON STREET CARLTON 3053 --> 1 records found - comparisons: b2421 n300 s300
612/668 SWANSTON STREET CARLTON 3053 --> 1 records found - comparisons: b2420 n300 s300
705/668 SWANSTON STREET CARLTON 3053 --> 1 records found - comparisons: b2367 n300 s300
707/668 SWANSTON STREET CARLTON 3053 --> 1 records found - comparisons: b2352 n300 s300
200B/640 SWANSTON STREET CARLTON 3053 --> 1 records found - comparisons: b2988 n300 s300
36C/151 BERKELEY STREET MELBOURNE 3000 --> 1 records found - comparisons: b2638 n300 s300
37C/151 BERKELEY STREET MELBOURNE 3000 --> 1 records found - comparisons: b2638 n300 s300
39C/151 BERKELEY STREET MELBOURNE 3000 --> 1 records found - comparisons: b2600 n300 s300
7 UNION ROAD PARKVILLE 3052 --> 1 records found - comparisons: b2189 n300 s300
4 WILSON AVENUE PARKVILLE 3052 --> 1 records found - comparisons: b2199 n300 s300
23 PROFESSORS WALK PARKVILLE 3052 --> 1 records found - comparisons: b2841 n300 s300
6/135 ROYAL PARADE PARKVILLE 3052 --> 1 records found - comparisons: b2328 n300 s300
101B/640 SWANSTON STREET CARLTON 3053 --> 1 records found - comparisons: b2953 n300 s300
3/201 GRATTAN STREET CARLTON 3053 --> 1 records found - comparisons: b2520 n300 s300
13 WILSON AVENUE PARKVILLE 3052 --> 1 records found - comparisons: b2803 n300 s300
1206/151 BERKELEY STREET MELBOURNE 3000 --> 1 records found - comparisons: b2979 n300 s300
305/668 SWANSTON STREET CARLTON 3053 --> 1 records found - comparisons: b2832 n300 s300
35 WILSON AVENUE PARKVILLE 3052 --> 1 records found - comparisons: b2602 n300 s300
35 MASSON ROAD PARKVILLE 3052 --> 1 records found - comparisons: b2586 n300 s300
31 MASSON ROAD PARKVILLE 3052 --> 1 records found - comparisons: b2632 n300 s300
23 MASSON ROAD PARKVILLE 3052 --> 1 records found - comparisons: b2809 n300 s300
8 SPENCER ROAD PARKVILLE 3052 --> 1 records found - comparisons: b1813 n300 s300
17 SPENCER ROAD PARKVILLE 3052 --> 1 records found - comparisons: b2745 n300 s300
20 UNION ROAD PARKVILLE 3052 --> 1 records found - comparisons: b2856 n300 s300
47 PROFESSORS WALK PARKVILLE 3052 --> 1 records found - comparisons: b2255 n300 s300
56 ROYAL PARADE PARKVILLE 3052 --> 1 records found - comparisons: b2178 n300 s300
33 MEDICAL ROAD PARKVILLE 3052 --> 1 records found - comparisons: b2608 n300 s300
38 ROYAL PARADE PARKVILLE 3052 --> 1 records found - comparisons: b2534 n300 s300
25 MEDICAL ROAD PARKVILLE 3052 --> 1 records found - comparisons: b2694 n300 s300
6 MEDICAL ROAD PARKVILLE 3052 --> 1 records found - comparisons: b2267 n300 s300
66 TIN ALLEY PARKVILLE 3052 --> 1 records found - comparisons: b2305 n300 s300
155 BARRY STREET CARLTON 3053 --> 1 records found - comparisons: b2742 n300 s300
213A/640 SWANSTON STREET CARLTON 3053 --> 1 records found - comparisons: b2857 n300 s300
153 BARRY STREET CARLTON 3053 --> 1 records found - comparisons: b2741 n300 s300
701-713 SWANSTON STREET CARLTON 3053 --> 1 records found - comparisons: b2356 n300 s300
1203/151 BERKELEY STREET MELBOURNE 3000 --> 1 records found - comparisons: b3006 n300 s300
1208/151 BERKELEY STREET MELBOURNE 3000 --> 1 records found - comparisons: b2969 n300 s300
1305/151 BERKELEY STREET MELBOURNE 3000 --> 1 records found - comparisons: b2881 n300 s300
1402/151 BERKELEY STREET MELBOURNE 3000 --> 1 records found - comparisons: b2830 n300 s300
1407/151 BERKELEY STREET MELBOURNE 3000 --> 1 records found - comparisons: b2830 n300 s300
1702/151 BERKELEY STREET MELBOURNE 3000 --> 1 records found - comparisons: b2833 n300 s300
199-203 GRATTAN STREET CARLTON 3053 --> 1 records found - comparisons: b2709 n300 s300
10/650 SWANSTON STREET CARLTON 3053 --> 1 records found - comparisons: b2887 n300 s300
203/151 BERKELEY STREET MELBOURNE 3000 --> 1 records found - comparisons: b3011 n300 s300
204/151 BERKELEY STREET MELBOURNE 3000 --> 1 records found - comparisons: b3005 n300 s300
205/151 BERKELEY STREET MELBOURNE 3000 --> 1 records found - comparisons: b2993 n300 s300
810A/640 SWANSTON STREET CARLTON 3053 --> 1 records found - comparisons: b1887 n300 s300
209A/640 SWANSTON STREET CARLTON 3053 --> 1 records found - comparisons: b2972 n300 s300
200 LEICESTER STREET CARLTON 3053 --> 1 records found - comparisons: b2956 n300 s300
103A/640 SWANSTON STREET CARLTON 3053 --> 1 records found - comparisons: b2936 n300 s300
203B/640 SWANSTON STREET CARLTON 3053 --> 1 records found - comparisons: b2991 n300 s300
1001A/640 SWANSTON STREET CARLTON 3053 --> 1 records found - comparisons: b2961 n300 s300
206/151 BERKELEY STREET MELBOURNE 3000 --> 1 records found - comparisons: b3032 n300 s300
208/151 BERKELEY STREET MELBOURNE 3000 --> 1 records found - comparisons: b2985 n300 s300
209/151 BERKELEY STREET MELBOURNE 3000 --> 1 records found - comparisons: b2993 n300 s300
301/151 BERKELEY STREET MELBOURNE 3000 --> 1 records found - comparisons: b2818 n300 s300
302/151 BERKELEY STREET MELBOURNE 3000 --> 1 records found - comparisons: b2817 n300 s300
304/151 BERKELEY STREET MELBOURNE 3000 --> 1 records found - comparisons: b2820 n300 s300
503/151 BERKELEY STREET MELBOURNE 3000 --> 1 records found - comparisons: b2307 n300 s300
603/151 BERKELEY STREET MELBOURNE 3000 --> 1 records found - comparisons: b2519 n300 s300
35/230 GRATTAN STREET PARKVILLE 3052 --> 1 records found - comparisons: b2635 n300 s300
6/230 GRATTAN STREET PARKVILLE 3052 --> 1 records found - comparisons: b2352 n300 s300
45/230 GRATTAN STREET PARKVILLE 3052 --> 1 records found - comparisons: b2280 n300 s300
33/230 GRATTAN STREET PARKVILLE 3052 --> 1 records found - comparisons: b2656 n300 s300
5/230 GRATTAN STREET PARKVILLE 3052 --> 1 records found - comparisons: b2200 n300 s300
1/230 GRATTAN STREET PARKVILLE 3052 --> 1 records found - comparisons: b2610 n300 s300
183-195 BOUVERIE STREET CARLTON 3053 --> 1 records found - comparisons: b2745 n300 s300
42/230 GRATTAN STREET PARKVILLE 3052 --> 1 records found - comparisons: b2288 n300 s300
644-658 SWANSTON STREET CARLTON 3053 --> 1 records found - comparisons: b2390 n300 s300
704/223 BERKELEY STREET MELBOURNE 3000 --> 1 records found - comparisons: b2369 n300 s300
39/230 GRATTAN STREET PARKVILLE 3052 --> 1 records found - comparisons: b2584 n300 s300
7/230 GRATTAN STREET PARKVILLE 3052 --> 1 records found - comparisons: b2262 n300 s300
8/230 GRATTAN STREET PARKVILLE 3052 --> 1 records found - comparisons: b1870 n300 s300
12/230 GRATTAN STREET PARKVILLE 3052 --> 1 records found - comparisons: b2864 n300 s300
34/230 GRATTAN STREET PARKVILLE 3052 --> 1 records found - comparisons: b2627 n300 s300
204/668 SWANSTON STREET CARLTON 3053 --> 1 records found - comparisons: b2989 n300 s300
801/668 SWANSTON STREET CARLTON 3053 --> 1 records found - comparisons: b1892 n300 s300
2B/230 GRATTAN STREET PARKVILLE 3052 --> 1 records found - comparisons: b2489 n300 s300
67/230 GRATTAN STREET PARKVILLE 3052 --> 1 records found - comparisons: b2381 n300 s300
75/230 GRATTAN STREET PARKVILLE 3052 --> 1 records found - comparisons: b2285 n300 s300
2/133 ROYAL PARADE PARKVILLE 3052 --> 1 records found - comparisons: b2597 n300 s300
68/230 GRATTAN STREET PARKVILLE 3052 --> 1 records found - comparisons: b2352 n300 s300
50/230 GRATTAN STREET PARKVILLE 3052 --> 1 records found - comparisons: b2260 n300 s300
51/230 GRATTAN STREET PARKVILLE 3052 --> 1 records found - comparisons: b2240 n300 s300
52/230 GRATTAN STREET PARKVILLE 3052 --> 1 records found - comparisons: b2235 n300 s300
53/230 GRATTAN STREET PARKVILLE 3052 --> 1 records found - comparisons: b2235 n300 s300
9/230 GRATTAN STREET PARKVILLE 3052 --> 1 records found - comparisons: b1881 n300 s300
309A/640 SWANSTON STREET CARLTON 3053 --> 1 records found - comparisons: b2808 n300 s300
2A/230 GRATTAN STREET PARKVILLE 3052 --> 1 records found - comparisons: b2489 n300 s300
69/230 GRATTAN STREET PARKVILLE 3052 --> 1 records found - comparisons: b2356 n300 s300
919/668 SWANSTON STREET CARLTON 3053 --> 0 records found - comparisons: b1629 n300 s300
40/230 GRATTAN STREET PARKVILLE 3052 --> 0 records found - comparisons: b2058 n300 s300
505/223 BERKELEY STREET MELBOURNE 3000 --> 0 records found - comparisons: b2013 n300 s300
103/223 BERKELEY STREET MELBOURNE 3000 --> 0 records found - comparisons: b2658 n300 s300
165 GRATTAN STREET CARLTON 3053 --> 0 records found - comparisons: b2527 n300 s300
139 ROYAL PARADE PARKVILLE 3052 --> 0 records found - comparisons: b2585 n300 s300
179 GRATTAN STREET CARLTON 3053 --> 0 records found - comparisons: b2520 n300 s300
601/18 LINCOLN SQUARE N CARLTON 3053 --> 0 records found - comparisons: b2247 n300 s300
505/18 LINCOLN SQUARE N CARLTON 3053 --> 0 records found - comparisons: b2013 n300 s300
ELIZABETH STREET MELBOURNE 3000 --> 0 records found - comparisons: b614 n300 s300
815 SWANSTON STREET PARKVILLE 3052 --> 0 records found - comparisons: b1605 n300 s300
222-224 PELHAM STREET MELBOURNE 3000 --> 0 records found - comparisons: b2526 n300 s300
678 SWANSTON STREET CARLTON 3053 --> 0 records found - comparisons: b2106 n300 s300
141 BARRY STREET CARLTON 3053 --> 0 records found - comparisons: b2528 n300 s300
1/743-751 SWANSTON STREET CARLTON 3053 --> 0 records found - comparisons: b2344 n300 s300
14 KERNOT ROAD PARKVILLE 3052 --> 0 records found - comparisons: b2517 n300 s300
7 SPENCER ROAD PARKVILLE 3052 --> 0 records found - comparisons: b1987 n300 s300
5C/151 BERKELEY STREET MELBOURNE 3000 --> 0 records found - comparisons: b1902 n300 s300
24C/151 BERKELEY STREET MELBOURNE 3000 --> 0 records found - comparisons: b2464 n300 s300
15/650 SWANSTON STREET CARLTON 3053 --> 0 records found - comparisons: b2517 n300 s300
8/201 GRATTAN STREET CARLTON 3053 --> 0 records found - comparisons: b1613 n300 s300
18 SPENCER ROAD PARKVILLE 3052 --> 0 records found - comparisons: b2473 n300 s300
199 GRATTAN STREET CARLTON 3053 --> 0 records found - comparisons: b2450 n300 s300
202A/640 SWANSTON STREET CARLTON 3053 --> 0 records found - comparisons: b2713 n300 s300
201A/640 SWANSTON STREET CARLTON 3053 --> 0 records found - comparisons: b2712 n300 s300
1706/151 BERKELEY STREET MELBOURNE 3000 --> 0 records found - comparisons: b2543 n300 s300
1805/151 BERKELEY STREET MELBOURNE 3000 --> 0 records found - comparisons: b2486 n300 s300
2M/151 BERKELEY STREET MELBOURNE 3000 --> 0 records found - comparisons: b2204 n300 s300
805/668 SWANSTON STREET CARLTON 3053 --> 0 records found - comparisons: b1618 n300 s300
802/151 BERKELEY STREET MELBOURNE 3000 --> 0 records found - comparisons: b1622 n300 s300
18-20 LINCOLN SQUARE N CARLTON 3053 --> 0 records found - comparisons: b2465 n300 s300
303/151 BERKELEY STREET MELBOURNE 3000 --> 0 records found - comparisons: b2552 n300 s300
163 GRATTAN STREET CARLTON 3053 --> 0 records found - comparisons: b2511 n300 s300
672 SWANSTON STREET CARLTON 3053 --> 0 records found - comparisons: b2107 n300 s300
205/668 SWANSTON STREET CARLTON 3053 --> 0 records found - comparisons: b2719 n300 s300
301/668 SWANSTON STREET CARLTON 3053 --> 0 records found - comparisons: b2544 n300 s300
302/668 SWANSTON STREET CARLTON 3053 --> 0 records found - comparisons: b2543 n300 s300
303/668 SWANSTON STREET CARLTON 3053 --> 0 records found - comparisons: b2545 n300 s300
922/668 SWANSTON STREET CARLTON 3053 --> 0 records found - comparisons: b1626 n300 s300
402B/640 SWANSTON STREET CARLTON 3053 --> 0 records found - comparisons: b2085 n300 s300
403/151 BERKELEY STREET MELBOURNE 3000 --> 0 records found - comparisons: b2085 n300 s300
502B/640 SWANSTON STREET CARLTON 3053 --> 0 records found - comparisons: b1998 n300 s300
307/223 BERKELEY STREET MELBOURNE 3000 --> 0 records found - comparisons: b2546 n300 s300
701/151 BERKELEY STREET MELBOURNE 3000 --> 0 records found - comparisons: b2099 n300 s300
101/151 BERKELEY STREET MELBOURNE 3000 --> 0 records found - comparisons: b2674 n300 s300
102/151 BERKELEY STREET MELBOURNE 3000 --> 0 records found - comparisons: b2656 n300 s300
103/151 BERKELEY STREET MELBOURNE 3000 --> 0 records found - comparisons: b2658 n300 s300
104/151 BERKELEY STREET MELBOURNE 3000 --> 0 records found - comparisons: b2655 n300 s300
105/151 BERKELEY STREET MELBOURNE 3000 --> 0 records found - comparisons: b2655 n300 s300
106/151 BERKELEY STREET MELBOURNE 3000 --> 0 records found - comparisons: b2655 n300 s300
1107/151 BERKELEY STREET MELBOURNE 3000 --> 0 records found - comparisons: b2610 n300 s300
1096/640 SWANSTON STREET CARLTON 3053 --> 0 records found - comparisons: b2647 n300 s300
1075/640 SWANSTON STREET CARLTON 3053 --> 0 records found - comparisons: b2657 n300 s300
29C/151 BERKELEY STREET MELBOURNE 3000 --> 0 records found - comparisons: b2394 n300 s300
33C/151 BERKELEY STREET MELBOURNE 3000 --> 0 records found - comparisons: b2377 n300 s300
38C/151 BERKELEY STREET MELBOURNE 3000 --> 0 records found - comparisons: b2304 n300 s300
43C/151 BERKELEY STREET MELBOURNE 3000 --> 0 records found - comparisons: b2008 n300 s300
304/223 BERKELEY STREET MELBOURNE 3000 --> 0 records found - comparisons: b2547 n300 s300
205-211 GRATTAN STREET CARLTON 3053 --> 0 records found - comparisons: b2712 n300 s300
8 MONASH ROAD PARKVILLE 3052 --> 0 records found - comparisons: b1593 n300 s300
49C/151 BERKELEY STREET MELBOURNE 3000 --> 0 records found - comparisons: b1991 n300 s300
13S/151 BERKELEY STREET MELBOURNE 3000 --> 0 records found - comparisons: b2556 n300 s300
1/224 PELHAM STREET MELBOURNE 3000 --> 0 records found - comparisons: b2354 n300 s300
1/650 SWANSTON STREET CARLTON 3053 --> 0 records found - comparisons: b2344 n300 s300
409A/640 SWANSTON STREET CARLTON 3053 --> 0 records found - comparisons: b2071 n300 s300
408/223 BERKELEY STREET MELBOURNE 3000 --> 0 records found - comparisons: b2086 n300 s300
112A/640 SWANSTON STREET CARLTON 3053 --> 0 records found - comparisons: b2590 n300 s300
196 PELHAM STREET CARLTON 3053 --> 0 records found - comparisons: b2442 n300 s300
15 MONASH ROAD PARKVILLE 3052 --> 0 records found - comparisons: b2517 n300 s300
1806/151 BERKELEY STREET MELBOURNE 3000 --> 0 records found - comparisons: b2487 n300 s300
100A/640 SWANSTON STREET CARLTON 3053 --> 0 records found - comparisons: b2668 n300 s300
11 MONASH ROAD PARKVILLE 3052 --> 0 records found - comparisons: b2583 n300 s300
8 PORTERS LANE PARKVILLE 3052 --> 0 records found - comparisons: b1596 n300 s300
2 PORTERS LANE PARKVILLE 3052 --> 0 records found - comparisons: b2328 n300 s300
709A/640 SWANSTON STREET CARLTON 3053 --> 0 records found - comparisons: b2074 n300 s300
203A/640 SWANSTON STREET CARLTON 3053 --> 0 records found - comparisons: b2718 n300 s300
212 BERKELEY STREET CARLTON 3053 --> 0 records found - comparisons: b2573 n300 s300
17/650 SWANSTON STREET CARLTON 3053 --> 0 records found - comparisons: b2518 n300 s300
40 COLLEGE CRESCENT PARKVILLE 3052 --> 0 records found - comparisons: b2058 n300 s300
910A/640 SWANSTON STREET CARLTON 3053 --> 0 records found - comparisons: b1631 n300 s300
12/650 SWANSTON STREET CARLTON 3053 --> 0 records found - comparisons: b2598 n300 s300
406B/640 SWANSTON STREET CARLTON 3053 --> 0 records found - comparisons: b2088 n300 s300
19/650 SWANSTON STREET CARLTON 3053 --> 0 records found - comparisons: b2441 n300 s300
202B/640 SWANSTON STREET CARLTON 3053 --> 0 records found - comparisons: b2713 n300 s300
29-55 COLLEGE CRESCENT PARKVILLE 3052 --> 0 records found - comparisons: b2394 n300 s300
226 PELHAM STREET MELBOURNE 3000 --> 0 records found - comparisons: b2527 n300 s300
20 LINCOLN SQUARE N CARLTON 3053 --> 0 records found - comparisons: b2652 n300 s300
101/18 LINCOLN SQUARE N CARLTON 3053 --> 0 records found - comparisons: b2674 n300 s300
103/18 LINCOLN SQUARE N CARLTON 3053 --> 0 records found - comparisons: b2658 n300 s300
104/18 LINCOLN SQUARE N CARLTON 3053 --> 0 records found - comparisons: b2655 n300 s300
106/18 LINCOLN SQUARE N CARLTON 3053 --> 0 records found - comparisons: b2655 n300 s300
201/18 LINCOLN SQUARE N CARLTON 3053 --> 0 records found - comparisons: b2747 n300 s300
304/668 SWANSTON STREET CARLTON 3053 --> 0 records found - comparisons: b2546 n300 s300
307/668 SWANSTON STREET CARLTON 3053 --> 0 records found - comparisons: b2545 n300 s300
310/668 SWANSTON STREET CARLTON 3053 --> 0 records found - comparisons: b2419 n300 s300
402/668 SWANSTON STREET CARLTON 3053 --> 0 records found - comparisons: b2097 n300 s300
403/668 SWANSTON STREET CARLTON 3053 --> 0 records found - comparisons: b2085 n300 s300
408/668 SWANSTON STREET CARLTON 3053 --> 0 records found - comparisons: b2085 n300 s300
409/668 SWANSTON STREET CARLTON 3053 --> 0 records found - comparisons: b2071 n300 s300
149-155 BERKELEY STREET MELBOURNE 3000 --> 0 records found - comparisons: b2520 n300 s300
202/18 LINCOLN SQUARE N CARLTON 3053 --> 0 records found - comparisons: b2749 n300 s300
204/18 LINCOLN SQUARE N CARLTON 3053 --> 0 records found - comparisons: b2738 n300 s300
205/18 LINCOLN SQUARE N CARLTON 3053 --> 0 records found - comparisons: b2726 n300 s300
243-245 BOUVERIE STREET CARLTON 3053 --> 0 records found - comparisons: b2470 n300 s300
19-27 COLLEGE CRESCENT PARKVILLE 3052 --> 0 records found - comparisons: b2441 n300 s300
900A/640 SWANSTON STREET CARLTON 3053 --> 0 records found - comparisons: b1654 n300 s300
640 SWANSTON STREET CARLTON 3053 --> 0 records found - comparisons: b2109 n300 s300
908A/640 SWANSTON STREET CARLTON 3053 --> 0 records found - comparisons: b1652 n300 s300
901A/640 SWANSTON STREET CARLTON 3053 --> 0 records found - comparisons: b1654 n300 s300
812A/640 SWANSTON STREET CARLTON 3053 --> 0 records found - comparisons: b1606 n300 s300
811A/640 SWANSTON STREET CARLTON 3053 --> 0 records found - comparisons: b1607 n300 s300
147-149 BARRY STREET CARLTON 3053 --> 0 records found - comparisons: b2523 n300 s300
809A/640 SWANSTON STREET CARLTON 3053 --> 0 records found - comparisons: b1614 n300 s300
410/668 SWANSTON STREET CARLTON 3053 --> 0 records found - comparisons: b2026 n300 s300
412/668 SWANSTON STREET CARLTON 3053 --> 0 records found - comparisons: b2025 n300 s300
503/668 SWANSTON STREET CARLTON 3053 --> 0 records found - comparisons: b2026 n300 s300
506/668 SWANSTON STREET CARLTON 3053 --> 0 records found - comparisons: b2000 n300 s300
509/668 SWANSTON STREET CARLTON 3053 --> 0 records found - comparisons: b1989 n300 s300
510/668 SWANSTON STREET CARLTON 3053 --> 0 records found - comparisons: b1964 n300 s300
101/223 BERKELEY STREET MELBOURNE 3000 --> 0 records found - comparisons: b2674 n300 s300
603A/640 SWANSTON STREET CARLTON 3053 --> 0 records found - comparisons: b2238 n300 s300
602A/640 SWANSTON STREET CARLTON 3053 --> 0 records found - comparisons: b2231 n300 s300
514A/640 SWANSTON STREET CARLTON 3053 --> 0 records found - comparisons: b1964 n300 s300
511A/640 SWANSTON STREET CARLTON 3053 --> 0 records found - comparisons: b1964 n300 s300
509A/640 SWANSTON STREET CARLTON 3053 --> 0 records found - comparisons: b1989 n300 s300
710/668 SWANSTON STREET CARLTON 3053 --> 0 records found - comparisons: b2021 n300 s300
803/668 SWANSTON STREET CARLTON 3053 --> 0 records found - comparisons: b1620 n300 s300
508A/640 SWANSTON STREET CARLTON 3053 --> 0 records found - comparisons: b1989 n300 s300
507A/640 SWANSTON STREET CARLTON 3053 --> 0 records found - comparisons: b1998 n300 s300
505A/640 SWANSTON STREET CARLTON 3053 --> 0 records found - comparisons: b2001 n300 s300
504A/640 SWANSTON STREET CARLTON 3053 --> 0 records found - comparisons: b2001 n300 s300
308/668 SWANSTON STREET CARLTON 3053 --> 0 records found - comparisons: b2540 n300 s300
311/668 SWANSTON STREET CARLTON 3053 --> 0 records found - comparisons: b2421 n300 s300
502A/640 SWANSTON STREET CARLTON 3053 --> 0 records found - comparisons: b1998 n300 s300
301/18 LINCOLN SQUARE N CARLTON 3053 --> 0 records found - comparisons: b2551 n300 s300
302/18 LINCOLN SQUARE N CARLTON 3053 --> 0 records found - comparisons: b2550 n300 s300
304/18 LINCOLN SQUARE N CARLTON 3053 --> 0 records found - comparisons: b2553 n300 s300
306/18 LINCOLN SQUARE N CARLTON 3053 --> 0 records found - comparisons: b2554 n300 s300
402/18 LINCOLN SQUARE N CARLTON 3053 --> 0 records found - comparisons: b2104 n300 s300
403/18 LINCOLN SQUARE N CARLTON 3053 --> 0 records found - comparisons: b2085 n300 s300
405/18 LINCOLN SQUARE N CARLTON 3053 --> 0 records found - comparisons: b2106 n300 s300
501/18 LINCOLN SQUARE N CARLTON 3053 --> 0 records found - comparisons: b1996 n300 s300
502/18 LINCOLN SQUARE N CARLTON 3053 --> 0 records found - comparisons: b1998 n300 s300
806A/640 SWANSTON STREET CARLTON 3053 --> 0 records found - comparisons: b1619 n300 s300
803A/640 SWANSTON STREET CARLTON 3053 --> 0 records found - comparisons: b1620 n300 s300
504/18 LINCOLN SQUARE N CARLTON 3053 --> 0 records found - comparisons: b2013 n300 s300
203/223 BERKELEY STREET MELBOURNE 3000 --> 0 records found - comparisons: b2738 n300 s300
204/223 BERKELEY STREET MELBOURNE 3000 --> 0 records found - comparisons: b2732 n300 s300
911A/640 SWANSTON STREET CARLTON 3053 --> 0 records found - comparisons: b1631 n300 s300
800A/640 SWANSTON STREET CARLTON 3053 --> 0 records found - comparisons: b1620 n300 s300
710A/640 SWANSTON STREET CARLTON 3053 --> 0 records found - comparisons: b2021 n300 s300
708A/640 SWANSTON STREET CARLTON 3053 --> 0 records found - comparisons: b2074 n300 s300
707A/640 SWANSTON STREET CARLTON 3053 --> 0 records found - comparisons: b2082 n300 s300
705A/640 SWANSTON STREET CARLTON 3053 --> 0 records found - comparisons: b2085 n300 s300
63 MORRISON CLOSE PARKVILLE 3052 --> 0 records found - comparisons: b2107 n300 s300
702A/640 SWANSTON STREET CARLTON 3053 --> 0 records found - comparisons: b2075 n300 s300
701A/640 SWANSTON STREET CARLTON 3053 --> 0 records found - comparisons: b2081 n300 s300
501/668 SWANSTON STREET CARLTON 3053 --> 0 records found - comparisons: b1996 n300 s300
223 BERKELEY STREET MELBOURNE 3000 --> 0 records found - comparisons: b2526 n300 s300
702/668 SWANSTON STREET CARLTON 3053 --> 0 records found - comparisons: b2075 n300 s300
612A/640 SWANSTON STREET CARLTON 3053 --> 0 records found - comparisons: b2150 n300 s300
609A/640 SWANSTON STREET CARLTON 3053 --> 0 records found - comparisons: b2214 n300 s300
418A/640 SWANSTON STREET CARLTON 3053 --> 0 records found - comparisons: b2023 n300 s300
411A/640 SWANSTON STREET CARLTON 3053 --> 0 records found - comparisons: b2028 n300 s300
3/743-751 SWANSTON STREET CARLTON 3053 --> 0 records found - comparisons: b2272 n300 s300
702/18 LINCOLN SQUARE N CARLTON 3053 --> 0 records found - comparisons: b2075 n300 s300
703/18 LINCOLN SQUARE N CARLTON 3053 --> 0 records found - comparisons: b2075 n300 s300
704/18 LINCOLN SQUARE N CARLTON 3053 --> 0 records found - comparisons: b2096 n300 s300
801/18 LINCOLN SQUARE N CARLTON 3053 --> 0 records found - comparisons: b1634 n300 s300
802/18 LINCOLN SQUARE N CARLTON 3053 --> 0 records found - comparisons: b1622 n300 s300
206/668 SWANSTON STREET CARLTON 3053 --> 0 records found - comparisons: b2750 n300 s300
804/18 LINCOLN SQUARE N CARLTON 3053 --> 0 records found - comparisons: b1618 n300 s300
901/18 LINCOLN SQUARE N CARLTON 3053 --> 0 records found - comparisons: b1654 n300 s300
1/143 ROYAL PARADE PARKVILLE 3052 --> 0 records found - comparisons: b2345 n300 s300
903/18 LINCOLN SQUARE N CARLTON 3053 --> 0 records found - comparisons: b1657 n300 s300
904/18 LINCOLN SQUARE N CARLTON 3053 --> 0 records found - comparisons: b1679 n300 s300
1002/18 LINCOLN SQUARE N CARLTON 3053 --> 0 records found - comparisons: b2680 n300 s300
1003/18 LINCOLN SQUARE N CARLTON 3053 --> 0 records found - comparisons: b2680 n300 s300
1101/18 LINCOLN SQUARE N CARLTON 3053 --> 0 records found - comparisons: b2610 n300 s300
1102/18 LINCOLN SQUARE N CARLTON 3053 --> 0 records found - comparisons: b2611 n300 s300
304A/640 SWANSTON STREET CARLTON 3053 --> 0 records found - comparisons: b2534 n300 s300
406A/640 SWANSTON STREET CARLTON 3053 --> 0 records found - comparisons: b2088 n300 s300
403A/640 SWANSTON STREET CARLTON 3053 --> 0 records found - comparisons: b2090 n300 s300
414A/640 SWANSTON STREET CARLTON 3053 --> 0 records found - comparisons: b2024 n300 s300
314A/640 SWANSTON STREET CARLTON 3053 --> 0 records found - comparisons: b2416 n300 s300
312A/640 SWANSTON STREET CARLTON 3053 --> 0 records found - comparisons: b2421 n300 s300
239-241 BOUVERIE STREET CARLTON 3053 --> 0 records found - comparisons: b2592 n300 s300
30 KERNOT ROAD PARKVILLE 3052 --> 0 records found - comparisons: b2540 n300 s300
310A/640 SWANSTON STREET CARLTON 3053 --> 0 records found - comparisons: b2419 n300 s300
308A/640 SWANSTON STREET CARLTON 3053 --> 0 records found - comparisons: b2533 n300 s300
307A/640 SWANSTON STREET CARLTON 3053 --> 0 records found - comparisons: b2533 n300 s300
305A/640 SWANSTON STREET CARLTON 3053 --> 0 records found - comparisons: b2538 n300 s300
161 BARRY STREET CARLTON 3053 --> 0 records found - comparisons: b2511 n300 s300
1/133 ROYAL PARADE PARKVILLE 3052 --> 0 records found - comparisons: b2345 n300 s300
156-290 GRATTAN STREET PARKVILLE 3052 --> 0 records found - comparisons: b2541 n300 s300
32 LINCOLN SQUARE N CARLTON 3053 --> 0 records found - comparisons: b2369 n300 s300
5/135 ROYAL PARADE PARKVILLE 3052 --> 0 records found - comparisons: b1935 n300 s300
512A/640 SWANSTON STREET CARLTON 3053 --> 0 records found - comparisons: b1964 n300 s300
924/668 SWANSTON STREET CARLTON 3053 --> 0 records found - comparisons: b1625 n300 s300
46 TIN ALLEY PARKVILLE 3052 --> 0 records found - comparisons: b1999 n300 s300
24/650 SWANSTON STREET CARLTON 3053 --> 0 records found - comparisons: b2469 n300 s300
509/223 BERKELEY STREET MELBOURNE 3000 --> 0 records found - comparisons: b1989 n300 s300
129-133 ROYAL PARADE PARKVILLE 3052 --> 0 records found - comparisons: b2598 n300 s300
3/133 ROYAL PARADE PARKVILLE 3052 --> 0 records found - comparisons: b2271 n300 s300
33 MONASH ROAD PARKVILLE 3052 --> 0 records found - comparisons: b2397 n300 s300
5/650 SWANSTON STREET CARLTON 3053 --> 0 records found - comparisons: b1934 n300 s300
21/650 SWANSTON STREET CARLTON 3053 --> 0 records found - comparisons: b2556 n300 s300
216 BERKELEY STREET CARLTON 3053 --> 0 records found - comparisons: b2567 n300 s300
608/668 SWANSTON STREET CARLTON 3053 --> 0 records found - comparisons: b2226 n300 s300
32C/151 BERKELEY STREET MELBOURNE 3000 --> 0 records found - comparisons: b2369 n300 s300
34C/151 BERKELEY STREET MELBOURNE 3000 --> 0 records found - comparisons: b2351 n300 s300
35C/151 BERKELEY STREET MELBOURNE 3000 --> 0 records found - comparisons: b2351 n300 s300
706/668 SWANSTON STREET CARLTON 3053 --> 0 records found - comparisons: b2094 n300 s300
715-721 SWANSTON STREET CARLTON 3053 --> 0 records found - comparisons: b2021 n300 s300
11/230 GRATTAN STREET PARKVILLE 3052 --> 0 records found - comparisons: b2576 n300 s300
2/701 SWANSTON STREET CARLTON 3053 --> 0 records found - comparisons: b2346 n300 s300
102B/640 SWANSTON STREET CARLTON 3053 --> 0 records found - comparisons: b2656 n300 s300
11/650 SWANSTON STREET CARLTON 3053 --> 0 records found - comparisons: b2576 n300 s300
8 MEDICAL ROAD PARKVILLE 3052 --> 0 records found - comparisons: b1593 n300 s300
13 PORTERS LANE PARKVILLE 3052 --> 0 records found - comparisons: b2577 n300 s300
404/668 SWANSTON STREET CARLTON 3053 --> 0 records found - comparisons: b2113 n300 s300
25/650 SWANSTON STREET CARLTON 3053 --> 0 records found - comparisons: b2467 n300 s300
511/668 SWANSTON STREET CARLTON 3053 --> 0 records found - comparisons: b1964 n300 s300
207/668 SWANSTON STREET CARLTON 3053 --> 0 records found - comparisons: b2704 n300 s300
306/668 SWANSTON STREET CARLTON 3053 --> 0 records found - comparisons: b2547 n300 s300
604/668 SWANSTON STREET CARLTON 3053 --> 0 records found - comparisons: b2255 n300 s300
605/668 SWANSTON STREET CARLTON 3053 --> 0 records found - comparisons: b2246 n300 s300
210-214 LEICESTER STREET CARLTON 3053 --> 0 records found - comparisons: b2573 n300 s300
127 ROYAL PARADE PARKVILLE 3052 --> 0 records found - comparisons: b2608 n300 s300
306/223 BERKELEY STREET MELBOURNE 3000 --> 0 records found - comparisons: b2548 n300 s300
51 MASSON ROAD PARKVILLE 3052 --> 0 records found - comparisons: b1965 n300 s300
905/668 SWANSTON STREET CARLTON 3053 --> 0 records found - comparisons: b1660 n300 s300
916/668 SWANSTON STREET CARLTON 3053 --> 0 records found - comparisons: b1630 n300 s300
1 UNION ROAD PARKVILLE 3052 --> 0 records found - comparisons: b2335 n300 s300
917/668 SWANSTON STREET CARLTON 3053 --> 0 records found - comparisons: b1630 n300 s300
1011A/640 SWANSTON STREET CARLTON 3053 --> 0 records found - comparisons: b2681 n300 s300
20 MONASH ROAD PARKVILLE 3052 --> 0 records found - comparisons: b2652 n300 s300
157-159 BARRY STREET CARLTON 3053 --> 0 records found - comparisons: b2526 n300 s300
85 BARRY STREET CARLTON 3053 --> 0 records found - comparisons: b1591 n300 s300
1102/640 SWANSTON STREET CARLTON 3053 --> 0 records found - comparisons: b2611 n300 s300
1073/640 SWANSTON STREET CARLTON 3053 --> 0 records found - comparisons: b2657 n300 s300
1135/640 SWANSTON STREET CARLTON 3053 --> 0 records found - comparisons: b2590 n300 s300
1083/640 SWANSTON STREET CARLTON 3053 --> 0 records found - comparisons: b2668 n300 s300
2033/640 SWANSTON STREET CARLTON 3053 --> 0 records found - comparisons: b2717 n300 s300
1081/640 SWANSTON STREET CARLTON 3053 --> 0 records found - comparisons: b2668 n300 s300
302B/640 SWANSTON STREET CARLTON 3053 --> 0 records found - comparisons: b2531 n300 s300
902/668 SWANSTON STREET CARLTON 3053 --> 0 records found - comparisons: b1655 n300 s300
135-137 ROYAL PARADE PARKVILLE 3052 --> 0 records found - comparisons: b2573 n300 s300
29 COLLEGE CRESCENT PARKVILLE 3052 --> 0 records found - comparisons: b2394 n300 s300
2 ROYAL PARADE PARKVILLE 3052 --> 0 records found - comparisons: b2328 n300 s300
81-87 BARRY STREET CARLTON 3053 --> 0 records found - comparisons: b1603 n300 s300
908/151 BERKELEY STREET MELBOURNE 3000 --> 0 records found - comparisons: b1652 n300 s300
914/668 SWANSTON STREET CARLTON 3053 --> 0 records found - comparisons: b1630 n300 s300
907/668 SWANSTON STREET CARLTON 3053 --> 0 records found - comparisons: b1659 n300 s300
911/668 SWANSTON STREET CARLTON 3053 --> 0 records found - comparisons: b1631 n300 s300
913/668 SWANSTON STREET CARLTON 3053 --> 0 records found - comparisons: b1632 n300 s300
703/668 SWANSTON STREET CARLTON 3053 --> 0 records found - comparisons: b2075 n300 s300
774-782 ELIZABETH STREET MELBOURNE 3000 --> 0 records found - comparisons: b2011 n300 s300
708/668 SWANSTON STREET CARLTON 3053 --> 0 records found - comparisons: b2086 n300 s300
660-674 SWANSTON STREET CARLTON 3053 --> 0 records found - comparisons: b2101 n300 s300
1005/151 BERKELEY STREET MELBOURNE 3000 --> 0 records found - comparisons: b2680 n300 s300
9/201 GRATTAN STREET CARLTON 3053 --> 0 records found - comparisons: b1624 n300 s300
7/201 GRATTAN STREET CARLTON 3053 --> 0 records found - comparisons: b2005 n300 s300
4/201 GRATTAN STREET CARLTON 3053 --> 0 records found - comparisons: b1974 n300 s300
158-164 BOUVERIE STREET CARLTON 3053 --> 0 records found - comparisons: b2520 n300 s300
715 SWANSTON STREET CARLTON 3053 --> 0 records found - comparisons: b2021 n300 s300
292 GRATTAN STREET PARKVILLE 3052 --> 0 records found - comparisons: b2394 n300 s300
107 TIN ALLEY PARKVILLE 3052 --> 0 records found - comparisons: b2658 n300 s300
786-798 ELIZABETH STREET MELBOURNE 3000 --> 0 records found - comparisons: b2017 n300 s300
141 ROYAL PARADE PARKVILLE 3052 --> 0 records found - comparisons: b2528 n300 s300
921/668 SWANSTON STREET CARLTON 3053 --> 0 records found - comparisons: b1627 n300 s300
757 SWANSTON STREET PARKVILLE 3052 --> 0 records found - comparisons: b2009 n300 s300
407/668 SWANSTON STREET CARLTON 3053 --> 0 records found - comparisons: b2084 n300 s300
107/223 BERKELEY STREET MELBOURNE 3000 --> 0 records found - comparisons: b2668 n300 s300
405A/640 SWANSTON STREET CARLTON 3053 --> 0 records found - comparisons: b2087 n300 s300
902A/640 SWANSTON STREET CARLTON 3053 --> 0 records found - comparisons: b1655 n300 s300
197-203 BOUVERIE STREET CARLTON 3053 --> 0 records found - comparisons: b2442 n300 s300
225-235 BOUVERIE STREET CARLTON 3053 --> 0 records found - comparisons: b2528 n300 s300
207-223 BOUVERIE STREET CARLTON 3053 --> 0 records found - comparisons: b2704 n300 s300
8/135 ROYAL PARADE PARKVILLE 3052 --> 0 records found - comparisons: b1605 n300 s300
228 PELHAM STREET MELBOURNE 3000 --> 0 records found - comparisons: b2525 n300 s300
803/18 LINCOLN SQUARE N CARLTON 3053 --> 0 records found - comparisons: b1620 n300 s300
706A/640 SWANSTON STREET CARLTON 3053 --> 0 records found - comparisons: b2082 n300 s300
704A/640 SWANSTON STREET CARLTON 3053 --> 0 records found - comparisons: b2083 n300 s300
212A/640 SWANSTON STREET CARLTON 3053 --> 0 records found - comparisons: b2573 n300 s300
213-217 GRATTAN STREET CARLTON 3053 --> 0 records found - comparisons: b2603 n300 s300
902/18 LINCOLN SQUARE N CARLTON 3053 --> 0 records found - comparisons: b1655 n300 s300
1000A/640 SWANSTON STREET CARLTON 3053 --> 0 records found - comparisons: b2681 n300 s300
87 TIN ALLEY PARKVILLE 3052 --> 0 records found - comparisons: b1591 n300 s300
41 MEDICAL ROAD PARKVILLE 3052 --> 0 records found - comparisons: b2022 n300 s300
9 MEDICAL ROAD PARKVILLE 3052 --> 0 records found - comparisons: b1597 n300 s300
1/196 PELHAM STREET CARLTON 3053 --> 0 records found - comparisons: b2345 n300 s300
1S/650 SWANSTON STREET CARLTON 3053 --> 0 records found - comparisons: b2188 n300 s300
1001/18 LINCOLN SQUARE N CARLTON 3053 --> 0 records found - comparisons: b2683 n300 s300
7/135 ROYAL PARADE PARKVILLE 3052 --> 0 records found - comparisons: b1997 n300 s300
2/196 PELHAM STREET CARLTON 3053 --> 0 records found - comparisons: b2354 n300 s300
680-682 SWANSTON STREET CARLTON 3053 --> 0 records found - comparisons: b2076 n300 s300
904/668 SWANSTON STREET CARLTON 3053 --> 0 records found - comparisons: b1672 n300 s300
121-125 ROYAL PARADE PARKVILLE 3052 --> 0 records found - comparisons: b2628 n300 s300
167 GRATTAN STREET CARLTON 3053 --> 0 records found - comparisons: b2512 n300 s300
1004/18 LINCOLN SQUARE N CARLTON 3053 --> 0 records found - comparisons: b2680 n300 s300
22-40 LINCOLN SQUARE N CARLTON 3053 --> 0 records found - comparisons: b2524 n300 s300
703A/640 SWANSTON STREET CARLTON 3053 --> 0 records found - comparisons: b2075 n300 s300
1008A/640 SWANSTON STREET CARLTON 3053 --> 0 records found - comparisons: b2680 n300 s300
164-170 PELHAM STREET CARLTON 3053 --> 0 records found - comparisons: b2513 n300 s300
53 PROFESSORS WALK PARKVILLE 3052 --> 0 records found - comparisons: b1960 n300 s300
175 GRATTAN STREET CARLTON 3053 --> 0 records found - comparisons: b2523 n300 s300
22/650 SWANSTON STREET CARLTON 3053 --> 0 records found - comparisons: b2524 n300 s300
110/223 BERKELEY STREET MELBOURNE 3000 --> 0 records found - comparisons: b2605 n300 s300
915/668 SWANSTON STREET CARLTON 3053 --> 0 records found - comparisons: b1630 n300 s300
908/668 SWANSTON STREET CARLTON 3053 --> 0 records found - comparisons: b1652 n300 s300
906A/640 SWANSTON STREET CARLTON 3053 --> 0 records found - comparisons: b1657 n300 s300
610A/640 SWANSTON STREET CARLTON 3053 --> 0 records found - comparisons: b2151 n300 s300
207A/640 SWANSTON STREET CARLTON 3053 --> 0 records found - comparisons: b2704 n300 s300
107A/640 SWANSTON STREET CARLTON 3053 --> 0 records found - comparisons: b2655 n300 s300
1003A/640 SWANSTON STREET CARLTON 3053 --> 0 records found - comparisons: b2680 n300 s300
510/223 BERKELEY STREET MELBOURNE 3000 --> 0 records found - comparisons: b1964 n300 s300
714-736 SWANSTON STREET CARLTON 3053 --> 0 records found - comparisons: b2021 n300 s300
167-171 BERKELEY STREET MELBOURNE 3000 --> 0 records found - comparisons: b2512 n300 s300
1/701 SWANSTON STREET CARLTON 3053 --> 0 records found - comparisons: b2344 n300 s300
807A/640 SWANSTON STREET CARLTON 3053 --> 0 records found - comparisons: b1621 n300 s300
805A/640 SWANSTON STREET CARLTON 3053 --> 0 records found - comparisons: b1618 n300 s300
501A/640 SWANSTON STREET CARLTON 3053 --> 0 records found - comparisons: b1996 n300 s300
410A/640 SWANSTON STREET CARLTON 3053 --> 0 records found - comparisons: b2026 n300 s300
20-24 CHURCH STREET CARLTON 3053 --> 0 records found - comparisons: b2645 n300 s300
211A/640 SWANSTON STREET CARLTON 3053 --> 0 records found - comparisons: b2571 n300 s300
190-192 PELHAM STREET CARLTON 3053 --> 0 records found - comparisons: b2442 n300 s300
607A/640 SWANSTON STREET CARLTON 3053 --> 0 records found - comparisons: b2236 n300 s300
401/668 SWANSTON STREET CARLTON 3053 --> 0 records found - comparisons: b2097 n300 s300
405/668 SWANSTON STREET CARLTON 3053 --> 0 records found - comparisons: b2099 n300 s300
723-741 SWANSTON STREET CARLTON 3053 --> 0 records found - comparisons: b2020 n300 s300
608A/640 SWANSTON STREET CARLTON 3053 --> 0 records found - comparisons: b2214 n300 s300
102/223 BERKELEY STREET MELBOURNE 3000 --> 0 records found - comparisons: b2656 n300 s300
405/223 BERKELEY STREET MELBOURNE 3000 --> 0 records found - comparisons: b2100 n300 s300
202/223 BERKELEY STREET MELBOURNE 3000 --> 0 records found - comparisons: b2743 n300 s300
205/223 BERKELEY STREET MELBOURNE 3000 --> 0 records found - comparisons: b2720 n300 s300
207/223 BERKELEY STREET MELBOURNE 3000 --> 0 records found - comparisons: b2704 n300 s300
210/223 BERKELEY STREET MELBOURNE 3000 --> 0 records found - comparisons: b2573 n300 s300
301/223 BERKELEY STREET MELBOURNE 3000 --> 0 records found - comparisons: b2545 n300 s300
302/223 BERKELEY STREET MELBOURNE 3000 --> 0 records found - comparisons: b2544 n300 s300
309/223 BERKELEY STREET MELBOURNE 3000 --> 0 records found - comparisons: b2555 n300 s300
401/223 BERKELEY STREET MELBOURNE 3000 --> 0 records found - comparisons: b2098 n300 s300
404/223 BERKELEY STREET MELBOURNE 3000 --> 0 records found - comparisons: b2115 n300 s300
406/223 BERKELEY STREET MELBOURNE 3000 --> 0 records found - comparisons: b2114 n300 s300
407/223 BERKELEY STREET MELBOURNE 3000 --> 0 records found - comparisons: b2084 n300 s300
409/223 BERKELEY STREET MELBOURNE 3000 --> 0 records found - comparisons: b2071 n300 s300
410/223 BERKELEY STREET MELBOURNE 3000 --> 0 records found - comparisons: b2026 n300 s300
14/650 SWANSTON STREET CARLTON 3053 --> 0 records found - comparisons: b2517 n300 s300
151 BARRY STREET CARLTON 3053 --> 0 records found - comparisons: b2524 n300 s300
701B/640 SWANSTON STREET CARLTON 3053 --> 0 records found - comparisons: b2081 n300 s300
505B/640 SWANSTON STREET CARLTON 3053 --> 0 records found - comparisons: b2001 n300 s300
503B/640 SWANSTON STREET CARLTON 3053 --> 0 records found - comparisons: b2002 n300 s300
500B/640 SWANSTON STREET CARLTON 3053 --> 0 records found - comparisons: b1996 n300 s300
407B/640 SWANSTON STREET CARLTON 3053 --> 0 records found - comparisons: b2084 n300 s300
408A/640 SWANSTON STREET CARLTON 3053 --> 0 records found - comparisons: b2073 n300 s300
301A/640 SWANSTON STREET CARLTON 3053 --> 0 records found - comparisons: b2537 n300 s300
404A/640 SWANSTON STREET CARLTON 3053 --> 0 records found - comparisons: b2089 n300 s300
174 LEICESTER STREET CARLTON 3053 --> 0 records found - comparisons: b2523 n300 s300
910/668 SWANSTON STREET CARLTON 3053 --> 0 records found - comparisons: b1631 n300 s300
300B/640 SWANSTON STREET CARLTON 3053 --> 0 records found - comparisons: b2528 n300 s300
105B/640 SWANSTON STREET CARLTON 3053 --> 0 records found - comparisons: b2660 n300 s300
405B/640 SWANSTON STREET CARLTON 3053 --> 0 records found - comparisons: b2087 n300 s300
712A/640 SWANSTON STREET CARLTON 3053 --> 0 records found - comparisons: b2021 n300 s300
711A/640 SWANSTON STREET CARLTON 3053 --> 0 records found - comparisons: b2021 n300 s300
611A/640 SWANSTON STREET CARLTON 3053 --> 0 records found - comparisons: b2151 n300 s300
513A/640 SWANSTON STREET CARLTON 3053 --> 0 records found - comparisons: b1964 n300 s300
510A/640 SWANSTON STREET CARLTON 3053 --> 0 records found - comparisons: b1964 n300 s300
103B/640 SWANSTON STREET CARLTON 3053 --> 0 records found - comparisons: b2663 n300 s300
100B/640 SWANSTON STREET CARLTON 3053 --> 0 records found - comparisons: b2668 n300 s300
205B/640 SWANSTON STREET CARLTON 3053 --> 0 records found - comparisons: b2712 n300 s300
179-201 PELHAM STREET CARLTON 3053 --> 0 records found - comparisons: b2520 n300 s300
105/223 BERKELEY STREET MELBOURNE 3000 --> 0 records found - comparisons: b2655 n300 s300
16/650 SWANSTON STREET CARLTON 3053 --> 0 records found - comparisons: b2510 n300 s300
106/223 BERKELEY STREET MELBOURNE 3000 --> 0 records found - comparisons: b2655 n300 s300
109/223 BERKELEY STREET MELBOURNE 3000 --> 0 records found - comparisons: b2647 n300 s300
177 GRATTAN STREET CARLTON 3053 --> 0 records found - comparisons: b2523 n300 s300
150-154 PELHAM STREET CARLTON 3053 --> 0 records found - comparisons: b2524 n300 s300
1/223 BERKELEY STREET MELBOURNE 3000 --> 0 records found - comparisons: b2354 n300 s300
17 KERNOT ROAD PARKVILLE 3052 --> 0 records found - comparisons: b2525 n300 s300
401B/640 SWANSTON STREET CARLTON 3053 --> 0 records found - comparisons: b2085 n300 s300
307B/640 SWANSTON STREET CARLTON 3053 --> 0 records found - comparisons: b2533 n300 s300
743-751 SWANSTON STREET CARLTON 3053 --> 0 records found - comparisons: b2005 n300 s300
306B/640 SWANSTON STREET CARLTON 3053 --> 0 records found - comparisons: b2540 n300 s300
208B/640 SWANSTON STREET CARLTON 3053 --> 0 records found - comparisons: b2699 n300 s300
207B/640 SWANSTON STREET CARLTON 3053 --> 0 records found - comparisons: b2704 n300 s300
106B/640 SWANSTON STREET CARLTON 3053 --> 0 records found - comparisons: b2660 n300 s300
166-186 BOUVERIE STREET CARLTON 3053 --> 0 records found - comparisons: b2512 n300 s300
2S/151 BERKELEY STREET MELBOURNE 3000 --> 0 records found - comparisons: b2202 n300 s300
3S/151 BERKELEY STREET MELBOURNE 3000 --> 0 records found - comparisons: b2164 n300 s300
901/668 SWANSTON STREET CARLTON 3053 --> 0 records found - comparisons: b1654 n300 s300
1095/640 SWANSTON STREET CARLTON 3053 --> 0 records found - comparisons: b2647 n300 s300
1134/640 SWANSTON STREET CARLTON 3053 --> 0 records found - comparisons: b2590 n300 s300
1072/640 SWANSTON STREET CARLTON 3053 --> 0 records found - comparisons: b2657 n300 s300
1111/640 SWANSTON STREET CARLTON 3053 --> 0 records found - comparisons: b2605 n300 s300
303/223 BERKELEY STREET MELBOURNE 3000 --> 0 records found - comparisons: b2546 n300 s300
507/668 SWANSTON STREET CARLTON 3053 --> 0 records found - comparisons: b1998 n300 s300
156-162 PELHAM STREET CARLTON 3053 --> 0 records found - comparisons: b2547 n300 s300
1109/640 SWANSTON STREET CARLTON 3053 --> 0 records found - comparisons: b2607 n300 s300
1086/640 SWANSTON STREET CARLTON 3053 --> 0 records found - comparisons: b2665 n300 s300
1101/640 SWANSTON STREET CARLTON 3053 --> 0 records found - comparisons: b2610 n300 s300
182-200 BERKELEY STREET CARLTON 3053 --> 0 records found - comparisons: b2473 n300 s300
207/151 BERKELEY STREET MELBOURNE 3000 --> 0 records found - comparisons: b2704 n300 s300
4/650 SWANSTON STREET CARLTON 3053 --> 0 records found - comparisons: b1973 n300 s300
1085/640 SWANSTON STREET CARLTON 3053 --> 0 records found - comparisons: b2665 n300 s300
507/223 BERKELEY STREET MELBOURNE 3000 --> 0 records found - comparisons: b1998 n300 s300
1079/640 SWANSTON STREET CARLTON 3053 --> 0 records found - comparisons: b2657 n300 s300
29S/151 BERKELEY STREET MELBOURNE 3000 --> 0 records found - comparisons: b2394 n300 s300
1112/640 SWANSTON STREET CARLTON 3053 --> 0 records found - comparisons: b2604 n300 s300
508/668 SWANSTON STREET CARLTON 3053 --> 0 records found - comparisons: b1989 n300 s300
660 SWANSTON STREET CARLTON 3053 --> 0 records found - comparisons: b2101 n300 s300
701/668 SWANSTON STREET CARLTON 3053 --> 0 records found - comparisons: b2098 n300 s300
1006A/640 SWANSTON STREET CARLTON 3053 --> 0 records found - comparisons: b2681 n300 s300
602/668 SWANSTON STREET CARLTON 3053 --> 0 records found - comparisons: b2243 n300 s300
207-211 GRATTAN STREET CARLTON 3053 --> 0 records found - comparisons: b2704 n300 s300
27G/723 SWANSTON STREET CARLTON 3053 --> 0 records found - comparisons: b2468 n300 s300
723 SWANSTON STREET CARLTON 3053 --> 0 records found - comparisons: b2020 n300 s300
182-208 LEICESTER STREET CARLTON 3053 --> 0 records found - comparisons: b2473 n300 s300
512/668 SWANSTON STREET CARLTON 3053 --> 0 records found - comparisons: b1964 n300 s300
670 SWANSTON STREET CARLTON 3053 --> 0 records found - comparisons: b2107 n300 s300
1121/640 SWANSTON STREET CARLTON 3053 --> 0 records found - comparisons: b2590 n300 s300
1241/640 SWANSTON STREET CARLTON 3053 --> 0 records found - comparisons: b2608 n300 s300
27/650 SWANSTON STREET CARLTON 3053 --> 0 records found - comparisons: b2466 n300 s300
1106/640 SWANSTON STREET CARLTON 3053 --> 0 records found - comparisons: b2610 n300 s300
1097/640 SWANSTON STREET CARLTON 3053 --> 0 records found - comparisons: b2647 n300 s300
606A/640 SWANSTON STREET CARLTON 3053 --> 0 records found - comparisons: b2236 n300 s300
412A/640 SWANSTON STREET CARLTON 3053 --> 0 records found - comparisons: b2025 n300 s300
401A/640 SWANSTON STREET CARLTON 3053 --> 0 records found - comparisons: b2085 n300 s300
1244/640 SWANSTON STREET CARLTON 3053 --> 0 records found - comparisons: b2608 n300 s300
1100/640 SWANSTON STREET CARLTON 3053 --> 0 records found - comparisons: b2610 n300 s300
1076/640 SWANSTON STREET CARLTON 3053 --> 0 records found - comparisons: b2657 n300 s300
2032/640 SWANSTON STREET CARLTON 3053 --> 0 records found - comparisons: b2717 n300 s300
1084/640 SWANSTON STREET CARLTON 3053 --> 0 records found - comparisons: b2665 n300 s300
1242/640 SWANSTON STREET CARLTON 3053 --> 0 records found - comparisons: b2608 n300 s300
204A/640 SWANSTON STREET CARLTON 3053 --> 0 records found - comparisons: b2707 n300 s300
182-200 LEICESTER STREET CARLTON 3053 --> 0 records found - comparisons: b2473 n300 s300
1505/151 BERKELEY STREET MELBOURNE 3000 --> 0 records found - comparisons: b2524 n300 s300
905/151 BERKELEY STREET MELBOURNE 3000 --> 0 records found - comparisons: b1660 n300 s300
104/223 BERKELEY STREET MELBOURNE 3000 --> 0 records found - comparisons: b2655 n300 s300
906/151 BERKELEY STREET MELBOURNE 3000 --> 0 records found - comparisons: b1657 n300 s300
907/151 BERKELEY STREET MELBOURNE 3000 --> 0 records found - comparisons: b1659 n300 s300
607B/640 SWANSTON STREET CARLTON 3053 --> 0 records found - comparisons: b2236 n300 s300
1001/151 BERKELEY STREET MELBOURNE 3000 --> 0 records found - comparisons: b2683 n300 s300
1002/151 BERKELEY STREET MELBOURNE 3000 --> 0 records found - comparisons: b2680 n300 s300
1003/151 BERKELEY STREET MELBOURNE 3000 --> 0 records found - comparisons: b2680 n300 s300
1004/151 BERKELEY STREET MELBOURNE 3000 --> 0 records found - comparisons: b2680 n300 s300
310/223 BERKELEY STREET MELBOURNE 3000 --> 0 records found - comparisons: b2419 n300 s300
1006/151 BERKELEY STREET MELBOURNE 3000 --> 0 records found - comparisons: b2681 n300 s300
1502/151 BERKELEY STREET MELBOURNE 3000 --> 0 records found - comparisons: b2524 n300 s300
1503/151 BERKELEY STREET MELBOURNE 3000 --> 0 records found - comparisons: b2524 n300 s300
1504/151 BERKELEY STREET MELBOURNE 3000 --> 0 records found - comparisons: b2524 n300 s300
1401/151 BERKELEY STREET MELBOURNE 3000 --> 0 records found - comparisons: b2541 n300 s300
902/151 BERKELEY STREET MELBOURNE 3000 --> 0 records found - comparisons: b1655 n300 s300
903/151 BERKELEY STREET MELBOURNE 3000 --> 0 records found - comparisons: b1657 n300 s300
806/668 SWANSTON STREET CARLTON 3053 --> 0 records found - comparisons: b1619 n300 s300
807/668 SWANSTON STREET CARLTON 3053 --> 0 records found - comparisons: b1633 n300 s300
808/668 SWANSTON STREET CARLTON 3053 --> 0 records found - comparisons: b1614 n300 s300
809/668 SWANSTON STREET CARLTON 3053 --> 0 records found - comparisons: b1614 n300 s300
810/668 SWANSTON STREET CARLTON 3053 --> 0 records found - comparisons: b1609 n300 s300
704/668 SWANSTON STREET CARLTON 3053 --> 0 records found - comparisons: b2095 n300 s300
1-17 COLLEGE CRESCENT PARKVILLE 3052 --> 0 records found - comparisons: b2337 n300 s300
406/668 SWANSTON STREET CARLTON 3053 --> 0 records found - comparisons: b2112 n300 s300
220 BERKELEY STREET CARLTON 3053 --> 0 records found - comparisons: b2526 n300 s300
183-189 BOUVERIE STREET CARLTON 3053 --> 0 records found - comparisons: b2497 n300 s300
1204/18 LINCOLN SQUARE N CARLTON 3053 --> 0 records found - comparisons: b2713 n300 s300
701/18 LINCOLN SQUARE N CARLTON 3053 --> 0 records found - comparisons: b2099 n300 s300
1301/18 LINCOLN SQUARE N CARLTON 3053 --> 0 records found - comparisons: b2592 n300 s300
109A/640 SWANSTON STREET CARLTON 3053 --> 0 records found - comparisons: b2647 n300 s300
808A/640 SWANSTON STREET CARLTON 3053 --> 0 records found - comparisons: b1614 n300 s300
102/18 LINCOLN SQUARE N CARLTON 3053 --> 0 records found - comparisons: b2656 n300 s300
801A/640 SWANSTON STREET CARLTON 3053 --> 0 records found - comparisons: b1622 n300 s300
600B/640 SWANSTON STREET CARLTON 3053 --> 0 records found - comparisons: b2229 n300 s300
502/668 SWANSTON STREET CARLTON 3053 --> 0 records found - comparisons: b1998 n300 s300
918/668 SWANSTON STREET CARLTON 3053 --> 0 records found - comparisons: b1629 n300 s300
1027/640 SWANSTON STREET CARLTON 3053 --> 0 records found - comparisons: b2656 n300 s300
208/223 BERKELEY STREET MELBOURNE 3000 --> 0 records found - comparisons: b2712 n300 s300
100 ROYAL PARADE PARKVILLE 3052 --> 0 records found - comparisons: b2674 n300 s300
1094/640 SWANSTON STREET CARLTON 3053 --> 0 records found - comparisons: b2647 n300 s300
1099/640 SWANSTON STREET CARLTON 3053 --> 0 records found - comparisons: b2647 n300 s300
1077/640 SWANSTON STREET CARLTON 3053 --> 0 records found - comparisons: b2657 n300 s300
2/743-751 SWANSTON STREET CARLTON 3053 --> 0 records found - comparisons: b2346 n300 s300
3 UNION ROAD PARKVILLE 3052 --> 0 records found - comparisons: b2252 n300 s300
1098/640 SWANSTON STREET CARLTON 3053 --> 0 records found - comparisons: b2647 n300 s300
2019/640 SWANSTON STREET CARLTON 3053 --> 0 records found - comparisons: b2718 n300 s300
156 BOUVERIE STREET CARLTON 3053 --> 0 records found - comparisons: b2531 n300 s300
102A/640 SWANSTON STREET CARLTON 3053 --> 0 records found - comparisons: b2656 n300 s300
171-173 GRATTAN STREET CARLTON 3053 --> 0 records found - comparisons: b2529 n300 s300
1005A/640 SWANSTON STREET CARLTON 3053 --> 0 records found - comparisons: b2680 n300 s300
912A/640 SWANSTON STREET CARLTON 3053 --> 0 records found - comparisons: b1634 n300 s300
197-235 BOUVERIE STREET CARLTON 3053 --> 0 records found - comparisons: b2442 n300 s300
305/223 BERKELEY STREET MELBOURNE 3000 --> 0 records found - comparisons: b2576 n300 s300
804/668 SWANSTON STREET CARLTON 3053 --> 0 records found - comparisons: b1618 n300 s300
903/668 SWANSTON STREET CARLTON 3053 --> 0 records found - comparisons: b1657 n300 s300
1506/151 BERKELEY STREET MELBOURNE 3000 --> 0 records found - comparisons: b2524 n300 s300
1507/151 BERKELEY STREET MELBOURNE 3000 --> 0 records found - comparisons: b2524 n300 s300
1508/151 BERKELEY STREET MELBOURNE 3000 --> 0 records found - comparisons: b2524 n300 s300
1601/151 BERKELEY STREET MELBOURNE 3000 --> 0 records found - comparisons: b2511 n300 s300
1602/151 BERKELEY STREET MELBOURNE 3000 --> 0 records found - comparisons: b2511 n300 s300
1603/151 BERKELEY STREET MELBOURNE 3000 --> 0 records found - comparisons: b2511 n300 s300
1604/151 BERKELEY STREET MELBOURNE 3000 --> 0 records found - comparisons: b2511 n300 s300
1605/151 BERKELEY STREET MELBOURNE 3000 --> 0 records found - comparisons: b2511 n300 s300
1606/151 BERKELEY STREET MELBOURNE 3000 --> 0 records found - comparisons: b2511 n300 s300
1608/151 BERKELEY STREET MELBOURNE 3000 --> 0 records found - comparisons: b2511 n300 s300
1701/151 BERKELEY STREET MELBOURNE 3000 --> 0 records found - comparisons: b2544 n300 s300
1078/640 SWANSTON STREET CARLTON 3053 --> 0 records found - comparisons: b2657 n300 s300
2043/640 SWANSTON STREET CARLTON 3053 --> 0 records found - comparisons: b2711 n300 s300
1703/151 BERKELEY STREET MELBOURNE 3000 --> 0 records found - comparisons: b2545 n300 s300
503A/640 SWANSTON STREET CARLTON 3053 --> 0 records found - comparisons: b2002 n300 s300
153-163 BARRY STREET CARLTON 3053 --> 0 records found - comparisons: b2530 n300 s300
923/668 SWANSTON STREET CARLTON 3053 --> 0 records found - comparisons: b1626 n300 s300
168-172 LEICESTER STREET CARLTON 3053 --> 0 records found - comparisons: b2510 n300 s300
193-195 BOUVERIE STREET CARLTON 3053 --> 0 records found - comparisons: b2442 n300 s300
2/650 SWANSTON STREET CARLTON 3053 --> 0 records found - comparisons: b2346 n300 s300
242 GRATTAN STREET PARKVILLE 3052 --> 0 records found - comparisons: b2470 n300 s300
802/668 SWANSTON STREET CARLTON 3053 --> 0 records found - comparisons: b1622 n300 s300
909/668 SWANSTON STREET CARLTON 3053 --> 0 records found - comparisons: b1654 n300 s300
169 GRATTAN STREET CARLTON 3053 --> 0 records found - comparisons: b2510 n300 s300
47C/151 BERKELEY STREET MELBOURNE 3000 --> 0 records found - comparisons: b2001 n300 s300
4S/151 BERKELEY STREET MELBOURNE 3000 --> 0 records found - comparisons: b1924 n300 s300
5S/151 BERKELEY STREET MELBOURNE 3000 --> 0 records found - comparisons: b1902 n300 s300
407A/640 SWANSTON STREET CARLTON 3053 --> 0 records found - comparisons: b2084 n300 s300
6S/151 BERKELEY STREET MELBOURNE 3000 --> 0 records found - comparisons: b1971 n300 s300
7S/151 BERKELEY STREET MELBOURNE 3000 --> 0 records found - comparisons: b1941 n300 s300
233 PELHAM STREET MELBOURNE 3000 --> 0 records found - comparisons: b2616 n300 s300
1007/151 BERKELEY STREET MELBOURNE 3000 --> 0 records found - comparisons: b2683 n300 s300
1008/151 BERKELEY STREET MELBOURNE 3000 --> 0 records found - comparisons: b2680 n300 s300
1101/151 BERKELEY STREET MELBOURNE 3000 --> 0 records found - comparisons: b2610 n300 s300
268 GRATTAN STREET PARKVILLE 3052 --> 0 records found - comparisons: b2466 n300 s300
402A/640 SWANSTON STREET CARLTON 3053 --> 0 records found - comparisons: b2085 n300 s300
1102/151 BERKELEY STREET MELBOURNE 3000 --> 0 records found - comparisons: b2611 n300 s300
105/18 LINCOLN SQUARE N CARLTON 3053 --> 0 records found - comparisons: b2655 n300 s300
203/18 LINCOLN SQUARE N CARLTON 3053 --> 0 records found - comparisons: b2744 n300 s300
302A/640 SWANSTON STREET CARLTON 3053 --> 0 records found - comparisons: b2531 n300 s300
610/223 BERKELEY STREET MELBOURNE 3000 --> 0 records found - comparisons: b2163 n300 s300
605A/640 SWANSTON STREET CARLTON 3053 --> 0 records found - comparisons: b2234 n300 s300
1002A/640 SWANSTON STREET CARLTON 3053 --> 0 records found - comparisons: b2680 n300 s300
401/18 LINCOLN SQUARE N CARLTON 3053 --> 0 records found - comparisons: b2104 n300 s300
213/640 SWANSTON STREET CARLTON 3053 --> 0 records found - comparisons: b2587 n300 s300
216-228 LEICESTER STREET CARLTON 3053 --> 0 records found - comparisons: b2567 n300 s300
183 PELHAM STREET CARLTON 3053 --> 0 records found - comparisons: b2478 n300 s300
502/223 BERKELEY STREET MELBOURNE 3000 --> 0 records found - comparisons: b1998 n300 s300
154 BOUVERIE STREET CARLTON 3053 --> 0 records found - comparisons: b2526 n300 s300
506/18 LINCOLN SQUARE N CARLTON 3053 --> 0 records found - comparisons: b2000 n300 s300
603/668 SWANSTON STREET CARLTON 3053 --> 0 records found - comparisons: b2245 n300 s300
603/18 LINCOLN SQUARE N CARLTON 3053 --> 0 records found - comparisons: b2252 n300 s300
501/223 BERKELEY STREET MELBOURNE 3000 --> 0 records found - comparisons: b1996 n300 s300
503/223 BERKELEY STREET MELBOURNE 3000 --> 0 records found - comparisons: b2028 n300 s300
504/223 BERKELEY STREET MELBOURNE 3000 --> 0 records found - comparisons: b2013 n300 s300
506/223 BERKELEY STREET MELBOURNE 3000 --> 0 records found - comparisons: b2000 n300 s300
508/223 BERKELEY STREET MELBOURNE 3000 --> 0 records found - comparisons: b1989 n300 s300
601/223 BERKELEY STREET MELBOURNE 3000 --> 0 records found - comparisons: b2247 n300 s300
604/223 BERKELEY STREET MELBOURNE 3000 --> 0 records found - comparisons: b2256 n300 s300
605/223 BERKELEY STREET MELBOURNE 3000 --> 0 records found - comparisons: b2247 n300 s300
606/223 BERKELEY STREET MELBOURNE 3000 --> 0 records found - comparisons: b2261 n300 s300
607/223 BERKELEY STREET MELBOURNE 3000 --> 0 records found - comparisons: b2261 n300 s300
608/223 BERKELEY STREET MELBOURNE 3000 --> 0 records found - comparisons: b2227 n300 s300
705/18 LINCOLN SQUARE N CARLTON 3053 --> 0 records found - comparisons: b2110 n300 s300
835-871 SWANSTON STREET PARKVILLE 3052 --> 0 records found - comparisons: b1595 n300 s300
247-253 BOUVERIE STREET CARLTON 3053 --> 0 records found - comparisons: b2496 n300 s300
8-14 MALVINA PLACE CARLTON 3053 --> 0 records found - comparisons: b1590 n300 s300
609/223 BERKELEY STREET MELBOURNE 3000 --> 0 records found - comparisons: b2226 n300 s300
703/223 BERKELEY STREET MELBOURNE 3000 --> 0 records found - comparisons: b2075 n300 s300
706/223 BERKELEY STREET MELBOURNE 3000 --> 0 records found - comparisons: b2095 n300 s300
707/223 BERKELEY STREET MELBOURNE 3000 --> 0 records found - comparisons: b2094 n300 s300
709/223 BERKELEY STREET MELBOURNE 3000 --> 0 records found - comparisons: b2086 n300 s300
710/223 BERKELEY STREET MELBOURNE 3000 --> 0 records found - comparisons: b2021 n300 s300
83 BARRY STREET CARLTON 3053 --> 0 records found - comparisons: b1595 n300 s300
792 ELIZABETH STREET MELBOURNE 3000 --> 0 records found - comparisons: b1999 n300 s300
5/201 GRATTAN STREET CARLTON 3053 --> 0 records found - comparisons: b1943 n300 s300
176-180 LEICESTER STREET CARLTON 3053 --> 0 records found - comparisons: b2523 n300 s300
119 ROYAL PARADE PARKVILLE 3052 --> 0 records found - comparisons: b2580 n300 s300
16S/151 BERKELEY STREET MELBOURNE 3000 --> 0 records found - comparisons: b2507 n300 s300
17S/151 BERKELEY STREET MELBOURNE 3000 --> 0 records found - comparisons: b2511 n300 s300
19S/151 BERKELEY STREET MELBOURNE 3000 --> 0 records found - comparisons: b2441 n300 s300
20S/151 BERKELEY STREET MELBOURNE 3000 --> 0 records found - comparisons: b2592 n300 s300
21S/151 BERKELEY STREET MELBOURNE 3000 --> 0 records found - comparisons: b2548 n300 s300
22S/151 BERKELEY STREET MELBOURNE 3000 --> 0 records found - comparisons: b2524 n300 s300
24S/151 BERKELEY STREET MELBOURNE 3000 --> 0 records found - comparisons: b2464 n300 s300
25S/151 BERKELEY STREET MELBOURNE 3000 --> 0 records found - comparisons: b2466 n300 s300
57-63 COLLEGE CRESCENT PARKVILLE 3052 --> 0 records found - comparisons: b1946 n300 s300
26S/151 BERKELEY STREET MELBOURNE 3000 --> 0 records found - comparisons: b2466 n300 s300
1207/151 BERKELEY STREET MELBOURNE 3000 --> 0 records found - comparisons: b2691 n300 s300
1301/151 BERKELEY STREET MELBOURNE 3000 --> 0 records found - comparisons: b2592 n300 s300
1302/151 BERKELEY STREET MELBOURNE 3000 --> 0 records found - comparisons: b2614 n300 s300
1303/151 BERKELEY STREET MELBOURNE 3000 --> 0 records found - comparisons: b2593 n300 s300
1304/151 BERKELEY STREET MELBOURNE 3000 --> 0 records found - comparisons: b2593 n300 s300
1306/151 BERKELEY STREET MELBOURNE 3000 --> 0 records found - comparisons: b2592 n300 s300
1103/151 BERKELEY STREET MELBOURNE 3000 --> 0 records found - comparisons: b2632 n300 s300
1104/151 BERKELEY STREET MELBOURNE 3000 --> 0 records found - comparisons: b2632 n300 s300
1105/151 BERKELEY STREET MELBOURNE 3000 --> 0 records found - comparisons: b2611 n300 s300
1106/151 BERKELEY STREET MELBOURNE 3000 --> 0 records found - comparisons: b2610 n300 s300
1108/151 BERKELEY STREET MELBOURNE 3000 --> 0 records found - comparisons: b2607 n300 s300
603/223 BERKELEY STREET MELBOURNE 3000 --> 0 records found - comparisons: b2246 n300 s300
609/151 BERKELEY STREET MELBOURNE 3000 --> 0 records found - comparisons: b2226 n300 s300
20/650 SWANSTON STREET CARLTON 3053 --> 0 records found - comparisons: b2645 n300 s300
313A/640 SWANSTON STREET CARLTON 3053 --> 0 records found - comparisons: b2419 n300 s300
140 BERKELEY STREET CARLTON 3053 --> 0 records found - comparisons: b2536 n300 s300
408B/640 SWANSTON STREET CARLTON 3053 --> 0 records found - comparisons: b2073 n300 s300
407/151 BERKELEY STREET MELBOURNE 3000 --> 0 records found - comparisons: b2084 n300 s300
409/151 BERKELEY STREET MELBOURNE 3000 --> 0 records found - comparisons: b2071 n300 s300
501/151 BERKELEY STREET MELBOURNE 3000 --> 0 records found - comparisons: b1996 n300 s300
502/151 BERKELEY STREET MELBOURNE 3000 --> 0 records found - comparisons: b1998 n300 s300
504/151 BERKELEY STREET MELBOURNE 3000 --> 0 records found - comparisons: b2013 n300 s300
505/151 BERKELEY STREET MELBOURNE 3000 --> 0 records found - comparisons: b2013 n300 s300
506/151 BERKELEY STREET MELBOURNE 3000 --> 0 records found - comparisons: b2000 n300 s300
507/151 BERKELEY STREET MELBOURNE 3000 --> 0 records found - comparisons: b1998 n300 s300
508/151 BERKELEY STREET MELBOURNE 3000 --> 0 records found - comparisons: b1989 n300 s300
509/151 BERKELEY STREET MELBOURNE 3000 --> 0 records found - comparisons: b1989 n300 s300
601/151 BERKELEY STREET MELBOURNE 3000 --> 0 records found - comparisons: b2247 n300 s300
602/151 BERKELEY STREET MELBOURNE 3000 --> 0 records found - comparisons: b2244 n300 s300
1307/151 BERKELEY STREET MELBOURNE 3000 --> 0 records found - comparisons: b2592 n300 s300
1308/151 BERKELEY STREET MELBOURNE 3000 --> 0 records found - comparisons: b2589 n300 s300
205 GRATTAN STREET CARLTON 3053 --> 0 records found - comparisons: b2710 n300 s300
1403/151 BERKELEY STREET MELBOURNE 3000 --> 0 records found - comparisons: b2542 n300 s300
1404/151 BERKELEY STREET MELBOURNE 3000 --> 0 records found - comparisons: b2541 n300 s300
1405/151 BERKELEY STREET MELBOURNE 3000 --> 0 records found - comparisons: b2541 n300 s300
1406/151 BERKELEY STREET MELBOURNE 3000 --> 0 records found - comparisons: b2542 n300 s300
1408/151 BERKELEY STREET MELBOURNE 3000 --> 0 records found - comparisons: b2538 n300 s300
1501/151 BERKELEY STREET MELBOURNE 3000 --> 0 records found - comparisons: b2524 n300 s300
1705/151 BERKELEY STREET MELBOURNE 3000 --> 0 records found - comparisons: b2543 n300 s300
1707/151 BERKELEY STREET MELBOURNE 3000 --> 0 records found - comparisons: b2543 n300 s300
1708/151 BERKELEY STREET MELBOURNE 3000 --> 0 records found - comparisons: b2542 n300 s300
1801/151 BERKELEY STREET MELBOURNE 3000 --> 0 records found - comparisons: b2485 n300 s300
696-708 ELIZABETH STREET MELBOURNE 3000 --> 0 records found - comparisons: b2082 n300 s300
1804/151 BERKELEY STREET MELBOURNE 3000 --> 0 records found - comparisons: b2486 n300 s300
1704/151 BERKELEY STREET MELBOURNE 3000 --> 0 records found - comparisons: b2543 n300 s300
308/223 BERKELEY STREET MELBOURNE 3000 --> 0 records found - comparisons: b2541 n300 s300
602/18 LINCOLN SQUARE N CARLTON 3053 --> 0 records found - comparisons: b2244 n300 s300
402/223 BERKELEY STREET MELBOURNE 3000 --> 0 records found - comparisons: b2098 n300 s300
604/18 LINCOLN SQUARE N CARLTON 3053 --> 0 records found - comparisons: b2262 n300 s300
605/18 LINCOLN SQUARE N CARLTON 3053 --> 0 records found - comparisons: b2253 n300 s300
702/151 BERKELEY STREET MELBOURNE 3000 --> 0 records found - comparisons: b2075 n300 s300
703/151 BERKELEY STREET MELBOURNE 3000 --> 0 records found - comparisons: b2075 n300 s300
704/151 BERKELEY STREET MELBOURNE 3000 --> 0 records found - comparisons: b2096 n300 s300
705/151 BERKELEY STREET MELBOURNE 3000 --> 0 records found - comparisons: b2110 n300 s300
707/151 BERKELEY STREET MELBOURNE 3000 --> 0 records found - comparisons: b2094 n300 s300
708/151 BERKELEY STREET MELBOURNE 3000 --> 0 records found - comparisons: b2087 n300 s300
709/151 BERKELEY STREET MELBOURNE 3000 --> 0 records found - comparisons: b2086 n300 s300
801/151 BERKELEY STREET MELBOURNE 3000 --> 0 records found - comparisons: b1634 n300 s300
803/151 BERKELEY STREET MELBOURNE 3000 --> 0 records found - comparisons: b1620 n300 s300
804/151 BERKELEY STREET MELBOURNE 3000 --> 0 records found - comparisons: b1618 n300 s300
805/151 BERKELEY STREET MELBOURNE 3000 --> 0 records found - comparisons: b1618 n300 s300
303B/640 SWANSTON STREET CARLTON 3053 --> 0 records found - comparisons: b2538 n300 s300
508B/640 SWANSTON STREET CARLTON 3053 --> 0 records found - comparisons: b1989 n300 s300
201B/640 SWANSTON STREET CARLTON 3053 --> 0 records found - comparisons: b2712 n300 s300
806/151 BERKELEY STREET MELBOURNE 3000 --> 0 records found - comparisons: b1619 n300 s300
808/151 BERKELEY STREET MELBOURNE 3000 --> 0 records found - comparisons: b1614 n300 s300
901/151 BERKELEY STREET MELBOURNE 3000 --> 0 records found - comparisons: b1654 n300 s300
507B/640 SWANSTON STREET CARLTON 3053 --> 0 records found - comparisons: b1998 n300 s300
506B/640 SWANSTON STREET CARLTON 3053 --> 0 records found - comparisons: b2005 n300 s300
501B/640 SWANSTON STREET CARLTON 3053 --> 0 records found - comparisons: b1996 n300 s300
608B/640 SWANSTON STREET CARLTON 3053 --> 0 records found - comparisons: b2214 n300 s300
606B/640 SWANSTON STREET CARLTON 3053 --> 0 records found - comparisons: b2236 n300 s300
605B/640 SWANSTON STREET CARLTON 3053 --> 0 records found - comparisons: b2234 n300 s300
602B/640 SWANSTON STREET CARLTON 3053 --> 0 records found - comparisons: b2231 n300 s300
3-4/230 GRATTAN STREET PARKVILLE 3052 --> 0 records found - comparisons: b2256 n300 s300
108/223 BERKELEY STREET MELBOURNE 3000 --> 0 records found - comparisons: b2672 n300 s300
403/223 BERKELEY STREET MELBOURNE 3000 --> 0 records found - comparisons: b2085 n300 s300
305B/640 SWANSTON STREET CARLTON 3053 --> 0 records found - comparisons: b2538 n300 s300
191-197 GRATTAN STREET CARLTON 3053 --> 0 records found - comparisons: b2442 n300 s300
702/223 BERKELEY STREET MELBOURNE 3000 --> 0 records found - comparisons: b2075 n300 s300
18S/151 BERKELEY STREET MELBOURNE 3000 --> 0 records found - comparisons: b2451 n300 s300
23S/151 BERKELEY STREET MELBOURNE 3000 --> 0 records found - comparisons: b2552 n300 s300
27S/151 BERKELEY STREET MELBOURNE 3000 --> 0 records found - comparisons: b2466 n300 s300
32S/151 BERKELEY STREET MELBOURNE 3000 --> 0 records found - comparisons: b2369 n300 s300
906/668 SWANSTON STREET CARLTON 3053 --> 0 records found - comparisons: b1657 n300 s300
40C/151 BERKELEY STREET MELBOURNE 3000 --> 0 records found - comparisons: b2038 n300 s300
41C/151 BERKELEY STREET MELBOURNE 3000 --> 0 records found - comparisons: b2020 n300 s300
196-198 PELHAM STREET CARLTON 3053 --> 0 records found - comparisons: b2442 n300 s300
201/668 SWANSTON STREET CARLTON 3053 --> 0 records found - comparisons: b2739 n300 s300
42C/151 BERKELEY STREET MELBOURNE 3000 --> 0 records found - comparisons: b2010 n300 s300
44C/151 BERKELEY STREET MELBOURNE 3000 --> 0 records found - comparisons: b2002 n300 s300
45C/151 BERKELEY STREET MELBOURNE 3000 --> 0 records found - comparisons: b2002 n300 s300
48C/151 BERKELEY STREET MELBOURNE 3000 --> 0 records found - comparisons: b1993 n300 s300
50C/151 BERKELEY STREET MELBOURNE 3000 --> 0 records found - comparisons: b1972 n300 s300
51C/151 BERKELEY STREET MELBOURNE 3000 --> 0 records found - comparisons: b1962 n300 s300
52C/151 BERKELEY STREET MELBOURNE 3000 --> 0 records found - comparisons: b1957 n300 s300
53C/151 BERKELEY STREET MELBOURNE 3000 --> 0 records found - comparisons: b1957 n300 s300
1S/151 BERKELEY STREET MELBOURNE 3000 --> 0 records found - comparisons: b2188 n300 s300
